[0.017s] Invoking command in '/home/evanw/Desktop/uwrt/challenge_ws/build/challenge_package': CMAKE_PREFIX_PATH=/opt/ros/galactic /usr/bin/cmake --build /home/evanw/Desktop/uwrt/challenge_ws/build/challenge_package -- -j8 -l8
[0.070s] [  6%] Built target challenge_package__cpp
[0.070s] [ 12%] Built target challenge_package__rosidl_generator_c
[0.108s] [ 21%] Built target challenge_package__rosidl_typesupport_introspection_c
[0.110s] [ 30%] Built target challenge_package__rosidl_typesupport_introspection_cpp
[0.111s] [ 39%] Built target challenge_package__rosidl_typesupport_cpp
[0.113s] [ 48%] Built target challenge_package__rosidl_typesupport_c
[0.114s] [ 57%] Built target challenge_package__rosidl_typesupport_fastrtps_cpp
[0.136s] [ 66%] Built target challenge_package__rosidl_typesupport_fastrtps_c
[0.155s] [ 66%] Built target challenge_package
[0.170s] [35m[1mScanning dependencies of target clear_turtle_listener[0m
[0.173s] [ 69%] Built target challenge_package__py
[0.201s] [ 75%] Built target challenge_package__python
[0.201s] [ 78%] [32mBuilding CXX object CMakeFiles/clear_turtle_listener.dir/src/clear_turtles.cpp.o[0m
[0.236s] [ 90%] Built target challenge_package__rosidl_typesupport_fastrtps_c__pyext
[0.236s] [ 90%] Built target challenge_package__rosidl_typesupport_c__pyext
[0.246s] [ 96%] Built target challenge_package__rosidl_typesupport_introspection_c__pyext
[1.971s] [01m[K/home/evanw/Desktop/uwrt/challenge_ws/src/challenge_package/src/clear_turtles.cpp:[m[K In constructor ‘[01m[KKillTurtlesSubscriber::KillTurtlesSubscriber()[m[K’:
[1.971s] [01m[K/home/evanw/Desktop/uwrt/challenge_ws/src/challenge_package/src/clear_turtles.cpp:28:29:[m[K [01;31m[Kerror: [m[Kparse error in template argument list
[1.971s]    28 |       subscription_ = this->[01;31m[Kcreate_subscription<challenge_package::msg::Names& msg>[m[K(
[1.971s]       |                             [01;31m[K^~~~~~~~~~~~~~~~~~~~~~~~~~~~~~~~~~~~~~~~~~~~~~~~~~~~~~~[m[K
[1.972s] [01m[K/home/evanw/Desktop/uwrt/challenge_ws/src/challenge_package/src/clear_turtles.cpp:29:38:[m[K [01;31m[Kerror: [m[K‘[01m[KMinimalSubscriber[m[K’ has not been declared
[1.972s]    29 |       "kill_turtles", 10, std::bind(&[01;31m[KMinimalSubscriber[m[K::topic_callback, this, _1));
[1.972s]       |                                      [01;31m[K^~~~~~~~~~~~~~~~~[m[K
[2.157s] [01m[K/home/evanw/Desktop/uwrt/challenge_ws/src/challenge_package/src/clear_turtles.cpp:[m[K In member function ‘[01m[Kvoid KillTurtlesSubscriber::topic_callback(const Names&) const[m[K’:
[2.157s] [01m[K/home/evanw/Desktop/uwrt/challenge_ws/src/challenge_package/src/clear_turtles.cpp:38:31:[m[K [01;31m[Kerror: [m[K‘[01m[Kconst Names[m[K’ {aka ‘[01m[Kconst struct challenge_package::msg::Names_<std::allocator<void> >[m[K’} has no member named ‘[01m[Ksize[m[K’
[2.157s]    38 |       for (int i = 0; i < msg.[01;31m[Ksize[m[K; i++) {
[2.157s]       |                               [01;31m[K^~~~[m[K
[2.158s] [01m[K/home/evanw/Desktop/uwrt/challenge_ws/src/challenge_package/src/clear_turtles.cpp:39:37:[m[K [01;31m[Kerror: [m[Kno match for ‘[01m[Koperator[][m[K’ (operand types are ‘[01m[Kconst Names[m[K’ {aka ‘[01m[Kconst challenge_package::msg::Names_<std::allocator<void> >[m[K’} and ‘[01m[Kint[m[K’)
[2.158s]    39 |         const std::string name = msg[01;31m[K[[m[Ki];
[2.158s]       |                                     [01;31m[K^[m[K
[2.685s] make[2]: *** [CMakeFiles/clear_turtle_listener.dir/build.make:63: CMakeFiles/clear_turtle_listener.dir/src/clear_turtles.cpp.o] Error 1
[2.685s] make[1]: *** [CMakeFiles/Makefile2:124: CMakeFiles/clear_turtle_listener.dir/all] Error 2
[2.686s] make: *** [Makefile:141: all] Error 2
[2.688s] Invoked command in '/home/evanw/Desktop/uwrt/challenge_ws/build/challenge_package' returned '2': CMAKE_PREFIX_PATH=/opt/ros/galactic /usr/bin/cmake --build /home/evanw/Desktop/uwrt/challenge_ws/build/challenge_package -- -j8 -l8
