[  3%] Built target challenge_package__cpp
[ 12%] Built target challenge_package__rosidl_generator_c
[ 21%] Built target challenge_package__rosidl_typesupport_cpp
[ 30%] Built target challenge_package__rosidl_typesupport_c
[ 48%] Built target challenge_package__rosidl_typesupport_introspection_cpp
[ 48%] Built target challenge_package__rosidl_typesupport_introspection_c
[ 57%] Built target challenge_package__rosidl_typesupport_fastrtps_cpp
[ 66%] Built target challenge_package__rosidl_typesupport_fastrtps_c
[ 66%] Built target challenge_package
[35m[1mScanning dependencies of target clear_turtle_listener[0m
[ 69%] Built target challenge_package__py
[ 75%] Built target challenge_package__python
[ 78%] [32mBuilding CXX object CMakeFiles/clear_turtle_listener.dir/src/clear_turtles.cpp.o[0m
[ 84%] Built target challenge_package__rosidl_typesupport_c__pyext
[ 90%] Built target challenge_package__rosidl_typesupport_fastrtps_c__pyext
[ 96%] Built target challenge_package__rosidl_typesupport_introspection_c__pyext
[100%] [32m[1mLinking CXX executable clear_turtle_listener[0m
/usr/bin/ld: CMakeFiles/clear_turtle_listener.dir/src/clear_turtles.cpp.o: in function `rclcpp::Client<turtlesim::srv::Kill>::Client(rclcpp::node_interfaces::NodeBaseInterface*, std::shared_ptr<rclcpp::node_interfaces::NodeGraphInterface>, std::__cxx11::basic_string<char, std::char_traits<char>, std::allocator<char> > const&, rcl_client_options_t&)':
clear_turtles.cpp:(.text._ZN6rclcpp6ClientIN9turtlesim3srv4KillEEC2EPNS_15node_interfaces17NodeBaseInterfaceESt10shared_ptrINS5_18NodeGraphInterfaceEERKNSt7__cxx1112basic_stringIcSt11char_traitsIcESaIcEEER20rcl_client_options_t[_ZN6rclcpp6ClientIN9turtlesim3srv4KillEEC5EPNS_15node_interfaces17NodeBaseInterfaceESt10shared_ptrINS5_18NodeGraphInterfaceEERKNSt7__cxx1112basic_stringIcSt11char_traitsIcESaIcEEER20rcl_client_options_t]+0xc4): undefined reference to `rosidl_service_type_support_t const* rosidl_typesupport_cpp::get_service_type_support_handle<turtlesim::srv::Kill>()'
collect2: error: ld returned 1 exit status
make[2]: *** [CMakeFiles/clear_turtle_listener.dir/build.make:133: clear_turtle_listener] Error 1
make[1]: *** [CMakeFiles/Makefile2:124: CMakeFiles/clear_turtle_listener.dir/all] Error 2
make: *** [Makefile:141: all] Error 2
