[0.347s] DEBUG:colcon:Command line arguments: ['/usr/bin/colcon', 'build']
[0.347s] DEBUG:colcon:Parsed command line arguments: Namespace(allow_overriding=[], ament_cmake_args=None, base_paths=['.'], build_base='build', catkin_cmake_args=None, catkin_skip_building_tests=False, cmake_args=None, cmake_clean_cache=False, cmake_clean_first=False, cmake_force_configure=False, cmake_target=None, cmake_target_skip_unavailable=False, continue_on_error=False, event_handlers=None, executor='parallel', ignore_user_meta=False, install_base='install', log_base=None, log_level=None, main=<bound method BuildVerb.main of <colcon_core.verb.build.BuildVerb object at 0x7fca53fdad00>>, merge_install=False, metas=['./colcon.meta'], packages_above=None, packages_above_and_dependencies=None, packages_above_depth=None, packages_end=None, packages_ignore=None, packages_ignore_regex=None, packages_select=None, packages_select_build_failed=False, packages_select_by_dep=None, packages_select_regex=None, packages_select_test_failures=False, packages_skip=None, packages_skip_build_finished=False, packages_skip_by_dep=None, packages_skip_regex=None, packages_skip_test_passed=False, packages_skip_up_to=None, packages_start=None, packages_up_to=None, packages_up_to_regex=None, parallel_workers=8, paths=None, symlink_install=False, test_result_base=None, verb_extension=<colcon_core.verb.build.BuildVerb object at 0x7fca53fdad00>, verb_name='build', verb_parser=<colcon_defaults.argument_parser.defaults.DefaultArgumentsDecorator object at 0x7fca53fe22b0>)
[0.387s] Level 1:colcon.colcon_core.package_discovery:discover_packages(colcon_meta) check parameters
[0.387s] Level 1:colcon.colcon_core.package_discovery:discover_packages(recursive) check parameters
[0.387s] Level 1:colcon.colcon_core.package_discovery:discover_packages(ignore) check parameters
[0.387s] Level 1:colcon.colcon_core.package_discovery:discover_packages(path) check parameters
[0.387s] Level 1:colcon.colcon_core.package_discovery:discover_packages(colcon_meta) discover
[0.387s] Level 1:colcon.colcon_core.package_discovery:discover_packages(recursive) discover
[0.387s] INFO:colcon.colcon_core.package_discovery:Crawling recursively for packages in '/home/evanw/Desktop/uwrt/challenge_ws'
[0.387s] Level 1:colcon.colcon_core.package_identification:_identify(.) by extensions ['ignore', 'ignore_ament_install']
[0.387s] Level 1:colcon.colcon_core.package_identification:_identify(.) by extension 'ignore'
[0.387s] Level 1:colcon.colcon_core.package_identification:_identify(.) by extension 'ignore_ament_install'
[0.388s] Level 1:colcon.colcon_core.package_identification:_identify(.) by extensions ['colcon_pkg']
[0.388s] Level 1:colcon.colcon_core.package_identification:_identify(.) by extension 'colcon_pkg'
[0.388s] Level 1:colcon.colcon_core.package_identification:_identify(.) by extensions ['colcon_meta']
[0.388s] Level 1:colcon.colcon_core.package_identification:_identify(.) by extension 'colcon_meta'
[0.388s] Level 1:colcon.colcon_core.package_identification:_identify(.) by extensions ['ros']
[0.388s] Level 1:colcon.colcon_core.package_identification:_identify(.) by extension 'ros'
[0.408s] Level 1:colcon.colcon_core.package_identification:_identify(.) by extensions ['cmake', 'python']
[0.408s] Level 1:colcon.colcon_core.package_identification:_identify(.) by extension 'cmake'
[0.408s] Level 1:colcon.colcon_core.package_identification:_identify(.) by extension 'python'
[0.408s] Level 1:colcon.colcon_core.package_identification:_identify(.) by extensions ['python_setup_py']
[0.408s] Level 1:colcon.colcon_core.package_identification:_identify(.) by extension 'python_setup_py'
[0.408s] Level 1:colcon.colcon_core.package_identification:_identify(build) by extensions ['ignore', 'ignore_ament_install']
[0.408s] Level 1:colcon.colcon_core.package_identification:_identify(build) by extension 'ignore'
[0.408s] Level 1:colcon.colcon_core.package_identification:_identify(build) ignored
[0.409s] Level 1:colcon.colcon_core.package_identification:_identify(install) by extensions ['ignore', 'ignore_ament_install']
[0.409s] Level 1:colcon.colcon_core.package_identification:_identify(install) by extension 'ignore'
[0.409s] Level 1:colcon.colcon_core.package_identification:_identify(install) ignored
[0.409s] Level 1:colcon.colcon_core.package_identification:_identify(log) by extensions ['ignore', 'ignore_ament_install']
[0.409s] Level 1:colcon.colcon_core.package_identification:_identify(log) by extension 'ignore'
[0.409s] Level 1:colcon.colcon_core.package_identification:_identify(log) ignored
[0.409s] Level 1:colcon.colcon_core.package_identification:_identify(src) by extensions ['ignore', 'ignore_ament_install']
[0.409s] Level 1:colcon.colcon_core.package_identification:_identify(src) by extension 'ignore'
[0.409s] Level 1:colcon.colcon_core.package_identification:_identify(src) by extension 'ignore_ament_install'
[0.409s] Level 1:colcon.colcon_core.package_identification:_identify(src) by extensions ['colcon_pkg']
[0.409s] Level 1:colcon.colcon_core.package_identification:_identify(src) by extension 'colcon_pkg'
[0.409s] Level 1:colcon.colcon_core.package_identification:_identify(src) by extensions ['colcon_meta']
[0.409s] Level 1:colcon.colcon_core.package_identification:_identify(src) by extension 'colcon_meta'
[0.409s] Level 1:colcon.colcon_core.package_identification:_identify(src) by extensions ['ros']
[0.409s] Level 1:colcon.colcon_core.package_identification:_identify(src) by extension 'ros'
[0.409s] Level 1:colcon.colcon_core.package_identification:_identify(src) by extensions ['cmake', 'python']
[0.410s] Level 1:colcon.colcon_core.package_identification:_identify(src) by extension 'cmake'
[0.410s] Level 1:colcon.colcon_core.package_identification:_identify(src) by extension 'python'
[0.410s] Level 1:colcon.colcon_core.package_identification:_identify(src) by extensions ['python_setup_py']
[0.410s] Level 1:colcon.colcon_core.package_identification:_identify(src) by extension 'python_setup_py'
[0.410s] Level 1:colcon.colcon_core.package_identification:_identify(src/challenge_package) by extensions ['ignore', 'ignore_ament_install']
[0.410s] Level 1:colcon.colcon_core.package_identification:_identify(src/challenge_package) by extension 'ignore'
[0.410s] Level 1:colcon.colcon_core.package_identification:_identify(src/challenge_package) by extension 'ignore_ament_install'
[0.410s] Level 1:colcon.colcon_core.package_identification:_identify(src/challenge_package) by extensions ['colcon_pkg']
[0.410s] Level 1:colcon.colcon_core.package_identification:_identify(src/challenge_package) by extension 'colcon_pkg'
[0.410s] Level 1:colcon.colcon_core.package_identification:_identify(src/challenge_package) by extensions ['colcon_meta']
[0.410s] Level 1:colcon.colcon_core.package_identification:_identify(src/challenge_package) by extension 'colcon_meta'
[0.410s] Level 1:colcon.colcon_core.package_identification:_identify(src/challenge_package) by extensions ['ros']
[0.410s] Level 1:colcon.colcon_core.package_identification:_identify(src/challenge_package) by extension 'ros'
[0.415s] DEBUG:colcon.colcon_core.package_identification:Package 'src/challenge_package' with type 'ros.ament_cmake' and name 'challenge_package'
[0.415s] Level 1:colcon.colcon_core.package_discovery:discover_packages(recursive) using defaults
[0.415s] Level 1:colcon.colcon_core.package_discovery:discover_packages(ignore) discover
[0.415s] Level 1:colcon.colcon_core.package_discovery:discover_packages(ignore) using defaults
[0.415s] Level 1:colcon.colcon_core.package_discovery:discover_packages(path) discover
[0.415s] Level 1:colcon.colcon_core.package_discovery:discover_packages(path) using defaults
[0.452s] Level 1:colcon.colcon_core.package_discovery:discover_packages(prefix_path) check parameters
[0.453s] Level 1:colcon.colcon_core.package_discovery:discover_packages(prefix_path) discover
[0.456s] DEBUG:colcon.colcon_installed_package_information.package_discovery:Found 1 installed packages in /home/evanw/Desktop/uwrt/challenge_ws/install
[0.457s] DEBUG:colcon.colcon_installed_package_information.package_discovery:Found 268 installed packages in /opt/ros/galactic
[0.459s] Level 1:colcon.colcon_core.package_discovery:discover_packages(prefix_path) using defaults
[0.538s] Level 5:colcon.colcon_core.verb:set package 'challenge_package' build argument 'cmake_args' from command line to 'None'
[0.538s] Level 5:colcon.colcon_core.verb:set package 'challenge_package' build argument 'cmake_target' from command line to 'None'
[0.538s] Level 5:colcon.colcon_core.verb:set package 'challenge_package' build argument 'cmake_target_skip_unavailable' from command line to 'False'
[0.538s] Level 5:colcon.colcon_core.verb:set package 'challenge_package' build argument 'cmake_clean_cache' from command line to 'False'
[0.538s] Level 5:colcon.colcon_core.verb:set package 'challenge_package' build argument 'cmake_clean_first' from command line to 'False'
[0.538s] Level 5:colcon.colcon_core.verb:set package 'challenge_package' build argument 'cmake_force_configure' from command line to 'False'
[0.538s] Level 5:colcon.colcon_core.verb:set package 'challenge_package' build argument 'ament_cmake_args' from command line to 'None'
[0.538s] Level 5:colcon.colcon_core.verb:set package 'challenge_package' build argument 'catkin_cmake_args' from command line to 'None'
[0.538s] Level 5:colcon.colcon_core.verb:set package 'challenge_package' build argument 'catkin_skip_building_tests' from command line to 'False'
[0.538s] DEBUG:colcon.colcon_core.verb:Building package 'challenge_package' with the following arguments: {'ament_cmake_args': None, 'build_base': '/home/evanw/Desktop/uwrt/challenge_ws/build/challenge_package', 'catkin_cmake_args': None, 'catkin_skip_building_tests': False, 'cmake_args': None, 'cmake_clean_cache': False, 'cmake_clean_first': False, 'cmake_force_configure': False, 'cmake_target': None, 'cmake_target_skip_unavailable': False, 'install_base': '/home/evanw/Desktop/uwrt/challenge_ws/install/challenge_package', 'merge_install': False, 'path': '/home/evanw/Desktop/uwrt/challenge_ws/src/challenge_package', 'symlink_install': False, 'test_result_base': None}
[0.539s] INFO:colcon.colcon_core.executor:Executing jobs using 'parallel' executor
[0.542s] DEBUG:colcon.colcon_parallel_executor.executor.parallel:run_until_complete
[0.542s] INFO:colcon.colcon_ros.task.ament_cmake.build:Building ROS package in '/home/evanw/Desktop/uwrt/challenge_ws/src/challenge_package' with build type 'ament_cmake'
[0.542s] INFO:colcon.colcon_cmake.task.cmake.build:Building CMake package in '/home/evanw/Desktop/uwrt/challenge_ws/src/challenge_package'
[0.550s] INFO:colcon.colcon_core.plugin_system:Skipping extension 'colcon_core.shell.bat': Not used on non-Windows systems
[0.550s] INFO:colcon.colcon_core.shell:Skip shell extension 'powershell' for command environment: Not usable outside of PowerShell
[0.550s] DEBUG:colcon.colcon_core.shell:Skip shell extension 'dsv' for command environment
[0.563s] DEBUG:colcon.colcon_core.event_handler.log_command:Invoking command in '/home/evanw/Desktop/uwrt/challenge_ws/build/challenge_package': CMAKE_PREFIX_PATH=${CMAKE_PREFIX_PATH}:/opt/ros/galactic /usr/bin/cmake --build /home/evanw/Desktop/uwrt/challenge_ws/build/challenge_package -- -j8 -l8
[10.396s] DEBUG:colcon.colcon_core.event_handler.log_command:Invoked command in '/home/evanw/Desktop/uwrt/challenge_ws/build/challenge_package' returned '0': CMAKE_PREFIX_PATH=${CMAKE_PREFIX_PATH}:/opt/ros/galactic /usr/bin/cmake --build /home/evanw/Desktop/uwrt/challenge_ws/build/challenge_package -- -j8 -l8
[10.462s] DEBUG:colcon.colcon_core.event_handler.log_command:Invoking command in '/home/evanw/Desktop/uwrt/challenge_ws/build/challenge_package': CMAKE_PREFIX_PATH=${CMAKE_PREFIX_PATH}:/opt/ros/galactic /usr/bin/cmake --install /home/evanw/Desktop/uwrt/challenge_ws/build/challenge_package
[10.542s] Level 1:colcon.colcon_core.environment:create_environment_scripts_only(challenge_package)
[10.543s] DEBUG:colcon.colcon_core.event_handler.log_command:Invoked command in '/home/evanw/Desktop/uwrt/challenge_ws/build/challenge_package' returned '0': CMAKE_PREFIX_PATH=${CMAKE_PREFIX_PATH}:/opt/ros/galactic /usr/bin/cmake --install /home/evanw/Desktop/uwrt/challenge_ws/build/challenge_package
[10.553s] Level 1:colcon.colcon_core.environment:checking '/home/evanw/Desktop/uwrt/challenge_ws/install/challenge_package' for CMake module files
[10.554s] Level 1:colcon.colcon_core.environment:checking '/home/evanw/Desktop/uwrt/challenge_ws/install/challenge_package' for CMake config files
[10.554s] Level 1:colcon.colcon_core.shell:create_environment_hook('challenge_package', 'cmake_prefix_path')
[10.556s] INFO:colcon.colcon_core.shell:Creating environment hook '/home/evanw/Desktop/uwrt/challenge_ws/install/challenge_package/share/challenge_package/hook/cmake_prefix_path.ps1'
[10.558s] INFO:colcon.colcon_core.shell:Creating environment descriptor '/home/evanw/Desktop/uwrt/challenge_ws/install/challenge_package/share/challenge_package/hook/cmake_prefix_path.dsv'
[10.558s] INFO:colcon.colcon_core.shell:Creating environment hook '/home/evanw/Desktop/uwrt/challenge_ws/install/challenge_package/share/challenge_package/hook/cmake_prefix_path.sh'
[10.560s] Level 1:colcon.colcon_core.environment:checking '/home/evanw/Desktop/uwrt/challenge_ws/install/challenge_package/lib'
[10.560s] Level 1:colcon.colcon_core.shell:create_environment_hook('challenge_package', 'ld_library_path_lib')
[10.561s] INFO:colcon.colcon_core.shell:Creating environment hook '/home/evanw/Desktop/uwrt/challenge_ws/install/challenge_package/share/challenge_package/hook/ld_library_path_lib.ps1'
[10.562s] INFO:colcon.colcon_core.shell:Creating environment descriptor '/home/evanw/Desktop/uwrt/challenge_ws/install/challenge_package/share/challenge_package/hook/ld_library_path_lib.dsv'
[10.562s] INFO:colcon.colcon_core.shell:Creating environment hook '/home/evanw/Desktop/uwrt/challenge_ws/install/challenge_package/share/challenge_package/hook/ld_library_path_lib.sh'
[10.562s] Level 1:colcon.colcon_core.environment:checking '/home/evanw/Desktop/uwrt/challenge_ws/install/challenge_package/bin'
[10.562s] Level 1:colcon.colcon_core.environment:checking '/home/evanw/Desktop/uwrt/challenge_ws/install/challenge_package/lib/pkgconfig/challenge_package.pc'
[10.563s] Level 1:colcon.colcon_core.environment:checking '/home/evanw/Desktop/uwrt/challenge_ws/install/challenge_package/lib/python3.8/site-packages'
[10.563s] Level 1:colcon.colcon_core.shell:create_environment_hook('challenge_package', 'pythonpath')
[10.564s] INFO:colcon.colcon_core.shell:Creating environment hook '/home/evanw/Desktop/uwrt/challenge_ws/install/challenge_package/share/challenge_package/hook/pythonpath.ps1'
[10.565s] INFO:colcon.colcon_core.shell:Creating environment descriptor '/home/evanw/Desktop/uwrt/challenge_ws/install/challenge_package/share/challenge_package/hook/pythonpath.dsv'
[10.565s] INFO:colcon.colcon_core.shell:Creating environment hook '/home/evanw/Desktop/uwrt/challenge_ws/install/challenge_package/share/challenge_package/hook/pythonpath.sh'
[10.565s] Level 1:colcon.colcon_core.environment:checking '/home/evanw/Desktop/uwrt/challenge_ws/install/challenge_package/bin'
[10.568s] INFO:colcon.colcon_core.shell:Creating package script '/home/evanw/Desktop/uwrt/challenge_ws/install/challenge_package/share/challenge_package/package.ps1'
[10.569s] INFO:colcon.colcon_core.shell:Creating package descriptor '/home/evanw/Desktop/uwrt/challenge_ws/install/challenge_package/share/challenge_package/package.dsv'
[10.570s] INFO:colcon.colcon_core.shell:Creating package script '/home/evanw/Desktop/uwrt/challenge_ws/install/challenge_package/share/challenge_package/package.sh'
[10.571s] INFO:colcon.colcon_core.shell:Creating package script '/home/evanw/Desktop/uwrt/challenge_ws/install/challenge_package/share/challenge_package/package.bash'
[10.572s] INFO:colcon.colcon_core.shell:Creating package script '/home/evanw/Desktop/uwrt/challenge_ws/install/challenge_package/share/challenge_package/package.zsh'
[10.573s] Level 1:colcon.colcon_core.environment:create_file_with_runtime_dependencies(/home/evanw/Desktop/uwrt/challenge_ws/install/challenge_package/share/colcon-core/packages/challenge_package)
[10.628s] Level 1:colcon.colcon_core.environment:create_environment_scripts_only(challenge_package)
[10.630s] Level 1:colcon.colcon_core.environment:checking '/home/evanw/Desktop/uwrt/challenge_ws/install/challenge_package' for CMake module files
[10.630s] Level 1:colcon.colcon_core.environment:checking '/home/evanw/Desktop/uwrt/challenge_ws/install/challenge_package' for CMake config files
[10.631s] Level 1:colcon.colcon_core.shell:create_environment_hook('challenge_package', 'cmake_prefix_path')
[10.632s] INFO:colcon.colcon_core.shell:Creating environment hook '/home/evanw/Desktop/uwrt/challenge_ws/install/challenge_package/share/challenge_package/hook/cmake_prefix_path.ps1'
[10.632s] INFO:colcon.colcon_core.shell:Creating environment descriptor '/home/evanw/Desktop/uwrt/challenge_ws/install/challenge_package/share/challenge_package/hook/cmake_prefix_path.dsv'
[10.633s] INFO:colcon.colcon_core.shell:Creating environment hook '/home/evanw/Desktop/uwrt/challenge_ws/install/challenge_package/share/challenge_package/hook/cmake_prefix_path.sh'
[10.633s] Level 1:colcon.colcon_core.environment:checking '/home/evanw/Desktop/uwrt/challenge_ws/install/challenge_package/lib'
[10.633s] Level 1:colcon.colcon_core.shell:create_environment_hook('challenge_package', 'ld_library_path_lib')
[10.634s] INFO:colcon.colcon_core.shell:Creating environment hook '/home/evanw/Desktop/uwrt/challenge_ws/install/challenge_package/share/challenge_package/hook/ld_library_path_lib.ps1'
[10.635s] INFO:colcon.colcon_core.shell:Creating environment descriptor '/home/evanw/Desktop/uwrt/challenge_ws/install/challenge_package/share/challenge_package/hook/ld_library_path_lib.dsv'
[10.635s] INFO:colcon.colcon_core.shell:Creating environment hook '/home/evanw/Desktop/uwrt/challenge_ws/install/challenge_package/share/challenge_package/hook/ld_library_path_lib.sh'
[10.635s] Level 1:colcon.colcon_core.environment:checking '/home/evanw/Desktop/uwrt/challenge_ws/install/challenge_package/bin'
[10.635s] Level 1:colcon.colcon_core.environment:checking '/home/evanw/Desktop/uwrt/challenge_ws/install/challenge_package/lib/pkgconfig/challenge_package.pc'
[10.635s] Level 1:colcon.colcon_core.environment:checking '/home/evanw/Desktop/uwrt/challenge_ws/install/challenge_package/lib/python3.8/site-packages'
[10.635s] Level 1:colcon.colcon_core.shell:create_environment_hook('challenge_package', 'pythonpath')
[10.637s] INFO:colcon.colcon_core.shell:Creating environment hook '/home/evanw/Desktop/uwrt/challenge_ws/install/challenge_package/share/challenge_package/hook/pythonpath.ps1'
[10.637s] INFO:colcon.colcon_core.shell:Creating environment descriptor '/home/evanw/Desktop/uwrt/challenge_ws/install/challenge_package/share/challenge_package/hook/pythonpath.dsv'
[10.637s] INFO:colcon.colcon_core.shell:Creating environment hook '/home/evanw/Desktop/uwrt/challenge_ws/install/challenge_package/share/challenge_package/hook/pythonpath.sh'
[10.638s] Level 1:colcon.colcon_core.environment:checking '/home/evanw/Desktop/uwrt/challenge_ws/install/challenge_package/bin'
[10.639s] INFO:colcon.colcon_core.shell:Creating package script '/home/evanw/Desktop/uwrt/challenge_ws/install/challenge_package/share/challenge_package/package.ps1'
[10.639s] INFO:colcon.colcon_core.shell:Creating package descriptor '/home/evanw/Desktop/uwrt/challenge_ws/install/challenge_package/share/challenge_package/package.dsv'
[10.640s] INFO:colcon.colcon_core.shell:Creating package script '/home/evanw/Desktop/uwrt/challenge_ws/install/challenge_package/share/challenge_package/package.sh'
[10.640s] INFO:colcon.colcon_core.shell:Creating package script '/home/evanw/Desktop/uwrt/challenge_ws/install/challenge_package/share/challenge_package/package.bash'
[10.640s] INFO:colcon.colcon_core.shell:Creating package script '/home/evanw/Desktop/uwrt/challenge_ws/install/challenge_package/share/challenge_package/package.zsh'
[10.641s] Level 1:colcon.colcon_core.environment:create_file_with_runtime_dependencies(/home/evanw/Desktop/uwrt/challenge_ws/install/challenge_package/share/colcon-core/packages/challenge_package)
[10.641s] DEBUG:colcon.colcon_parallel_executor.executor.parallel:closing loop
[10.641s] DEBUG:colcon.colcon_parallel_executor.executor.parallel:loop closed
[10.642s] DEBUG:colcon.colcon_parallel_executor.executor.parallel:run_until_complete finished with '0'
[10.642s] DEBUG:colcon.colcon_core.event_reactor:joining thread
[10.650s] INFO:colcon.colcon_core.plugin_system:Skipping extension 'colcon_notification.desktop_notification.terminal_notifier': Not used on non-Darwin systems
[10.650s] INFO:colcon.colcon_core.plugin_system:Skipping extension 'colcon_notification.desktop_notification.win32': Not used on non-Windows systems
[10.650s] INFO:colcon.colcon_notification.desktop_notification:Sending desktop notification using 'notify2'
[10.697s] DEBUG:colcon.colcon_core.event_reactor:joined thread
[10.699s] INFO:colcon.colcon_core.shell:Creating prefix script '/home/evanw/Desktop/uwrt/challenge_ws/install/local_setup.ps1'
[10.701s] INFO:colcon.colcon_core.shell:Creating prefix util module '/home/evanw/Desktop/uwrt/challenge_ws/install/_local_setup_util_ps1.py'
[10.702s] INFO:colcon.colcon_core.shell:Creating prefix chain script '/home/evanw/Desktop/uwrt/challenge_ws/install/setup.ps1'
[10.704s] INFO:colcon.colcon_core.shell:Creating prefix script '/home/evanw/Desktop/uwrt/challenge_ws/install/local_setup.sh'
[10.706s] INFO:colcon.colcon_core.shell:Creating prefix util module '/home/evanw/Desktop/uwrt/challenge_ws/install/_local_setup_util_sh.py'
[10.706s] INFO:colcon.colcon_core.shell:Creating prefix chain script '/home/evanw/Desktop/uwrt/challenge_ws/install/setup.sh'
[10.709s] INFO:colcon.colcon_core.shell:Creating prefix script '/home/evanw/Desktop/uwrt/challenge_ws/install/local_setup.bash'
[10.710s] INFO:colcon.colcon_core.shell:Creating prefix chain script '/home/evanw/Desktop/uwrt/challenge_ws/install/setup.bash'
[10.712s] INFO:colcon.colcon_core.shell:Creating prefix script '/home/evanw/Desktop/uwrt/challenge_ws/install/local_setup.zsh'
[10.713s] INFO:colcon.colcon_core.shell:Creating prefix chain script '/home/evanw/Desktop/uwrt/challenge_ws/install/setup.zsh'
