[0.023s] Invoking command in '/home/evanw/Desktop/uwrt/challenge_ws/build/challenge_package': CMAKE_PREFIX_PATH=/opt/ros/galactic /usr/bin/cmake --build /home/evanw/Desktop/uwrt/challenge_ws/build/challenge_package -- -j8 -l8
[0.059s] -- Found ament_cmake: 1.1.6 (/opt/ros/galactic/share/ament_cmake/cmake)
[0.083s] -- Found PythonInterp: /usr/bin/python3 (found suitable version "3.8.10", minimum required is "3") 
[0.083s] -- Using PYTHON_EXECUTABLE: /usr/bin/python3
[0.142s] -- Found rclcpp: 9.2.2 (/opt/ros/galactic/share/rclcpp/cmake)
[0.171s] -- Using all available rosidl_typesupport_c: rosidl_typesupport_fastrtps_c;rosidl_typesupport_introspection_c
[0.174s] -- Found rosidl_adapter: 2.2.3 (/opt/ros/galactic/share/rosidl_adapter/cmake)
[0.279s] -- Using all available rosidl_typesupport_cpp: rosidl_typesupport_fastrtps_cpp;rosidl_typesupport_introspection_cpp
[0.334s] -- Found rmw_implementation_cmake: 3.3.1 (/opt/ros/galactic/share/rmw_implementation_cmake/cmake)
[0.336s] -- Found rmw_cyclonedds_cpp: 0.22.6 (/opt/ros/galactic/share/rmw_cyclonedds_cpp/cmake)
[0.357s] -- Using RMW implementation 'rmw_cyclonedds_cpp' as default
[0.512s] -- Found turtlesim: 1.3.4 (/opt/ros/galactic/share/turtlesim/cmake)
[0.626s] -- Found rclcpp_components: 9.2.2 (/opt/ros/galactic/share/rclcpp_components/cmake)
[0.671s] -- Found std_srvs: 2.2.4 (/opt/ros/galactic/share/std_srvs/cmake)
[0.679s] -- Found rclcpp_action: 9.2.2 (/opt/ros/galactic/share/rclcpp_action/cmake)
[0.705s] -- Found geometry_msgs: 2.2.4 (/opt/ros/galactic/share/geometry_msgs/cmake)
[0.736s] -- Found rosidl_default_generators: 1.1.1 (/opt/ros/galactic/share/rosidl_default_generators/cmake)
[0.763s] -- Found PythonInterp: /usr/bin/python3 (found version "3.8.10") 
[0.868s] -- Found ament_cmake_ros: 0.9.2 (/opt/ros/galactic/share/ament_cmake_ros/cmake)
[0.981s] -- Using all available rosidl_typesupport_c: rosidl_typesupport_fastrtps_c;rosidl_typesupport_introspection_c
[0.990s] -- Using all available rosidl_typesupport_cpp: rosidl_typesupport_fastrtps_cpp;rosidl_typesupport_introspection_cpp
[1.012s] -- Found PythonInterp: /usr/bin/python3 (found suitable version "3.8.10", minimum required is "3.5") 
[1.012s] -- Found python_cmake_module: 0.8.1 (/opt/ros/galactic/share/python_cmake_module/cmake)
[1.035s] -- Using PYTHON_EXECUTABLE: /usr/bin/python3
[1.035s] -- Using PYTHON_INCLUDE_DIRS: /usr/include/python3.8
[1.035s] -- Using PYTHON_LIBRARIES: /usr/lib/x86_64-linux-gnu/libpython3.8.so
[1.049s] -- Found ament_lint_auto: 0.10.7 (/opt/ros/galactic/share/ament_lint_auto/cmake)
[1.057s] -- Added test 'copyright' to check source files copyright and LICENSE
[1.058s] -- Added test 'cppcheck' to perform static code analysis on C / C++ code
[1.059s] -- Configured cppcheck include dirs: 
[1.059s] -- Configured cppcheck exclude dirs and/or files: 
[1.059s] -- Added test 'cpplint' to check C / C++ code against the Google style
[1.059s] -- Configured cpplint exclude dirs and/or files: 
[1.060s] -- Added test 'lint_cmake' to check CMake code style
[1.061s] -- Added test 'uncrustify' to check C / C++ code style
[1.061s] -- Configured uncrustify additional arguments: 
[1.061s] -- Added test 'xmllint' to check XML markup files
[1.065s] -- Configuring done
[1.098s] -- Generating done
[1.102s] -- Build files have been written to: /home/evanw/Desktop/uwrt/challenge_ws/build/challenge_package
[1.144s] [  9%] Built target challenge_package__cpp
[1.145s] [ 12%] Built target challenge_package__rosidl_generator_c
[1.172s] [ 21%] Built target challenge_package__rosidl_typesupport_c
[1.172s] [ 30%] Built target challenge_package__rosidl_typesupport_introspection_c
[1.173s] [ 39%] Built target challenge_package__rosidl_typesupport_cpp
[1.175s] [ 48%] Built target challenge_package__rosidl_typesupport_fastrtps_cpp
[1.177s] [ 57%] Built target challenge_package__rosidl_typesupport_introspection_cpp
[1.197s] [ 66%] Built target challenge_package__rosidl_typesupport_fastrtps_c
[1.218s] [ 66%] Built target challenge_package
[1.237s] [ 69%] Built target challenge_package__py
[1.244s] [ 72%] [32m[1mLinking CXX executable clear_turtle_listener[0m
[1.260s] [ 78%] Built target challenge_package__python
[1.290s] [ 90%] Built target challenge_package__rosidl_typesupport_c__pyext
[1.290s] [ 90%] Built target challenge_package__rosidl_typesupport_introspection_c__pyext
[1.294s] [ 96%] Built target challenge_package__rosidl_typesupport_fastrtps_c__pyext
[1.563s] [100%] Built target clear_turtle_listener
[1.573s] Invoked command in '/home/evanw/Desktop/uwrt/challenge_ws/build/challenge_package' returned '0': CMAKE_PREFIX_PATH=/opt/ros/galactic /usr/bin/cmake --build /home/evanw/Desktop/uwrt/challenge_ws/build/challenge_package -- -j8 -l8
[1.625s] Invoking command in '/home/evanw/Desktop/uwrt/challenge_ws/build/challenge_package': CMAKE_PREFIX_PATH=/opt/ros/galactic /usr/bin/cmake --install /home/evanw/Desktop/uwrt/challenge_ws/build/challenge_package
[1.633s] -- Install configuration: ""
[1.633s] -- Installing: /home/evanw/Desktop/uwrt/challenge_ws/install/challenge_package/share/ament_index/resource_index/rosidl_interfaces/challenge_package
[1.633s] -- Installing: /home/evanw/Desktop/uwrt/challenge_ws/install/challenge_package/include/challenge_package
[1.633s] -- Installing: /home/evanw/Desktop/uwrt/challenge_ws/install/challenge_package/include/challenge_package/msg
[1.633s] -- Installing: /home/evanw/Desktop/uwrt/challenge_ws/install/challenge_package/include/challenge_package/msg/rosidl_generator_c__visibility_control.h
[1.633s] -- Installing: /home/evanw/Desktop/uwrt/challenge_ws/install/challenge_package/include/challenge_package/msg/names.h
[1.634s] -- Installing: /home/evanw/Desktop/uwrt/challenge_ws/install/challenge_package/include/challenge_package/msg/detail
[1.634s] -- Installing: /home/evanw/Desktop/uwrt/challenge_ws/install/challenge_package/include/challenge_package/msg/detail/names__functions.h
[1.634s] -- Installing: /home/evanw/Desktop/uwrt/challenge_ws/install/challenge_package/include/challenge_package/msg/detail/names__struct.h
[1.634s] -- Installing: /home/evanw/Desktop/uwrt/challenge_ws/install/challenge_package/include/challenge_package/msg/detail/names__functions.c
[1.634s] -- Installing: /home/evanw/Desktop/uwrt/challenge_ws/install/challenge_package/include/challenge_package/msg/detail/names__type_support.h
[1.634s] -- Installing: /home/evanw/Desktop/uwrt/challenge_ws/install/challenge_package/share/challenge_package/environment/library_path.sh
[1.634s] -- Installing: /home/evanw/Desktop/uwrt/challenge_ws/install/challenge_package/share/challenge_package/environment/library_path.dsv
[1.634s] -- Installing: /home/evanw/Desktop/uwrt/challenge_ws/install/challenge_package/lib/libchallenge_package__rosidl_generator_c.so
[1.634s] -- Set runtime path of "/home/evanw/Desktop/uwrt/challenge_ws/install/challenge_package/lib/libchallenge_package__rosidl_generator_c.so" to ""
[1.634s] -- Up-to-date: /home/evanw/Desktop/uwrt/challenge_ws/install/challenge_package/include/challenge_package
[1.634s] -- Up-to-date: /home/evanw/Desktop/uwrt/challenge_ws/install/challenge_package/include/challenge_package/msg
[1.635s] -- Installing: /home/evanw/Desktop/uwrt/challenge_ws/install/challenge_package/include/challenge_package/msg/rosidl_typesupport_fastrtps_c__visibility_control.h
[1.635s] -- Up-to-date: /home/evanw/Desktop/uwrt/challenge_ws/install/challenge_package/include/challenge_package/msg/detail
[1.635s] -- Installing: /home/evanw/Desktop/uwrt/challenge_ws/install/challenge_package/include/challenge_package/msg/detail/names__rosidl_typesupport_fastrtps_c.h
[1.635s] -- Installing: /home/evanw/Desktop/uwrt/challenge_ws/install/challenge_package/lib/libchallenge_package__rosidl_typesupport_fastrtps_c.so
[1.635s] -- Set runtime path of "/home/evanw/Desktop/uwrt/challenge_ws/install/challenge_package/lib/libchallenge_package__rosidl_typesupport_fastrtps_c.so" to ""
[1.635s] -- Up-to-date: /home/evanw/Desktop/uwrt/challenge_ws/install/challenge_package/include/challenge_package
[1.635s] -- Up-to-date: /home/evanw/Desktop/uwrt/challenge_ws/install/challenge_package/include/challenge_package/msg
[1.635s] -- Installing: /home/evanw/Desktop/uwrt/challenge_ws/install/challenge_package/include/challenge_package/msg/rosidl_typesupport_fastrtps_cpp__visibility_control.h
[1.635s] -- Up-to-date: /home/evanw/Desktop/uwrt/challenge_ws/install/challenge_package/include/challenge_package/msg/detail
[1.635s] -- Installing: /home/evanw/Desktop/uwrt/challenge_ws/install/challenge_package/include/challenge_package/msg/detail/names__rosidl_typesupport_fastrtps_cpp.hpp
[1.635s] -- Installing: /home/evanw/Desktop/uwrt/challenge_ws/install/challenge_package/include/challenge_package/msg/detail/dds_fastrtps
[1.635s] -- Installing: /home/evanw/Desktop/uwrt/challenge_ws/install/challenge_package/lib/libchallenge_package__rosidl_typesupport_fastrtps_cpp.so
[1.636s] -- Set runtime path of "/home/evanw/Desktop/uwrt/challenge_ws/install/challenge_package/lib/libchallenge_package__rosidl_typesupport_fastrtps_cpp.so" to ""
[1.636s] -- Up-to-date: /home/evanw/Desktop/uwrt/challenge_ws/install/challenge_package/include/challenge_package
[1.636s] -- Up-to-date: /home/evanw/Desktop/uwrt/challenge_ws/install/challenge_package/include/challenge_package/msg
[1.636s] -- Installing: /home/evanw/Desktop/uwrt/challenge_ws/install/challenge_package/include/challenge_package/msg/rosidl_typesupport_introspection_c__visibility_control.h
[1.636s] -- Up-to-date: /home/evanw/Desktop/uwrt/challenge_ws/install/challenge_package/include/challenge_package/msg/detail
[1.636s] -- Installing: /home/evanw/Desktop/uwrt/challenge_ws/install/challenge_package/include/challenge_package/msg/detail/names__type_support.c
[1.636s] -- Installing: /home/evanw/Desktop/uwrt/challenge_ws/install/challenge_package/include/challenge_package/msg/detail/names__rosidl_typesupport_introspection_c.h
[1.637s] -- Installing: /home/evanw/Desktop/uwrt/challenge_ws/install/challenge_package/lib/libchallenge_package__rosidl_typesupport_introspection_c.so
[1.637s] -- Set runtime path of "/home/evanw/Desktop/uwrt/challenge_ws/install/challenge_package/lib/libchallenge_package__rosidl_typesupport_introspection_c.so" to ""
[1.637s] -- Installing: /home/evanw/Desktop/uwrt/challenge_ws/install/challenge_package/lib/libchallenge_package__rosidl_typesupport_c.so
[1.637s] -- Set runtime path of "/home/evanw/Desktop/uwrt/challenge_ws/install/challenge_package/lib/libchallenge_package__rosidl_typesupport_c.so" to ""
[1.637s] -- Up-to-date: /home/evanw/Desktop/uwrt/challenge_ws/install/challenge_package/include/challenge_package
[1.637s] -- Up-to-date: /home/evanw/Desktop/uwrt/challenge_ws/install/challenge_package/include/challenge_package/msg
[1.637s] -- Installing: /home/evanw/Desktop/uwrt/challenge_ws/install/challenge_package/include/challenge_package/msg/names.hpp
[1.638s] -- Up-to-date: /home/evanw/Desktop/uwrt/challenge_ws/install/challenge_package/include/challenge_package/msg/detail
[1.638s] -- Installing: /home/evanw/Desktop/uwrt/challenge_ws/install/challenge_package/include/challenge_package/msg/detail/names__struct.hpp
[1.638s] -- Installing: /home/evanw/Desktop/uwrt/challenge_ws/install/challenge_package/include/challenge_package/msg/detail/names__builder.hpp
[1.638s] -- Installing: /home/evanw/Desktop/uwrt/challenge_ws/install/challenge_package/include/challenge_package/msg/detail/names__traits.hpp
[1.638s] -- Up-to-date: /home/evanw/Desktop/uwrt/challenge_ws/install/challenge_package/include/challenge_package
[1.638s] -- Up-to-date: /home/evanw/Desktop/uwrt/challenge_ws/install/challenge_package/include/challenge_package/msg
[1.638s] -- Up-to-date: /home/evanw/Desktop/uwrt/challenge_ws/install/challenge_package/include/challenge_package/msg/detail
[1.638s] -- Installing: /home/evanw/Desktop/uwrt/challenge_ws/install/challenge_package/include/challenge_package/msg/detail/names__type_support.cpp
[1.638s] -- Installing: /home/evanw/Desktop/uwrt/challenge_ws/install/challenge_package/include/challenge_package/msg/detail/names__rosidl_typesupport_introspection_cpp.hpp
[1.638s] -- Installing: /home/evanw/Desktop/uwrt/challenge_ws/install/challenge_package/lib/libchallenge_package__rosidl_typesupport_introspection_cpp.so
[1.639s] -- Set runtime path of "/home/evanw/Desktop/uwrt/challenge_ws/install/challenge_package/lib/libchallenge_package__rosidl_typesupport_introspection_cpp.so" to ""
[1.639s] -- Installing: /home/evanw/Desktop/uwrt/challenge_ws/install/challenge_package/lib/libchallenge_package__rosidl_typesupport_cpp.so
[1.639s] -- Set runtime path of "/home/evanw/Desktop/uwrt/challenge_ws/install/challenge_package/lib/libchallenge_package__rosidl_typesupport_cpp.so" to ""
[1.639s] -- Installing: /home/evanw/Desktop/uwrt/challenge_ws/install/challenge_package/share/challenge_package/environment/pythonpath.sh
[1.639s] -- Installing: /home/evanw/Desktop/uwrt/challenge_ws/install/challenge_package/share/challenge_package/environment/pythonpath.dsv
[1.639s] -- Installing: /home/evanw/Desktop/uwrt/challenge_ws/install/challenge_package/lib/python3.8/site-packages/challenge_package/__init__.py
[1.667s] Compiling '/home/evanw/Desktop/uwrt/challenge_ws/install/challenge_package/lib/python3.8/site-packages/challenge_package/__init__.py'...
[1.671s] -- Installing: /home/evanw/Desktop/uwrt/challenge_ws/install/challenge_package/lib/python3.8/site-packages/challenge_package/msg
[1.671s] -- Installing: /home/evanw/Desktop/uwrt/challenge_ws/install/challenge_package/lib/python3.8/site-packages/challenge_package/msg/__init__.py
[1.671s] -- Installing: /home/evanw/Desktop/uwrt/challenge_ws/install/challenge_package/lib/python3.8/site-packages/challenge_package/msg/_names.py
[1.671s] -- Installing: /home/evanw/Desktop/uwrt/challenge_ws/install/challenge_package/lib/python3.8/site-packages/challenge_package/msg/_names_s.c
[1.671s] -- Installing: /home/evanw/Desktop/uwrt/challenge_ws/install/challenge_package/lib/python3.8/site-packages/challenge_package/challenge_package_s__rosidl_typesupport_fastrtps_c.cpython-38-x86_64-linux-gnu.so
[1.672s] -- Set runtime path of "/home/evanw/Desktop/uwrt/challenge_ws/install/challenge_package/lib/python3.8/site-packages/challenge_package/challenge_package_s__rosidl_typesupport_fastrtps_c.cpython-38-x86_64-linux-gnu.so" to ""
[1.672s] -- Installing: /home/evanw/Desktop/uwrt/challenge_ws/install/challenge_package/lib/python3.8/site-packages/challenge_package/challenge_package_s__rosidl_typesupport_introspection_c.cpython-38-x86_64-linux-gnu.so
[1.672s] -- Set runtime path of "/home/evanw/Desktop/uwrt/challenge_ws/install/challenge_package/lib/python3.8/site-packages/challenge_package/challenge_package_s__rosidl_typesupport_introspection_c.cpython-38-x86_64-linux-gnu.so" to ""
[1.672s] -- Installing: /home/evanw/Desktop/uwrt/challenge_ws/install/challenge_package/lib/python3.8/site-packages/challenge_package/challenge_package_s__rosidl_typesupport_c.cpython-38-x86_64-linux-gnu.so
[1.673s] -- Set runtime path of "/home/evanw/Desktop/uwrt/challenge_ws/install/challenge_package/lib/python3.8/site-packages/challenge_package/challenge_package_s__rosidl_typesupport_c.cpython-38-x86_64-linux-gnu.so" to ""
[1.673s] -- Installing: /home/evanw/Desktop/uwrt/challenge_ws/install/challenge_package/lib/libchallenge_package__python.so
[1.673s] -- Set runtime path of "/home/evanw/Desktop/uwrt/challenge_ws/install/challenge_package/lib/libchallenge_package__python.so" to ""
[1.673s] -- Installing: /home/evanw/Desktop/uwrt/challenge_ws/install/challenge_package/share/challenge_package/msg/Names.idl
[1.673s] -- Installing: /home/evanw/Desktop/uwrt/challenge_ws/install/challenge_package/share/challenge_package/msg/Names.msg
[1.674s] -- Installing: /home/evanw/Desktop/uwrt/challenge_ws/install/challenge_package/lib/challenge_package/clear_turtle_listener
[1.676s] -- Set runtime path of "/home/evanw/Desktop/uwrt/challenge_ws/install/challenge_package/lib/challenge_package/clear_turtle_listener" to ""
[1.676s] -- Installing: /home/evanw/Desktop/uwrt/challenge_ws/install/challenge_package/share/ament_index/resource_index/package_run_dependencies/challenge_package
[1.676s] -- Installing: /home/evanw/Desktop/uwrt/challenge_ws/install/challenge_package/share/ament_index/resource_index/parent_prefix_path/challenge_package
[1.676s] -- Installing: /home/evanw/Desktop/uwrt/challenge_ws/install/challenge_package/share/challenge_package/environment/ament_prefix_path.sh
[1.676s] -- Installing: /home/evanw/Desktop/uwrt/challenge_ws/install/challenge_package/share/challenge_package/environment/ament_prefix_path.dsv
[1.676s] -- Installing: /home/evanw/Desktop/uwrt/challenge_ws/install/challenge_package/share/challenge_package/environment/path.sh
[1.676s] -- Installing: /home/evanw/Desktop/uwrt/challenge_ws/install/challenge_package/share/challenge_package/environment/path.dsv
[1.676s] -- Installing: /home/evanw/Desktop/uwrt/challenge_ws/install/challenge_package/share/challenge_package/local_setup.bash
[1.676s] -- Installing: /home/evanw/Desktop/uwrt/challenge_ws/install/challenge_package/share/challenge_package/local_setup.sh
[1.677s] -- Installing: /home/evanw/Desktop/uwrt/challenge_ws/install/challenge_package/share/challenge_package/local_setup.zsh
[1.677s] -- Installing: /home/evanw/Desktop/uwrt/challenge_ws/install/challenge_package/share/challenge_package/local_setup.dsv
[1.677s] -- Installing: /home/evanw/Desktop/uwrt/challenge_ws/install/challenge_package/share/challenge_package/package.dsv
[1.677s] -- Installing: /home/evanw/Desktop/uwrt/challenge_ws/install/challenge_package/share/ament_index/resource_index/packages/challenge_package
[1.677s] -- Installing: /home/evanw/Desktop/uwrt/challenge_ws/install/challenge_package/share/challenge_package/cmake/challenge_package__rosidl_generator_cExport.cmake
[1.677s] -- Installing: /home/evanw/Desktop/uwrt/challenge_ws/install/challenge_package/share/challenge_package/cmake/challenge_package__rosidl_generator_cExport-noconfig.cmake
[1.677s] -- Installing: /home/evanw/Desktop/uwrt/challenge_ws/install/challenge_package/share/challenge_package/cmake/challenge_package__rosidl_typesupport_introspection_cExport.cmake
[1.678s] -- Installing: /home/evanw/Desktop/uwrt/challenge_ws/install/challenge_package/share/challenge_package/cmake/challenge_package__rosidl_typesupport_introspection_cExport-noconfig.cmake
[1.678s] -- Installing: /home/evanw/Desktop/uwrt/challenge_ws/install/challenge_package/share/challenge_package/cmake/challenge_package__rosidl_typesupport_cExport.cmake
[1.678s] -- Installing: /home/evanw/Desktop/uwrt/challenge_ws/install/challenge_package/share/challenge_package/cmake/challenge_package__rosidl_typesupport_cExport-noconfig.cmake
[1.678s] -- Installing: /home/evanw/Desktop/uwrt/challenge_ws/install/challenge_package/share/challenge_package/cmake/challenge_package__rosidl_generator_cppExport.cmake
[1.678s] -- Installing: /home/evanw/Desktop/uwrt/challenge_ws/install/challenge_package/share/challenge_package/cmake/challenge_package__rosidl_typesupport_introspection_cppExport.cmake
[1.678s] -- Installing: /home/evanw/Desktop/uwrt/challenge_ws/install/challenge_package/share/challenge_package/cmake/challenge_package__rosidl_typesupport_introspection_cppExport-noconfig.cmake
[1.679s] -- Installing: /home/evanw/Desktop/uwrt/challenge_ws/install/challenge_package/share/challenge_package/cmake/challenge_package__rosidl_typesupport_cppExport.cmake
[1.679s] -- Installing: /home/evanw/Desktop/uwrt/challenge_ws/install/challenge_package/share/challenge_package/cmake/challenge_package__rosidl_typesupport_cppExport-noconfig.cmake
[1.679s] -- Installing: /home/evanw/Desktop/uwrt/challenge_ws/install/challenge_package/share/challenge_package/cmake/rosidl_cmake-extras.cmake
[1.679s] -- Installing: /home/evanw/Desktop/uwrt/challenge_ws/install/challenge_package/share/challenge_package/cmake/ament_cmake_export_dependencies-extras.cmake
[1.679s] -- Installing: /home/evanw/Desktop/uwrt/challenge_ws/install/challenge_package/share/challenge_package/cmake/ament_cmake_export_libraries-extras.cmake
[1.679s] -- Installing: /home/evanw/Desktop/uwrt/challenge_ws/install/challenge_package/share/challenge_package/cmake/ament_cmake_export_targets-extras.cmake
[1.679s] -- Installing: /home/evanw/Desktop/uwrt/challenge_ws/install/challenge_package/share/challenge_package/cmake/ament_cmake_export_include_directories-extras.cmake
[1.679s] -- Installing: /home/evanw/Desktop/uwrt/challenge_ws/install/challenge_package/share/challenge_package/cmake/rosidl_cmake_export_typesupport_libraries-extras.cmake
[1.680s] -- Installing: /home/evanw/Desktop/uwrt/challenge_ws/install/challenge_package/share/challenge_package/cmake/rosidl_cmake_export_typesupport_targets-extras.cmake
[1.680s] -- Installing: /home/evanw/Desktop/uwrt/challenge_ws/install/challenge_package/share/challenge_package/cmake/challenge_packageConfig.cmake
[1.680s] -- Installing: /home/evanw/Desktop/uwrt/challenge_ws/install/challenge_package/share/challenge_package/cmake/challenge_packageConfig-version.cmake
[1.680s] -- Installing: /home/evanw/Desktop/uwrt/challenge_ws/install/challenge_package/share/challenge_package/package.xml
[1.683s] Invoked command in '/home/evanw/Desktop/uwrt/challenge_ws/build/challenge_package' returned '0': CMAKE_PREFIX_PATH=/opt/ros/galactic /usr/bin/cmake --install /home/evanw/Desktop/uwrt/challenge_ws/build/challenge_package
