[0.024s] Invoking command in '/home/evanw/Desktop/uwrt/challenge_ws/build/challenge_package': CMAKE_PREFIX_PATH=/opt/ros/galactic /usr/bin/cmake --build /home/evanw/Desktop/uwrt/challenge_ws/build/challenge_package -- -j8 -l8
[0.091s] [  3%] Built target challenge_package__cpp
[0.095s] [ 12%] Built target challenge_package__rosidl_generator_c
[0.129s] [ 21%] Built target challenge_package__rosidl_typesupport_cpp
[0.131s] [ 30%] Built target challenge_package__rosidl_typesupport_introspection_cpp
[0.134s] [ 48%] Built target challenge_package__rosidl_typesupport_introspection_c
[0.134s] [ 48%] Built target challenge_package__rosidl_typesupport_c
[0.136s] [ 57%] Built target challenge_package__rosidl_typesupport_fastrtps_cpp
[0.161s] [ 66%] Built target challenge_package__rosidl_typesupport_fastrtps_c
[0.181s] [ 66%] Built target challenge_package
[0.200s] [35m[1mScanning dependencies of target clear_turtle_listener[0m
[0.203s] [ 69%] Built target challenge_package__py
[0.245s] [ 72%] [32mBuilding CXX object CMakeFiles/clear_turtle_listener.dir/src/clear_turtles.cpp.o[0m
[0.246s] [ 78%] Built target challenge_package__python
[0.298s] [ 84%] Built target challenge_package__rosidl_typesupport_fastrtps_c__pyext
[0.300s] [ 93%] Built target challenge_package__rosidl_typesupport_c__pyext
[0.300s] [ 96%] Built target challenge_package__rosidl_typesupport_introspection_c__pyext
[2.201s] [01m[K/home/evanw/Desktop/uwrt/challenge_ws/src/challenge_package/src/clear_turtles.cpp:[m[K In constructor ‘[01m[KKillTurtlesSubscriber::KillTurtlesSubscriber()[m[K’:
[2.202s] [01m[K/home/evanw/Desktop/uwrt/challenge_ws/src/challenge_package/src/clear_turtles.cpp:27:7:[m[K [01;31m[Kerror: [m[K‘[01m[Kclient[m[K’ was not declared in this scope
[2.202s]    27 |       [01;31m[Kclient[m[K = create_client<turtlesim::srv::Kill>("/kill");
[2.202s]       |       [01;31m[K^~~~~~[m[K
[4.411s] make[2]: *** [CMakeFiles/clear_turtle_listener.dir/build.make:63: CMakeFiles/clear_turtle_listener.dir/src/clear_turtles.cpp.o] Error 1
[4.411s] make[1]: *** [CMakeFiles/Makefile2:124: CMakeFiles/clear_turtle_listener.dir/all] Error 2
[4.411s] make: *** [Makefile:141: all] Error 2
[4.415s] Invoked command in '/home/evanw/Desktop/uwrt/challenge_ws/build/challenge_package' returned '2': CMAKE_PREFIX_PATH=/opt/ros/galactic /usr/bin/cmake --build /home/evanw/Desktop/uwrt/challenge_ws/build/challenge_package -- -j8 -l8
