[0.016s] Invoking command in '/home/evanw/Desktop/uwrt/challenge_ws/build/challenge_package': CMAKE_PREFIX_PATH=/opt/ros/galactic /usr/bin/cmake --build /home/evanw/Desktop/uwrt/challenge_ws/build/challenge_package -- -j8 -l8
[0.071s] [  6%] Built target challenge_package__cpp
[0.071s] [ 12%] Built target challenge_package__rosidl_generator_c
[0.100s] [ 21%] Built target challenge_package__rosidl_typesupport_introspection_cpp
[0.102s] [ 30%] Built target challenge_package__rosidl_typesupport_introspection_c
[0.105s] [ 39%] Built target challenge_package__rosidl_typesupport_c
[0.107s] [ 48%] Built target challenge_package__rosidl_typesupport_cpp
[0.108s] [ 57%] Built target challenge_package__rosidl_typesupport_fastrtps_cpp
[0.135s] [ 66%] Built target challenge_package__rosidl_typesupport_fastrtps_c
[0.156s] [ 66%] Built target challenge_package
[0.169s] [35m[1mScanning dependencies of target clear_turtle_listener[0m
[0.180s] [ 69%] Built target challenge_package__py
[0.209s] [ 72%] [32mBuilding CXX object CMakeFiles/clear_turtle_listener.dir/src/clear_turtles.cpp.o[0m
[0.225s] [ 78%] Built target challenge_package__python
[0.270s] [ 84%] Built target challenge_package__rosidl_typesupport_c__pyext
[0.271s] [ 96%] Built target challenge_package__rosidl_typesupport_fastrtps_c__pyext
[0.271s] [ 96%] Built target challenge_package__rosidl_typesupport_introspection_c__pyext
[1.997s] [01m[K/home/evanw/Desktop/uwrt/challenge_ws/src/challenge_package/src/clear_turtles.cpp:[m[K In constructor ‘[01m[KKillTurtlesSubscriber::KillTurtlesSubscriber()[m[K’:
[1.997s] [01m[K/home/evanw/Desktop/uwrt/challenge_ws/src/challenge_package/src/clear_turtles.cpp:28:27:[m[K [01;31m[Kerror: [m[Kparse error in template argument list
[1.998s]    28 |     subscription_ = this->[01;31m[Kcreate_subscription<challenge_package::msg::Names& msg>[m[K(
[1.998s]       |                           [01;31m[K^~~~~~~~~~~~~~~~~~~~~~~~~~~~~~~~~~~~~~~~~~~~~~~~~~~~~~~[m[K
[2.003s] [01m[K/home/evanw/Desktop/uwrt/challenge_ws/src/challenge_package/src/clear_turtles.cpp:29:86:[m[K [01;31m[Kerror: [m[Kno matching function for call to ‘[01m[KKillTurtlesSubscriber::create_subscription<<expression error> >(const char [13], int, std::_Bind_helper<false, void (KillTurtlesSubscriber::*)(const challenge_package::msg::Names_<std::allocator<void> >&) const, KillTurtlesSubscriber*, const std::_Placeholder<1>&>::type)[m[K’
[2.003s]    29 |       "kill_turtles", 10, std::bind(&KillTurtlesSubscriber::topic_callback, this, _1)[01;31m[K)[m[K;
[2.003s]       |                                                                                      [01;31m[K^[m[K
[2.004s] In file included from [01m[K/opt/ros/galactic/include/rclcpp/executors/single_threaded_executor.hpp:28[m[K,
[2.004s]                  from [01m[K/opt/ros/galactic/include/rclcpp/executors.hpp:22[m[K,
[2.004s]                  from [01m[K/opt/ros/galactic/include/rclcpp/rclcpp.hpp:156[m[K,
[2.004s]                  from [01m[K/home/evanw/Desktop/uwrt/challenge_ws/src/challenge_package/src/clear_turtles.cpp:3[m[K:
[2.004s] [01m[K/opt/ros/galactic/include/rclcpp/node.hpp:229:3:[m[K [01;36m[Knote: [m[Kcandidate: ‘[01m[Ktemplate<class MessageT, class CallbackT, class AllocatorT, class CallbackMessageT, class SubscriptionT, class MessageMemoryStrategyT> std::shared_ptr<SubscriptionT> rclcpp::Node::create_subscription(const string&, const rclcpp::QoS&, CallbackT&&, const rclcpp::SubscriptionOptionsWithAllocator<AllocatorT>&, typename MessageMemoryStrategyT::SharedPtr)[m[K’
[2.004s]   229 |   [01;36m[Kcreate_subscription[m[K(
[2.004s]       |   [01;36m[K^~~~~~~~~~~~~~~~~~~[m[K
[2.004s] [01m[K/opt/ros/galactic/include/rclcpp/node.hpp:229:3:[m[K [01;36m[Knote: [m[K  template argument deduction/substitution failed:
[2.004s] [01m[K/home/evanw/Desktop/uwrt/challenge_ws/src/challenge_package/src/clear_turtles.cpp:29:86:[m[K [01;31m[Kerror: [m[Ktemplate argument 1 is invalid
[2.004s]    29 |       "kill_turtles", 10, std::bind(&KillTurtlesSubscriber::topic_callback, this, _1)[01;31m[K)[m[K;
[2.004s]       |                                                                                      [01;31m[K^[m[K
[2.164s] [01m[K/home/evanw/Desktop/uwrt/challenge_ws/src/challenge_package/src/clear_turtles.cpp:[m[K In member function ‘[01m[Kvoid KillTurtlesSubscriber::topic_callback(const Names&) const[m[K’:
[2.164s] [01m[K/home/evanw/Desktop/uwrt/challenge_ws/src/challenge_package/src/clear_turtles.cpp:39:37:[m[K [01;31m[Kerror: [m[Kno match for ‘[01m[Koperator[][m[K’ (operand types are ‘[01m[Kconst Names[m[K’ {aka ‘[01m[Kconst challenge_package::msg::Names_<std::allocator<void> >[m[K’} and ‘[01m[Kunsigned int[m[K’)
[2.164s]    39 |         const std::string name = msg[01;31m[K[[m[Ki];
[2.164s]       |                                     [01;31m[K^[m[K
[2.695s] make[2]: *** [CMakeFiles/clear_turtle_listener.dir/build.make:63: CMakeFiles/clear_turtle_listener.dir/src/clear_turtles.cpp.o] Error 1
[2.695s] make[1]: *** [CMakeFiles/Makefile2:124: CMakeFiles/clear_turtle_listener.dir/all] Error 2
[2.695s] make: *** [Makefile:141: all] Error 2
[2.697s] Invoked command in '/home/evanw/Desktop/uwrt/challenge_ws/build/challenge_package' returned '2': CMAKE_PREFIX_PATH=/opt/ros/galactic /usr/bin/cmake --build /home/evanw/Desktop/uwrt/challenge_ws/build/challenge_package -- -j8 -l8
