[0.016s] Invoking command in '/home/evanw/Desktop/uwrt/challenge_ws/build/challenge_package': CMAKE_PREFIX_PATH=/opt/ros/galactic /usr/bin/cmake --build /home/evanw/Desktop/uwrt/challenge_ws/build/challenge_package -- -j8 -l8
[0.073s] [ 12%] Built target challenge_package__rosidl_generator_c
[0.073s] [ 12%] Built target challenge_package__cpp
[0.103s] [ 21%] Built target challenge_package__rosidl_typesupport_c
[0.104s] [ 30%] Built target challenge_package__rosidl_typesupport_cpp
[0.109s] [ 39%] Built target challenge_package__rosidl_typesupport_introspection_cpp
[0.110s] [ 48%] Built target challenge_package__rosidl_typesupport_introspection_c
[0.113s] [ 57%] Built target challenge_package__rosidl_typesupport_fastrtps_cpp
[0.137s] [ 66%] Built target challenge_package__rosidl_typesupport_fastrtps_c
[0.154s] [ 66%] Built target challenge_package
[0.164s] [35m[1mScanning dependencies of target clear_turtle_listener[0m
[0.174s] [ 69%] Built target challenge_package__py
[0.197s] [ 72%] [32mBuilding CXX object CMakeFiles/clear_turtle_listener.dir/src/clear_turtles.cpp.o[0m
[0.203s] [ 78%] Built target challenge_package__python
[0.241s] [ 84%] Built target challenge_package__rosidl_typesupport_introspection_c__pyext
[0.242s] [ 90%] Built target challenge_package__rosidl_typesupport_c__pyext
[0.248s] [ 96%] Built target challenge_package__rosidl_typesupport_fastrtps_c__pyext
[1.986s] [01m[K/home/evanw/Desktop/uwrt/challenge_ws/src/challenge_package/src/clear_turtles.cpp:[m[K In constructor ‘[01m[KKillTurtlesSubscriber::KillTurtlesSubscriber()[m[K’:
[1.986s] [01m[K/home/evanw/Desktop/uwrt/challenge_ws/src/challenge_package/src/clear_turtles.cpp:28:29:[m[K [01;31m[Kerror: [m[Kparse error in template argument list
[1.986s]    28 |       subscription_ = this->[01;31m[Kcreate_subscription<challenge_package::msg::Names& msg>[m[K(
[1.986s]       |                             [01;31m[K^~~~~~~~~~~~~~~~~~~~~~~~~~~~~~~~~~~~~~~~~~~~~~~~~~~~~~~[m[K
[1.986s] [01m[K/home/evanw/Desktop/uwrt/challenge_ws/src/challenge_package/src/clear_turtles.cpp:29:38:[m[K [01;31m[Kerror: [m[K‘[01m[KMinimalSubscriber[m[K’ has not been declared
[1.986s]    29 |       "kill_turtles", 10, std::bind(&[01;31m[KMinimalSubscriber[m[K::topic_callback, this, _1));
[1.986s]       |                                      [01;31m[K^~~~~~~~~~~~~~~~~[m[K
[2.153s] [01m[K/home/evanw/Desktop/uwrt/challenge_ws/src/challenge_package/src/clear_turtles.cpp:[m[K In member function ‘[01m[Kvoid KillTurtlesSubscriber::topic_callback(const Names&) const[m[K’:
[2.153s] [01m[K/home/evanw/Desktop/uwrt/challenge_ws/src/challenge_package/src/clear_turtles.cpp:38:30:[m[K [01;31m[Kerror: [m[Kbase operand of ‘[01m[K->[m[K’ has non-pointer type ‘[01m[Kconst Names[m[K’ {aka ‘[01m[Kconst challenge_package::msg::Names_<std::allocator<void> >[m[K’}
[2.153s]    38 |       for (int i = 0; i < msg[01;31m[K->[m[Knames.size; i++) {
[2.153s]       |                              [01;31m[K^~[m[K
[2.153s] [01m[K/home/evanw/Desktop/uwrt/challenge_ws/src/challenge_package/src/clear_turtles.cpp:39:37:[m[K [01;31m[Kerror: [m[Kbase operand of ‘[01m[K->[m[K’ has non-pointer type ‘[01m[Kconst Names[m[K’ {aka ‘[01m[Kconst challenge_package::msg::Names_<std::allocator<void> >[m[K’}
[2.153s]    39 |         const std::string name = msg[01;31m[K->[m[Knames[i];
[2.153s]       |                                     [01;31m[K^~[m[K
[2.719s] make[2]: *** [CMakeFiles/clear_turtle_listener.dir/build.make:63: CMakeFiles/clear_turtle_listener.dir/src/clear_turtles.cpp.o] Error 1
[2.719s] make[1]: *** [CMakeFiles/Makefile2:124: CMakeFiles/clear_turtle_listener.dir/all] Error 2
[2.719s] make: *** [Makefile:141: all] Error 2
[2.721s] Invoked command in '/home/evanw/Desktop/uwrt/challenge_ws/build/challenge_package' returned '2': CMAKE_PREFIX_PATH=/opt/ros/galactic /usr/bin/cmake --build /home/evanw/Desktop/uwrt/challenge_ws/build/challenge_package -- -j8 -l8
