[0.020s] Invoking command in '/home/evanw/Desktop/uwrt/challenge_ws/build/challenge_package': CMAKE_PREFIX_PATH=${CMAKE_PREFIX_PATH}:/opt/ros/galactic /usr/bin/cmake --build /home/evanw/Desktop/uwrt/challenge_ws/build/challenge_package -- -j8 -l8
[0.123s] -- Found ament_cmake: 1.1.6 (/opt/ros/galactic/share/ament_cmake/cmake)
[0.146s] -- Found PythonInterp: /usr/bin/python3 (found suitable version "3.8.10", minimum required is "3") 
[0.146s] -- Using PYTHON_EXECUTABLE: /usr/bin/python3
[0.221s] -- Found rclcpp: 9.2.2 (/opt/ros/galactic/share/rclcpp/cmake)
[0.265s] -- Using all available rosidl_typesupport_c: rosidl_typesupport_fastrtps_c;rosidl_typesupport_introspection_c
[0.269s] -- Found rosidl_adapter: 2.2.3 (/opt/ros/galactic/share/rosidl_adapter/cmake)
[0.405s] -- Using all available rosidl_typesupport_cpp: rosidl_typesupport_fastrtps_cpp;rosidl_typesupport_introspection_cpp
[0.481s] -- Found rmw_implementation_cmake: 3.3.1 (/opt/ros/galactic/share/rmw_implementation_cmake/cmake)
[0.483s] -- Found rmw_cyclonedds_cpp: 0.22.6 (/opt/ros/galactic/share/rmw_cyclonedds_cpp/cmake)
[0.502s] -- Using RMW implementation 'rmw_cyclonedds_cpp' as default
[0.647s] -- Found turtlesim: 1.3.4 (/opt/ros/galactic/share/turtlesim/cmake)
[0.759s] -- Found rclcpp_components: 9.2.2 (/opt/ros/galactic/share/rclcpp_components/cmake)
[0.812s] -- Found std_srvs: 2.2.4 (/opt/ros/galactic/share/std_srvs/cmake)
[0.823s] -- Found rclcpp_action: 9.2.2 (/opt/ros/galactic/share/rclcpp_action/cmake)
[0.854s] -- Found geometry_msgs: 2.2.4 (/opt/ros/galactic/share/geometry_msgs/cmake)
[0.887s] -- Found rosidl_default_generators: 1.1.1 (/opt/ros/galactic/share/rosidl_default_generators/cmake)
[0.923s] -- Found PythonInterp: /usr/bin/python3 (found version "3.8.10") 
[1.032s] -- Found ament_cmake_ros: 0.9.2 (/opt/ros/galactic/share/ament_cmake_ros/cmake)
[1.118s] -- Using all available rosidl_typesupport_c: rosidl_typesupport_fastrtps_c;rosidl_typesupport_introspection_c
[1.126s] -- Using all available rosidl_typesupport_cpp: rosidl_typesupport_fastrtps_cpp;rosidl_typesupport_introspection_cpp
[1.146s] -- Found PythonInterp: /usr/bin/python3 (found suitable version "3.8.10", minimum required is "3.5") 
[1.146s] -- Found python_cmake_module: 0.8.1 (/opt/ros/galactic/share/python_cmake_module/cmake)
[1.167s] -- Using PYTHON_EXECUTABLE: /usr/bin/python3
[1.167s] -- Using PYTHON_INCLUDE_DIRS: /usr/include/python3.8
[1.167s] -- Using PYTHON_LIBRARIES: /usr/lib/x86_64-linux-gnu/libpython3.8.so
[1.182s] -- Found ament_lint_auto: 0.10.7 (/opt/ros/galactic/share/ament_lint_auto/cmake)
[1.198s] -- Added test 'copyright' to check source files copyright and LICENSE
[1.199s] -- Added test 'cppcheck' to perform static code analysis on C / C++ code
[1.199s] -- Configured cppcheck include dirs: 
[1.199s] -- Configured cppcheck exclude dirs and/or files: 
[1.200s] -- Added test 'cpplint' to check C / C++ code against the Google style
[1.200s] -- Configured cpplint exclude dirs and/or files: 
[1.201s] -- Added test 'lint_cmake' to check CMake code style
[1.202s] -- Added test 'uncrustify' to check C / C++ code style
[1.202s] -- Configured uncrustify additional arguments: 
[1.202s] -- Added test 'xmllint' to check XML markup files
[1.209s] -- Configuring done
[1.279s] -- Generating done
[1.286s] -- Build files have been written to: /home/evanw/Desktop/uwrt/challenge_ws/build/challenge_package
[1.317s] [35m[1mScanning dependencies of target circle_turtle_service[0m
[1.331s] [  5%] Built target challenge_package__cpp
[1.331s] [ 11%] Built target challenge_package__rosidl_generator_c
[1.357s] [ 20%] Built target challenge_package__rosidl_typesupport_introspection_c
[1.358s] [ 28%] Built target challenge_package__rosidl_typesupport_c
[1.392s] [ 37%] Built target challenge_package__rosidl_typesupport_introspection_cpp
[1.394s] [ 45%] Built target challenge_package__rosidl_typesupport_cpp
[1.400s] [ 54%] Built target challenge_package__rosidl_typesupport_fastrtps_cpp
[1.405s] [ 57%] [32mBuilding CXX object CMakeFiles/circle_turtle_service.dir/src/move_circle.cpp.o[0m
[1.432s] [ 65%] Built target challenge_package__rosidl_typesupport_fastrtps_c
[1.454s] [ 65%] Built target challenge_package
[1.472s] [35m[1mScanning dependencies of target clear_turtle_listener[0m
[1.491s] [ 68%] Built target challenge_package__py
[1.532s] [ 71%] [32mBuilding CXX object CMakeFiles/clear_turtle_listener.dir/src/clear_turtles.cpp.o[0m
[1.535s] [ 77%] Built target challenge_package__python
[1.582s] [ 88%] Built target challenge_package__rosidl_typesupport_fastrtps_c__pyext
[1.582s] [ 88%] Built target challenge_package__rosidl_typesupport_introspection_c__pyext
[1.596s] [ 94%] Built target challenge_package__rosidl_typesupport_c__pyext
[3.411s] [01m[K/home/evanw/Desktop/uwrt/challenge_ws/src/challenge_package/src/move_circle.cpp:[m[K In member function ‘[01m[Kvoid MoveTurtleCircularService::handle_move_req(std::shared_ptr<std_srvs::srv::Trigger_Request_<std::allocator<void> > >, std::shared_ptr<std_srvs::srv::Trigger_Response_<std::allocator<void> > >)[m[K’:
[3.411s] [01m[K/home/evanw/Desktop/uwrt/challenge_ws/src/challenge_package/src/move_circle.cpp:43:53:[m[K [01;35m[Kwarning: [m[Kunused parameter ‘[01m[Krequest[m[K’ [[01;35m[K-Wunused-parameter[m[K]
[3.411s]    43 |         [01;35m[Kconst std::shared_ptr<trigger_srv::Request> request[m[K, std::shared_ptr<std_srvs::srv::Trigger::Response> response
[3.412s]       |         [01;35m[K~~~~~~~~~~~~~~~~~~~~~~~~~~~~~~~~~~~~~~~~~~~~^~~~~~~[m[K
[6.039s] [ 97%] [32m[1mLinking CXX executable circle_turtle_service[0m
[6.282s] [ 97%] Built target circle_turtle_service
[8.641s] [100%] [32m[1mLinking CXX executable clear_turtle_listener[0m
[8.970s] [100%] Built target clear_turtle_listener
[8.987s] Invoked command in '/home/evanw/Desktop/uwrt/challenge_ws/build/challenge_package' returned '0': CMAKE_PREFIX_PATH=${CMAKE_PREFIX_PATH}:/opt/ros/galactic /usr/bin/cmake --build /home/evanw/Desktop/uwrt/challenge_ws/build/challenge_package -- -j8 -l8
[9.039s] Invoking command in '/home/evanw/Desktop/uwrt/challenge_ws/build/challenge_package': CMAKE_PREFIX_PATH=${CMAKE_PREFIX_PATH}:/opt/ros/galactic /usr/bin/cmake --install /home/evanw/Desktop/uwrt/challenge_ws/build/challenge_package
[9.047s] -- Install configuration: ""
[9.048s] -- Up-to-date: /home/evanw/Desktop/uwrt/challenge_ws/install/challenge_package/share/ament_index/resource_index/rosidl_interfaces/challenge_package
[9.048s] -- Up-to-date: /home/evanw/Desktop/uwrt/challenge_ws/install/challenge_package/include/challenge_package
[9.048s] -- Up-to-date: /home/evanw/Desktop/uwrt/challenge_ws/install/challenge_package/include/challenge_package/msg
[9.048s] -- Up-to-date: /home/evanw/Desktop/uwrt/challenge_ws/install/challenge_package/include/challenge_package/msg/rosidl_generator_c__visibility_control.h
[9.048s] -- Up-to-date: /home/evanw/Desktop/uwrt/challenge_ws/install/challenge_package/include/challenge_package/msg/names.h
[9.048s] -- Up-to-date: /home/evanw/Desktop/uwrt/challenge_ws/install/challenge_package/include/challenge_package/msg/detail
[9.048s] -- Up-to-date: /home/evanw/Desktop/uwrt/challenge_ws/install/challenge_package/include/challenge_package/msg/detail/names__functions.h
[9.048s] -- Up-to-date: /home/evanw/Desktop/uwrt/challenge_ws/install/challenge_package/include/challenge_package/msg/detail/names__struct.h
[9.048s] -- Up-to-date: /home/evanw/Desktop/uwrt/challenge_ws/install/challenge_package/include/challenge_package/msg/detail/names__functions.c
[9.049s] -- Up-to-date: /home/evanw/Desktop/uwrt/challenge_ws/install/challenge_package/include/challenge_package/msg/detail/names__type_support.h
[9.049s] -- Up-to-date: /home/evanw/Desktop/uwrt/challenge_ws/install/challenge_package/share/challenge_package/environment/library_path.sh
[9.049s] -- Installing: /home/evanw/Desktop/uwrt/challenge_ws/install/challenge_package/share/challenge_package/environment/library_path.dsv
[9.049s] -- Up-to-date: /home/evanw/Desktop/uwrt/challenge_ws/install/challenge_package/lib/libchallenge_package__rosidl_generator_c.so
[9.049s] -- Up-to-date: /home/evanw/Desktop/uwrt/challenge_ws/install/challenge_package/include/challenge_package
[9.049s] -- Up-to-date: /home/evanw/Desktop/uwrt/challenge_ws/install/challenge_package/include/challenge_package/msg
[9.049s] -- Up-to-date: /home/evanw/Desktop/uwrt/challenge_ws/install/challenge_package/include/challenge_package/msg/rosidl_typesupport_fastrtps_c__visibility_control.h
[9.049s] -- Up-to-date: /home/evanw/Desktop/uwrt/challenge_ws/install/challenge_package/include/challenge_package/msg/detail
[9.049s] -- Up-to-date: /home/evanw/Desktop/uwrt/challenge_ws/install/challenge_package/include/challenge_package/msg/detail/names__rosidl_typesupport_fastrtps_c.h
[9.049s] -- Up-to-date: /home/evanw/Desktop/uwrt/challenge_ws/install/challenge_package/lib/libchallenge_package__rosidl_typesupport_fastrtps_c.so
[9.050s] -- Up-to-date: /home/evanw/Desktop/uwrt/challenge_ws/install/challenge_package/include/challenge_package
[9.050s] -- Up-to-date: /home/evanw/Desktop/uwrt/challenge_ws/install/challenge_package/include/challenge_package/msg
[9.050s] -- Up-to-date: /home/evanw/Desktop/uwrt/challenge_ws/install/challenge_package/include/challenge_package/msg/rosidl_typesupport_fastrtps_cpp__visibility_control.h
[9.050s] -- Up-to-date: /home/evanw/Desktop/uwrt/challenge_ws/install/challenge_package/include/challenge_package/msg/detail
[9.050s] -- Up-to-date: /home/evanw/Desktop/uwrt/challenge_ws/install/challenge_package/include/challenge_package/msg/detail/names__rosidl_typesupport_fastrtps_cpp.hpp
[9.050s] -- Up-to-date: /home/evanw/Desktop/uwrt/challenge_ws/install/challenge_package/include/challenge_package/msg/detail/dds_fastrtps
[9.050s] -- Up-to-date: /home/evanw/Desktop/uwrt/challenge_ws/install/challenge_package/lib/libchallenge_package__rosidl_typesupport_fastrtps_cpp.so
[9.051s] -- Up-to-date: /home/evanw/Desktop/uwrt/challenge_ws/install/challenge_package/include/challenge_package
[9.051s] -- Up-to-date: /home/evanw/Desktop/uwrt/challenge_ws/install/challenge_package/include/challenge_package/msg
[9.051s] -- Up-to-date: /home/evanw/Desktop/uwrt/challenge_ws/install/challenge_package/include/challenge_package/msg/rosidl_typesupport_introspection_c__visibility_control.h
[9.051s] -- Up-to-date: /home/evanw/Desktop/uwrt/challenge_ws/install/challenge_package/include/challenge_package/msg/detail
[9.051s] -- Up-to-date: /home/evanw/Desktop/uwrt/challenge_ws/install/challenge_package/include/challenge_package/msg/detail/names__type_support.c
[9.051s] -- Up-to-date: /home/evanw/Desktop/uwrt/challenge_ws/install/challenge_package/include/challenge_package/msg/detail/names__rosidl_typesupport_introspection_c.h
[9.051s] -- Up-to-date: /home/evanw/Desktop/uwrt/challenge_ws/install/challenge_package/lib/libchallenge_package__rosidl_typesupport_introspection_c.so
[9.052s] -- Up-to-date: /home/evanw/Desktop/uwrt/challenge_ws/install/challenge_package/lib/libchallenge_package__rosidl_typesupport_c.so
[9.052s] -- Up-to-date: /home/evanw/Desktop/uwrt/challenge_ws/install/challenge_package/include/challenge_package
[9.052s] -- Up-to-date: /home/evanw/Desktop/uwrt/challenge_ws/install/challenge_package/include/challenge_package/msg
[9.052s] -- Up-to-date: /home/evanw/Desktop/uwrt/challenge_ws/install/challenge_package/include/challenge_package/msg/names.hpp
[9.052s] -- Up-to-date: /home/evanw/Desktop/uwrt/challenge_ws/install/challenge_package/include/challenge_package/msg/detail
[9.052s] -- Up-to-date: /home/evanw/Desktop/uwrt/challenge_ws/install/challenge_package/include/challenge_package/msg/detail/names__struct.hpp
[9.052s] -- Up-to-date: /home/evanw/Desktop/uwrt/challenge_ws/install/challenge_package/include/challenge_package/msg/detail/names__builder.hpp
[9.053s] -- Up-to-date: /home/evanw/Desktop/uwrt/challenge_ws/install/challenge_package/include/challenge_package/msg/detail/names__traits.hpp
[9.053s] -- Up-to-date: /home/evanw/Desktop/uwrt/challenge_ws/install/challenge_package/include/challenge_package
[9.053s] -- Up-to-date: /home/evanw/Desktop/uwrt/challenge_ws/install/challenge_package/include/challenge_package/msg
[9.053s] -- Up-to-date: /home/evanw/Desktop/uwrt/challenge_ws/install/challenge_package/include/challenge_package/msg/detail
[9.053s] -- Up-to-date: /home/evanw/Desktop/uwrt/challenge_ws/install/challenge_package/include/challenge_package/msg/detail/names__type_support.cpp
[9.053s] -- Up-to-date: /home/evanw/Desktop/uwrt/challenge_ws/install/challenge_package/include/challenge_package/msg/detail/names__rosidl_typesupport_introspection_cpp.hpp
[9.053s] -- Up-to-date: /home/evanw/Desktop/uwrt/challenge_ws/install/challenge_package/lib/libchallenge_package__rosidl_typesupport_introspection_cpp.so
[9.054s] -- Up-to-date: /home/evanw/Desktop/uwrt/challenge_ws/install/challenge_package/lib/libchallenge_package__rosidl_typesupport_cpp.so
[9.054s] -- Up-to-date: /home/evanw/Desktop/uwrt/challenge_ws/install/challenge_package/share/challenge_package/environment/pythonpath.sh
[9.054s] -- Installing: /home/evanw/Desktop/uwrt/challenge_ws/install/challenge_package/share/challenge_package/environment/pythonpath.dsv
[9.054s] -- Installing: /home/evanw/Desktop/uwrt/challenge_ws/install/challenge_package/lib/python3.8/site-packages/challenge_package/__init__.py
[9.086s] Compiling '/home/evanw/Desktop/uwrt/challenge_ws/install/challenge_package/lib/python3.8/site-packages/challenge_package/__init__.py'...
[9.091s] -- Up-to-date: /home/evanw/Desktop/uwrt/challenge_ws/install/challenge_package/lib/python3.8/site-packages/challenge_package/msg
[9.091s] -- Up-to-date: /home/evanw/Desktop/uwrt/challenge_ws/install/challenge_package/lib/python3.8/site-packages/challenge_package/msg/__init__.py
[9.091s] -- Up-to-date: /home/evanw/Desktop/uwrt/challenge_ws/install/challenge_package/lib/python3.8/site-packages/challenge_package/msg/_names.py
[9.091s] -- Up-to-date: /home/evanw/Desktop/uwrt/challenge_ws/install/challenge_package/lib/python3.8/site-packages/challenge_package/msg/_names_s.c
[9.092s] -- Up-to-date: /home/evanw/Desktop/uwrt/challenge_ws/install/challenge_package/lib/python3.8/site-packages/challenge_package/challenge_package_s__rosidl_typesupport_fastrtps_c.cpython-38-x86_64-linux-gnu.so
[9.093s] -- Up-to-date: /home/evanw/Desktop/uwrt/challenge_ws/install/challenge_package/lib/python3.8/site-packages/challenge_package/challenge_package_s__rosidl_typesupport_introspection_c.cpython-38-x86_64-linux-gnu.so
[9.094s] -- Up-to-date: /home/evanw/Desktop/uwrt/challenge_ws/install/challenge_package/lib/python3.8/site-packages/challenge_package/challenge_package_s__rosidl_typesupport_c.cpython-38-x86_64-linux-gnu.so
[9.095s] -- Up-to-date: /home/evanw/Desktop/uwrt/challenge_ws/install/challenge_package/lib/libchallenge_package__python.so
[9.095s] -- Up-to-date: /home/evanw/Desktop/uwrt/challenge_ws/install/challenge_package/share/challenge_package/msg/Names.idl
[9.095s] -- Up-to-date: /home/evanw/Desktop/uwrt/challenge_ws/install/challenge_package/share/challenge_package/msg/Names.msg
[9.097s] -- Installing: /home/evanw/Desktop/uwrt/challenge_ws/install/challenge_package/lib/challenge_package/clear_turtle_listener
[9.100s] -- Set runtime path of "/home/evanw/Desktop/uwrt/challenge_ws/install/challenge_package/lib/challenge_package/clear_turtle_listener" to ""
[9.100s] -- Installing: /home/evanw/Desktop/uwrt/challenge_ws/install/challenge_package/lib/challenge_package/circle_turtle_service
[9.102s] -- Set runtime path of "/home/evanw/Desktop/uwrt/challenge_ws/install/challenge_package/lib/challenge_package/circle_turtle_service" to ""
[9.102s] -- Up-to-date: /home/evanw/Desktop/uwrt/challenge_ws/install/challenge_package/share/ament_index/resource_index/package_run_dependencies/challenge_package
[9.102s] -- Up-to-date: /home/evanw/Desktop/uwrt/challenge_ws/install/challenge_package/share/ament_index/resource_index/parent_prefix_path/challenge_package
[9.102s] -- Up-to-date: /home/evanw/Desktop/uwrt/challenge_ws/install/challenge_package/share/challenge_package/environment/ament_prefix_path.sh
[9.102s] -- Installing: /home/evanw/Desktop/uwrt/challenge_ws/install/challenge_package/share/challenge_package/environment/ament_prefix_path.dsv
[9.103s] -- Up-to-date: /home/evanw/Desktop/uwrt/challenge_ws/install/challenge_package/share/challenge_package/environment/path.sh
[9.103s] -- Installing: /home/evanw/Desktop/uwrt/challenge_ws/install/challenge_package/share/challenge_package/environment/path.dsv
[9.103s] -- Up-to-date: /home/evanw/Desktop/uwrt/challenge_ws/install/challenge_package/share/challenge_package/local_setup.bash
[9.103s] -- Up-to-date: /home/evanw/Desktop/uwrt/challenge_ws/install/challenge_package/share/challenge_package/local_setup.sh
[9.103s] -- Up-to-date: /home/evanw/Desktop/uwrt/challenge_ws/install/challenge_package/share/challenge_package/local_setup.zsh
[9.104s] -- Installing: /home/evanw/Desktop/uwrt/challenge_ws/install/challenge_package/share/challenge_package/local_setup.dsv
[9.104s] -- Installing: /home/evanw/Desktop/uwrt/challenge_ws/install/challenge_package/share/challenge_package/package.dsv
[9.104s] -- Up-to-date: /home/evanw/Desktop/uwrt/challenge_ws/install/challenge_package/share/ament_index/resource_index/packages/challenge_package
[9.104s] -- Up-to-date: /home/evanw/Desktop/uwrt/challenge_ws/install/challenge_package/share/challenge_package/cmake/challenge_package__rosidl_generator_cExport.cmake
[9.104s] -- Installing: /home/evanw/Desktop/uwrt/challenge_ws/install/challenge_package/share/challenge_package/cmake/challenge_package__rosidl_generator_cExport-noconfig.cmake
[9.105s] -- Up-to-date: /home/evanw/Desktop/uwrt/challenge_ws/install/challenge_package/share/challenge_package/cmake/challenge_package__rosidl_typesupport_introspection_cExport.cmake
[9.105s] -- Installing: /home/evanw/Desktop/uwrt/challenge_ws/install/challenge_package/share/challenge_package/cmake/challenge_package__rosidl_typesupport_introspection_cExport-noconfig.cmake
[9.105s] -- Up-to-date: /home/evanw/Desktop/uwrt/challenge_ws/install/challenge_package/share/challenge_package/cmake/challenge_package__rosidl_typesupport_cExport.cmake
[9.105s] -- Installing: /home/evanw/Desktop/uwrt/challenge_ws/install/challenge_package/share/challenge_package/cmake/challenge_package__rosidl_typesupport_cExport-noconfig.cmake
[9.106s] -- Up-to-date: /home/evanw/Desktop/uwrt/challenge_ws/install/challenge_package/share/challenge_package/cmake/challenge_package__rosidl_generator_cppExport.cmake
[9.106s] -- Up-to-date: /home/evanw/Desktop/uwrt/challenge_ws/install/challenge_package/share/challenge_package/cmake/challenge_package__rosidl_typesupport_introspection_cppExport.cmake
[9.106s] -- Installing: /home/evanw/Desktop/uwrt/challenge_ws/install/challenge_package/share/challenge_package/cmake/challenge_package__rosidl_typesupport_introspection_cppExport-noconfig.cmake
[9.107s] -- Up-to-date: /home/evanw/Desktop/uwrt/challenge_ws/install/challenge_package/share/challenge_package/cmake/challenge_package__rosidl_typesupport_cppExport.cmake
[9.107s] -- Installing: /home/evanw/Desktop/uwrt/challenge_ws/install/challenge_package/share/challenge_package/cmake/challenge_package__rosidl_typesupport_cppExport-noconfig.cmake
[9.107s] -- Up-to-date: /home/evanw/Desktop/uwrt/challenge_ws/install/challenge_package/share/challenge_package/cmake/rosidl_cmake-extras.cmake
[9.107s] -- Up-to-date: /home/evanw/Desktop/uwrt/challenge_ws/install/challenge_package/share/challenge_package/cmake/ament_cmake_export_dependencies-extras.cmake
[9.108s] -- Up-to-date: /home/evanw/Desktop/uwrt/challenge_ws/install/challenge_package/share/challenge_package/cmake/ament_cmake_export_libraries-extras.cmake
[9.108s] -- Up-to-date: /home/evanw/Desktop/uwrt/challenge_ws/install/challenge_package/share/challenge_package/cmake/ament_cmake_export_targets-extras.cmake
[9.108s] -- Up-to-date: /home/evanw/Desktop/uwrt/challenge_ws/install/challenge_package/share/challenge_package/cmake/ament_cmake_export_include_directories-extras.cmake
[9.108s] -- Up-to-date: /home/evanw/Desktop/uwrt/challenge_ws/install/challenge_package/share/challenge_package/cmake/rosidl_cmake_export_typesupport_libraries-extras.cmake
[9.108s] -- Up-to-date: /home/evanw/Desktop/uwrt/challenge_ws/install/challenge_package/share/challenge_package/cmake/rosidl_cmake_export_typesupport_targets-extras.cmake
[9.108s] -- Up-to-date: /home/evanw/Desktop/uwrt/challenge_ws/install/challenge_package/share/challenge_package/cmake/challenge_packageConfig.cmake
[9.109s] -- Up-to-date: /home/evanw/Desktop/uwrt/challenge_ws/install/challenge_package/share/challenge_package/cmake/challenge_packageConfig-version.cmake
[9.109s] -- Up-to-date: /home/evanw/Desktop/uwrt/challenge_ws/install/challenge_package/share/challenge_package/package.xml
[9.111s] Invoked command in '/home/evanw/Desktop/uwrt/challenge_ws/build/challenge_package' returned '0': CMAKE_PREFIX_PATH=${CMAKE_PREFIX_PATH}:/opt/ros/galactic /usr/bin/cmake --install /home/evanw/Desktop/uwrt/challenge_ws/build/challenge_package
