[35m[1mScanning dependencies of target create_turtles[0m
[ 50%] Built target client
[ 75%] [32mBuilding CXX object CMakeFiles/create_turtles.dir/src/spawn_turtles.cpp.o[0m
[100%] [32m[1mLinking CXX executable create_turtles[0m
[100%] Built target create_turtles
-- Install configuration: ""
-- Up-to-date: /home/alikasim/dev_ws/src/software_training_assingment/install/software_training_assingment/lib/software_training_assingment/client
-- Installing: /home/alikasim/dev_ws/src/software_training_assingment/install/software_training_assingment/lib/software_training_assingment/create_turtles
-- Set runtime path of "/home/alikasim/dev_ws/src/software_training_assingment/install/software_training_assingment/lib/software_training_assingment/create_turtles" to ""
-- Up-to-date: /home/alikasim/dev_ws/src/software_training_assingment/install/software_training_assingment/share/ament_index/resource_index/package_run_dependencies/software_training_assingment
-- Up-to-date: /home/alikasim/dev_ws/src/software_training_assingment/install/software_training_assingment/share/ament_index/resource_index/parent_prefix_path/software_training_assingment
-- Up-to-date: /home/alikasim/dev_ws/src/software_training_assingment/install/software_training_assingment/share/software_training_assingment/environment/ament_prefix_path.dsv
-- Up-to-date: /home/alikasim/dev_ws/src/software_training_assingment/install/software_training_assingment/share/software_training_assingment/environment/path.dsv
-- Up-to-date: /home/alikasim/dev_ws/src/software_training_assingment/install/software_training_assingment/share/software_training_assingment/local_setup.bash
-- Up-to-date: /home/alikasim/dev_ws/src/software_training_assingment/install/software_training_assingment/share/software_training_assingment/local_setup.sh
-- Up-to-date: /home/alikasim/dev_ws/src/software_training_assingment/install/software_training_assingment/share/software_training_assingment/local_setup.zsh
-- Up-to-date: /home/alikasim/dev_ws/src/software_training_assingment/install/software_training_assingment/share/software_training_assingment/local_setup.dsv
-- Up-to-date: /home/alikasim/dev_ws/src/software_training_assingment/install/software_training_assingment/share/software_training_assingment/package.dsv
-- Up-to-date: /home/alikasim/dev_ws/src/software_training_assingment/install/software_training_assingment/share/ament_index/resource_index/packages/software_training_assingment
-- Up-to-date: /home/alikasim/dev_ws/src/software_training_assingment/install/software_training_assingment/share/software_training_assingment/cmake/software_training_assingmentConfig.cmake
-- Up-to-date: /home/alikasim/dev_ws/src/software_training_assingment/install/software_training_assingment/share/software_training_assingment/cmake/software_training_assingmentConfig-version.cmake
-- Up-to-date: /home/alikasim/dev_ws/src/software_training_assingment/install/software_training_assingment/share/software_training_assingment/package.xml
