[0.016s] Invoking command in '/home/evanw/Desktop/uwrt/challenge_ws/build/challenge_package': CMAKE_PREFIX_PATH=${CMAKE_PREFIX_PATH}:/opt/ros/galactic /usr/bin/cmake --build /home/evanw/Desktop/uwrt/challenge_ws/build/challenge_package -- -j8 -l8
[0.057s] [35m[1mScanning dependencies of target circle_turtle_service[0m
[0.069s] [  8%] Built target challenge_package__rosidl_generator_c
[0.071s] [ 11%] Built target challenge_package__cpp
[0.107s] [ 20%] [32mBuilding CXX object CMakeFiles/circle_turtle_service.dir/src/move_circle.cpp.o[0m
[0.108s] [ 22%] Built target challenge_package__rosidl_typesupport_introspection_c
[0.110s] [ 31%] Built target challenge_package__rosidl_typesupport_cpp
[0.115s] [ 40%] Built target challenge_package__rosidl_typesupport_c
[0.117s] [ 48%] Built target challenge_package__rosidl_typesupport_introspection_cpp
[0.118s] [ 57%] Built target challenge_package__rosidl_typesupport_fastrtps_cpp
[0.149s] [ 65%] Built target challenge_package__rosidl_typesupport_fastrtps_c
[0.171s] [ 65%] Built target challenge_package
[0.200s] [ 68%] Built target challenge_package__py
[0.214s] [ 74%] Built target clear_turtle_listener
[0.241s] [ 80%] Built target challenge_package__python
[0.279s] [ 85%] Built target challenge_package__rosidl_typesupport_c__pyext
[0.280s] [ 91%] Built target challenge_package__rosidl_typesupport_introspection_c__pyext
[0.280s] [ 97%] Built target challenge_package__rosidl_typesupport_fastrtps_c__pyext
[1.843s] [01m[K/home/evanw/Desktop/uwrt/challenge_ws/src/challenge_package/src/move_circle.cpp:[m[K In member function ‘[01m[Kvoid MoveTurtleCircularService::handle_move_req(std::shared_ptr<std_srvs::srv::Trigger_Request_<std::allocator<void> > >, std::shared_ptr<std_srvs::srv::Trigger_Response_<std::allocator<void> > >)[m[K’:
[1.843s] [01m[K/home/evanw/Desktop/uwrt/challenge_ws/src/challenge_package/src/move_circle.cpp:43:53:[m[K [01;35m[Kwarning: [m[Kunused parameter ‘[01m[Krequest[m[K’ [[01;35m[K-Wunused-parameter[m[K]
[1.843s]    43 |         [01;35m[Kconst std::shared_ptr<trigger_srv::Request> request[m[K, std::shared_ptr<std_srvs::srv::Trigger::Response> response
[1.843s]       |         [01;35m[K~~~~~~~~~~~~~~~~~~~~~~~~~~~~~~~~~~~~~~~~~~~~^~~~~~~[m[K
[4.116s] [100%] [32m[1mLinking CXX executable circle_turtle_service[0m
[4.312s] [100%] Built target circle_turtle_service
[4.323s] Invoked command in '/home/evanw/Desktop/uwrt/challenge_ws/build/challenge_package' returned '0': CMAKE_PREFIX_PATH=${CMAKE_PREFIX_PATH}:/opt/ros/galactic /usr/bin/cmake --build /home/evanw/Desktop/uwrt/challenge_ws/build/challenge_package -- -j8 -l8
[4.380s] Invoking command in '/home/evanw/Desktop/uwrt/challenge_ws/build/challenge_package': CMAKE_PREFIX_PATH=${CMAKE_PREFIX_PATH}:/opt/ros/galactic /usr/bin/cmake --install /home/evanw/Desktop/uwrt/challenge_ws/build/challenge_package
[4.389s] -- Install configuration: ""
[4.389s] -- Up-to-date: /home/evanw/Desktop/uwrt/challenge_ws/install/challenge_package/share/ament_index/resource_index/rosidl_interfaces/challenge_package
[4.389s] -- Up-to-date: /home/evanw/Desktop/uwrt/challenge_ws/install/challenge_package/include/challenge_package
[4.389s] -- Up-to-date: /home/evanw/Desktop/uwrt/challenge_ws/install/challenge_package/include/challenge_package/msg
[4.389s] -- Up-to-date: /home/evanw/Desktop/uwrt/challenge_ws/install/challenge_package/include/challenge_package/msg/rosidl_generator_c__visibility_control.h
[4.390s] -- Up-to-date: /home/evanw/Desktop/uwrt/challenge_ws/install/challenge_package/include/challenge_package/msg/names.h
[4.390s] -- Up-to-date: /home/evanw/Desktop/uwrt/challenge_ws/install/challenge_package/include/challenge_package/msg/detail
[4.390s] -- Up-to-date: /home/evanw/Desktop/uwrt/challenge_ws/install/challenge_package/include/challenge_package/msg/detail/names__functions.h
[4.390s] -- Up-to-date: /home/evanw/Desktop/uwrt/challenge_ws/install/challenge_package/include/challenge_package/msg/detail/names__struct.h
[4.390s] -- Up-to-date: /home/evanw/Desktop/uwrt/challenge_ws/install/challenge_package/include/challenge_package/msg/detail/names__functions.c
[4.390s] -- Up-to-date: /home/evanw/Desktop/uwrt/challenge_ws/install/challenge_package/include/challenge_package/msg/detail/names__type_support.h
[4.390s] -- Up-to-date: /home/evanw/Desktop/uwrt/challenge_ws/install/challenge_package/share/challenge_package/environment/library_path.sh
[4.390s] -- Up-to-date: /home/evanw/Desktop/uwrt/challenge_ws/install/challenge_package/share/challenge_package/environment/library_path.dsv
[4.390s] -- Up-to-date: /home/evanw/Desktop/uwrt/challenge_ws/install/challenge_package/lib/libchallenge_package__rosidl_generator_c.so
[4.390s] -- Up-to-date: /home/evanw/Desktop/uwrt/challenge_ws/install/challenge_package/include/challenge_package
[4.391s] -- Up-to-date: /home/evanw/Desktop/uwrt/challenge_ws/install/challenge_package/include/challenge_package/msg
[4.391s] -- Up-to-date: /home/evanw/Desktop/uwrt/challenge_ws/install/challenge_package/include/challenge_package/msg/rosidl_typesupport_fastrtps_c__visibility_control.h
[4.391s] -- Up-to-date: /home/evanw/Desktop/uwrt/challenge_ws/install/challenge_package/include/challenge_package/msg/detail
[4.391s] -- Up-to-date: /home/evanw/Desktop/uwrt/challenge_ws/install/challenge_package/include/challenge_package/msg/detail/names__rosidl_typesupport_fastrtps_c.h
[4.391s] -- Up-to-date: /home/evanw/Desktop/uwrt/challenge_ws/install/challenge_package/lib/libchallenge_package__rosidl_typesupport_fastrtps_c.so
[4.391s] -- Up-to-date: /home/evanw/Desktop/uwrt/challenge_ws/install/challenge_package/include/challenge_package
[4.391s] -- Up-to-date: /home/evanw/Desktop/uwrt/challenge_ws/install/challenge_package/include/challenge_package/msg
[4.391s] -- Up-to-date: /home/evanw/Desktop/uwrt/challenge_ws/install/challenge_package/include/challenge_package/msg/rosidl_typesupport_fastrtps_cpp__visibility_control.h
[4.391s] -- Up-to-date: /home/evanw/Desktop/uwrt/challenge_ws/install/challenge_package/include/challenge_package/msg/detail
[4.391s] -- Up-to-date: /home/evanw/Desktop/uwrt/challenge_ws/install/challenge_package/include/challenge_package/msg/detail/names__rosidl_typesupport_fastrtps_cpp.hpp
[4.391s] -- Up-to-date: /home/evanw/Desktop/uwrt/challenge_ws/install/challenge_package/include/challenge_package/msg/detail/dds_fastrtps
[4.391s] -- Up-to-date: /home/evanw/Desktop/uwrt/challenge_ws/install/challenge_package/lib/libchallenge_package__rosidl_typesupport_fastrtps_cpp.so
[4.391s] -- Up-to-date: /home/evanw/Desktop/uwrt/challenge_ws/install/challenge_package/include/challenge_package
[4.392s] -- Up-to-date: /home/evanw/Desktop/uwrt/challenge_ws/install/challenge_package/include/challenge_package/msg
[4.392s] -- Up-to-date: /home/evanw/Desktop/uwrt/challenge_ws/install/challenge_package/include/challenge_package/msg/rosidl_typesupport_introspection_c__visibility_control.h
[4.392s] -- Up-to-date: /home/evanw/Desktop/uwrt/challenge_ws/install/challenge_package/include/challenge_package/msg/detail
[4.392s] -- Up-to-date: /home/evanw/Desktop/uwrt/challenge_ws/install/challenge_package/include/challenge_package/msg/detail/names__type_support.c
[4.392s] -- Up-to-date: /home/evanw/Desktop/uwrt/challenge_ws/install/challenge_package/include/challenge_package/msg/detail/names__rosidl_typesupport_introspection_c.h
[4.392s] -- Up-to-date: /home/evanw/Desktop/uwrt/challenge_ws/install/challenge_package/lib/libchallenge_package__rosidl_typesupport_introspection_c.so
[4.392s] -- Up-to-date: /home/evanw/Desktop/uwrt/challenge_ws/install/challenge_package/lib/libchallenge_package__rosidl_typesupport_c.so
[4.392s] -- Up-to-date: /home/evanw/Desktop/uwrt/challenge_ws/install/challenge_package/include/challenge_package
[4.392s] -- Up-to-date: /home/evanw/Desktop/uwrt/challenge_ws/install/challenge_package/include/challenge_package/msg
[4.392s] -- Up-to-date: /home/evanw/Desktop/uwrt/challenge_ws/install/challenge_package/include/challenge_package/msg/names.hpp
[4.393s] -- Up-to-date: /home/evanw/Desktop/uwrt/challenge_ws/install/challenge_package/include/challenge_package/msg/detail
[4.393s] -- Up-to-date: /home/evanw/Desktop/uwrt/challenge_ws/install/challenge_package/include/challenge_package/msg/detail/names__struct.hpp
[4.393s] -- Up-to-date: /home/evanw/Desktop/uwrt/challenge_ws/install/challenge_package/include/challenge_package/msg/detail/names__builder.hpp
[4.393s] -- Up-to-date: /home/evanw/Desktop/uwrt/challenge_ws/install/challenge_package/include/challenge_package/msg/detail/names__traits.hpp
[4.393s] -- Up-to-date: /home/evanw/Desktop/uwrt/challenge_ws/install/challenge_package/include/challenge_package
[4.393s] -- Up-to-date: /home/evanw/Desktop/uwrt/challenge_ws/install/challenge_package/include/challenge_package/msg
[4.393s] -- Up-to-date: /home/evanw/Desktop/uwrt/challenge_ws/install/challenge_package/include/challenge_package/msg/detail
[4.393s] -- Up-to-date: /home/evanw/Desktop/uwrt/challenge_ws/install/challenge_package/include/challenge_package/msg/detail/names__type_support.cpp
[4.393s] -- Up-to-date: /home/evanw/Desktop/uwrt/challenge_ws/install/challenge_package/include/challenge_package/msg/detail/names__rosidl_typesupport_introspection_cpp.hpp
[4.393s] -- Up-to-date: /home/evanw/Desktop/uwrt/challenge_ws/install/challenge_package/lib/libchallenge_package__rosidl_typesupport_introspection_cpp.so
[4.393s] -- Up-to-date: /home/evanw/Desktop/uwrt/challenge_ws/install/challenge_package/lib/libchallenge_package__rosidl_typesupport_cpp.so
[4.393s] -- Up-to-date: /home/evanw/Desktop/uwrt/challenge_ws/install/challenge_package/share/challenge_package/environment/pythonpath.sh
[4.393s] -- Up-to-date: /home/evanw/Desktop/uwrt/challenge_ws/install/challenge_package/share/challenge_package/environment/pythonpath.dsv
[4.393s] -- Up-to-date: /home/evanw/Desktop/uwrt/challenge_ws/install/challenge_package/lib/python3.8/site-packages/challenge_package/__init__.py
[4.422s] -- Up-to-date: /home/evanw/Desktop/uwrt/challenge_ws/install/challenge_package/lib/python3.8/site-packages/challenge_package/msg
[4.422s] -- Up-to-date: /home/evanw/Desktop/uwrt/challenge_ws/install/challenge_package/lib/python3.8/site-packages/challenge_package/msg/__init__.py
[4.422s] -- Up-to-date: /home/evanw/Desktop/uwrt/challenge_ws/install/challenge_package/lib/python3.8/site-packages/challenge_package/msg/_names.py
[4.422s] -- Up-to-date: /home/evanw/Desktop/uwrt/challenge_ws/install/challenge_package/lib/python3.8/site-packages/challenge_package/msg/_names_s.c
[4.422s] -- Up-to-date: /home/evanw/Desktop/uwrt/challenge_ws/install/challenge_package/lib/python3.8/site-packages/challenge_package/challenge_package_s__rosidl_typesupport_fastrtps_c.cpython-38-x86_64-linux-gnu.so
[4.424s] -- Up-to-date: /home/evanw/Desktop/uwrt/challenge_ws/install/challenge_package/lib/python3.8/site-packages/challenge_package/challenge_package_s__rosidl_typesupport_introspection_c.cpython-38-x86_64-linux-gnu.so
[4.424s] -- Up-to-date: /home/evanw/Desktop/uwrt/challenge_ws/install/challenge_package/lib/python3.8/site-packages/challenge_package/challenge_package_s__rosidl_typesupport_c.cpython-38-x86_64-linux-gnu.so
[4.427s] -- Up-to-date: /home/evanw/Desktop/uwrt/challenge_ws/install/challenge_package/lib/libchallenge_package__python.so
[4.427s] -- Up-to-date: /home/evanw/Desktop/uwrt/challenge_ws/install/challenge_package/share/challenge_package/msg/Names.idl
[4.427s] -- Up-to-date: /home/evanw/Desktop/uwrt/challenge_ws/install/challenge_package/share/challenge_package/msg/Names.msg
[4.427s] -- Up-to-date: /home/evanw/Desktop/uwrt/challenge_ws/install/challenge_package/lib/challenge_package/clear_turtle_listener
[4.427s] -- Installing: /home/evanw/Desktop/uwrt/challenge_ws/install/challenge_package/lib/challenge_package/circle_turtle_service
[4.428s] -- Set runtime path of "/home/evanw/Desktop/uwrt/challenge_ws/install/challenge_package/lib/challenge_package/circle_turtle_service" to ""
[4.428s] -- Up-to-date: /home/evanw/Desktop/uwrt/challenge_ws/install/challenge_package/share/ament_index/resource_index/package_run_dependencies/challenge_package
[4.428s] -- Up-to-date: /home/evanw/Desktop/uwrt/challenge_ws/install/challenge_package/share/ament_index/resource_index/parent_prefix_path/challenge_package
[4.428s] -- Up-to-date: /home/evanw/Desktop/uwrt/challenge_ws/install/challenge_package/share/challenge_package/environment/ament_prefix_path.sh
[4.428s] -- Up-to-date: /home/evanw/Desktop/uwrt/challenge_ws/install/challenge_package/share/challenge_package/environment/ament_prefix_path.dsv
[4.429s] -- Up-to-date: /home/evanw/Desktop/uwrt/challenge_ws/install/challenge_package/share/challenge_package/environment/path.sh
[4.429s] -- Up-to-date: /home/evanw/Desktop/uwrt/challenge_ws/install/challenge_package/share/challenge_package/environment/path.dsv
[4.429s] -- Up-to-date: /home/evanw/Desktop/uwrt/challenge_ws/install/challenge_package/share/challenge_package/local_setup.bash
[4.429s] -- Up-to-date: /home/evanw/Desktop/uwrt/challenge_ws/install/challenge_package/share/challenge_package/local_setup.sh
[4.429s] -- Up-to-date: /home/evanw/Desktop/uwrt/challenge_ws/install/challenge_package/share/challenge_package/local_setup.zsh
[4.430s] -- Up-to-date: /home/evanw/Desktop/uwrt/challenge_ws/install/challenge_package/share/challenge_package/local_setup.dsv
[4.430s] -- Installing: /home/evanw/Desktop/uwrt/challenge_ws/install/challenge_package/share/challenge_package/package.dsv
[4.430s] -- Up-to-date: /home/evanw/Desktop/uwrt/challenge_ws/install/challenge_package/share/ament_index/resource_index/packages/challenge_package
[4.430s] -- Up-to-date: /home/evanw/Desktop/uwrt/challenge_ws/install/challenge_package/share/challenge_package/cmake/challenge_package__rosidl_generator_cExport.cmake
[4.430s] -- Up-to-date: /home/evanw/Desktop/uwrt/challenge_ws/install/challenge_package/share/challenge_package/cmake/challenge_package__rosidl_generator_cExport-noconfig.cmake
[4.430s] -- Up-to-date: /home/evanw/Desktop/uwrt/challenge_ws/install/challenge_package/share/challenge_package/cmake/challenge_package__rosidl_typesupport_introspection_cExport.cmake
[4.431s] -- Up-to-date: /home/evanw/Desktop/uwrt/challenge_ws/install/challenge_package/share/challenge_package/cmake/challenge_package__rosidl_typesupport_introspection_cExport-noconfig.cmake
[4.431s] -- Up-to-date: /home/evanw/Desktop/uwrt/challenge_ws/install/challenge_package/share/challenge_package/cmake/challenge_package__rosidl_typesupport_cExport.cmake
[4.431s] -- Up-to-date: /home/evanw/Desktop/uwrt/challenge_ws/install/challenge_package/share/challenge_package/cmake/challenge_package__rosidl_typesupport_cExport-noconfig.cmake
[4.431s] -- Up-to-date: /home/evanw/Desktop/uwrt/challenge_ws/install/challenge_package/share/challenge_package/cmake/challenge_package__rosidl_generator_cppExport.cmake
[4.431s] -- Up-to-date: /home/evanw/Desktop/uwrt/challenge_ws/install/challenge_package/share/challenge_package/cmake/challenge_package__rosidl_typesupport_introspection_cppExport.cmake
[4.431s] -- Up-to-date: /home/evanw/Desktop/uwrt/challenge_ws/install/challenge_package/share/challenge_package/cmake/challenge_package__rosidl_typesupport_introspection_cppExport-noconfig.cmake
[4.431s] -- Up-to-date: /home/evanw/Desktop/uwrt/challenge_ws/install/challenge_package/share/challenge_package/cmake/challenge_package__rosidl_typesupport_cppExport.cmake
[4.431s] -- Up-to-date: /home/evanw/Desktop/uwrt/challenge_ws/install/challenge_package/share/challenge_package/cmake/challenge_package__rosidl_typesupport_cppExport-noconfig.cmake
[4.431s] -- Up-to-date: /home/evanw/Desktop/uwrt/challenge_ws/install/challenge_package/share/challenge_package/cmake/rosidl_cmake-extras.cmake
[4.432s] -- Up-to-date: /home/evanw/Desktop/uwrt/challenge_ws/install/challenge_package/share/challenge_package/cmake/ament_cmake_export_dependencies-extras.cmake
[4.432s] -- Up-to-date: /home/evanw/Desktop/uwrt/challenge_ws/install/challenge_package/share/challenge_package/cmake/ament_cmake_export_libraries-extras.cmake
[4.432s] -- Up-to-date: /home/evanw/Desktop/uwrt/challenge_ws/install/challenge_package/share/challenge_package/cmake/ament_cmake_export_targets-extras.cmake
[4.432s] -- Up-to-date: /home/evanw/Desktop/uwrt/challenge_ws/install/challenge_package/share/challenge_package/cmake/ament_cmake_export_include_directories-extras.cmake
[4.432s] -- Up-to-date: /home/evanw/Desktop/uwrt/challenge_ws/install/challenge_package/share/challenge_package/cmake/rosidl_cmake_export_typesupport_libraries-extras.cmake
[4.433s] -- Up-to-date: /home/evanw/Desktop/uwrt/challenge_ws/install/challenge_package/share/challenge_package/cmake/rosidl_cmake_export_typesupport_targets-extras.cmake
[4.433s] -- Up-to-date: /home/evanw/Desktop/uwrt/challenge_ws/install/challenge_package/share/challenge_package/cmake/challenge_packageConfig.cmake
[4.433s] -- Up-to-date: /home/evanw/Desktop/uwrt/challenge_ws/install/challenge_package/share/challenge_package/cmake/challenge_packageConfig-version.cmake
[4.433s] -- Up-to-date: /home/evanw/Desktop/uwrt/challenge_ws/install/challenge_package/share/challenge_package/package.xml
[4.435s] Invoked command in '/home/evanw/Desktop/uwrt/challenge_ws/build/challenge_package' returned '0': CMAKE_PREFIX_PATH=${CMAKE_PREFIX_PATH}:/opt/ros/galactic /usr/bin/cmake --install /home/evanw/Desktop/uwrt/challenge_ws/build/challenge_package
