-- Found ament_cmake: 0.9.9 (/home/alikasim/ros2_foxy/install/ament_cmake/share/ament_cmake/cmake)
-- Found PythonInterp: /usr/bin/python3 (found suitable version "3.8.10", minimum required is "3") 
-- Using PYTHON_EXECUTABLE: /usr/bin/python3
-- Found rclcpp: 2.4.0 (/home/alikasim/ros2_foxy/install/rclcpp/share/rclcpp/cmake)
-- Using all available rosidl_typesupport_c: rosidl_typesupport_introspection_c;rosidl_typesupport_fastrtps_c
-- Found rosidl_adapter: 1.2.1 (/home/alikasim/ros2_foxy/install/rosidl_adapter/share/rosidl_adapter/cmake)
-- Using all available rosidl_typesupport_cpp: rosidl_typesupport_introspection_cpp;rosidl_typesupport_fastrtps_cpp
-- Found rmw_implementation_cmake: 1.0.3 (/home/alikasim/ros2_foxy/install/rmw_implementation_cmake/share/rmw_implementation_cmake/cmake)
-- Using RMW implementation 'rmw_fastrtps_cpp' as default
-- Found turtlesim: 1.2.5 (/home/alikasim/ros2_foxy/install/turtlesim/share/turtlesim/cmake)
-- Found rosidl_default_generators: 1.0.1 (/home/alikasim/ros2_foxy/install/rosidl_default_generators/share/rosidl_default_generators/cmake)
-- Found PythonInterp: /usr/bin/python3 (found version "3.8.10") 
-- Found ament_cmake_ros: 0.9.2 (/home/alikasim/ros2_foxy/install/ament_cmake_ros/share/ament_cmake_ros/cmake)
-- Using all available rosidl_typesupport_c: rosidl_typesupport_introspection_c;rosidl_typesupport_fastrtps_c
-- Using all available rosidl_typesupport_cpp: rosidl_typesupport_introspection_cpp;rosidl_typesupport_fastrtps_cpp
-- Found PythonInterp: /usr/bin/python3 (found suitable version "3.8.10", minimum required is "3.5") 
-- Found python_cmake_module: 0.8.1 (/home/alikasim/ros2_foxy/install/python_cmake_module/share/python_cmake_module/cmake)
-- Using PYTHON_EXECUTABLE: /usr/bin/python3
-- Using PYTHON_INCLUDE_DIRS: /usr/include/python3.8
-- Using PYTHON_LIBRARIES: /usr/lib/x86_64-linux-gnu/libpython3.8.so
-- Found ament_lint_auto: 0.9.6 (/home/alikasim/ros2_foxy/install/ament_lint_auto/share/ament_lint_auto/cmake)
-- Added test 'copyright' to check source files copyright and LICENSE
-- Added test 'cppcheck' to perform static code analysis on C / C++ code
-- Configured cppcheck include dirs: $<BUILD_INTERFACE:/home/alikasim/dev_ws/src/software_training_assingment/build/software_training_assingment/rosidl_generator_c>;$<BUILD_INTERFACE:/home/alikasim/dev_ws/src/software_training_assingment/build/software_training_assingment/rosidl_typesupport_introspection_c>;/home/alikasim/dev_ws/src/software_training_assingment/build/software_training_assingment/rosidl_generator_c;/home/alikasim/dev_ws/src/software_training_assingment/build/software_training_assingment/rosidl_generator_cpp;/home/alikasim/dev_ws/src/software_training_assingment/build/software_training_assingment/rosidl_typesupport_fastrtps_c;/home/alikasim/dev_ws/src/software_training_assingment/build/software_training_assingment/rosidl_typesupport_fastrtps_cpp;$<BUILD_INTERFACE:/home/alikasim/dev_ws/src/software_training_assingment/build/software_training_assingment/rosidl_typesupport_c>;$<BUILD_INTERFACE:/home/alikasim/dev_ws/src/software_training_assingment/build/software_training_assingment/rosidl_generator_cpp>;/home/alikasim/dev_ws/src/software_training_assingment/build/software_training_assingment/rosidl_generator_py
-- Configured cppcheck exclude dirs and/or files: 
-- Added test 'cpplint' to check C / C++ code against the Google style
-- Configured cpplint exclude dirs and/or files: 
-- Added test 'flake8' to check Python code syntax and style conventions
-- Added test 'lint_cmake' to check CMake code style
-- Added test 'pep257' to check Python code against some of the style conventions in PEP 257
-- Added test 'uncrustify' to check C / C++ code style
-- Configured uncrustify additional arguments: 
-- Added test 'xmllint' to check XML markup files
-- Configuring done
-- Generating done
-- Build files have been written to: /home/alikasim/dev_ws/src/software_training_assingment/build/software_training_assingment
[  2%] Built target software_training_assingment__cpp
[ 11%] Built target software_training_assingment__rosidl_generator_c
[ 17%] Built target client
[ 22%] Built target create_turtles
[ 31%] Built target software_training_assingment__rosidl_typesupport_c
[ 48%] Built target software_training_assingment__rosidl_typesupport_fastrtps_cpp
[ 48%] Built target software_training_assingment__rosidl_typesupport_introspection_c
[ 57%] Built target software_training_assingment__rosidl_typesupport_cpp
[ 65%] Built target software_training_assingment__rosidl_typesupport_introspection_cpp
[ 74%] Built target software_training_assingment__rosidl_typesupport_fastrtps_c
[ 74%] Built target software_training_assingment
[ 77%] Built target software_training_assingment__py
[ 82%] Built target software_training_assingment__python
[100%] Built target software_training_assingment__rosidl_typesupport_introspection_c__pyext
[100%] Built target software_training_assingment__rosidl_typesupport_fastrtps_c__pyext
[100%] Built target software_training_assingment__rosidl_typesupport_c__pyext
-- Install configuration: ""
-- Up-to-date: /home/alikasim/dev_ws/src/software_training_assingment/install/software_training_assingment/share/ament_index/resource_index/rosidl_interfaces/software_training_assingment
-- Up-to-date: /home/alikasim/dev_ws/src/software_training_assingment/install/software_training_assingment/include/software_training_assingment
-- Up-to-date: /home/alikasim/dev_ws/src/software_training_assingment/install/software_training_assingment/include/software_training_assingment/srv
-- Up-to-date: /home/alikasim/dev_ws/src/software_training_assingment/install/software_training_assingment/include/software_training_assingment/srv/detail
-- Up-to-date: /home/alikasim/dev_ws/src/software_training_assingment/install/software_training_assingment/include/software_training_assingment/srv/detail/reset_turtle__struct.h
-- Up-to-date: /home/alikasim/dev_ws/src/software_training_assingment/install/software_training_assingment/include/software_training_assingment/srv/detail/reset_turtle__type_support.h
-- Up-to-date: /home/alikasim/dev_ws/src/software_training_assingment/install/software_training_assingment/include/software_training_assingment/srv/detail/reset_turtle__functions.c
-- Up-to-date: /home/alikasim/dev_ws/src/software_training_assingment/install/software_training_assingment/include/software_training_assingment/srv/detail/reset_turtle__functions.h
-- Up-to-date: /home/alikasim/dev_ws/src/software_training_assingment/install/software_training_assingment/include/software_training_assingment/srv/reset_turtle.h
-- Up-to-date: /home/alikasim/dev_ws/src/software_training_assingment/install/software_training_assingment/include/software_training_assingment/msg
-- Up-to-date: /home/alikasim/dev_ws/src/software_training_assingment/install/software_training_assingment/include/software_training_assingment/msg/rosidl_generator_c__visibility_control.h
-- Up-to-date: /home/alikasim/dev_ws/src/software_training_assingment/install/software_training_assingment/share/software_training_assingment/environment/library_path.sh
-- Installing: /home/alikasim/dev_ws/src/software_training_assingment/install/software_training_assingment/share/software_training_assingment/environment/library_path.dsv
-- Up-to-date: /home/alikasim/dev_ws/src/software_training_assingment/install/software_training_assingment/lib/libsoftware_training_assingment__rosidl_generator_c.so
-- Up-to-date: /home/alikasim/dev_ws/src/software_training_assingment/install/software_training_assingment/include/software_training_assingment
-- Up-to-date: /home/alikasim/dev_ws/src/software_training_assingment/install/software_training_assingment/include/software_training_assingment/srv
-- Up-to-date: /home/alikasim/dev_ws/src/software_training_assingment/install/software_training_assingment/include/software_training_assingment/srv/detail
-- Up-to-date: /home/alikasim/dev_ws/src/software_training_assingment/install/software_training_assingment/include/software_training_assingment/srv/detail/reset_turtle__rosidl_typesupport_introspection_c.h
-- Up-to-date: /home/alikasim/dev_ws/src/software_training_assingment/install/software_training_assingment/include/software_training_assingment/srv/detail/reset_turtle__type_support.c
-- Up-to-date: /home/alikasim/dev_ws/src/software_training_assingment/install/software_training_assingment/include/software_training_assingment/msg
-- Up-to-date: /home/alikasim/dev_ws/src/software_training_assingment/install/software_training_assingment/include/software_training_assingment/msg/rosidl_typesupport_introspection_c__visibility_control.h
-- Up-to-date: /home/alikasim/dev_ws/src/software_training_assingment/install/software_training_assingment/lib/libsoftware_training_assingment__rosidl_typesupport_introspection_c.so
-- Up-to-date: /home/alikasim/dev_ws/src/software_training_assingment/install/software_training_assingment/include/software_training_assingment
-- Up-to-date: /home/alikasim/dev_ws/src/software_training_assingment/install/software_training_assingment/include/software_training_assingment/srv
-- Up-to-date: /home/alikasim/dev_ws/src/software_training_assingment/install/software_training_assingment/include/software_training_assingment/srv/detail
-- Up-to-date: /home/alikasim/dev_ws/src/software_training_assingment/install/software_training_assingment/include/software_training_assingment/srv/detail/reset_turtle__rosidl_typesupport_fastrtps_c.h
-- Up-to-date: /home/alikasim/dev_ws/src/software_training_assingment/install/software_training_assingment/include/software_training_assingment/msg
-- Up-to-date: /home/alikasim/dev_ws/src/software_training_assingment/install/software_training_assingment/include/software_training_assingment/msg/rosidl_typesupport_fastrtps_c__visibility_control.h
-- Up-to-date: /home/alikasim/dev_ws/src/software_training_assingment/install/software_training_assingment/lib/libsoftware_training_assingment__rosidl_typesupport_fastrtps_c.so
-- Up-to-date: /home/alikasim/dev_ws/src/software_training_assingment/install/software_training_assingment/include/software_training_assingment
-- Up-to-date: /home/alikasim/dev_ws/src/software_training_assingment/install/software_training_assingment/include/software_training_assingment/srv
-- Up-to-date: /home/alikasim/dev_ws/src/software_training_assingment/install/software_training_assingment/include/software_training_assingment/srv/detail
-- Up-to-date: /home/alikasim/dev_ws/src/software_training_assingment/install/software_training_assingment/include/software_training_assingment/srv/detail/dds_fastrtps
-- Up-to-date: /home/alikasim/dev_ws/src/software_training_assingment/install/software_training_assingment/include/software_training_assingment/srv/detail/reset_turtle__rosidl_typesupport_fastrtps_cpp.hpp
-- Up-to-date: /home/alikasim/dev_ws/src/software_training_assingment/install/software_training_assingment/include/software_training_assingment/msg
-- Up-to-date: /home/alikasim/dev_ws/src/software_training_assingment/install/software_training_assingment/include/software_training_assingment/msg/rosidl_typesupport_fastrtps_cpp__visibility_control.h
-- Up-to-date: /home/alikasim/dev_ws/src/software_training_assingment/install/software_training_assingment/lib/libsoftware_training_assingment__rosidl_typesupport_fastrtps_cpp.so
-- Up-to-date: /home/alikasim/dev_ws/src/software_training_assingment/install/software_training_assingment/lib/libsoftware_training_assingment__rosidl_typesupport_c.so
-- Up-to-date: /home/alikasim/dev_ws/src/software_training_assingment/install/software_training_assingment/include/software_training_assingment
-- Up-to-date: /home/alikasim/dev_ws/src/software_training_assingment/install/software_training_assingment/include/software_training_assingment/srv
-- Up-to-date: /home/alikasim/dev_ws/src/software_training_assingment/install/software_training_assingment/include/software_training_assingment/srv/reset_turtle.hpp
-- Up-to-date: /home/alikasim/dev_ws/src/software_training_assingment/install/software_training_assingment/include/software_training_assingment/srv/detail
-- Up-to-date: /home/alikasim/dev_ws/src/software_training_assingment/install/software_training_assingment/include/software_training_assingment/srv/detail/reset_turtle__builder.hpp
-- Up-to-date: /home/alikasim/dev_ws/src/software_training_assingment/install/software_training_assingment/include/software_training_assingment/srv/detail/reset_turtle__traits.hpp
-- Up-to-date: /home/alikasim/dev_ws/src/software_training_assingment/install/software_training_assingment/include/software_training_assingment/srv/detail/reset_turtle__struct.hpp
-- Up-to-date: /home/alikasim/dev_ws/src/software_training_assingment/install/software_training_assingment/include/software_training_assingment
-- Up-to-date: /home/alikasim/dev_ws/src/software_training_assingment/install/software_training_assingment/include/software_training_assingment/srv
-- Up-to-date: /home/alikasim/dev_ws/src/software_training_assingment/install/software_training_assingment/include/software_training_assingment/srv/detail
-- Up-to-date: /home/alikasim/dev_ws/src/software_training_assingment/install/software_training_assingment/include/software_training_assingment/srv/detail/reset_turtle__rosidl_typesupport_introspection_cpp.hpp
-- Up-to-date: /home/alikasim/dev_ws/src/software_training_assingment/install/software_training_assingment/include/software_training_assingment/srv/detail/reset_turtle__type_support.cpp
-- Up-to-date: /home/alikasim/dev_ws/src/software_training_assingment/install/software_training_assingment/lib/libsoftware_training_assingment__rosidl_typesupport_introspection_cpp.so
-- Up-to-date: /home/alikasim/dev_ws/src/software_training_assingment/install/software_training_assingment/lib/libsoftware_training_assingment__rosidl_typesupport_cpp.so
-- Up-to-date: /home/alikasim/dev_ws/src/software_training_assingment/install/software_training_assingment/share/software_training_assingment/environment/pythonpath.sh
-- Installing: /home/alikasim/dev_ws/src/software_training_assingment/install/software_training_assingment/share/software_training_assingment/environment/pythonpath.dsv
-- Installing: /home/alikasim/dev_ws/src/software_training_assingment/install/software_training_assingment/lib/python3.8/site-packages/software_training_assingment/__init__.py
Compiling '/home/alikasim/dev_ws/src/software_training_assingment/install/software_training_assingment/lib/python3.8/site-packages/software_training_assingment/__init__.py'...
-- Up-to-date: /home/alikasim/dev_ws/src/software_training_assingment/install/software_training_assingment/lib/python3.8/site-packages/software_training_assingment/srv
-- Up-to-date: /home/alikasim/dev_ws/src/software_training_assingment/install/software_training_assingment/lib/python3.8/site-packages/software_training_assingment/srv/_reset_turtle.py
-- Up-to-date: /home/alikasim/dev_ws/src/software_training_assingment/install/software_training_assingment/lib/python3.8/site-packages/software_training_assingment/srv/__init__.py
-- Up-to-date: /home/alikasim/dev_ws/src/software_training_assingment/install/software_training_assingment/lib/python3.8/site-packages/software_training_assingment/srv/_reset_turtle_s.c
-- Up-to-date: /home/alikasim/dev_ws/src/software_training_assingment/install/software_training_assingment/lib/python3.8/site-packages/software_training_assingment/software_training_assingment_s__rosidl_typesupport_introspection_c.cpython-38-x86_64-linux-gnu.so
-- Up-to-date: /home/alikasim/dev_ws/src/software_training_assingment/install/software_training_assingment/lib/python3.8/site-packages/software_training_assingment/software_training_assingment_s__rosidl_typesupport_fastrtps_c.cpython-38-x86_64-linux-gnu.so
-- Up-to-date: /home/alikasim/dev_ws/src/software_training_assingment/install/software_training_assingment/lib/python3.8/site-packages/software_training_assingment/software_training_assingment_s__rosidl_typesupport_c.cpython-38-x86_64-linux-gnu.so
-- Up-to-date: /home/alikasim/dev_ws/src/software_training_assingment/install/software_training_assingment/lib/libsoftware_training_assingment__python.so
-- Up-to-date: /home/alikasim/dev_ws/src/software_training_assingment/install/software_training_assingment/share/software_training_assingment/srv/ResetTurtle.idl
-- Installing: /home/alikasim/dev_ws/src/software_training_assingment/install/software_training_assingment/share/software_training_assingment/srv/ResetTurtle.srv
-- Up-to-date: /home/alikasim/dev_ws/src/software_training_assingment/install/software_training_assingment/share/software_training_assingment/srv/ResetTurtle_Request.msg
-- Up-to-date: /home/alikasim/dev_ws/src/software_training_assingment/install/software_training_assingment/share/software_training_assingment/srv/ResetTurtle_Response.msg
-- Up-to-date: /home/alikasim/dev_ws/src/software_training_assingment/install/software_training_assingment/lib/software_training_assingment/client
-- Up-to-date: /home/alikasim/dev_ws/src/software_training_assingment/install/software_training_assingment/lib/software_training_assingment/create_turtles
-- Up-to-date: /home/alikasim/dev_ws/src/software_training_assingment/install/software_training_assingment/share/ament_index/resource_index/package_run_dependencies/software_training_assingment
-- Installing: /home/alikasim/dev_ws/src/software_training_assingment/install/software_training_assingment/share/ament_index/resource_index/parent_prefix_path/software_training_assingment
-- Installing: /home/alikasim/dev_ws/src/software_training_assingment/install/software_training_assingment/share/software_training_assingment/environment/ament_prefix_path.dsv
-- Installing: /home/alikasim/dev_ws/src/software_training_assingment/install/software_training_assingment/share/software_training_assingment/environment/path.dsv
-- Up-to-date: /home/alikasim/dev_ws/src/software_training_assingment/install/software_training_assingment/share/software_training_assingment/local_setup.bash
-- Up-to-date: /home/alikasim/dev_ws/src/software_training_assingment/install/software_training_assingment/share/software_training_assingment/local_setup.sh
-- Up-to-date: /home/alikasim/dev_ws/src/software_training_assingment/install/software_training_assingment/share/software_training_assingment/local_setup.zsh
-- Installing: /home/alikasim/dev_ws/src/software_training_assingment/install/software_training_assingment/share/software_training_assingment/local_setup.dsv
-- Installing: /home/alikasim/dev_ws/src/software_training_assingment/install/software_training_assingment/share/software_training_assingment/package.dsv
-- Up-to-date: /home/alikasim/dev_ws/src/software_training_assingment/install/software_training_assingment/share/ament_index/resource_index/packages/software_training_assingment
-- Up-to-date: /home/alikasim/dev_ws/src/software_training_assingment/install/software_training_assingment/share/software_training_assingment/cmake/software_training_assingment__rosidl_generator_cExport.cmake
-- Installing: /home/alikasim/dev_ws/src/software_training_assingment/install/software_training_assingment/share/software_training_assingment/cmake/software_training_assingment__rosidl_generator_cExport-noconfig.cmake
-- Up-to-date: /home/alikasim/dev_ws/src/software_training_assingment/install/software_training_assingment/share/software_training_assingment/cmake/software_training_assingment__rosidl_typesupport_introspection_cExport.cmake
-- Installing: /home/alikasim/dev_ws/src/software_training_assingment/install/software_training_assingment/share/software_training_assingment/cmake/software_training_assingment__rosidl_typesupport_introspection_cExport-noconfig.cmake
-- Up-to-date: /home/alikasim/dev_ws/src/software_training_assingment/install/software_training_assingment/share/software_training_assingment/cmake/software_training_assingment__rosidl_typesupport_cExport.cmake
-- Installing: /home/alikasim/dev_ws/src/software_training_assingment/install/software_training_assingment/share/software_training_assingment/cmake/software_training_assingment__rosidl_typesupport_cExport-noconfig.cmake
-- Up-to-date: /home/alikasim/dev_ws/src/software_training_assingment/install/software_training_assingment/share/software_training_assingment/cmake/software_training_assingment__rosidl_generator_cppExport.cmake
-- Up-to-date: /home/alikasim/dev_ws/src/software_training_assingment/install/software_training_assingment/share/software_training_assingment/cmake/software_training_assingment__rosidl_typesupport_introspection_cppExport.cmake
-- Installing: /home/alikasim/dev_ws/src/software_training_assingment/install/software_training_assingment/share/software_training_assingment/cmake/software_training_assingment__rosidl_typesupport_introspection_cppExport-noconfig.cmake
-- Up-to-date: /home/alikasim/dev_ws/src/software_training_assingment/install/software_training_assingment/share/software_training_assingment/cmake/software_training_assingment__rosidl_typesupport_cppExport.cmake
-- Installing: /home/alikasim/dev_ws/src/software_training_assingment/install/software_training_assingment/share/software_training_assingment/cmake/software_training_assingment__rosidl_typesupport_cppExport-noconfig.cmake
-- Up-to-date: /home/alikasim/dev_ws/src/software_training_assingment/install/software_training_assingment/share/software_training_assingment/cmake/rosidl_cmake-extras.cmake
-- Up-to-date: /home/alikasim/dev_ws/src/software_training_assingment/install/software_training_assingment/share/software_training_assingment/cmake/ament_cmake_export_dependencies-extras.cmake
-- Up-to-date: /home/alikasim/dev_ws/src/software_training_assingment/install/software_training_assingment/share/software_training_assingment/cmake/ament_cmake_export_libraries-extras.cmake
-- Up-to-date: /home/alikasim/dev_ws/src/software_training_assingment/install/software_training_assingment/share/software_training_assingment/cmake/ament_cmake_export_targets-extras.cmake
-- Up-to-date: /home/alikasim/dev_ws/src/software_training_assingment/install/software_training_assingment/share/software_training_assingment/cmake/ament_cmake_export_include_directories-extras.cmake
-- Up-to-date: /home/alikasim/dev_ws/src/software_training_assingment/install/software_training_assingment/share/software_training_assingment/cmake/rosidl_cmake_export_typesupport_targets-extras.cmake
-- Up-to-date: /home/alikasim/dev_ws/src/software_training_assingment/install/software_training_assingment/share/software_training_assingment/cmake/rosidl_cmake_export_typesupport_libraries-extras.cmake
-- Up-to-date: /home/alikasim/dev_ws/src/software_training_assingment/install/software_training_assingment/share/software_training_assingment/cmake/software_training_assingmentConfig.cmake
-- Up-to-date: /home/alikasim/dev_ws/src/software_training_assingment/install/software_training_assingment/share/software_training_assingment/cmake/software_training_assingmentConfig-version.cmake
-- Up-to-date: /home/alikasim/dev_ws/src/software_training_assingment/install/software_training_assingment/share/software_training_assingment/package.xml
