[0.353s] Invoking command in '/home/alikasim/dev_ws/src/software_training_assingment/build/software_training_assingment': CMAKE_PREFIX_PATH=${CMAKE_PREFIX_PATH}:/home/alikasim/ros2_foxy/install/ros2bag:/home/alikasim/ros2_foxy/install/tracetools_launch:/home/alikasim/ros2_foxy/install/topic_monitor:/home/alikasim/ros2_foxy/install/examples_tf2_py:/home/alikasim/ros2_foxy/install/sros2:/home/alikasim/ros2_foxy/install/rqt_topic:/home/alikasim/ros2_foxy/install/rqt_top:/home/alikasim/ros2_foxy/install/rqt_srv:/home/alikasim/ros2_foxy/install/rqt_shell:/home/alikasim/ros2_foxy/install/rqt_service_caller:/home/alikasim/ros2_foxy/install/rqt_reconfigure:/home/alikasim/ros2_foxy/install/rqt_py_console:/home/alikasim/ros2_foxy/install/rqt_publisher:/home/alikasim/ros2_foxy/install/rqt_plot:/home/alikasim/ros2_foxy/install/rqt_action:/home/alikasim/ros2_foxy/install/rqt_msg:/home/alikasim/ros2_foxy/install/rqt:/home/alikasim/ros2_foxy/install/rqt_graph:/home/alikasim/ros2_foxy/install/rqt_gui_py:/home/alikasim/ros2_foxy/install/rqt_gui:/home/alikasim/ros2_foxy/install/ros2trace:/home/alikasim/ros2_foxy/install/ros2topic:/home/alikasim/ros2_foxy/install/ros2test:/home/alikasim/ros2_foxy/install/ros2component:/home/alikasim/ros2_foxy/install/ros2param:/home/alikasim/ros2_foxy/install/ros2lifecycle:/home/alikasim/ros2_foxy/install/ros2service:/home/alikasim/ros2_foxy/install/ros2run:/home/alikasim/ros2_foxy/install/ros2launch:/home/alikasim/ros2_foxy/install/ros2pkg:/home/alikasim/ros2_foxy/install/ros2node:/home/alikasim/ros2_foxy/install/ros2multicast:/home/alikasim/ros2_foxy/install/ros2interface:/home/alikasim/ros2_foxy/install/ros2doctor:/home/alikasim/ros2_foxy/install/ros2action:/home/alikasim/ros2_foxy/install/ros2cli:/home/alikasim/ros2_foxy/install/quality_of_service_demo_py:/home/alikasim/ros2_foxy/install/launch_testing_ros:/home/alikasim/ros2_foxy/install/launch_ros:/home/alikasim/ros2_foxy/install/examples_rclpy_minimal_subscriber:/home/alikasim/ros2_foxy/install/examples_rclpy_minimal_service:/home/alikasim/ros2_foxy/install/examples_rclpy_minimal_publisher:/home/alikasim/ros2_foxy/install/examples_rclpy_minimal_client:/home/alikasim/ros2_foxy/install/examples_rclpy_minimal_action_server:/home/alikasim/ros2_foxy/install/examples_rclpy_minimal_action_client:/home/alikasim/ros2_foxy/install/examples_rclpy_executors:/home/alikasim/ros2_foxy/install/demo_nodes_py:/home/alikasim/ros2_foxy/install/action_tutorials_py:/home/alikasim/ros2_foxy/install/ament_uncrustify:/home/alikasim/ros2_foxy/install/tracetools_trace:/home/alikasim/ros2_foxy/install/tracetools_read:/home/alikasim/ros2_foxy/install/test_launch_ros:/home/alikasim/ros2_foxy/install/sensor_msgs_py:/home/alikasim/ros2_foxy/install/rpyutils:/home/alikasim/ros2_foxy/install/rosidl_runtime_py:/home/alikasim/ros2_foxy/install/launch_yaml:/home/alikasim/ros2_foxy/install/launch_xml:/home/alikasim/ros2_foxy/install/launch_testing:/home/alikasim/ros2_foxy/install/launch:/home/alikasim/ros2_foxy/install/osrf_pycommon:/home/alikasim/ros2_foxy/install/domain_coordinator:/home/alikasim/ros2_foxy/install/ament_xmllint:/home/alikasim/ros2_foxy/install/ament_pyflakes:/home/alikasim/ros2_foxy/install/ament_pycodestyle:/home/alikasim/ros2_foxy/install/ament_pep257:/home/alikasim/ros2_foxy/install/ament_pclint:/home/alikasim/ros2_foxy/install/ament_package:/home/alikasim/ros2_foxy/install/ament_mypy:/home/alikasim/ros2_foxy/install/ament_lint_cmake:/home/alikasim/ros2_foxy/install/ament_flake8:/home/alikasim/ros2_foxy/install/ament_copyright:/home/alikasim/ros2_foxy/install/ament_lint:/home/alikasim/ros2_foxy/install/ament_index_python:/home/alikasim/ros2_foxy/install/ament_cpplint:/home/alikasim/ros2_foxy/install/ament_cppcheck:/home/alikasim/ros2_foxy/install/ament_clang_tidy:/home/alikasim/ros2_foxy/install/ament_clang_format /usr/bin/cmake --build /home/alikasim/dev_ws/src/software_training_assingment/build/software_training_assingment -- -j8 -l8
[0.413s] -- Found ament_cmake: 0.9.9 (/home/alikasim/ros2_foxy/install/ament_cmake/share/ament_cmake/cmake)
[0.587s] -- Found PythonInterp: /usr/bin/python3 (found suitable version "3.8.10", minimum required is "3") 
[0.587s] -- Using PYTHON_EXECUTABLE: /usr/bin/python3
[0.966s] -- Found rclcpp: 2.4.0 (/home/alikasim/ros2_foxy/install/rclcpp/share/rclcpp/cmake)
[1.111s] -- Using all available rosidl_typesupport_c: rosidl_typesupport_introspection_c;rosidl_typesupport_fastrtps_c
[1.115s] -- Found rosidl_adapter: 1.2.1 (/home/alikasim/ros2_foxy/install/rosidl_adapter/share/rosidl_adapter/cmake)
[1.348s] -- Using all available rosidl_typesupport_cpp: rosidl_typesupport_introspection_cpp;rosidl_typesupport_fastrtps_cpp
[1.399s] -- Found rmw_implementation_cmake: 1.0.3 (/home/alikasim/ros2_foxy/install/rmw_implementation_cmake/share/rmw_implementation_cmake/cmake)
[1.425s] -- Using RMW implementation 'rmw_fastrtps_cpp' as default
[1.564s] -- Found turtlesim: 1.2.5 (/home/alikasim/ros2_foxy/install/turtlesim/share/turtlesim/cmake)
[1.663s] -- Found rosidl_default_generators: 1.0.1 (/home/alikasim/ros2_foxy/install/rosidl_default_generators/share/rosidl_default_generators/cmake)
[1.918s] -- Found PythonInterp: /usr/bin/python3 (found version "3.8.10") 
[2.480s] -- Found ament_cmake_ros: 0.9.2 (/home/alikasim/ros2_foxy/install/ament_cmake_ros/share/ament_cmake_ros/cmake)
[2.851s] -- Using all available rosidl_typesupport_c: rosidl_typesupport_introspection_c;rosidl_typesupport_fastrtps_c
[2.971s] -- Using all available rosidl_typesupport_cpp: rosidl_typesupport_introspection_cpp;rosidl_typesupport_fastrtps_cpp
[3.203s] -- Found PythonInterp: /usr/bin/python3 (found suitable version "3.8.10", minimum required is "3.5") 
[3.203s] -- Found python_cmake_module: 0.8.1 (/home/alikasim/ros2_foxy/install/python_cmake_module/share/python_cmake_module/cmake)
[3.375s] -- Using PYTHON_EXECUTABLE: /usr/bin/python3
[3.375s] -- Using PYTHON_INCLUDE_DIRS: /usr/include/python3.8
[3.375s] -- Using PYTHON_LIBRARIES: /usr/lib/x86_64-linux-gnu/libpython3.8.so
[3.744s] -- Found ament_lint_auto: 0.9.6 (/home/alikasim/ros2_foxy/install/ament_lint_auto/share/ament_lint_auto/cmake)
[3.754s] -- Added test 'copyright' to check source files copyright and LICENSE
[3.779s] -- Added test 'cppcheck' to perform static code analysis on C / C++ code
[3.781s] -- Configured cppcheck include dirs: $<BUILD_INTERFACE:/home/alikasim/dev_ws/src/software_training_assingment/build/software_training_assingment/rosidl_generator_c>;$<BUILD_INTERFACE:/home/alikasim/dev_ws/src/software_training_assingment/build/software_training_assingment/rosidl_typesupport_introspection_c>;/home/alikasim/dev_ws/src/software_training_assingment/build/software_training_assingment/rosidl_generator_c;/home/alikasim/dev_ws/src/software_training_assingment/build/software_training_assingment/rosidl_generator_cpp;/home/alikasim/dev_ws/src/software_training_assingment/build/software_training_assingment/rosidl_typesupport_fastrtps_c;/home/alikasim/dev_ws/src/software_training_assingment/build/software_training_assingment/rosidl_typesupport_fastrtps_cpp;$<BUILD_INTERFACE:/home/alikasim/dev_ws/src/software_training_assingment/build/software_training_assingment/rosidl_typesupport_c>;$<BUILD_INTERFACE:/home/alikasim/dev_ws/src/software_training_assingment/build/software_training_assingment/rosidl_generator_cpp>;/home/alikasim/dev_ws/src/software_training_assingment/build/software_training_assingment/rosidl_generator_py
[3.781s] -- Configured cppcheck exclude dirs and/or files: 
[3.805s] -- Added test 'cpplint' to check C / C++ code against the Google style
[3.805s] -- Configured cpplint exclude dirs and/or files: 
[3.808s] -- Added test 'flake8' to check Python code syntax and style conventions
[3.814s] -- Added test 'lint_cmake' to check CMake code style
[3.818s] -- Added test 'pep257' to check Python code against some of the style conventions in PEP 257
[3.843s] -- Added test 'uncrustify' to check C / C++ code style
[3.843s] -- Configured uncrustify additional arguments: 
[3.846s] -- Added test 'xmllint' to check XML markup files
[3.851s] -- Configuring done
[3.898s] -- Generating done
[3.904s] -- Build files have been written to: /home/alikasim/dev_ws/src/software_training_assingment/build/software_training_assingment
[3.989s] [  2%] Built target software_training_assingment__cpp
[3.990s] [ 11%] Built target software_training_assingment__rosidl_generator_c
[3.998s] [ 17%] Built target client
[4.002s] [ 22%] Built target create_turtles
[4.051s] [ 31%] Built target software_training_assingment__rosidl_typesupport_c
[4.056s] [ 48%] Built target software_training_assingment__rosidl_typesupport_fastrtps_cpp
[4.056s] [ 48%] Built target software_training_assingment__rosidl_typesupport_introspection_c
[4.058s] [ 57%] Built target software_training_assingment__rosidl_typesupport_cpp
[4.065s] [ 65%] Built target software_training_assingment__rosidl_typesupport_introspection_cpp
[4.113s] [ 74%] Built target software_training_assingment__rosidl_typesupport_fastrtps_c
[4.167s] [ 74%] Built target software_training_assingment
[4.220s] [ 77%] Built target software_training_assingment__py
[4.277s] [ 82%] Built target software_training_assingment__python
[4.333s] [100%] Built target software_training_assingment__rosidl_typesupport_introspection_c__pyext
[4.333s] [100%] Built target software_training_assingment__rosidl_typesupport_fastrtps_c__pyext
[4.333s] [100%] Built target software_training_assingment__rosidl_typesupport_c__pyext
[4.357s] Invoked command in '/home/alikasim/dev_ws/src/software_training_assingment/build/software_training_assingment' returned '0': CMAKE_PREFIX_PATH=${CMAKE_PREFIX_PATH}:/home/alikasim/ros2_foxy/install/ros2bag:/home/alikasim/ros2_foxy/install/tracetools_launch:/home/alikasim/ros2_foxy/install/topic_monitor:/home/alikasim/ros2_foxy/install/examples_tf2_py:/home/alikasim/ros2_foxy/install/sros2:/home/alikasim/ros2_foxy/install/rqt_topic:/home/alikasim/ros2_foxy/install/rqt_top:/home/alikasim/ros2_foxy/install/rqt_srv:/home/alikasim/ros2_foxy/install/rqt_shell:/home/alikasim/ros2_foxy/install/rqt_service_caller:/home/alikasim/ros2_foxy/install/rqt_reconfigure:/home/alikasim/ros2_foxy/install/rqt_py_console:/home/alikasim/ros2_foxy/install/rqt_publisher:/home/alikasim/ros2_foxy/install/rqt_plot:/home/alikasim/ros2_foxy/install/rqt_action:/home/alikasim/ros2_foxy/install/rqt_msg:/home/alikasim/ros2_foxy/install/rqt:/home/alikasim/ros2_foxy/install/rqt_graph:/home/alikasim/ros2_foxy/install/rqt_gui_py:/home/alikasim/ros2_foxy/install/rqt_gui:/home/alikasim/ros2_foxy/install/ros2trace:/home/alikasim/ros2_foxy/install/ros2topic:/home/alikasim/ros2_foxy/install/ros2test:/home/alikasim/ros2_foxy/install/ros2component:/home/alikasim/ros2_foxy/install/ros2param:/home/alikasim/ros2_foxy/install/ros2lifecycle:/home/alikasim/ros2_foxy/install/ros2service:/home/alikasim/ros2_foxy/install/ros2run:/home/alikasim/ros2_foxy/install/ros2launch:/home/alikasim/ros2_foxy/install/ros2pkg:/home/alikasim/ros2_foxy/install/ros2node:/home/alikasim/ros2_foxy/install/ros2multicast:/home/alikasim/ros2_foxy/install/ros2interface:/home/alikasim/ros2_foxy/install/ros2doctor:/home/alikasim/ros2_foxy/install/ros2action:/home/alikasim/ros2_foxy/install/ros2cli:/home/alikasim/ros2_foxy/install/quality_of_service_demo_py:/home/alikasim/ros2_foxy/install/launch_testing_ros:/home/alikasim/ros2_foxy/install/launch_ros:/home/alikasim/ros2_foxy/install/examples_rclpy_minimal_subscriber:/home/alikasim/ros2_foxy/install/examples_rclpy_minimal_service:/home/alikasim/ros2_foxy/install/examples_rclpy_minimal_publisher:/home/alikasim/ros2_foxy/install/examples_rclpy_minimal_client:/home/alikasim/ros2_foxy/install/examples_rclpy_minimal_action_server:/home/alikasim/ros2_foxy/install/examples_rclpy_minimal_action_client:/home/alikasim/ros2_foxy/install/examples_rclpy_executors:/home/alikasim/ros2_foxy/install/demo_nodes_py:/home/alikasim/ros2_foxy/install/action_tutorials_py:/home/alikasim/ros2_foxy/install/ament_uncrustify:/home/alikasim/ros2_foxy/install/tracetools_trace:/home/alikasim/ros2_foxy/install/tracetools_read:/home/alikasim/ros2_foxy/install/test_launch_ros:/home/alikasim/ros2_foxy/install/sensor_msgs_py:/home/alikasim/ros2_foxy/install/rpyutils:/home/alikasim/ros2_foxy/install/rosidl_runtime_py:/home/alikasim/ros2_foxy/install/launch_yaml:/home/alikasim/ros2_foxy/install/launch_xml:/home/alikasim/ros2_foxy/install/launch_testing:/home/alikasim/ros2_foxy/install/launch:/home/alikasim/ros2_foxy/install/osrf_pycommon:/home/alikasim/ros2_foxy/install/domain_coordinator:/home/alikasim/ros2_foxy/install/ament_xmllint:/home/alikasim/ros2_foxy/install/ament_pyflakes:/home/alikasim/ros2_foxy/install/ament_pycodestyle:/home/alikasim/ros2_foxy/install/ament_pep257:/home/alikasim/ros2_foxy/install/ament_pclint:/home/alikasim/ros2_foxy/install/ament_package:/home/alikasim/ros2_foxy/install/ament_mypy:/home/alikasim/ros2_foxy/install/ament_lint_cmake:/home/alikasim/ros2_foxy/install/ament_flake8:/home/alikasim/ros2_foxy/install/ament_copyright:/home/alikasim/ros2_foxy/install/ament_lint:/home/alikasim/ros2_foxy/install/ament_index_python:/home/alikasim/ros2_foxy/install/ament_cpplint:/home/alikasim/ros2_foxy/install/ament_cppcheck:/home/alikasim/ros2_foxy/install/ament_clang_tidy:/home/alikasim/ros2_foxy/install/ament_clang_format /usr/bin/cmake --build /home/alikasim/dev_ws/src/software_training_assingment/build/software_training_assingment -- -j8 -l8
[4.572s] Invoking command in '/home/alikasim/dev_ws/src/software_training_assingment/build/software_training_assingment': CMAKE_PREFIX_PATH=${CMAKE_PREFIX_PATH}:/home/alikasim/ros2_foxy/install/ros2bag:/home/alikasim/ros2_foxy/install/tracetools_launch:/home/alikasim/ros2_foxy/install/topic_monitor:/home/alikasim/ros2_foxy/install/examples_tf2_py:/home/alikasim/ros2_foxy/install/sros2:/home/alikasim/ros2_foxy/install/rqt_topic:/home/alikasim/ros2_foxy/install/rqt_top:/home/alikasim/ros2_foxy/install/rqt_srv:/home/alikasim/ros2_foxy/install/rqt_shell:/home/alikasim/ros2_foxy/install/rqt_service_caller:/home/alikasim/ros2_foxy/install/rqt_reconfigure:/home/alikasim/ros2_foxy/install/rqt_py_console:/home/alikasim/ros2_foxy/install/rqt_publisher:/home/alikasim/ros2_foxy/install/rqt_plot:/home/alikasim/ros2_foxy/install/rqt_action:/home/alikasim/ros2_foxy/install/rqt_msg:/home/alikasim/ros2_foxy/install/rqt:/home/alikasim/ros2_foxy/install/rqt_graph:/home/alikasim/ros2_foxy/install/rqt_gui_py:/home/alikasim/ros2_foxy/install/rqt_gui:/home/alikasim/ros2_foxy/install/ros2trace:/home/alikasim/ros2_foxy/install/ros2topic:/home/alikasim/ros2_foxy/install/ros2test:/home/alikasim/ros2_foxy/install/ros2component:/home/alikasim/ros2_foxy/install/ros2param:/home/alikasim/ros2_foxy/install/ros2lifecycle:/home/alikasim/ros2_foxy/install/ros2service:/home/alikasim/ros2_foxy/install/ros2run:/home/alikasim/ros2_foxy/install/ros2launch:/home/alikasim/ros2_foxy/install/ros2pkg:/home/alikasim/ros2_foxy/install/ros2node:/home/alikasim/ros2_foxy/install/ros2multicast:/home/alikasim/ros2_foxy/install/ros2interface:/home/alikasim/ros2_foxy/install/ros2doctor:/home/alikasim/ros2_foxy/install/ros2action:/home/alikasim/ros2_foxy/install/ros2cli:/home/alikasim/ros2_foxy/install/quality_of_service_demo_py:/home/alikasim/ros2_foxy/install/launch_testing_ros:/home/alikasim/ros2_foxy/install/launch_ros:/home/alikasim/ros2_foxy/install/examples_rclpy_minimal_subscriber:/home/alikasim/ros2_foxy/install/examples_rclpy_minimal_service:/home/alikasim/ros2_foxy/install/examples_rclpy_minimal_publisher:/home/alikasim/ros2_foxy/install/examples_rclpy_minimal_client:/home/alikasim/ros2_foxy/install/examples_rclpy_minimal_action_server:/home/alikasim/ros2_foxy/install/examples_rclpy_minimal_action_client:/home/alikasim/ros2_foxy/install/examples_rclpy_executors:/home/alikasim/ros2_foxy/install/demo_nodes_py:/home/alikasim/ros2_foxy/install/action_tutorials_py:/home/alikasim/ros2_foxy/install/ament_uncrustify:/home/alikasim/ros2_foxy/install/tracetools_trace:/home/alikasim/ros2_foxy/install/tracetools_read:/home/alikasim/ros2_foxy/install/test_launch_ros:/home/alikasim/ros2_foxy/install/sensor_msgs_py:/home/alikasim/ros2_foxy/install/rpyutils:/home/alikasim/ros2_foxy/install/rosidl_runtime_py:/home/alikasim/ros2_foxy/install/launch_yaml:/home/alikasim/ros2_foxy/install/launch_xml:/home/alikasim/ros2_foxy/install/launch_testing:/home/alikasim/ros2_foxy/install/launch:/home/alikasim/ros2_foxy/install/osrf_pycommon:/home/alikasim/ros2_foxy/install/domain_coordinator:/home/alikasim/ros2_foxy/install/ament_xmllint:/home/alikasim/ros2_foxy/install/ament_pyflakes:/home/alikasim/ros2_foxy/install/ament_pycodestyle:/home/alikasim/ros2_foxy/install/ament_pep257:/home/alikasim/ros2_foxy/install/ament_pclint:/home/alikasim/ros2_foxy/install/ament_package:/home/alikasim/ros2_foxy/install/ament_mypy:/home/alikasim/ros2_foxy/install/ament_lint_cmake:/home/alikasim/ros2_foxy/install/ament_flake8:/home/alikasim/ros2_foxy/install/ament_copyright:/home/alikasim/ros2_foxy/install/ament_lint:/home/alikasim/ros2_foxy/install/ament_index_python:/home/alikasim/ros2_foxy/install/ament_cpplint:/home/alikasim/ros2_foxy/install/ament_cppcheck:/home/alikasim/ros2_foxy/install/ament_clang_tidy:/home/alikasim/ros2_foxy/install/ament_clang_format /usr/bin/cmake --install /home/alikasim/dev_ws/src/software_training_assingment/build/software_training_assingment
[4.593s] -- Install configuration: ""
[4.593s] -- Up-to-date: /home/alikasim/dev_ws/src/software_training_assingment/install/software_training_assingment/share/ament_index/resource_index/rosidl_interfaces/software_training_assingment
[4.593s] -- Up-to-date: /home/alikasim/dev_ws/src/software_training_assingment/install/software_training_assingment/include/software_training_assingment
[4.593s] -- Up-to-date: /home/alikasim/dev_ws/src/software_training_assingment/install/software_training_assingment/include/software_training_assingment/srv
[4.594s] -- Up-to-date: /home/alikasim/dev_ws/src/software_training_assingment/install/software_training_assingment/include/software_training_assingment/srv/detail
[4.594s] -- Up-to-date: /home/alikasim/dev_ws/src/software_training_assingment/install/software_training_assingment/include/software_training_assingment/srv/detail/reset_turtle__struct.h
[4.594s] -- Up-to-date: /home/alikasim/dev_ws/src/software_training_assingment/install/software_training_assingment/include/software_training_assingment/srv/detail/reset_turtle__type_support.h
[4.594s] -- Up-to-date: /home/alikasim/dev_ws/src/software_training_assingment/install/software_training_assingment/include/software_training_assingment/srv/detail/reset_turtle__functions.c
[4.594s] -- Up-to-date: /home/alikasim/dev_ws/src/software_training_assingment/install/software_training_assingment/include/software_training_assingment/srv/detail/reset_turtle__functions.h
[4.594s] -- Up-to-date: /home/alikasim/dev_ws/src/software_training_assingment/install/software_training_assingment/include/software_training_assingment/srv/reset_turtle.h
[4.594s] -- Up-to-date: /home/alikasim/dev_ws/src/software_training_assingment/install/software_training_assingment/include/software_training_assingment/msg
[4.594s] -- Up-to-date: /home/alikasim/dev_ws/src/software_training_assingment/install/software_training_assingment/include/software_training_assingment/msg/rosidl_generator_c__visibility_control.h
[4.594s] -- Up-to-date: /home/alikasim/dev_ws/src/software_training_assingment/install/software_training_assingment/share/software_training_assingment/environment/library_path.sh
[4.594s] -- Installing: /home/alikasim/dev_ws/src/software_training_assingment/install/software_training_assingment/share/software_training_assingment/environment/library_path.dsv
[4.594s] -- Up-to-date: /home/alikasim/dev_ws/src/software_training_assingment/install/software_training_assingment/lib/libsoftware_training_assingment__rosidl_generator_c.so
[4.595s] -- Up-to-date: /home/alikasim/dev_ws/src/software_training_assingment/install/software_training_assingment/include/software_training_assingment
[4.595s] -- Up-to-date: /home/alikasim/dev_ws/src/software_training_assingment/install/software_training_assingment/include/software_training_assingment/srv
[4.595s] -- Up-to-date: /home/alikasim/dev_ws/src/software_training_assingment/install/software_training_assingment/include/software_training_assingment/srv/detail
[4.595s] -- Up-to-date: /home/alikasim/dev_ws/src/software_training_assingment/install/software_training_assingment/include/software_training_assingment/srv/detail/reset_turtle__rosidl_typesupport_introspection_c.h
[4.595s] -- Up-to-date: /home/alikasim/dev_ws/src/software_training_assingment/install/software_training_assingment/include/software_training_assingment/srv/detail/reset_turtle__type_support.c
[4.595s] -- Up-to-date: /home/alikasim/dev_ws/src/software_training_assingment/install/software_training_assingment/include/software_training_assingment/msg
[4.595s] -- Up-to-date: /home/alikasim/dev_ws/src/software_training_assingment/install/software_training_assingment/include/software_training_assingment/msg/rosidl_typesupport_introspection_c__visibility_control.h
[4.595s] -- Up-to-date: /home/alikasim/dev_ws/src/software_training_assingment/install/software_training_assingment/lib/libsoftware_training_assingment__rosidl_typesupport_introspection_c.so
[4.595s] -- Up-to-date: /home/alikasim/dev_ws/src/software_training_assingment/install/software_training_assingment/include/software_training_assingment
[4.595s] -- Up-to-date: /home/alikasim/dev_ws/src/software_training_assingment/install/software_training_assingment/include/software_training_assingment/srv
[4.595s] -- Up-to-date: /home/alikasim/dev_ws/src/software_training_assingment/install/software_training_assingment/include/software_training_assingment/srv/detail
[4.595s] -- Up-to-date: /home/alikasim/dev_ws/src/software_training_assingment/install/software_training_assingment/include/software_training_assingment/srv/detail/reset_turtle__rosidl_typesupport_fastrtps_c.h
[4.595s] -- Up-to-date: /home/alikasim/dev_ws/src/software_training_assingment/install/software_training_assingment/include/software_training_assingment/msg
[4.595s] -- Up-to-date: /home/alikasim/dev_ws/src/software_training_assingment/install/software_training_assingment/include/software_training_assingment/msg/rosidl_typesupport_fastrtps_c__visibility_control.h
[4.596s] -- Up-to-date: /home/alikasim/dev_ws/src/software_training_assingment/install/software_training_assingment/lib/libsoftware_training_assingment__rosidl_typesupport_fastrtps_c.so
[4.596s] -- Up-to-date: /home/alikasim/dev_ws/src/software_training_assingment/install/software_training_assingment/include/software_training_assingment
[4.596s] -- Up-to-date: /home/alikasim/dev_ws/src/software_training_assingment/install/software_training_assingment/include/software_training_assingment/srv
[4.596s] -- Up-to-date: /home/alikasim/dev_ws/src/software_training_assingment/install/software_training_assingment/include/software_training_assingment/srv/detail
[4.596s] -- Up-to-date: /home/alikasim/dev_ws/src/software_training_assingment/install/software_training_assingment/include/software_training_assingment/srv/detail/dds_fastrtps
[4.596s] -- Up-to-date: /home/alikasim/dev_ws/src/software_training_assingment/install/software_training_assingment/include/software_training_assingment/srv/detail/reset_turtle__rosidl_typesupport_fastrtps_cpp.hpp
[4.596s] -- Up-to-date: /home/alikasim/dev_ws/src/software_training_assingment/install/software_training_assingment/include/software_training_assingment/msg
[4.596s] -- Up-to-date: /home/alikasim/dev_ws/src/software_training_assingment/install/software_training_assingment/include/software_training_assingment/msg/rosidl_typesupport_fastrtps_cpp__visibility_control.h
[4.596s] -- Up-to-date: /home/alikasim/dev_ws/src/software_training_assingment/install/software_training_assingment/lib/libsoftware_training_assingment__rosidl_typesupport_fastrtps_cpp.so
[4.597s] -- Up-to-date: /home/alikasim/dev_ws/src/software_training_assingment/install/software_training_assingment/lib/libsoftware_training_assingment__rosidl_typesupport_c.so
[4.597s] -- Up-to-date: /home/alikasim/dev_ws/src/software_training_assingment/install/software_training_assingment/include/software_training_assingment
[4.597s] -- Up-to-date: /home/alikasim/dev_ws/src/software_training_assingment/install/software_training_assingment/include/software_training_assingment/srv
[4.597s] -- Up-to-date: /home/alikasim/dev_ws/src/software_training_assingment/install/software_training_assingment/include/software_training_assingment/srv/reset_turtle.hpp
[4.597s] -- Up-to-date: /home/alikasim/dev_ws/src/software_training_assingment/install/software_training_assingment/include/software_training_assingment/srv/detail
[4.597s] -- Up-to-date: /home/alikasim/dev_ws/src/software_training_assingment/install/software_training_assingment/include/software_training_assingment/srv/detail/reset_turtle__builder.hpp
[4.597s] -- Up-to-date: /home/alikasim/dev_ws/src/software_training_assingment/install/software_training_assingment/include/software_training_assingment/srv/detail/reset_turtle__traits.hpp
[4.597s] -- Up-to-date: /home/alikasim/dev_ws/src/software_training_assingment/install/software_training_assingment/include/software_training_assingment/srv/detail/reset_turtle__struct.hpp
[4.597s] -- Up-to-date: /home/alikasim/dev_ws/src/software_training_assingment/install/software_training_assingment/include/software_training_assingment
[4.597s] -- Up-to-date: /home/alikasim/dev_ws/src/software_training_assingment/install/software_training_assingment/include/software_training_assingment/srv
[4.598s] -- Up-to-date: /home/alikasim/dev_ws/src/software_training_assingment/install/software_training_assingment/include/software_training_assingment/srv/detail
[4.598s] -- Up-to-date: /home/alikasim/dev_ws/src/software_training_assingment/install/software_training_assingment/include/software_training_assingment/srv/detail/reset_turtle__rosidl_typesupport_introspection_cpp.hpp
[4.598s] -- Up-to-date: /home/alikasim/dev_ws/src/software_training_assingment/install/software_training_assingment/include/software_training_assingment/srv/detail/reset_turtle__type_support.cpp
[4.598s] -- Up-to-date: /home/alikasim/dev_ws/src/software_training_assingment/install/software_training_assingment/lib/libsoftware_training_assingment__rosidl_typesupport_introspection_cpp.so
[4.598s] -- Up-to-date: /home/alikasim/dev_ws/src/software_training_assingment/install/software_training_assingment/lib/libsoftware_training_assingment__rosidl_typesupport_cpp.so
[4.598s] -- Up-to-date: /home/alikasim/dev_ws/src/software_training_assingment/install/software_training_assingment/share/software_training_assingment/environment/pythonpath.sh
[4.598s] -- Installing: /home/alikasim/dev_ws/src/software_training_assingment/install/software_training_assingment/share/software_training_assingment/environment/pythonpath.dsv
[4.598s] -- Installing: /home/alikasim/dev_ws/src/software_training_assingment/install/software_training_assingment/lib/python3.8/site-packages/software_training_assingment/__init__.py
[4.796s] Compiling '/home/alikasim/dev_ws/src/software_training_assingment/install/software_training_assingment/lib/python3.8/site-packages/software_training_assingment/__init__.py'...
[4.800s] -- Up-to-date: /home/alikasim/dev_ws/src/software_training_assingment/install/software_training_assingment/lib/python3.8/site-packages/software_training_assingment/srv
[4.800s] -- Up-to-date: /home/alikasim/dev_ws/src/software_training_assingment/install/software_training_assingment/lib/python3.8/site-packages/software_training_assingment/srv/_reset_turtle.py
[4.800s] -- Up-to-date: /home/alikasim/dev_ws/src/software_training_assingment/install/software_training_assingment/lib/python3.8/site-packages/software_training_assingment/srv/__init__.py
[4.800s] -- Up-to-date: /home/alikasim/dev_ws/src/software_training_assingment/install/software_training_assingment/lib/python3.8/site-packages/software_training_assingment/srv/_reset_turtle_s.c
[4.800s] -- Up-to-date: /home/alikasim/dev_ws/src/software_training_assingment/install/software_training_assingment/lib/python3.8/site-packages/software_training_assingment/software_training_assingment_s__rosidl_typesupport_introspection_c.cpython-38-x86_64-linux-gnu.so
[4.801s] -- Up-to-date: /home/alikasim/dev_ws/src/software_training_assingment/install/software_training_assingment/lib/python3.8/site-packages/software_training_assingment/software_training_assingment_s__rosidl_typesupport_fastrtps_c.cpython-38-x86_64-linux-gnu.so
[4.802s] -- Up-to-date: /home/alikasim/dev_ws/src/software_training_assingment/install/software_training_assingment/lib/python3.8/site-packages/software_training_assingment/software_training_assingment_s__rosidl_typesupport_c.cpython-38-x86_64-linux-gnu.so
[4.802s] -- Up-to-date: /home/alikasim/dev_ws/src/software_training_assingment/install/software_training_assingment/lib/libsoftware_training_assingment__python.so
[4.803s] -- Up-to-date: /home/alikasim/dev_ws/src/software_training_assingment/install/software_training_assingment/share/software_training_assingment/srv/ResetTurtle.idl
[4.803s] -- Installing: /home/alikasim/dev_ws/src/software_training_assingment/install/software_training_assingment/share/software_training_assingment/srv/ResetTurtle.srv
[4.803s] -- Up-to-date: /home/alikasim/dev_ws/src/software_training_assingment/install/software_training_assingment/share/software_training_assingment/srv/ResetTurtle_Request.msg
[4.803s] -- Up-to-date: /home/alikasim/dev_ws/src/software_training_assingment/install/software_training_assingment/share/software_training_assingment/srv/ResetTurtle_Response.msg
[4.803s] -- Up-to-date: /home/alikasim/dev_ws/src/software_training_assingment/install/software_training_assingment/lib/software_training_assingment/client
[4.804s] -- Up-to-date: /home/alikasim/dev_ws/src/software_training_assingment/install/software_training_assingment/lib/software_training_assingment/create_turtles
[4.804s] -- Up-to-date: /home/alikasim/dev_ws/src/software_training_assingment/install/software_training_assingment/share/ament_index/resource_index/package_run_dependencies/software_training_assingment
[4.804s] -- Installing: /home/alikasim/dev_ws/src/software_training_assingment/install/software_training_assingment/share/ament_index/resource_index/parent_prefix_path/software_training_assingment
[4.804s] -- Installing: /home/alikasim/dev_ws/src/software_training_assingment/install/software_training_assingment/share/software_training_assingment/environment/ament_prefix_path.dsv
[4.804s] -- Installing: /home/alikasim/dev_ws/src/software_training_assingment/install/software_training_assingment/share/software_training_assingment/environment/path.dsv
[4.804s] -- Up-to-date: /home/alikasim/dev_ws/src/software_training_assingment/install/software_training_assingment/share/software_training_assingment/local_setup.bash
[4.804s] -- Up-to-date: /home/alikasim/dev_ws/src/software_training_assingment/install/software_training_assingment/share/software_training_assingment/local_setup.sh
[4.804s] -- Up-to-date: /home/alikasim/dev_ws/src/software_training_assingment/install/software_training_assingment/share/software_training_assingment/local_setup.zsh
[4.804s] -- Installing: /home/alikasim/dev_ws/src/software_training_assingment/install/software_training_assingment/share/software_training_assingment/local_setup.dsv
[4.805s] -- Installing: /home/alikasim/dev_ws/src/software_training_assingment/install/software_training_assingment/share/software_training_assingment/package.dsv
[4.805s] -- Up-to-date: /home/alikasim/dev_ws/src/software_training_assingment/install/software_training_assingment/share/ament_index/resource_index/packages/software_training_assingment
[4.805s] -- Up-to-date: /home/alikasim/dev_ws/src/software_training_assingment/install/software_training_assingment/share/software_training_assingment/cmake/software_training_assingment__rosidl_generator_cExport.cmake
[4.805s] -- Installing: /home/alikasim/dev_ws/src/software_training_assingment/install/software_training_assingment/share/software_training_assingment/cmake/software_training_assingment__rosidl_generator_cExport-noconfig.cmake
[4.805s] -- Up-to-date: /home/alikasim/dev_ws/src/software_training_assingment/install/software_training_assingment/share/software_training_assingment/cmake/software_training_assingment__rosidl_typesupport_introspection_cExport.cmake
[4.805s] -- Installing: /home/alikasim/dev_ws/src/software_training_assingment/install/software_training_assingment/share/software_training_assingment/cmake/software_training_assingment__rosidl_typesupport_introspection_cExport-noconfig.cmake
[4.806s] -- Up-to-date: /home/alikasim/dev_ws/src/software_training_assingment/install/software_training_assingment/share/software_training_assingment/cmake/software_training_assingment__rosidl_typesupport_cExport.cmake
[4.806s] -- Installing: /home/alikasim/dev_ws/src/software_training_assingment/install/software_training_assingment/share/software_training_assingment/cmake/software_training_assingment__rosidl_typesupport_cExport-noconfig.cmake
[4.806s] -- Up-to-date: /home/alikasim/dev_ws/src/software_training_assingment/install/software_training_assingment/share/software_training_assingment/cmake/software_training_assingment__rosidl_generator_cppExport.cmake
[4.806s] -- Up-to-date: /home/alikasim/dev_ws/src/software_training_assingment/install/software_training_assingment/share/software_training_assingment/cmake/software_training_assingment__rosidl_typesupport_introspection_cppExport.cmake
[4.806s] -- Installing: /home/alikasim/dev_ws/src/software_training_assingment/install/software_training_assingment/share/software_training_assingment/cmake/software_training_assingment__rosidl_typesupport_introspection_cppExport-noconfig.cmake
[4.806s] -- Up-to-date: /home/alikasim/dev_ws/src/software_training_assingment/install/software_training_assingment/share/software_training_assingment/cmake/software_training_assingment__rosidl_typesupport_cppExport.cmake
[4.806s] -- Installing: /home/alikasim/dev_ws/src/software_training_assingment/install/software_training_assingment/share/software_training_assingment/cmake/software_training_assingment__rosidl_typesupport_cppExport-noconfig.cmake
[4.807s] -- Up-to-date: /home/alikasim/dev_ws/src/software_training_assingment/install/software_training_assingment/share/software_training_assingment/cmake/rosidl_cmake-extras.cmake
[4.807s] -- Up-to-date: /home/alikasim/dev_ws/src/software_training_assingment/install/software_training_assingment/share/software_training_assingment/cmake/ament_cmake_export_dependencies-extras.cmake
[4.807s] -- Up-to-date: /home/alikasim/dev_ws/src/software_training_assingment/install/software_training_assingment/share/software_training_assingment/cmake/ament_cmake_export_libraries-extras.cmake
[4.807s] -- Up-to-date: /home/alikasim/dev_ws/src/software_training_assingment/install/software_training_assingment/share/software_training_assingment/cmake/ament_cmake_export_targets-extras.cmake
[4.807s] -- Up-to-date: /home/alikasim/dev_ws/src/software_training_assingment/install/software_training_assingment/share/software_training_assingment/cmake/ament_cmake_export_include_directories-extras.cmake
[4.807s] -- Up-to-date: /home/alikasim/dev_ws/src/software_training_assingment/install/software_training_assingment/share/software_training_assingment/cmake/rosidl_cmake_export_typesupport_targets-extras.cmake
[4.807s] -- Up-to-date: /home/alikasim/dev_ws/src/software_training_assingment/install/software_training_assingment/share/software_training_assingment/cmake/rosidl_cmake_export_typesupport_libraries-extras.cmake
[4.807s] -- Up-to-date: /home/alikasim/dev_ws/src/software_training_assingment/install/software_training_assingment/share/software_training_assingment/cmake/software_training_assingmentConfig.cmake
[4.807s] -- Up-to-date: /home/alikasim/dev_ws/src/software_training_assingment/install/software_training_assingment/share/software_training_assingment/cmake/software_training_assingmentConfig-version.cmake
[4.807s] -- Up-to-date: /home/alikasim/dev_ws/src/software_training_assingment/install/software_training_assingment/share/software_training_assingment/package.xml
[4.810s] Invoked command in '/home/alikasim/dev_ws/src/software_training_assingment/build/software_training_assingment' returned '0': CMAKE_PREFIX_PATH=${CMAKE_PREFIX_PATH}:/home/alikasim/ros2_foxy/install/ros2bag:/home/alikasim/ros2_foxy/install/tracetools_launch:/home/alikasim/ros2_foxy/install/topic_monitor:/home/alikasim/ros2_foxy/install/examples_tf2_py:/home/alikasim/ros2_foxy/install/sros2:/home/alikasim/ros2_foxy/install/rqt_topic:/home/alikasim/ros2_foxy/install/rqt_top:/home/alikasim/ros2_foxy/install/rqt_srv:/home/alikasim/ros2_foxy/install/rqt_shell:/home/alikasim/ros2_foxy/install/rqt_service_caller:/home/alikasim/ros2_foxy/install/rqt_reconfigure:/home/alikasim/ros2_foxy/install/rqt_py_console:/home/alikasim/ros2_foxy/install/rqt_publisher:/home/alikasim/ros2_foxy/install/rqt_plot:/home/alikasim/ros2_foxy/install/rqt_action:/home/alikasim/ros2_foxy/install/rqt_msg:/home/alikasim/ros2_foxy/install/rqt:/home/alikasim/ros2_foxy/install/rqt_graph:/home/alikasim/ros2_foxy/install/rqt_gui_py:/home/alikasim/ros2_foxy/install/rqt_gui:/home/alikasim/ros2_foxy/install/ros2trace:/home/alikasim/ros2_foxy/install/ros2topic:/home/alikasim/ros2_foxy/install/ros2test:/home/alikasim/ros2_foxy/install/ros2component:/home/alikasim/ros2_foxy/install/ros2param:/home/alikasim/ros2_foxy/install/ros2lifecycle:/home/alikasim/ros2_foxy/install/ros2service:/home/alikasim/ros2_foxy/install/ros2run:/home/alikasim/ros2_foxy/install/ros2launch:/home/alikasim/ros2_foxy/install/ros2pkg:/home/alikasim/ros2_foxy/install/ros2node:/home/alikasim/ros2_foxy/install/ros2multicast:/home/alikasim/ros2_foxy/install/ros2interface:/home/alikasim/ros2_foxy/install/ros2doctor:/home/alikasim/ros2_foxy/install/ros2action:/home/alikasim/ros2_foxy/install/ros2cli:/home/alikasim/ros2_foxy/install/quality_of_service_demo_py:/home/alikasim/ros2_foxy/install/launch_testing_ros:/home/alikasim/ros2_foxy/install/launch_ros:/home/alikasim/ros2_foxy/install/examples_rclpy_minimal_subscriber:/home/alikasim/ros2_foxy/install/examples_rclpy_minimal_service:/home/alikasim/ros2_foxy/install/examples_rclpy_minimal_publisher:/home/alikasim/ros2_foxy/install/examples_rclpy_minimal_client:/home/alikasim/ros2_foxy/install/examples_rclpy_minimal_action_server:/home/alikasim/ros2_foxy/install/examples_rclpy_minimal_action_client:/home/alikasim/ros2_foxy/install/examples_rclpy_executors:/home/alikasim/ros2_foxy/install/demo_nodes_py:/home/alikasim/ros2_foxy/install/action_tutorials_py:/home/alikasim/ros2_foxy/install/ament_uncrustify:/home/alikasim/ros2_foxy/install/tracetools_trace:/home/alikasim/ros2_foxy/install/tracetools_read:/home/alikasim/ros2_foxy/install/test_launch_ros:/home/alikasim/ros2_foxy/install/sensor_msgs_py:/home/alikasim/ros2_foxy/install/rpyutils:/home/alikasim/ros2_foxy/install/rosidl_runtime_py:/home/alikasim/ros2_foxy/install/launch_yaml:/home/alikasim/ros2_foxy/install/launch_xml:/home/alikasim/ros2_foxy/install/launch_testing:/home/alikasim/ros2_foxy/install/launch:/home/alikasim/ros2_foxy/install/osrf_pycommon:/home/alikasim/ros2_foxy/install/domain_coordinator:/home/alikasim/ros2_foxy/install/ament_xmllint:/home/alikasim/ros2_foxy/install/ament_pyflakes:/home/alikasim/ros2_foxy/install/ament_pycodestyle:/home/alikasim/ros2_foxy/install/ament_pep257:/home/alikasim/ros2_foxy/install/ament_pclint:/home/alikasim/ros2_foxy/install/ament_package:/home/alikasim/ros2_foxy/install/ament_mypy:/home/alikasim/ros2_foxy/install/ament_lint_cmake:/home/alikasim/ros2_foxy/install/ament_flake8:/home/alikasim/ros2_foxy/install/ament_copyright:/home/alikasim/ros2_foxy/install/ament_lint:/home/alikasim/ros2_foxy/install/ament_index_python:/home/alikasim/ros2_foxy/install/ament_cpplint:/home/alikasim/ros2_foxy/install/ament_cppcheck:/home/alikasim/ros2_foxy/install/ament_clang_tidy:/home/alikasim/ros2_foxy/install/ament_clang_format /usr/bin/cmake --install /home/alikasim/dev_ws/src/software_training_assingment/build/software_training_assingment
