[01m[K/home/evanw/Desktop/uwrt/challenge_ws/src/challenge_package/src/clear_turtles.cpp:33:41:[m[K [01;31m[Kerror: [m[K‘[01m[KString[m[K’ in namespace ‘[01m[Kstd_msgs[m[K’ does not name a type
   33 |     void topic_callback(const std_msgs::[01;31m[KString[m[K& msg) const
      |                                         [01;31m[K^~~~~~[m[K
[01m[K/home/evanw/Desktop/uwrt/challenge_ws/src/challenge_package/src/clear_turtles.cpp:[m[K In constructor ‘[01m[KKillTurtlesSubscriber::KillTurtlesSubscriber()[m[K’:
[01m[K/home/evanw/Desktop/uwrt/challenge_ws/src/challenge_package/src/clear_turtles.cpp:28:68:[m[K [01;31m[Kerror: [m[K‘[01m[Knames[m[K’ is not a member of ‘[01m[Kchallenge_package[m[K’
   28 |     subscription_ = this->create_subscription<challenge_package::[01;31m[Knames[m[K::ConstPtr& msg>(
      |                                                                  [01;31m[K^~~~~[m[K

[01m[K/home/evanw/Desktop/uwrt/challenge_ws/src/challenge_package/src/clear_turtles.cpp:28:29:[m[K [01;31m[Kerror: [m[Kparse error in template argument list
   28 |       subscription_ = this->[01;31m[Kcreate_subscription<challenge_package::names::ConstPtr& msg>[m[K(
      |                             [01;31m[K^~~~~~~~~~~~~~~~~~~~~~~~~~~~~~~~~~~~~~~~~~~~~~~~~~~~~~~~~~~~[m[K
[01m[K/home/evanw/Desktop/uwrt/challenge_ws/src/challenge_package/src/clear_turtles.cpp:29:38:[m[K [01;31m[Kerror: [m[K‘[01m[KMinimalSubscriber[m[K’ has not been declared
   29 |       "kill_turtles", 10, std::bind(&[01;31m[KMinimalSubscriber[m[K::topic_callback, this, _1));
      |                                      [01;31m[K^~~~~~~~~~~~~~~~~[m[K
[01m[K/home/evanw/Desktop/uwrt/challenge_ws/src/challenge_package/src/clear_turtles.cpp:[m[K In member function ‘[01m[Kvoid KillTurtlesSubscriber::topic_callback(const int&) const[m[K’:
[01m[K/home/evanw/Desktop/uwrt/challenge_ws/src/challenge_package/src/clear_turtles.cpp:38:30:[m[K [01;31m[Kerror: [m[Kbase operand of ‘[01m[K->[m[K’ is not a pointer
   38 |       for (int i = 0; i < msg[01;31m[K->[m[Knames.size; i++) {
      |                              [01;31m[K^~[m[K
[01m[K/home/evanw/Desktop/uwrt/challenge_ws/src/challenge_package/src/clear_turtles.cpp:39:37:[m[K [01;31m[Kerror: [m[Kbase operand of ‘[01m[K->[m[K’ is not a pointer
   39 |         const std::string name = msg[01;31m[K->[m[Knames[i]
      |                                     [01;31m[K^~[m[K
In file included from [01m[K/opt/ros/galactic/include/rclcpp/service.hpp:34[m[K,
                 from [01m[K/opt/ros/galactic/include/rclcpp/callback_group.hpp:25[m[K,
                 from [01m[K/opt/ros/galactic/include/rclcpp/any_executable.hpp:20[m[K,
                 from [01m[K/opt/ros/galactic/include/rclcpp/memory_strategy.hpp:25[m[K,
                 from [01m[K/opt/ros/galactic/include/rclcpp/memory_strategies.hpp:18[m[K,
                 from [01m[K/opt/ros/galactic/include/rclcpp/executor_options.hpp:20[m[K,
                 from [01m[K/opt/ros/galactic/include/rclcpp/executor.hpp:36[m[K,
                 from [01m[K/opt/ros/galactic/include/rclcpp/executors/multi_threaded_executor.hpp:26[m[K,
                 from [01m[K/opt/ros/galactic/include/rclcpp/executors.hpp:21[m[K,
                 from [01m[K/opt/ros/galactic/include/rclcpp/rclcpp.hpp:156[m[K,
                 from [01m[K/home/evanw/Desktop/uwrt/challenge_ws/src/challenge_package/src/clear_turtles.cpp:3[m[K:
[01m[K/home/evanw/Desktop/uwrt/challenge_ws/src/challenge_package/src/clear_turtles.cpp:40:9:[m[K [01;31m[Kerror: [m[Kexpected ‘[01m[K,[m[K’ or ‘[01m[K;[m[K’ before ‘[01m[Kwhile[m[K’
   40 |         [01;31m[KRCLCPP_INFO[m[K(this->get_logger(), "Kill Turtle: '%s'", name.c_str());
      |         [01;31m[K^~~~~~~~~~~[m[K
make[2]: *** [CMakeFiles/clear_turtle_listener.dir/build.make:63: CMakeFiles/clear_turtle_listener.dir/src/clear_turtles.cpp.o] Error 1
make[1]: *** [CMakeFiles/Makefile2:124: CMakeFiles/clear_turtle_listener.dir/all] Error 2
make: *** [Makefile:141: all] Error 2
