-- Found ament_cmake: 1.1.6 (/opt/ros/galactic/share/ament_cmake/cmake)
-- Found PythonInterp: /usr/bin/python3 (found suitable version "3.8.10", minimum required is "3") 
-- Using PYTHON_EXECUTABLE: /usr/bin/python3
-- Found rclcpp: 9.2.2 (/opt/ros/galactic/share/rclcpp/cmake)
-- Using all available rosidl_typesupport_c: rosidl_typesupport_fastrtps_c;rosidl_typesupport_introspection_c
-- Found rosidl_adapter: 2.2.3 (/opt/ros/galactic/share/rosidl_adapter/cmake)
-- Using all available rosidl_typesupport_cpp: rosidl_typesupport_fastrtps_cpp;rosidl_typesupport_introspection_cpp
-- Found rmw_implementation_cmake: 3.3.1 (/opt/ros/galactic/share/rmw_implementation_cmake/cmake)
-- Found rmw_cyclonedds_cpp: 0.22.6 (/opt/ros/galactic/share/rmw_cyclonedds_cpp/cmake)
-- Using RMW implementation 'rmw_cyclonedds_cpp' as default
-- Found turtlesim: 1.3.4 (/opt/ros/galactic/share/turtlesim/cmake)
-- Found rclcpp_components: 9.2.2 (/opt/ros/galactic/share/rclcpp_components/cmake)
-- Found std_srvs: 2.2.4 (/opt/ros/galactic/share/std_srvs/cmake)
-- Found rclcpp_action: 9.2.2 (/opt/ros/galactic/share/rclcpp_action/cmake)
-- Found geometry_msgs: 2.2.4 (/opt/ros/galactic/share/geometry_msgs/cmake)
-- Found rosidl_default_generators: 1.1.1 (/opt/ros/galactic/share/rosidl_default_generators/cmake)
-- Found PythonInterp: /usr/bin/python3 (found version "3.8.10") 
-- Found ament_cmake_ros: 0.9.2 (/opt/ros/galactic/share/ament_cmake_ros/cmake)
-- Using all available rosidl_typesupport_c: rosidl_typesupport_fastrtps_c;rosidl_typesupport_introspection_c
-- Using all available rosidl_typesupport_cpp: rosidl_typesupport_fastrtps_cpp;rosidl_typesupport_introspection_cpp
-- Found PythonInterp: /usr/bin/python3 (found suitable version "3.8.10", minimum required is "3.5") 
-- Found python_cmake_module: 0.8.1 (/opt/ros/galactic/share/python_cmake_module/cmake)
-- Using PYTHON_EXECUTABLE: /usr/bin/python3
-- Using PYTHON_INCLUDE_DIRS: /usr/include/python3.8
-- Using PYTHON_LIBRARIES: /usr/lib/x86_64-linux-gnu/libpython3.8.so
-- Found ament_lint_auto: 0.10.7 (/opt/ros/galactic/share/ament_lint_auto/cmake)
-- Added test 'copyright' to check source files copyright and LICENSE
-- Added test 'cppcheck' to perform static code analysis on C / C++ code
-- Configured cppcheck include dirs: 
-- Configured cppcheck exclude dirs and/or files: 
-- Added test 'cpplint' to check C / C++ code against the Google style
-- Configured cpplint exclude dirs and/or files: 
-- Added test 'lint_cmake' to check CMake code style
-- Added test 'uncrustify' to check C / C++ code style
-- Configured uncrustify additional arguments: 
-- Added test 'xmllint' to check XML markup files
-- Configuring done
-- Generating done
-- Build files have been written to: /home/evanw/Desktop/uwrt/challenge_ws/build/challenge_package
[ 12%] Built target challenge_package__cpp
[ 12%] Built target challenge_package__rosidl_generator_c
[ 15%] [34m[1mGenerating C++ introspection for ROS interfaces[0m
[ 18%] [34m[1mGenerating C type support dispatch for ROS interfaces[0m
[ 21%] [34m[1mGenerating C++ type support for eProsima Fast-RTPS[0m
[ 24%] [34m[1mGenerating C++ type support dispatch for ROS interfaces[0m
[ 27%] [34m[1mGenerating C introspection for ROS interfaces[0m
[35m[1mScanning dependencies of target challenge_package__rosidl_typesupport_cpp[0m
[ 30%] [32mBuilding CXX object CMakeFiles/challenge_package__rosidl_typesupport_cpp.dir/rosidl_typesupport_cpp/challenge_package/msg/names__type_support.cpp.o[0m
[35m[1mScanning dependencies of target challenge_package__rosidl_typesupport_c[0m
[ 33%] [32mBuilding CXX object CMakeFiles/challenge_package__rosidl_typesupport_c.dir/rosidl_typesupport_c/challenge_package/msg/names__type_support.cpp.o[0m
[35m[1mScanning dependencies of target challenge_package__rosidl_typesupport_introspection_cpp[0m
[35m[1mScanning dependencies of target challenge_package__rosidl_typesupport_introspection_c[0m
[ 36%] [32mBuilding C object CMakeFiles/challenge_package__rosidl_typesupport_introspection_c.dir/rosidl_typesupport_introspection_c/challenge_package/msg/detail/names__type_support.c.o[0m
[ 39%] [32mBuilding CXX object CMakeFiles/challenge_package__rosidl_typesupport_introspection_cpp.dir/rosidl_typesupport_introspection_cpp/challenge_package/msg/detail/names__type_support.cpp.o[0m
[35m[1mScanning dependencies of target challenge_package__rosidl_typesupport_fastrtps_cpp[0m
[ 42%] [32m[1mLinking CXX shared library libchallenge_package__rosidl_typesupport_c.so[0m
[ 45%] [32mBuilding CXX object CMakeFiles/challenge_package__rosidl_typesupport_fastrtps_cpp.dir/rosidl_typesupport_fastrtps_cpp/challenge_package/msg/detail/dds_fastrtps/names__type_support.cpp.o[0m
[ 48%] [32m[1mLinking C shared library libchallenge_package__rosidl_typesupport_introspection_c.so[0m
[ 48%] Built target challenge_package__rosidl_typesupport_c
[ 48%] Built target challenge_package__rosidl_typesupport_introspection_c
[ 51%] [32m[1mLinking CXX shared library libchallenge_package__rosidl_typesupport_cpp.so[0m
[ 51%] Built target challenge_package__rosidl_typesupport_cpp
[ 54%] [32m[1mLinking CXX shared library libchallenge_package__rosidl_typesupport_introspection_cpp.so[0m
[ 54%] Built target challenge_package__rosidl_typesupport_introspection_cpp
[ 57%] [32m[1mLinking CXX shared library libchallenge_package__rosidl_typesupport_fastrtps_cpp.so[0m
[ 57%] Built target challenge_package__rosidl_typesupport_fastrtps_cpp
[ 60%] [34m[1mGenerating C type support for eProsima Fast-RTPS[0m
[35m[1mScanning dependencies of target challenge_package__rosidl_typesupport_fastrtps_c[0m
[ 63%] [32mBuilding CXX object CMakeFiles/challenge_package__rosidl_typesupport_fastrtps_c.dir/rosidl_typesupport_fastrtps_c/challenge_package/msg/detail/names__type_support_c.cpp.o[0m
[ 66%] [32m[1mLinking CXX shared library libchallenge_package__rosidl_typesupport_fastrtps_c.so[0m
[ 66%] Built target challenge_package__rosidl_typesupport_fastrtps_c
[35m[1mScanning dependencies of target challenge_package[0m
[ 66%] Built target challenge_package
[35m[1mScanning dependencies of target challenge_package__py[0m
[35m[1mScanning dependencies of target clear_turtle_listener[0m
[ 69%] [34m[1mGenerating Python code for ROS interfaces[0m
[ 72%] [32mBuilding CXX object CMakeFiles/clear_turtle_listener.dir/src/clear_turtles.cpp.o[0m
[ 72%] Built target challenge_package__py
[35m[1mScanning dependencies of target challenge_package__python[0m
[ 75%] [32mBuilding C object CMakeFiles/challenge_package__python.dir/rosidl_generator_py/challenge_package/msg/_names_s.c.o[0m
[ 78%] [32m[1mLinking C shared library rosidl_generator_py/challenge_package/libchallenge_package__python.so[0m
[ 78%] Built target challenge_package__python
[35m[1mScanning dependencies of target challenge_package__rosidl_typesupport_introspection_c__pyext[0m
[35m[1mScanning dependencies of target challenge_package__rosidl_typesupport_fastrtps_c__pyext[0m
[35m[1mScanning dependencies of target challenge_package__rosidl_typesupport_c__pyext[0m
[ 81%] [32mBuilding C object CMakeFiles/challenge_package__rosidl_typesupport_introspection_c__pyext.dir/rosidl_generator_py/challenge_package/_challenge_package_s.ep.rosidl_typesupport_introspection_c.c.o[0m
[ 84%] [32mBuilding C object CMakeFiles/challenge_package__rosidl_typesupport_fastrtps_c__pyext.dir/rosidl_generator_py/challenge_package/_challenge_package_s.ep.rosidl_typesupport_fastrtps_c.c.o[0m
[ 87%] [32mBuilding C object CMakeFiles/challenge_package__rosidl_typesupport_c__pyext.dir/rosidl_generator_py/challenge_package/_challenge_package_s.ep.rosidl_typesupport_c.c.o[0m
[ 90%] [32m[1mLinking C shared library rosidl_generator_py/challenge_package/challenge_package_s__rosidl_typesupport_c.cpython-38-x86_64-linux-gnu.so[0m
[ 93%] [32m[1mLinking C shared library rosidl_generator_py/challenge_package/challenge_package_s__rosidl_typesupport_introspection_c.cpython-38-x86_64-linux-gnu.so[0m
[ 96%] [32m[1mLinking CXX shared library rosidl_generator_py/challenge_package/challenge_package_s__rosidl_typesupport_fastrtps_c.cpython-38-x86_64-linux-gnu.so[0m
[ 96%] Built target challenge_package__rosidl_typesupport_c__pyext
[ 96%] Built target challenge_package__rosidl_typesupport_introspection_c__pyext
[ 96%] Built target challenge_package__rosidl_typesupport_fastrtps_c__pyext
