[0.018s] Invoking command in '/home/evanw/Desktop/uwrt/challenge_ws/build/challenge_package': CMAKE_PREFIX_PATH=/opt/ros/galactic /usr/bin/cmake --build /home/evanw/Desktop/uwrt/challenge_ws/build/challenge_package -- -j8 -l8
[0.044s] -- Found ament_cmake: 1.1.6 (/opt/ros/galactic/share/ament_cmake/cmake)
[0.066s] -- Found PythonInterp: /usr/bin/python3 (found suitable version "3.8.10", minimum required is "3") 
[0.066s] -- Using PYTHON_EXECUTABLE: /usr/bin/python3
[0.126s] -- Found rclcpp: 9.2.2 (/opt/ros/galactic/share/rclcpp/cmake)
[0.158s] -- Using all available rosidl_typesupport_c: rosidl_typesupport_fastrtps_c;rosidl_typesupport_introspection_c
[0.160s] -- Found rosidl_adapter: 2.2.3 (/opt/ros/galactic/share/rosidl_adapter/cmake)
[0.266s] -- Using all available rosidl_typesupport_cpp: rosidl_typesupport_fastrtps_cpp;rosidl_typesupport_introspection_cpp
[0.312s] -- Found rmw_implementation_cmake: 3.3.1 (/opt/ros/galactic/share/rmw_implementation_cmake/cmake)
[0.314s] -- Found rmw_cyclonedds_cpp: 0.22.6 (/opt/ros/galactic/share/rmw_cyclonedds_cpp/cmake)
[0.337s] -- Using RMW implementation 'rmw_cyclonedds_cpp' as default
[0.477s] -- Found turtlesim: 1.3.4 (/opt/ros/galactic/share/turtlesim/cmake)
[0.569s] -- Found rclcpp_components: 9.2.2 (/opt/ros/galactic/share/rclcpp_components/cmake)
[0.620s] -- Found std_srvs: 2.2.4 (/opt/ros/galactic/share/std_srvs/cmake)
[0.628s] -- Found rclcpp_action: 9.2.2 (/opt/ros/galactic/share/rclcpp_action/cmake)
[0.677s] -- Found geometry_msgs: 2.2.4 (/opt/ros/galactic/share/geometry_msgs/cmake)
[0.722s] -- Found rosidl_default_generators: 1.1.1 (/opt/ros/galactic/share/rosidl_default_generators/cmake)
[0.750s] -- Found PythonInterp: /usr/bin/python3 (found version "3.8.10") 
[0.854s] -- Found ament_cmake_ros: 0.9.2 (/opt/ros/galactic/share/ament_cmake_ros/cmake)
[0.944s] -- Using all available rosidl_typesupport_c: rosidl_typesupport_fastrtps_c;rosidl_typesupport_introspection_c
[0.950s] -- Using all available rosidl_typesupport_cpp: rosidl_typesupport_fastrtps_cpp;rosidl_typesupport_introspection_cpp
[0.970s] -- Found PythonInterp: /usr/bin/python3 (found suitable version "3.8.10", minimum required is "3.5") 
[0.970s] -- Found python_cmake_module: 0.8.1 (/opt/ros/galactic/share/python_cmake_module/cmake)
[0.990s] -- Using PYTHON_EXECUTABLE: /usr/bin/python3
[0.990s] -- Using PYTHON_INCLUDE_DIRS: /usr/include/python3.8
[0.990s] -- Using PYTHON_LIBRARIES: /usr/lib/x86_64-linux-gnu/libpython3.8.so
[1.003s] -- Found ament_lint_auto: 0.10.7 (/opt/ros/galactic/share/ament_lint_auto/cmake)
[1.013s] -- Added test 'copyright' to check source files copyright and LICENSE
[1.014s] -- Added test 'cppcheck' to perform static code analysis on C / C++ code
[1.015s] -- Configured cppcheck include dirs: 
[1.015s] -- Configured cppcheck exclude dirs and/or files: 
[1.016s] -- Added test 'cpplint' to check C / C++ code against the Google style
[1.016s] -- Configured cpplint exclude dirs and/or files: 
[1.017s] -- Added test 'lint_cmake' to check CMake code style
[1.018s] -- Added test 'uncrustify' to check C / C++ code style
[1.018s] -- Configured uncrustify additional arguments: 
[1.018s] -- Added test 'xmllint' to check XML markup files
[1.022s] -- Configuring done
[1.052s] -- Generating done
[1.056s] -- Build files have been written to: /home/evanw/Desktop/uwrt/challenge_ws/build/challenge_package
[1.090s] [ 12%] Built target challenge_package__cpp
[1.091s] [ 12%] Built target challenge_package__rosidl_generator_c
[1.102s] [ 15%] [34m[1mGenerating C++ introspection for ROS interfaces[0m
[1.102s] [ 18%] [34m[1mGenerating C type support dispatch for ROS interfaces[0m
[1.103s] [ 21%] [34m[1mGenerating C++ type support for eProsima Fast-RTPS[0m
[1.106s] [ 24%] [34m[1mGenerating C++ type support dispatch for ROS interfaces[0m
[1.108s] [ 27%] [34m[1mGenerating C introspection for ROS interfaces[0m
[1.415s] [35m[1mScanning dependencies of target challenge_package__rosidl_typesupport_cpp[0m
[1.439s] [ 30%] [32mBuilding CXX object CMakeFiles/challenge_package__rosidl_typesupport_cpp.dir/rosidl_typesupport_cpp/challenge_package/msg/names__type_support.cpp.o[0m
[1.537s] [35m[1mScanning dependencies of target challenge_package__rosidl_typesupport_c[0m
[1.555s] [ 33%] [32mBuilding CXX object CMakeFiles/challenge_package__rosidl_typesupport_c.dir/rosidl_typesupport_c/challenge_package/msg/names__type_support.cpp.o[0m
[1.566s] [35m[1mScanning dependencies of target challenge_package__rosidl_typesupport_introspection_cpp[0m
[1.566s] [35m[1mScanning dependencies of target challenge_package__rosidl_typesupport_introspection_c[0m
[1.585s] [ 36%] [32mBuilding C object CMakeFiles/challenge_package__rosidl_typesupport_introspection_c.dir/rosidl_typesupport_introspection_c/challenge_package/msg/detail/names__type_support.c.o[0m
[1.586s] [ 39%] [32mBuilding CXX object CMakeFiles/challenge_package__rosidl_typesupport_introspection_cpp.dir/rosidl_typesupport_introspection_cpp/challenge_package/msg/detail/names__type_support.cpp.o[0m
[1.591s] [35m[1mScanning dependencies of target challenge_package__rosidl_typesupport_fastrtps_cpp[0m
[1.605s] [ 42%] [32m[1mLinking CXX shared library libchallenge_package__rosidl_typesupport_c.so[0m
[1.622s] [ 45%] [32mBuilding CXX object CMakeFiles/challenge_package__rosidl_typesupport_fastrtps_cpp.dir/rosidl_typesupport_fastrtps_cpp/challenge_package/msg/detail/dds_fastrtps/names__type_support.cpp.o[0m
[1.634s] [ 48%] [32m[1mLinking C shared library libchallenge_package__rosidl_typesupport_introspection_c.so[0m
[1.670s] [ 48%] Built target challenge_package__rosidl_typesupport_c
[1.674s] [ 48%] Built target challenge_package__rosidl_typesupport_introspection_c
[1.910s] [ 51%] [32m[1mLinking CXX shared library libchallenge_package__rosidl_typesupport_cpp.so[0m
[1.955s] [ 51%] Built target challenge_package__rosidl_typesupport_cpp
[2.000s] [ 54%] [32m[1mLinking CXX shared library libchallenge_package__rosidl_typesupport_introspection_cpp.so[0m
[2.074s] [ 54%] Built target challenge_package__rosidl_typesupport_introspection_cpp
[2.194s] [ 57%] [32m[1mLinking CXX shared library libchallenge_package__rosidl_typesupport_fastrtps_cpp.so[0m
[2.291s] [ 57%] Built target challenge_package__rosidl_typesupport_fastrtps_cpp
[2.301s] [ 60%] [34m[1mGenerating C type support for eProsima Fast-RTPS[0m
[2.543s] [35m[1mScanning dependencies of target challenge_package__rosidl_typesupport_fastrtps_c[0m
[2.562s] [ 63%] [32mBuilding CXX object CMakeFiles/challenge_package__rosidl_typesupport_fastrtps_c.dir/rosidl_typesupport_fastrtps_c/challenge_package/msg/detail/names__type_support_c.cpp.o[0m
[2.882s] [ 66%] [32m[1mLinking CXX shared library libchallenge_package__rosidl_typesupport_fastrtps_c.so[0m
[2.981s] [ 66%] Built target challenge_package__rosidl_typesupport_fastrtps_c
[2.991s] [35m[1mScanning dependencies of target challenge_package[0m
[3.004s] [ 66%] Built target challenge_package
[3.014s] [35m[1mScanning dependencies of target challenge_package__py[0m
[3.015s] [35m[1mScanning dependencies of target clear_turtle_listener[0m
[3.026s] [ 69%] [34m[1mGenerating Python code for ROS interfaces[0m
[3.039s] [ 72%] [32mBuilding CXX object CMakeFiles/clear_turtle_listener.dir/src/clear_turtles.cpp.o[0m
[3.590s] [ 72%] Built target challenge_package__py
[3.599s] [35m[1mScanning dependencies of target challenge_package__python[0m
[3.636s] [ 75%] [32mBuilding C object CMakeFiles/challenge_package__python.dir/rosidl_generator_py/challenge_package/msg/_names_s.c.o[0m
[3.737s] [ 78%] [32m[1mLinking C shared library rosidl_generator_py/challenge_package/libchallenge_package__python.so[0m
[3.778s] [ 78%] Built target challenge_package__python
[3.791s] [35m[1mScanning dependencies of target challenge_package__rosidl_typesupport_introspection_c__pyext[0m
[3.797s] [35m[1mScanning dependencies of target challenge_package__rosidl_typesupport_fastrtps_c__pyext[0m
[3.798s] [35m[1mScanning dependencies of target challenge_package__rosidl_typesupport_c__pyext[0m
[3.822s] [ 81%] [32mBuilding C object CMakeFiles/challenge_package__rosidl_typesupport_introspection_c__pyext.dir/rosidl_generator_py/challenge_package/_challenge_package_s.ep.rosidl_typesupport_introspection_c.c.o[0m
[3.834s] [ 84%] [32mBuilding C object CMakeFiles/challenge_package__rosidl_typesupport_fastrtps_c__pyext.dir/rosidl_generator_py/challenge_package/_challenge_package_s.ep.rosidl_typesupport_fastrtps_c.c.o[0m
[3.835s] [ 87%] [32mBuilding C object CMakeFiles/challenge_package__rosidl_typesupport_c__pyext.dir/rosidl_generator_py/challenge_package/_challenge_package_s.ep.rosidl_typesupport_c.c.o[0m
[3.982s] [ 90%] [32m[1mLinking C shared library rosidl_generator_py/challenge_package/challenge_package_s__rosidl_typesupport_c.cpython-38-x86_64-linux-gnu.so[0m
[3.990s] [ 93%] [32m[1mLinking C shared library rosidl_generator_py/challenge_package/challenge_package_s__rosidl_typesupport_introspection_c.cpython-38-x86_64-linux-gnu.so[0m
[4.001s] [ 96%] [32m[1mLinking CXX shared library rosidl_generator_py/challenge_package/challenge_package_s__rosidl_typesupport_fastrtps_c.cpython-38-x86_64-linux-gnu.so[0m
[4.037s] [ 96%] Built target challenge_package__rosidl_typesupport_c__pyext
[4.039s] [ 96%] Built target challenge_package__rosidl_typesupport_introspection_c__pyext
[4.082s] [ 96%] Built target challenge_package__rosidl_typesupport_fastrtps_c__pyext
[5.019s] [01m[K/home/evanw/Desktop/uwrt/challenge_ws/src/challenge_package/src/clear_turtles.cpp:33:41:[m[K [01;31m[Kerror: [m[K‘[01m[KString[m[K’ in namespace ‘[01m[Kstd_msgs[m[K’ does not name a type
[5.019s]    33 |     void topic_callback(const std_msgs::[01;31m[KString[m[K& msg) const
[5.019s]       |                                         [01;31m[K^~~~~~[m[K
[5.071s] [01m[K/home/evanw/Desktop/uwrt/challenge_ws/src/challenge_package/src/clear_turtles.cpp:[m[K In constructor ‘[01m[KKillTurtlesSubscriber::KillTurtlesSubscriber()[m[K’:
[5.071s] [01m[K/home/evanw/Desktop/uwrt/challenge_ws/src/challenge_package/src/clear_turtles.cpp:28:68:[m[K [01;31m[Kerror: [m[K‘[01m[Knames[m[K’ is not a member of ‘[01m[Kchallenge_package[m[K’
[5.071s]    28 |     subscription_ = this->create_subscription<challenge_package::[01;31m[Knames[m[K::ConstPtr& msg>(
[5.071s]       |                                                                  [01;31m[K^~~~~[m[K
[5.071s] 
[5.071s] [01m[K/home/evanw/Desktop/uwrt/challenge_ws/src/challenge_package/src/clear_turtles.cpp:28:29:[m[K [01;31m[Kerror: [m[Kparse error in template argument list
[5.071s]    28 |       subscription_ = this->[01;31m[Kcreate_subscription<challenge_package::names::ConstPtr& msg>[m[K(
[5.071s]       |                             [01;31m[K^~~~~~~~~~~~~~~~~~~~~~~~~~~~~~~~~~~~~~~~~~~~~~~~~~~~~~~~~~~~[m[K
[5.071s] [01m[K/home/evanw/Desktop/uwrt/challenge_ws/src/challenge_package/src/clear_turtles.cpp:29:38:[m[K [01;31m[Kerror: [m[K‘[01m[KMinimalSubscriber[m[K’ has not been declared
[5.072s]    29 |       "kill_turtles", 10, std::bind(&[01;31m[KMinimalSubscriber[m[K::topic_callback, this, _1));
[5.072s]       |                                      [01;31m[K^~~~~~~~~~~~~~~~~[m[K
[5.225s] [01m[K/home/evanw/Desktop/uwrt/challenge_ws/src/challenge_package/src/clear_turtles.cpp:[m[K In member function ‘[01m[Kvoid KillTurtlesSubscriber::topic_callback(const int&) const[m[K’:
[5.225s] [01m[K/home/evanw/Desktop/uwrt/challenge_ws/src/challenge_package/src/clear_turtles.cpp:38:30:[m[K [01;31m[Kerror: [m[Kbase operand of ‘[01m[K->[m[K’ is not a pointer
[5.225s]    38 |       for (int i = 0; i < msg[01;31m[K->[m[Knames.size; i++) {
[5.225s]       |                              [01;31m[K^~[m[K
[5.225s] [01m[K/home/evanw/Desktop/uwrt/challenge_ws/src/challenge_package/src/clear_turtles.cpp:39:37:[m[K [01;31m[Kerror: [m[Kbase operand of ‘[01m[K->[m[K’ is not a pointer
[5.225s]    39 |         const std::string name = msg[01;31m[K->[m[Knames[i]
[5.225s]       |                                     [01;31m[K^~[m[K
[5.225s] In file included from [01m[K/opt/ros/galactic/include/rclcpp/service.hpp:34[m[K,
[5.225s]                  from [01m[K/opt/ros/galactic/include/rclcpp/callback_group.hpp:25[m[K,
[5.225s]                  from [01m[K/opt/ros/galactic/include/rclcpp/any_executable.hpp:20[m[K,
[5.225s]                  from [01m[K/opt/ros/galactic/include/rclcpp/memory_strategy.hpp:25[m[K,
[5.226s]                  from [01m[K/opt/ros/galactic/include/rclcpp/memory_strategies.hpp:18[m[K,
[5.226s]                  from [01m[K/opt/ros/galactic/include/rclcpp/executor_options.hpp:20[m[K,
[5.226s]                  from [01m[K/opt/ros/galactic/include/rclcpp/executor.hpp:36[m[K,
[5.226s]                  from [01m[K/opt/ros/galactic/include/rclcpp/executors/multi_threaded_executor.hpp:26[m[K,
[5.226s]                  from [01m[K/opt/ros/galactic/include/rclcpp/executors.hpp:21[m[K,
[5.226s]                  from [01m[K/opt/ros/galactic/include/rclcpp/rclcpp.hpp:156[m[K,
[5.226s]                  from [01m[K/home/evanw/Desktop/uwrt/challenge_ws/src/challenge_package/src/clear_turtles.cpp:3[m[K:
[5.226s] [01m[K/home/evanw/Desktop/uwrt/challenge_ws/src/challenge_package/src/clear_turtles.cpp:40:9:[m[K [01;31m[Kerror: [m[Kexpected ‘[01m[K,[m[K’ or ‘[01m[K;[m[K’ before ‘[01m[Kwhile[m[K’
[5.226s]    40 |         [01;31m[KRCLCPP_INFO[m[K(this->get_logger(), "Kill Turtle: '%s'", name.c_str());
[5.226s]       |         [01;31m[K^~~~~~~~~~~[m[K
[5.710s] make[2]: *** [CMakeFiles/clear_turtle_listener.dir/build.make:63: CMakeFiles/clear_turtle_listener.dir/src/clear_turtles.cpp.o] Error 1
[5.710s] make[1]: *** [CMakeFiles/Makefile2:124: CMakeFiles/clear_turtle_listener.dir/all] Error 2
[5.710s] make: *** [Makefile:141: all] Error 2
[5.712s] Invoked command in '/home/evanw/Desktop/uwrt/challenge_ws/build/challenge_package' returned '2': CMAKE_PREFIX_PATH=/opt/ros/galactic /usr/bin/cmake --build /home/evanw/Desktop/uwrt/challenge_ws/build/challenge_package -- -j8 -l8
