[0.282s] DEBUG:colcon:Command line arguments: ['/usr/bin/colcon', 'build']
[0.282s] DEBUG:colcon:Parsed command line arguments: Namespace(allow_overriding=[], ament_cmake_args=None, base_paths=['.'], build_base='build', catkin_cmake_args=None, catkin_skip_building_tests=False, cmake_args=None, cmake_clean_cache=False, cmake_clean_first=False, cmake_force_configure=False, cmake_target=None, cmake_target_skip_unavailable=False, continue_on_error=False, event_handlers=None, executor='parallel', ignore_user_meta=False, install_base='install', log_base=None, log_level=None, main=<bound method BuildVerb.main of <colcon_core.verb.build.BuildVerb object at 0x7f75ada37d90>>, merge_install=False, metas=['./colcon.meta'], packages_above=None, packages_above_and_dependencies=None, packages_above_depth=None, packages_end=None, packages_ignore=None, packages_ignore_regex=None, packages_select=None, packages_select_build_failed=False, packages_select_by_dep=None, packages_select_regex=None, packages_select_test_failures=False, packages_skip=None, packages_skip_build_finished=False, packages_skip_by_dep=None, packages_skip_regex=None, packages_skip_test_passed=False, packages_skip_up_to=None, packages_start=None, packages_up_to=None, packages_up_to_regex=None, parallel_workers=8, paths=None, symlink_install=False, test_result_base=None, verb_extension=<colcon_core.verb.build.BuildVerb object at 0x7f75ada37d90>, verb_name='build', verb_parser=<colcon_defaults.argument_parser.defaults.DefaultArgumentsDecorator object at 0x7f75ada3f340>)
[0.310s] Level 1:colcon.colcon_core.package_discovery:discover_packages(colcon_meta) check parameters
[0.310s] Level 1:colcon.colcon_core.package_discovery:discover_packages(recursive) check parameters
[0.311s] Level 1:colcon.colcon_core.package_discovery:discover_packages(ignore) check parameters
[0.311s] Level 1:colcon.colcon_core.package_discovery:discover_packages(path) check parameters
[0.311s] Level 1:colcon.colcon_core.package_discovery:discover_packages(colcon_meta) discover
[0.311s] Level 1:colcon.colcon_core.package_discovery:discover_packages(recursive) discover
[0.311s] INFO:colcon.colcon_core.package_discovery:Crawling recursively for packages in '/home/evanw/Desktop/uwrt/challenge_ws'
[0.311s] Level 1:colcon.colcon_core.package_identification:_identify(.) by extensions ['ignore', 'ignore_ament_install']
[0.311s] Level 1:colcon.colcon_core.package_identification:_identify(.) by extension 'ignore'
[0.311s] Level 1:colcon.colcon_core.package_identification:_identify(.) by extension 'ignore_ament_install'
[0.311s] Level 1:colcon.colcon_core.package_identification:_identify(.) by extensions ['colcon_pkg']
[0.311s] Level 1:colcon.colcon_core.package_identification:_identify(.) by extension 'colcon_pkg'
[0.311s] Level 1:colcon.colcon_core.package_identification:_identify(.) by extensions ['colcon_meta']
[0.311s] Level 1:colcon.colcon_core.package_identification:_identify(.) by extension 'colcon_meta'
[0.311s] Level 1:colcon.colcon_core.package_identification:_identify(.) by extensions ['ros']
[0.311s] Level 1:colcon.colcon_core.package_identification:_identify(.) by extension 'ros'
[0.330s] Level 1:colcon.colcon_core.package_identification:_identify(.) by extensions ['cmake', 'python']
[0.330s] Level 1:colcon.colcon_core.package_identification:_identify(.) by extension 'cmake'
[0.330s] Level 1:colcon.colcon_core.package_identification:_identify(.) by extension 'python'
[0.331s] Level 1:colcon.colcon_core.package_identification:_identify(.) by extensions ['python_setup_py']
[0.331s] Level 1:colcon.colcon_core.package_identification:_identify(.) by extension 'python_setup_py'
[0.331s] Level 1:colcon.colcon_core.package_identification:_identify(build) by extensions ['ignore', 'ignore_ament_install']
[0.331s] Level 1:colcon.colcon_core.package_identification:_identify(build) by extension 'ignore'
[0.331s] Level 1:colcon.colcon_core.package_identification:_identify(build) ignored
[0.331s] Level 1:colcon.colcon_core.package_identification:_identify(install) by extensions ['ignore', 'ignore_ament_install']
[0.331s] Level 1:colcon.colcon_core.package_identification:_identify(install) by extension 'ignore'
[0.331s] Level 1:colcon.colcon_core.package_identification:_identify(install) ignored
[0.331s] Level 1:colcon.colcon_core.package_identification:_identify(log) by extensions ['ignore', 'ignore_ament_install']
[0.331s] Level 1:colcon.colcon_core.package_identification:_identify(log) by extension 'ignore'
[0.331s] Level 1:colcon.colcon_core.package_identification:_identify(log) ignored
[0.331s] Level 1:colcon.colcon_core.package_identification:_identify(src) by extensions ['ignore', 'ignore_ament_install']
[0.331s] Level 1:colcon.colcon_core.package_identification:_identify(src) by extension 'ignore'
[0.331s] Level 1:colcon.colcon_core.package_identification:_identify(src) by extension 'ignore_ament_install'
[0.331s] Level 1:colcon.colcon_core.package_identification:_identify(src) by extensions ['colcon_pkg']
[0.331s] Level 1:colcon.colcon_core.package_identification:_identify(src) by extension 'colcon_pkg'
[0.332s] Level 1:colcon.colcon_core.package_identification:_identify(src) by extensions ['colcon_meta']
[0.332s] Level 1:colcon.colcon_core.package_identification:_identify(src) by extension 'colcon_meta'
[0.332s] Level 1:colcon.colcon_core.package_identification:_identify(src) by extensions ['ros']
[0.332s] Level 1:colcon.colcon_core.package_identification:_identify(src) by extension 'ros'
[0.332s] Level 1:colcon.colcon_core.package_identification:_identify(src) by extensions ['cmake', 'python']
[0.332s] Level 1:colcon.colcon_core.package_identification:_identify(src) by extension 'cmake'
[0.332s] Level 1:colcon.colcon_core.package_identification:_identify(src) by extension 'python'
[0.332s] Level 1:colcon.colcon_core.package_identification:_identify(src) by extensions ['python_setup_py']
[0.332s] Level 1:colcon.colcon_core.package_identification:_identify(src) by extension 'python_setup_py'
[0.332s] Level 1:colcon.colcon_core.package_identification:_identify(src/challenge_package) by extensions ['ignore', 'ignore_ament_install']
[0.332s] Level 1:colcon.colcon_core.package_identification:_identify(src/challenge_package) by extension 'ignore'
[0.332s] Level 1:colcon.colcon_core.package_identification:_identify(src/challenge_package) by extension 'ignore_ament_install'
[0.332s] Level 1:colcon.colcon_core.package_identification:_identify(src/challenge_package) by extensions ['colcon_pkg']
[0.332s] Level 1:colcon.colcon_core.package_identification:_identify(src/challenge_package) by extension 'colcon_pkg'
[0.332s] Level 1:colcon.colcon_core.package_identification:_identify(src/challenge_package) by extensions ['colcon_meta']
[0.332s] Level 1:colcon.colcon_core.package_identification:_identify(src/challenge_package) by extension 'colcon_meta'
[0.332s] Level 1:colcon.colcon_core.package_identification:_identify(src/challenge_package) by extensions ['ros']
[0.332s] Level 1:colcon.colcon_core.package_identification:_identify(src/challenge_package) by extension 'ros'
[0.335s] DEBUG:colcon.colcon_core.package_identification:Package 'src/challenge_package' with type 'ros.ament_cmake' and name 'challenge_package'
[0.335s] Level 1:colcon.colcon_core.package_discovery:discover_packages(recursive) using defaults
[0.335s] Level 1:colcon.colcon_core.package_discovery:discover_packages(ignore) discover
[0.335s] Level 1:colcon.colcon_core.package_discovery:discover_packages(ignore) using defaults
[0.335s] Level 1:colcon.colcon_core.package_discovery:discover_packages(path) discover
[0.335s] Level 1:colcon.colcon_core.package_discovery:discover_packages(path) using defaults
[0.355s] Level 1:colcon.colcon_core.package_discovery:discover_packages(prefix_path) check parameters
[0.355s] Level 1:colcon.colcon_core.package_discovery:discover_packages(prefix_path) discover
[0.359s] DEBUG:colcon.colcon_installed_package_information.package_discovery:Found 1 installed packages in /home/evanw/Desktop/uwrt/challenge_ws/install
[0.361s] DEBUG:colcon.colcon_installed_package_information.package_discovery:Found 268 installed packages in /opt/ros/galactic
[0.362s] Level 1:colcon.colcon_core.package_discovery:discover_packages(prefix_path) using defaults
[0.430s] Level 5:colcon.colcon_core.verb:set package 'challenge_package' build argument 'cmake_args' from command line to 'None'
[0.431s] Level 5:colcon.colcon_core.verb:set package 'challenge_package' build argument 'cmake_target' from command line to 'None'
[0.431s] Level 5:colcon.colcon_core.verb:set package 'challenge_package' build argument 'cmake_target_skip_unavailable' from command line to 'False'
[0.431s] Level 5:colcon.colcon_core.verb:set package 'challenge_package' build argument 'cmake_clean_cache' from command line to 'False'
[0.431s] Level 5:colcon.colcon_core.verb:set package 'challenge_package' build argument 'cmake_clean_first' from command line to 'False'
[0.431s] Level 5:colcon.colcon_core.verb:set package 'challenge_package' build argument 'cmake_force_configure' from command line to 'False'
[0.431s] Level 5:colcon.colcon_core.verb:set package 'challenge_package' build argument 'ament_cmake_args' from command line to 'None'
[0.431s] Level 5:colcon.colcon_core.verb:set package 'challenge_package' build argument 'catkin_cmake_args' from command line to 'None'
[0.431s] Level 5:colcon.colcon_core.verb:set package 'challenge_package' build argument 'catkin_skip_building_tests' from command line to 'False'
[0.431s] DEBUG:colcon.colcon_core.verb:Building package 'challenge_package' with the following arguments: {'ament_cmake_args': None, 'build_base': '/home/evanw/Desktop/uwrt/challenge_ws/build/challenge_package', 'catkin_cmake_args': None, 'catkin_skip_building_tests': False, 'cmake_args': None, 'cmake_clean_cache': False, 'cmake_clean_first': False, 'cmake_force_configure': False, 'cmake_target': None, 'cmake_target_skip_unavailable': False, 'install_base': '/home/evanw/Desktop/uwrt/challenge_ws/install/challenge_package', 'merge_install': False, 'path': '/home/evanw/Desktop/uwrt/challenge_ws/src/challenge_package', 'symlink_install': False, 'test_result_base': None}
[0.431s] INFO:colcon.colcon_core.executor:Executing jobs using 'parallel' executor
[0.435s] DEBUG:colcon.colcon_parallel_executor.executor.parallel:run_until_complete
[0.436s] INFO:colcon.colcon_ros.task.ament_cmake.build:Building ROS package in '/home/evanw/Desktop/uwrt/challenge_ws/src/challenge_package' with build type 'ament_cmake'
[0.436s] INFO:colcon.colcon_cmake.task.cmake.build:Building CMake package in '/home/evanw/Desktop/uwrt/challenge_ws/src/challenge_package'
[0.441s] INFO:colcon.colcon_core.plugin_system:Skipping extension 'colcon_core.shell.bat': Not used on non-Windows systems
[0.441s] INFO:colcon.colcon_core.shell:Skip shell extension 'powershell' for command environment: Not usable outside of PowerShell
[0.442s] DEBUG:colcon.colcon_core.shell:Skip shell extension 'dsv' for command environment
[0.455s] DEBUG:colcon.colcon_core.event_handler.log_command:Invoking command in '/home/evanw/Desktop/uwrt/challenge_ws/build/challenge_package': CMAKE_PREFIX_PATH=${CMAKE_PREFIX_PATH}:/opt/ros/galactic /usr/bin/cmake --build /home/evanw/Desktop/uwrt/challenge_ws/build/challenge_package -- -j8 -l8
[4.869s] DEBUG:colcon.colcon_core.event_handler.log_command:Invoked command in '/home/evanw/Desktop/uwrt/challenge_ws/build/challenge_package' returned '0': CMAKE_PREFIX_PATH=${CMAKE_PREFIX_PATH}:/opt/ros/galactic /usr/bin/cmake --build /home/evanw/Desktop/uwrt/challenge_ws/build/challenge_package -- -j8 -l8
[4.929s] DEBUG:colcon.colcon_core.event_handler.log_command:Invoking command in '/home/evanw/Desktop/uwrt/challenge_ws/build/challenge_package': CMAKE_PREFIX_PATH=${CMAKE_PREFIX_PATH}:/opt/ros/galactic /usr/bin/cmake --install /home/evanw/Desktop/uwrt/challenge_ws/build/challenge_package
[4.982s] Level 1:colcon.colcon_core.environment:create_environment_scripts_only(challenge_package)
[4.983s] DEBUG:colcon.colcon_core.event_handler.log_command:Invoked command in '/home/evanw/Desktop/uwrt/challenge_ws/build/challenge_package' returned '0': CMAKE_PREFIX_PATH=${CMAKE_PREFIX_PATH}:/opt/ros/galactic /usr/bin/cmake --install /home/evanw/Desktop/uwrt/challenge_ws/build/challenge_package
[4.987s] Level 1:colcon.colcon_core.environment:checking '/home/evanw/Desktop/uwrt/challenge_ws/install/challenge_package' for CMake module files
[4.988s] Level 1:colcon.colcon_core.environment:checking '/home/evanw/Desktop/uwrt/challenge_ws/install/challenge_package' for CMake config files
[4.988s] Level 1:colcon.colcon_core.shell:create_environment_hook('challenge_package', 'cmake_prefix_path')
[4.990s] INFO:colcon.colcon_core.shell:Creating environment hook '/home/evanw/Desktop/uwrt/challenge_ws/install/challenge_package/share/challenge_package/hook/cmake_prefix_path.ps1'
[4.991s] INFO:colcon.colcon_core.shell:Creating environment descriptor '/home/evanw/Desktop/uwrt/challenge_ws/install/challenge_package/share/challenge_package/hook/cmake_prefix_path.dsv'
[4.992s] INFO:colcon.colcon_core.shell:Creating environment hook '/home/evanw/Desktop/uwrt/challenge_ws/install/challenge_package/share/challenge_package/hook/cmake_prefix_path.sh'
[4.993s] Level 1:colcon.colcon_core.environment:checking '/home/evanw/Desktop/uwrt/challenge_ws/install/challenge_package/lib'
[4.993s] Level 1:colcon.colcon_core.shell:create_environment_hook('challenge_package', 'ld_library_path_lib')
[4.994s] INFO:colcon.colcon_core.shell:Creating environment hook '/home/evanw/Desktop/uwrt/challenge_ws/install/challenge_package/share/challenge_package/hook/ld_library_path_lib.ps1'
[4.995s] INFO:colcon.colcon_core.shell:Creating environment descriptor '/home/evanw/Desktop/uwrt/challenge_ws/install/challenge_package/share/challenge_package/hook/ld_library_path_lib.dsv'
[4.995s] INFO:colcon.colcon_core.shell:Creating environment hook '/home/evanw/Desktop/uwrt/challenge_ws/install/challenge_package/share/challenge_package/hook/ld_library_path_lib.sh'
[4.995s] Level 1:colcon.colcon_core.environment:checking '/home/evanw/Desktop/uwrt/challenge_ws/install/challenge_package/bin'
[4.995s] Level 1:colcon.colcon_core.environment:checking '/home/evanw/Desktop/uwrt/challenge_ws/install/challenge_package/lib/pkgconfig/challenge_package.pc'
[4.996s] Level 1:colcon.colcon_core.environment:checking '/home/evanw/Desktop/uwrt/challenge_ws/install/challenge_package/lib/python3.8/site-packages'
[4.996s] Level 1:colcon.colcon_core.shell:create_environment_hook('challenge_package', 'pythonpath')
[4.997s] INFO:colcon.colcon_core.shell:Creating environment hook '/home/evanw/Desktop/uwrt/challenge_ws/install/challenge_package/share/challenge_package/hook/pythonpath.ps1'
[4.997s] INFO:colcon.colcon_core.shell:Creating environment descriptor '/home/evanw/Desktop/uwrt/challenge_ws/install/challenge_package/share/challenge_package/hook/pythonpath.dsv'
[4.998s] INFO:colcon.colcon_core.shell:Creating environment hook '/home/evanw/Desktop/uwrt/challenge_ws/install/challenge_package/share/challenge_package/hook/pythonpath.sh'
[4.998s] Level 1:colcon.colcon_core.environment:checking '/home/evanw/Desktop/uwrt/challenge_ws/install/challenge_package/bin'
[4.999s] INFO:colcon.colcon_core.shell:Creating package script '/home/evanw/Desktop/uwrt/challenge_ws/install/challenge_package/share/challenge_package/package.ps1'
[5.000s] INFO:colcon.colcon_core.shell:Creating package descriptor '/home/evanw/Desktop/uwrt/challenge_ws/install/challenge_package/share/challenge_package/package.dsv'
[5.000s] INFO:colcon.colcon_core.shell:Creating package script '/home/evanw/Desktop/uwrt/challenge_ws/install/challenge_package/share/challenge_package/package.sh'
[5.001s] INFO:colcon.colcon_core.shell:Creating package script '/home/evanw/Desktop/uwrt/challenge_ws/install/challenge_package/share/challenge_package/package.bash'
[5.001s] INFO:colcon.colcon_core.shell:Creating package script '/home/evanw/Desktop/uwrt/challenge_ws/install/challenge_package/share/challenge_package/package.zsh'
[5.002s] Level 1:colcon.colcon_core.environment:create_file_with_runtime_dependencies(/home/evanw/Desktop/uwrt/challenge_ws/install/challenge_package/share/colcon-core/packages/challenge_package)
[5.046s] Level 1:colcon.colcon_core.environment:create_environment_scripts_only(challenge_package)
[5.048s] Level 1:colcon.colcon_core.environment:checking '/home/evanw/Desktop/uwrt/challenge_ws/install/challenge_package' for CMake module files
[5.049s] Level 1:colcon.colcon_core.environment:checking '/home/evanw/Desktop/uwrt/challenge_ws/install/challenge_package' for CMake config files
[5.049s] Level 1:colcon.colcon_core.shell:create_environment_hook('challenge_package', 'cmake_prefix_path')
[5.051s] INFO:colcon.colcon_core.shell:Creating environment hook '/home/evanw/Desktop/uwrt/challenge_ws/install/challenge_package/share/challenge_package/hook/cmake_prefix_path.ps1'
[5.051s] INFO:colcon.colcon_core.shell:Creating environment descriptor '/home/evanw/Desktop/uwrt/challenge_ws/install/challenge_package/share/challenge_package/hook/cmake_prefix_path.dsv'
[5.052s] INFO:colcon.colcon_core.shell:Creating environment hook '/home/evanw/Desktop/uwrt/challenge_ws/install/challenge_package/share/challenge_package/hook/cmake_prefix_path.sh'
[5.052s] Level 1:colcon.colcon_core.environment:checking '/home/evanw/Desktop/uwrt/challenge_ws/install/challenge_package/lib'
[5.052s] Level 1:colcon.colcon_core.shell:create_environment_hook('challenge_package', 'ld_library_path_lib')
[5.054s] INFO:colcon.colcon_core.shell:Creating environment hook '/home/evanw/Desktop/uwrt/challenge_ws/install/challenge_package/share/challenge_package/hook/ld_library_path_lib.ps1'
[5.055s] INFO:colcon.colcon_core.shell:Creating environment descriptor '/home/evanw/Desktop/uwrt/challenge_ws/install/challenge_package/share/challenge_package/hook/ld_library_path_lib.dsv'
[5.055s] INFO:colcon.colcon_core.shell:Creating environment hook '/home/evanw/Desktop/uwrt/challenge_ws/install/challenge_package/share/challenge_package/hook/ld_library_path_lib.sh'
[5.056s] Level 1:colcon.colcon_core.environment:checking '/home/evanw/Desktop/uwrt/challenge_ws/install/challenge_package/bin'
[5.056s] Level 1:colcon.colcon_core.environment:checking '/home/evanw/Desktop/uwrt/challenge_ws/install/challenge_package/lib/pkgconfig/challenge_package.pc'
[5.056s] Level 1:colcon.colcon_core.environment:checking '/home/evanw/Desktop/uwrt/challenge_ws/install/challenge_package/lib/python3.8/site-packages'
[5.056s] Level 1:colcon.colcon_core.shell:create_environment_hook('challenge_package', 'pythonpath')
[5.059s] INFO:colcon.colcon_core.shell:Creating environment hook '/home/evanw/Desktop/uwrt/challenge_ws/install/challenge_package/share/challenge_package/hook/pythonpath.ps1'
[5.059s] INFO:colcon.colcon_core.shell:Creating environment descriptor '/home/evanw/Desktop/uwrt/challenge_ws/install/challenge_package/share/challenge_package/hook/pythonpath.dsv'
[5.060s] INFO:colcon.colcon_core.shell:Creating environment hook '/home/evanw/Desktop/uwrt/challenge_ws/install/challenge_package/share/challenge_package/hook/pythonpath.sh'
[5.060s] Level 1:colcon.colcon_core.environment:checking '/home/evanw/Desktop/uwrt/challenge_ws/install/challenge_package/bin'
[5.062s] INFO:colcon.colcon_core.shell:Creating package script '/home/evanw/Desktop/uwrt/challenge_ws/install/challenge_package/share/challenge_package/package.ps1'
[5.063s] INFO:colcon.colcon_core.shell:Creating package descriptor '/home/evanw/Desktop/uwrt/challenge_ws/install/challenge_package/share/challenge_package/package.dsv'
[5.063s] INFO:colcon.colcon_core.shell:Creating package script '/home/evanw/Desktop/uwrt/challenge_ws/install/challenge_package/share/challenge_package/package.sh'
[5.064s] INFO:colcon.colcon_core.shell:Creating package script '/home/evanw/Desktop/uwrt/challenge_ws/install/challenge_package/share/challenge_package/package.bash'
[5.064s] INFO:colcon.colcon_core.shell:Creating package script '/home/evanw/Desktop/uwrt/challenge_ws/install/challenge_package/share/challenge_package/package.zsh'
[5.064s] Level 1:colcon.colcon_core.environment:create_file_with_runtime_dependencies(/home/evanw/Desktop/uwrt/challenge_ws/install/challenge_package/share/colcon-core/packages/challenge_package)
[5.065s] DEBUG:colcon.colcon_parallel_executor.executor.parallel:closing loop
[5.065s] DEBUG:colcon.colcon_parallel_executor.executor.parallel:loop closed
[5.065s] DEBUG:colcon.colcon_parallel_executor.executor.parallel:run_until_complete finished with '0'
[5.065s] DEBUG:colcon.colcon_core.event_reactor:joining thread
[5.076s] INFO:colcon.colcon_core.plugin_system:Skipping extension 'colcon_notification.desktop_notification.terminal_notifier': Not used on non-Darwin systems
[5.077s] INFO:colcon.colcon_core.plugin_system:Skipping extension 'colcon_notification.desktop_notification.win32': Not used on non-Windows systems
[5.077s] INFO:colcon.colcon_notification.desktop_notification:Sending desktop notification using 'notify2'
[5.109s] DEBUG:colcon.colcon_core.event_reactor:joined thread
[5.112s] INFO:colcon.colcon_core.shell:Creating prefix script '/home/evanw/Desktop/uwrt/challenge_ws/install/local_setup.ps1'
[5.114s] INFO:colcon.colcon_core.shell:Creating prefix util module '/home/evanw/Desktop/uwrt/challenge_ws/install/_local_setup_util_ps1.py'
[5.117s] INFO:colcon.colcon_core.shell:Creating prefix chain script '/home/evanw/Desktop/uwrt/challenge_ws/install/setup.ps1'
[5.119s] INFO:colcon.colcon_core.shell:Creating prefix script '/home/evanw/Desktop/uwrt/challenge_ws/install/local_setup.sh'
[5.120s] INFO:colcon.colcon_core.shell:Creating prefix util module '/home/evanw/Desktop/uwrt/challenge_ws/install/_local_setup_util_sh.py'
[5.121s] INFO:colcon.colcon_core.shell:Creating prefix chain script '/home/evanw/Desktop/uwrt/challenge_ws/install/setup.sh'
[5.123s] INFO:colcon.colcon_core.shell:Creating prefix script '/home/evanw/Desktop/uwrt/challenge_ws/install/local_setup.bash'
[5.124s] INFO:colcon.colcon_core.shell:Creating prefix chain script '/home/evanw/Desktop/uwrt/challenge_ws/install/setup.bash'
[5.127s] INFO:colcon.colcon_core.shell:Creating prefix script '/home/evanw/Desktop/uwrt/challenge_ws/install/local_setup.zsh'
[5.128s] INFO:colcon.colcon_core.shell:Creating prefix chain script '/home/evanw/Desktop/uwrt/challenge_ws/install/setup.zsh'
