[0.019s] Invoking command in '/home/evanw/Desktop/uwrt/challenge_ws/build/challenge_package': CMAKE_PREFIX_PATH=${CMAKE_PREFIX_PATH}:/opt/ros/galactic /usr/bin/cmake --build /home/evanw/Desktop/uwrt/challenge_ws/build/challenge_package -- -j8 -l8
[0.064s] [35m[1mScanning dependencies of target circle_turtle_service[0m
[0.075s] [  2%] Built target challenge_package__cpp
[0.078s] [ 11%] Built target challenge_package__rosidl_generator_c
[0.117s] [ 20%] Built target challenge_package__rosidl_typesupport_introspection_cpp
[0.121s] [ 22%] [32mBuilding CXX object CMakeFiles/circle_turtle_service.dir/src/move_circle.cpp.o[0m
[0.131s] [ 31%] Built target challenge_package__rosidl_typesupport_fastrtps_cpp
[0.133s] [ 40%] Built target challenge_package__rosidl_typesupport_c
[0.140s] [ 48%] Built target challenge_package__rosidl_typesupport_introspection_c
[0.150s] [ 57%] Built target challenge_package__rosidl_typesupport_cpp
[0.207s] [ 65%] Built target challenge_package__rosidl_typesupport_fastrtps_c
[0.242s] [ 65%] Built target challenge_package
[0.268s] [ 68%] Built target challenge_package__py
[0.275s] [ 74%] Built target clear_turtle_listener
[0.295s] [ 80%] Built target challenge_package__python
[0.334s] [ 91%] Built target challenge_package__rosidl_typesupport_c__pyext
[0.334s] [ 91%] Built target challenge_package__rosidl_typesupport_introspection_c__pyext
[0.337s] [ 97%] Built target challenge_package__rosidl_typesupport_fastrtps_c__pyext
[2.040s] [01m[K/home/evanw/Desktop/uwrt/challenge_ws/src/challenge_package/src/move_circle.cpp:[m[K In member function ‘[01m[Kvoid MoveTurtleCircularService::handle_move_req(std::shared_ptr<std_srvs::srv::Trigger_Request_<std::allocator<void> > >, std::shared_ptr<std_srvs::srv::Trigger_Response_<std::allocator<void> > >)[m[K’:
[2.041s] [01m[K/home/evanw/Desktop/uwrt/challenge_ws/src/challenge_package/src/move_circle.cpp:43:53:[m[K [01;35m[Kwarning: [m[Kunused parameter ‘[01m[Krequest[m[K’ [[01;35m[K-Wunused-parameter[m[K]
[2.041s]    43 |         [01;35m[Kconst std::shared_ptr<trigger_srv::Request> request[m[K, std::shared_ptr<std_srvs::srv::Trigger::Response> response
[2.041s]       |         [01;35m[K~~~~~~~~~~~~~~~~~~~~~~~~~~~~~~~~~~~~~~~~~~~~^~~~~~~[m[K
[4.242s] [100%] [32m[1mLinking CXX executable circle_turtle_service[0m
[4.417s] [100%] Built target circle_turtle_service
[4.431s] Invoked command in '/home/evanw/Desktop/uwrt/challenge_ws/build/challenge_package' returned '0': CMAKE_PREFIX_PATH=${CMAKE_PREFIX_PATH}:/opt/ros/galactic /usr/bin/cmake --build /home/evanw/Desktop/uwrt/challenge_ws/build/challenge_package -- -j8 -l8
[4.492s] Invoking command in '/home/evanw/Desktop/uwrt/challenge_ws/build/challenge_package': CMAKE_PREFIX_PATH=${CMAKE_PREFIX_PATH}:/opt/ros/galactic /usr/bin/cmake --install /home/evanw/Desktop/uwrt/challenge_ws/build/challenge_package
[4.500s] -- Install configuration: ""
[4.500s] -- Up-to-date: /home/evanw/Desktop/uwrt/challenge_ws/install/challenge_package/share/ament_index/resource_index/rosidl_interfaces/challenge_package
[4.500s] -- Up-to-date: /home/evanw/Desktop/uwrt/challenge_ws/install/challenge_package/include/challenge_package
[4.500s] -- Up-to-date: /home/evanw/Desktop/uwrt/challenge_ws/install/challenge_package/include/challenge_package/msg
[4.500s] -- Up-to-date: /home/evanw/Desktop/uwrt/challenge_ws/install/challenge_package/include/challenge_package/msg/rosidl_generator_c__visibility_control.h
[4.500s] -- Up-to-date: /home/evanw/Desktop/uwrt/challenge_ws/install/challenge_package/include/challenge_package/msg/names.h
[4.500s] -- Up-to-date: /home/evanw/Desktop/uwrt/challenge_ws/install/challenge_package/include/challenge_package/msg/detail
[4.500s] -- Up-to-date: /home/evanw/Desktop/uwrt/challenge_ws/install/challenge_package/include/challenge_package/msg/detail/names__functions.h
[4.500s] -- Up-to-date: /home/evanw/Desktop/uwrt/challenge_ws/install/challenge_package/include/challenge_package/msg/detail/names__struct.h
[4.501s] -- Up-to-date: /home/evanw/Desktop/uwrt/challenge_ws/install/challenge_package/include/challenge_package/msg/detail/names__functions.c
[4.501s] -- Up-to-date: /home/evanw/Desktop/uwrt/challenge_ws/install/challenge_package/include/challenge_package/msg/detail/names__type_support.h
[4.501s] -- Up-to-date: /home/evanw/Desktop/uwrt/challenge_ws/install/challenge_package/share/challenge_package/environment/library_path.sh
[4.501s] -- Up-to-date: /home/evanw/Desktop/uwrt/challenge_ws/install/challenge_package/share/challenge_package/environment/library_path.dsv
[4.501s] -- Up-to-date: /home/evanw/Desktop/uwrt/challenge_ws/install/challenge_package/lib/libchallenge_package__rosidl_generator_c.so
[4.501s] -- Up-to-date: /home/evanw/Desktop/uwrt/challenge_ws/install/challenge_package/include/challenge_package
[4.501s] -- Up-to-date: /home/evanw/Desktop/uwrt/challenge_ws/install/challenge_package/include/challenge_package/msg
[4.501s] -- Up-to-date: /home/evanw/Desktop/uwrt/challenge_ws/install/challenge_package/include/challenge_package/msg/rosidl_typesupport_fastrtps_c__visibility_control.h
[4.501s] -- Up-to-date: /home/evanw/Desktop/uwrt/challenge_ws/install/challenge_package/include/challenge_package/msg/detail
[4.501s] -- Up-to-date: /home/evanw/Desktop/uwrt/challenge_ws/install/challenge_package/include/challenge_package/msg/detail/names__rosidl_typesupport_fastrtps_c.h
[4.501s] -- Up-to-date: /home/evanw/Desktop/uwrt/challenge_ws/install/challenge_package/lib/libchallenge_package__rosidl_typesupport_fastrtps_c.so
[4.501s] -- Up-to-date: /home/evanw/Desktop/uwrt/challenge_ws/install/challenge_package/include/challenge_package
[4.501s] -- Up-to-date: /home/evanw/Desktop/uwrt/challenge_ws/install/challenge_package/include/challenge_package/msg
[4.501s] -- Up-to-date: /home/evanw/Desktop/uwrt/challenge_ws/install/challenge_package/include/challenge_package/msg/rosidl_typesupport_fastrtps_cpp__visibility_control.h
[4.502s] -- Up-to-date: /home/evanw/Desktop/uwrt/challenge_ws/install/challenge_package/include/challenge_package/msg/detail
[4.502s] -- Up-to-date: /home/evanw/Desktop/uwrt/challenge_ws/install/challenge_package/include/challenge_package/msg/detail/names__rosidl_typesupport_fastrtps_cpp.hpp
[4.502s] -- Up-to-date: /home/evanw/Desktop/uwrt/challenge_ws/install/challenge_package/include/challenge_package/msg/detail/dds_fastrtps
[4.502s] -- Up-to-date: /home/evanw/Desktop/uwrt/challenge_ws/install/challenge_package/lib/libchallenge_package__rosidl_typesupport_fastrtps_cpp.so
[4.502s] -- Up-to-date: /home/evanw/Desktop/uwrt/challenge_ws/install/challenge_package/include/challenge_package
[4.502s] -- Up-to-date: /home/evanw/Desktop/uwrt/challenge_ws/install/challenge_package/include/challenge_package/msg
[4.502s] -- Up-to-date: /home/evanw/Desktop/uwrt/challenge_ws/install/challenge_package/include/challenge_package/msg/rosidl_typesupport_introspection_c__visibility_control.h
[4.502s] -- Up-to-date: /home/evanw/Desktop/uwrt/challenge_ws/install/challenge_package/include/challenge_package/msg/detail
[4.502s] -- Up-to-date: /home/evanw/Desktop/uwrt/challenge_ws/install/challenge_package/include/challenge_package/msg/detail/names__type_support.c
[4.502s] -- Up-to-date: /home/evanw/Desktop/uwrt/challenge_ws/install/challenge_package/include/challenge_package/msg/detail/names__rosidl_typesupport_introspection_c.h
[4.502s] -- Up-to-date: /home/evanw/Desktop/uwrt/challenge_ws/install/challenge_package/lib/libchallenge_package__rosidl_typesupport_introspection_c.so
[4.502s] -- Up-to-date: /home/evanw/Desktop/uwrt/challenge_ws/install/challenge_package/lib/libchallenge_package__rosidl_typesupport_c.so
[4.502s] -- Up-to-date: /home/evanw/Desktop/uwrt/challenge_ws/install/challenge_package/include/challenge_package
[4.502s] -- Up-to-date: /home/evanw/Desktop/uwrt/challenge_ws/install/challenge_package/include/challenge_package/msg
[4.503s] -- Up-to-date: /home/evanw/Desktop/uwrt/challenge_ws/install/challenge_package/include/challenge_package/msg/names.hpp
[4.503s] -- Up-to-date: /home/evanw/Desktop/uwrt/challenge_ws/install/challenge_package/include/challenge_package/msg/detail
[4.503s] -- Up-to-date: /home/evanw/Desktop/uwrt/challenge_ws/install/challenge_package/include/challenge_package/msg/detail/names__struct.hpp
[4.503s] -- Up-to-date: /home/evanw/Desktop/uwrt/challenge_ws/install/challenge_package/include/challenge_package/msg/detail/names__builder.hpp
[4.503s] -- Up-to-date: /home/evanw/Desktop/uwrt/challenge_ws/install/challenge_package/include/challenge_package/msg/detail/names__traits.hpp
[4.503s] -- Up-to-date: /home/evanw/Desktop/uwrt/challenge_ws/install/challenge_package/include/challenge_package
[4.503s] -- Up-to-date: /home/evanw/Desktop/uwrt/challenge_ws/install/challenge_package/include/challenge_package/msg
[4.503s] -- Up-to-date: /home/evanw/Desktop/uwrt/challenge_ws/install/challenge_package/include/challenge_package/msg/detail
[4.503s] -- Up-to-date: /home/evanw/Desktop/uwrt/challenge_ws/install/challenge_package/include/challenge_package/msg/detail/names__type_support.cpp
[4.503s] -- Up-to-date: /home/evanw/Desktop/uwrt/challenge_ws/install/challenge_package/include/challenge_package/msg/detail/names__rosidl_typesupport_introspection_cpp.hpp
[4.503s] -- Up-to-date: /home/evanw/Desktop/uwrt/challenge_ws/install/challenge_package/lib/libchallenge_package__rosidl_typesupport_introspection_cpp.so
[4.503s] -- Up-to-date: /home/evanw/Desktop/uwrt/challenge_ws/install/challenge_package/lib/libchallenge_package__rosidl_typesupport_cpp.so
[4.503s] -- Up-to-date: /home/evanw/Desktop/uwrt/challenge_ws/install/challenge_package/share/challenge_package/environment/pythonpath.sh
[4.504s] -- Up-to-date: /home/evanw/Desktop/uwrt/challenge_ws/install/challenge_package/share/challenge_package/environment/pythonpath.dsv
[4.504s] -- Up-to-date: /home/evanw/Desktop/uwrt/challenge_ws/install/challenge_package/lib/python3.8/site-packages/challenge_package/__init__.py
[4.535s] -- Up-to-date: /home/evanw/Desktop/uwrt/challenge_ws/install/challenge_package/lib/python3.8/site-packages/challenge_package/msg
[4.535s] -- Up-to-date: /home/evanw/Desktop/uwrt/challenge_ws/install/challenge_package/lib/python3.8/site-packages/challenge_package/msg/__init__.py
[4.536s] -- Up-to-date: /home/evanw/Desktop/uwrt/challenge_ws/install/challenge_package/lib/python3.8/site-packages/challenge_package/msg/_names.py
[4.536s] -- Up-to-date: /home/evanw/Desktop/uwrt/challenge_ws/install/challenge_package/lib/python3.8/site-packages/challenge_package/msg/_names_s.c
[4.536s] -- Up-to-date: /home/evanw/Desktop/uwrt/challenge_ws/install/challenge_package/lib/python3.8/site-packages/challenge_package/challenge_package_s__rosidl_typesupport_fastrtps_c.cpython-38-x86_64-linux-gnu.so
[4.536s] -- Up-to-date: /home/evanw/Desktop/uwrt/challenge_ws/install/challenge_package/lib/python3.8/site-packages/challenge_package/challenge_package_s__rosidl_typesupport_introspection_c.cpython-38-x86_64-linux-gnu.so
[4.537s] -- Up-to-date: /home/evanw/Desktop/uwrt/challenge_ws/install/challenge_package/lib/python3.8/site-packages/challenge_package/challenge_package_s__rosidl_typesupport_c.cpython-38-x86_64-linux-gnu.so
[4.538s] -- Up-to-date: /home/evanw/Desktop/uwrt/challenge_ws/install/challenge_package/lib/libchallenge_package__python.so
[4.538s] -- Up-to-date: /home/evanw/Desktop/uwrt/challenge_ws/install/challenge_package/share/challenge_package/msg/Names.idl
[4.538s] -- Up-to-date: /home/evanw/Desktop/uwrt/challenge_ws/install/challenge_package/share/challenge_package/msg/Names.msg
[4.538s] -- Up-to-date: /home/evanw/Desktop/uwrt/challenge_ws/install/challenge_package/lib/challenge_package/clear_turtle_listener
[4.538s] -- Installing: /home/evanw/Desktop/uwrt/challenge_ws/install/challenge_package/lib/challenge_package/circle_turtle_service
[4.540s] -- Set runtime path of "/home/evanw/Desktop/uwrt/challenge_ws/install/challenge_package/lib/challenge_package/circle_turtle_service" to ""
[4.540s] -- Up-to-date: /home/evanw/Desktop/uwrt/challenge_ws/install/challenge_package/share/ament_index/resource_index/package_run_dependencies/challenge_package
[4.540s] -- Up-to-date: /home/evanw/Desktop/uwrt/challenge_ws/install/challenge_package/share/ament_index/resource_index/parent_prefix_path/challenge_package
[4.540s] -- Up-to-date: /home/evanw/Desktop/uwrt/challenge_ws/install/challenge_package/share/challenge_package/environment/ament_prefix_path.sh
[4.541s] -- Up-to-date: /home/evanw/Desktop/uwrt/challenge_ws/install/challenge_package/share/challenge_package/environment/ament_prefix_path.dsv
[4.541s] -- Up-to-date: /home/evanw/Desktop/uwrt/challenge_ws/install/challenge_package/share/challenge_package/environment/path.sh
[4.541s] -- Up-to-date: /home/evanw/Desktop/uwrt/challenge_ws/install/challenge_package/share/challenge_package/environment/path.dsv
[4.541s] -- Up-to-date: /home/evanw/Desktop/uwrt/challenge_ws/install/challenge_package/share/challenge_package/local_setup.bash
[4.541s] -- Up-to-date: /home/evanw/Desktop/uwrt/challenge_ws/install/challenge_package/share/challenge_package/local_setup.sh
[4.541s] -- Up-to-date: /home/evanw/Desktop/uwrt/challenge_ws/install/challenge_package/share/challenge_package/local_setup.zsh
[4.541s] -- Up-to-date: /home/evanw/Desktop/uwrt/challenge_ws/install/challenge_package/share/challenge_package/local_setup.dsv
[4.541s] -- Installing: /home/evanw/Desktop/uwrt/challenge_ws/install/challenge_package/share/challenge_package/package.dsv
[4.541s] -- Up-to-date: /home/evanw/Desktop/uwrt/challenge_ws/install/challenge_package/share/ament_index/resource_index/packages/challenge_package
[4.541s] -- Up-to-date: /home/evanw/Desktop/uwrt/challenge_ws/install/challenge_package/share/challenge_package/cmake/challenge_package__rosidl_generator_cExport.cmake
[4.541s] -- Up-to-date: /home/evanw/Desktop/uwrt/challenge_ws/install/challenge_package/share/challenge_package/cmake/challenge_package__rosidl_generator_cExport-noconfig.cmake
[4.542s] -- Up-to-date: /home/evanw/Desktop/uwrt/challenge_ws/install/challenge_package/share/challenge_package/cmake/challenge_package__rosidl_typesupport_introspection_cExport.cmake
[4.542s] -- Up-to-date: /home/evanw/Desktop/uwrt/challenge_ws/install/challenge_package/share/challenge_package/cmake/challenge_package__rosidl_typesupport_introspection_cExport-noconfig.cmake
[4.542s] -- Up-to-date: /home/evanw/Desktop/uwrt/challenge_ws/install/challenge_package/share/challenge_package/cmake/challenge_package__rosidl_typesupport_cExport.cmake
[4.542s] -- Up-to-date: /home/evanw/Desktop/uwrt/challenge_ws/install/challenge_package/share/challenge_package/cmake/challenge_package__rosidl_typesupport_cExport-noconfig.cmake
[4.542s] -- Up-to-date: /home/evanw/Desktop/uwrt/challenge_ws/install/challenge_package/share/challenge_package/cmake/challenge_package__rosidl_generator_cppExport.cmake
[4.542s] -- Up-to-date: /home/evanw/Desktop/uwrt/challenge_ws/install/challenge_package/share/challenge_package/cmake/challenge_package__rosidl_typesupport_introspection_cppExport.cmake
[4.542s] -- Up-to-date: /home/evanw/Desktop/uwrt/challenge_ws/install/challenge_package/share/challenge_package/cmake/challenge_package__rosidl_typesupport_introspection_cppExport-noconfig.cmake
[4.543s] -- Up-to-date: /home/evanw/Desktop/uwrt/challenge_ws/install/challenge_package/share/challenge_package/cmake/challenge_package__rosidl_typesupport_cppExport.cmake
[4.543s] -- Up-to-date: /home/evanw/Desktop/uwrt/challenge_ws/install/challenge_package/share/challenge_package/cmake/challenge_package__rosidl_typesupport_cppExport-noconfig.cmake
[4.543s] -- Up-to-date: /home/evanw/Desktop/uwrt/challenge_ws/install/challenge_package/share/challenge_package/cmake/rosidl_cmake-extras.cmake
[4.543s] -- Up-to-date: /home/evanw/Desktop/uwrt/challenge_ws/install/challenge_package/share/challenge_package/cmake/ament_cmake_export_dependencies-extras.cmake
[4.543s] -- Up-to-date: /home/evanw/Desktop/uwrt/challenge_ws/install/challenge_package/share/challenge_package/cmake/ament_cmake_export_libraries-extras.cmake
[4.543s] -- Up-to-date: /home/evanw/Desktop/uwrt/challenge_ws/install/challenge_package/share/challenge_package/cmake/ament_cmake_export_targets-extras.cmake
[4.543s] -- Up-to-date: /home/evanw/Desktop/uwrt/challenge_ws/install/challenge_package/share/challenge_package/cmake/ament_cmake_export_include_directories-extras.cmake
[4.543s] -- Up-to-date: /home/evanw/Desktop/uwrt/challenge_ws/install/challenge_package/share/challenge_package/cmake/rosidl_cmake_export_typesupport_libraries-extras.cmake
[4.544s] -- Up-to-date: /home/evanw/Desktop/uwrt/challenge_ws/install/challenge_package/share/challenge_package/cmake/rosidl_cmake_export_typesupport_targets-extras.cmake
[4.544s] -- Up-to-date: /home/evanw/Desktop/uwrt/challenge_ws/install/challenge_package/share/challenge_package/cmake/challenge_packageConfig.cmake
[4.544s] -- Up-to-date: /home/evanw/Desktop/uwrt/challenge_ws/install/challenge_package/share/challenge_package/cmake/challenge_packageConfig-version.cmake
[4.544s] -- Up-to-date: /home/evanw/Desktop/uwrt/challenge_ws/install/challenge_package/share/challenge_package/package.xml
[4.546s] Invoked command in '/home/evanw/Desktop/uwrt/challenge_ws/build/challenge_package' returned '0': CMAKE_PREFIX_PATH=${CMAKE_PREFIX_PATH}:/opt/ros/galactic /usr/bin/cmake --install /home/evanw/Desktop/uwrt/challenge_ws/build/challenge_package
