[0.016s] Invoking command in '/home/evanw/Desktop/uwrt/challenge_ws/build/challenge_package': CMAKE_PREFIX_PATH=/opt/ros/galactic /usr/bin/cmake /home/evanw/Desktop/uwrt/challenge_ws/src/challenge_package -DCMAKE_INSTALL_PREFIX=/home/evanw/Desktop/uwrt/challenge_ws/install/challenge_package
[0.029s] -- Found ament_cmake: 1.1.6 (/opt/ros/galactic/share/ament_cmake/cmake)
[0.048s] -- Found PythonInterp: /usr/bin/python3 (found suitable version "3.8.10", minimum required is "3") 
[0.048s] -- Using PYTHON_EXECUTABLE: /usr/bin/python3
[0.107s] -- Found rclcpp: 9.2.2 (/opt/ros/galactic/share/rclcpp/cmake)
[0.146s] -- Using all available rosidl_typesupport_c: rosidl_typesupport_fastrtps_c;rosidl_typesupport_introspection_c
[0.149s] -- Found rosidl_adapter: 2.2.3 (/opt/ros/galactic/share/rosidl_adapter/cmake)
[0.256s] -- Using all available rosidl_typesupport_cpp: rosidl_typesupport_fastrtps_cpp;rosidl_typesupport_introspection_cpp
[0.305s] -- Found rmw_implementation_cmake: 3.3.1 (/opt/ros/galactic/share/rmw_implementation_cmake/cmake)
[0.307s] -- Found rmw_cyclonedds_cpp: 0.22.6 (/opt/ros/galactic/share/rmw_cyclonedds_cpp/cmake)
[0.326s] -- Using RMW implementation 'rmw_cyclonedds_cpp' as default
[0.464s] -- Found turtlesim: 1.3.4 (/opt/ros/galactic/share/turtlesim/cmake)
[0.556s] -- Found rclcpp_components: 9.2.2 (/opt/ros/galactic/share/rclcpp_components/cmake)
[0.610s] -- Found std_srvs: 2.2.4 (/opt/ros/galactic/share/std_srvs/cmake)
[0.620s] -- Found rclcpp_action: 9.2.2 (/opt/ros/galactic/share/rclcpp_action/cmake)
[0.655s] -- Found geometry_msgs: 2.2.4 (/opt/ros/galactic/share/geometry_msgs/cmake)
[0.690s] -- Found rosidl_default_generators: 1.1.1 (/opt/ros/galactic/share/rosidl_default_generators/cmake)
[0.722s] -- Found PythonInterp: /usr/bin/python3 (found version "3.8.10") 
[0.831s] -- Found ament_cmake_ros: 0.9.2 (/opt/ros/galactic/share/ament_cmake_ros/cmake)
[0.921s] -- Using all available rosidl_typesupport_c: rosidl_typesupport_fastrtps_c;rosidl_typesupport_introspection_c
[0.930s] -- Using all available rosidl_typesupport_cpp: rosidl_typesupport_fastrtps_cpp;rosidl_typesupport_introspection_cpp
[0.954s] -- Found PythonInterp: /usr/bin/python3 (found suitable version "3.8.10", minimum required is "3.5") 
[0.955s] -- Found python_cmake_module: 0.8.1 (/opt/ros/galactic/share/python_cmake_module/cmake)
[0.975s] -- Using PYTHON_EXECUTABLE: /usr/bin/python3
[0.975s] -- Using PYTHON_INCLUDE_DIRS: /usr/include/python3.8
[0.975s] -- Using PYTHON_LIBRARIES: /usr/lib/x86_64-linux-gnu/libpython3.8.so
[0.987s] -- Found ament_lint_auto: 0.10.7 (/opt/ros/galactic/share/ament_lint_auto/cmake)
[0.997s] -- Added test 'copyright' to check source files copyright and LICENSE
[0.998s] -- Added test 'cppcheck' to perform static code analysis on C / C++ code
[0.999s] -- Configured cppcheck include dirs: 
[0.999s] -- Configured cppcheck exclude dirs and/or files: 
[1.000s] -- Added test 'cpplint' to check C / C++ code against the Google style
[1.000s] -- Configured cpplint exclude dirs and/or files: 
[1.001s] -- Added test 'lint_cmake' to check CMake code style
[1.001s] -- Added test 'uncrustify' to check C / C++ code style
[1.001s] -- Configured uncrustify additional arguments: 
[1.002s] -- Added test 'xmllint' to check XML markup files
[1.006s] -- Configuring done
[1.044s] -- Generating done
[1.047s] -- Build files have been written to: /home/evanw/Desktop/uwrt/challenge_ws/build/challenge_package
[1.059s] Invoked command in '/home/evanw/Desktop/uwrt/challenge_ws/build/challenge_package' returned '0': CMAKE_PREFIX_PATH=/opt/ros/galactic /usr/bin/cmake /home/evanw/Desktop/uwrt/challenge_ws/src/challenge_package -DCMAKE_INSTALL_PREFIX=/home/evanw/Desktop/uwrt/challenge_ws/install/challenge_package
[1.062s] Invoking command in '/home/evanw/Desktop/uwrt/challenge_ws/build/challenge_package': CMAKE_PREFIX_PATH=/opt/ros/galactic /usr/bin/cmake --build /home/evanw/Desktop/uwrt/challenge_ws/build/challenge_package -- -j8 -l8
[1.103s] [  3%] [34m[1mGenerating C code for ROS interfaces[0m
[1.104s] [35m[1mScanning dependencies of target challenge_package__cpp[0m
[1.104s] [35m[1mScanning dependencies of target clear_turtle_listener[0m
[1.117s] [  6%] [34m[1mGenerating C++ code for ROS interfaces[0m
[1.190s] [  9%] [32mBuilding CXX object CMakeFiles/clear_turtle_listener.dir/src/clear_turtles.cpp.o[0m
[1.355s] [01m[K/home/evanw/Desktop/uwrt/challenge_ws/src/challenge_package/src/clear_turtles.cpp:6:10:[m[K [01;31m[Kfatal error: [m[Kchallenge_package/msg/names.hpp: No such file or directory
[1.356s]     6 | #include [01;31m[K"challenge_package/msg/names.hpp"[m[K
[1.356s]       |          [01;31m[K^~~~~~~~~~~~~~~~~~~~~~~~~~~~~~~~~[m[K
[1.356s] compilation terminated.
[1.359s] make[2]: *** [CMakeFiles/clear_turtle_listener.dir/build.make:63: CMakeFiles/clear_turtle_listener.dir/src/clear_turtles.cpp.o] Error 1
[1.359s] make[1]: *** [CMakeFiles/Makefile2:123: CMakeFiles/clear_turtle_listener.dir/all] Error 2
[1.359s] make[1]: *** Waiting for unfinished jobs....
[1.437s] [35m[1mScanning dependencies of target challenge_package__rosidl_generator_c[0m
[1.454s] [ 12%] [32mBuilding C object CMakeFiles/challenge_package__rosidl_generator_c.dir/rosidl_generator_c/challenge_package/msg/detail/names__functions.c.o[0m
[1.473s] [ 12%] Built target challenge_package__cpp
[1.503s] [ 15%] [32m[1mLinking C shared library libchallenge_package__rosidl_generator_c.so[0m
[1.534s] [ 15%] Built target challenge_package__rosidl_generator_c
[1.535s] make: *** [Makefile:141: all] Error 2
[1.537s] Invoked command in '/home/evanw/Desktop/uwrt/challenge_ws/build/challenge_package' returned '2': CMAKE_PREFIX_PATH=/opt/ros/galactic /usr/bin/cmake --build /home/evanw/Desktop/uwrt/challenge_ws/build/challenge_package -- -j8 -l8
