[0.015s] Invoking command in '/home/evanw/Desktop/uwrt/challenge_ws/build/challenge_package': CMAKE_PREFIX_PATH=/opt/ros/galactic /usr/bin/cmake /home/evanw/Desktop/uwrt/challenge_ws/src/challenge_package -DCMAKE_INSTALL_PREFIX=/home/evanw/Desktop/uwrt/challenge_ws/install/challenge_package
[0.189s] -- The C compiler identification is GNU 9.4.0
[0.321s] -- The CXX compiler identification is GNU 9.4.0
[0.329s] -- Check for working C compiler: /usr/bin/cc
[0.395s] -- Check for working C compiler: /usr/bin/cc -- works
[0.396s] -- Detecting C compiler ABI info
[0.461s] -- Detecting C compiler ABI info - done
[0.474s] -- Detecting C compile features
[0.475s] -- Detecting C compile features - done
[0.478s] -- Check for working CXX compiler: /usr/bin/c++
[0.556s] -- Check for working CXX compiler: /usr/bin/c++ -- works
[0.558s] -- Detecting CXX compiler ABI info
[0.638s] -- Detecting CXX compiler ABI info - done
[0.649s] -- Detecting CXX compile features
[0.649s] -- Detecting CXX compile features - done
[0.661s] -- Found ament_cmake: 1.1.6 (/opt/ros/galactic/share/ament_cmake/cmake)
[0.685s] -- Found PythonInterp: /usr/bin/python3 (found suitable version "3.8.10", minimum required is "3") 
[0.685s] -- Using PYTHON_EXECUTABLE: /usr/bin/python3
[0.770s] -- Found rclcpp: 9.2.2 (/opt/ros/galactic/share/rclcpp/cmake)
[0.828s] -- Using all available rosidl_typesupport_c: rosidl_typesupport_fastrtps_c;rosidl_typesupport_introspection_c
[0.835s] -- Found rosidl_adapter: 2.2.3 (/opt/ros/galactic/share/rosidl_adapter/cmake)
[0.930s] -- Found OpenSSL: /usr/lib/x86_64-linux-gnu/libcrypto.so (found version "1.1.1f")  
[0.958s] -- Found FastRTPS: /opt/ros/galactic/include  
[1.035s] -- Using all available rosidl_typesupport_cpp: rosidl_typesupport_fastrtps_cpp;rosidl_typesupport_introspection_cpp
[1.098s] -- Found rmw_implementation_cmake: 3.3.1 (/opt/ros/galactic/share/rmw_implementation_cmake/cmake)
[1.101s] -- Found rmw_cyclonedds_cpp: 0.22.6 (/opt/ros/galactic/share/rmw_cyclonedds_cpp/cmake)
[1.123s] -- Using RMW implementation 'rmw_cyclonedds_cpp' as default
[1.125s] -- Looking for pthread.h
[1.193s] -- Looking for pthread.h - found
[1.193s] -- Performing Test CMAKE_HAVE_LIBC_PTHREAD
[1.275s] -- Performing Test CMAKE_HAVE_LIBC_PTHREAD - Failed
[1.275s] -- Looking for pthread_create in pthreads
[1.331s] -- Looking for pthread_create in pthreads - not found
[1.331s] -- Looking for pthread_create in pthread
[1.398s] -- Looking for pthread_create in pthread - found
[1.399s] -- Found Threads: TRUE  
[1.576s] -- Found turtlesim: 1.3.4 (/opt/ros/galactic/share/turtlesim/cmake)
[1.695s] -- Found rclcpp_components: 9.2.2 (/opt/ros/galactic/share/rclcpp_components/cmake)
[1.759s] -- Found std_srvs: 2.2.4 (/opt/ros/galactic/share/std_srvs/cmake)
[1.770s] -- Found rclcpp_action: 9.2.2 (/opt/ros/galactic/share/rclcpp_action/cmake)
[1.802s] -- Found geometry_msgs: 2.2.4 (/opt/ros/galactic/share/geometry_msgs/cmake)
[1.841s] -- Found rosidl_default_generators: 1.1.1 (/opt/ros/galactic/share/rosidl_default_generators/cmake)
[1.875s] -- Found PythonInterp: /usr/bin/python3 (found version "3.8.10") 
[1.999s] -- Found ament_cmake_ros: 0.9.2 (/opt/ros/galactic/share/ament_cmake_ros/cmake)
[2.109s] -- Using all available rosidl_typesupport_c: rosidl_typesupport_fastrtps_c;rosidl_typesupport_introspection_c
[2.117s] -- Using all available rosidl_typesupport_cpp: rosidl_typesupport_fastrtps_cpp;rosidl_typesupport_introspection_cpp
[2.144s] -- Found PythonInterp: /usr/bin/python3 (found suitable version "3.8.10", minimum required is "3.5") 
[2.146s] -- Found python_cmake_module: 0.8.1 (/opt/ros/galactic/share/python_cmake_module/cmake)
[2.171s] -- Found PythonLibs: /usr/lib/x86_64-linux-gnu/libpython3.8.so (found suitable version "3.8.10", minimum required is "3.5") 
[2.172s] -- Using PYTHON_EXECUTABLE: /usr/bin/python3
[2.172s] -- Using PYTHON_INCLUDE_DIRS: /usr/include/python3.8
[2.172s] -- Using PYTHON_LIBRARIES: /usr/lib/x86_64-linux-gnu/libpython3.8.so
[2.193s] -- Found PythonExtra: .so  
[2.244s] -- Found ament_lint_auto: 0.10.7 (/opt/ros/galactic/share/ament_lint_auto/cmake)
[2.272s] -- Added test 'copyright' to check source files copyright and LICENSE
[2.273s] -- Added test 'cppcheck' to perform static code analysis on C / C++ code
[2.274s] -- Configured cppcheck include dirs: 
[2.274s] -- Configured cppcheck exclude dirs and/or files: 
[2.275s] -- Added test 'cpplint' to check C / C++ code against the Google style
[2.275s] -- Configured cpplint exclude dirs and/or files: 
[2.276s] -- Added test 'lint_cmake' to check CMake code style
[2.277s] -- Added test 'uncrustify' to check C / C++ code style
[2.277s] -- Configured uncrustify additional arguments: 
[2.278s] -- Added test 'xmllint' to check XML markup files
[2.283s] -- Configuring done
[2.284s] CMake Error at CMakeLists.txt:36 (add_executable):
[2.284s]   Cannot find source file:
[2.284s] 
[2.284s]     src/challenge_package/src/clear_turtles.cpp
[2.284s] 
[2.284s]   Tried extensions .c .C .c++ .cc .cpp .cxx .cu .m .M .mm .h .hh .h++ .hm
[2.284s]   .hpp .hxx .in .txx
[2.284s] 
[2.284s] 
[2.286s] CMake Error at CMakeLists.txt:36 (add_executable):
[2.286s]   No SOURCES given to target: clear_turtle_listener
[2.286s] 
[2.286s] 
[2.286s] CMake Generate step failed.  Build files cannot be regenerated correctly.
[2.296s] Invoked command in '/home/evanw/Desktop/uwrt/challenge_ws/build/challenge_package' returned '1': CMAKE_PREFIX_PATH=/opt/ros/galactic /usr/bin/cmake /home/evanw/Desktop/uwrt/challenge_ws/src/challenge_package -DCMAKE_INSTALL_PREFIX=/home/evanw/Desktop/uwrt/challenge_ws/install/challenge_package
