[0.400s] DEBUG:colcon:Command line arguments: ['/usr/bin/colcon', 'build', '--packages-select', 'software_training_assingment']
[0.400s] DEBUG:colcon:Parsed command line arguments: Namespace(ament_cmake_args=None, base_paths=['.'], build_base='build', catkin_cmake_args=None, catkin_skip_building_tests=False, cmake_args=None, cmake_clean_cache=False, cmake_clean_first=False, cmake_force_configure=False, cmake_target=None, cmake_target_skip_unavailable=False, continue_on_error=False, event_handlers=None, executor='parallel', ignore_user_meta=False, install_base='install', log_base=None, log_level=None, main=<bound method BuildVerb.main of <colcon_core.verb.build.BuildVerb object at 0x7f41f8d125e0>>, merge_install=False, metas=['./colcon.meta'], packages_above=None, packages_above_and_dependencies=None, packages_above_depth=None, packages_end=None, packages_ignore=None, packages_ignore_regex=None, packages_select=['software_training_assingment'], packages_select_build_failed=False, packages_select_by_dep=None, packages_select_regex=None, packages_select_test_failures=False, packages_skip=None, packages_skip_build_finished=False, packages_skip_by_dep=None, packages_skip_regex=None, packages_skip_test_passed=False, packages_skip_up_to=None, packages_start=None, packages_up_to=None, packages_up_to_regex=None, parallel_workers=8, paths=None, symlink_install=False, test_result_base=None, verb_extension=<colcon_core.verb.build.BuildVerb object at 0x7f41f8d125e0>, verb_name='build', verb_parser=<colcon_defaults.argument_parser.defaults.DefaultArgumentsDecorator object at 0x7f41f8d12b20>)
[0.408s] Level 1:colcon.colcon_core.package_discovery:discover_packages(colcon_meta) check parameters
[0.409s] Level 1:colcon.colcon_core.package_discovery:discover_packages(recursive) check parameters
[0.409s] Level 1:colcon.colcon_core.package_discovery:discover_packages(ignore) check parameters
[0.409s] Level 1:colcon.colcon_core.package_discovery:discover_packages(path) check parameters
[0.409s] Level 1:colcon.colcon_core.package_discovery:discover_packages(colcon_meta) discover
[0.409s] Level 1:colcon.colcon_core.package_discovery:discover_packages(recursive) discover
[0.409s] INFO:colcon.colcon_core.package_discovery:Crawling recursively for packages in '/home/alikasim/dev_ws/src/software_training_assingment'
[0.409s] Level 1:colcon.colcon_core.package_identification:_identify(.) by extensions ['ignore', 'ignore_ament_install']
[0.409s] Level 1:colcon.colcon_core.package_identification:_identify(.) by extension 'ignore'
[0.409s] Level 1:colcon.colcon_core.package_identification:_identify(.) by extension 'ignore_ament_install'
[0.409s] Level 1:colcon.colcon_core.package_identification:_identify(.) by extensions ['colcon_pkg']
[0.409s] Level 1:colcon.colcon_core.package_identification:_identify(.) by extension 'colcon_pkg'
[0.409s] Level 1:colcon.colcon_core.package_identification:_identify(.) by extensions ['colcon_meta']
[0.409s] Level 1:colcon.colcon_core.package_identification:_identify(.) by extension 'colcon_meta'
[0.409s] Level 1:colcon.colcon_core.package_identification:_identify(.) by extensions ['ros']
[0.409s] Level 1:colcon.colcon_core.package_identification:_identify(.) by extension 'ros'
[0.477s] DEBUG:colcon.colcon_core.package_identification:Package '.' with type 'ros.ament_cmake' and name 'software_training_assingment'
[0.477s] Level 1:colcon.colcon_core.package_discovery:discover_packages(recursive) using defaults
[0.477s] Level 1:colcon.colcon_core.package_discovery:discover_packages(ignore) discover
[0.477s] Level 1:colcon.colcon_core.package_discovery:discover_packages(ignore) using defaults
[0.477s] Level 1:colcon.colcon_core.package_discovery:discover_packages(path) discover
[0.477s] Level 1:colcon.colcon_core.package_discovery:discover_packages(path) using defaults
[0.506s] Level 5:colcon.colcon_core.verb:set package 'software_training_assingment' build argument 'cmake_args' from command line to 'None'
[0.506s] Level 5:colcon.colcon_core.verb:set package 'software_training_assingment' build argument 'cmake_target' from command line to 'None'
[0.506s] Level 5:colcon.colcon_core.verb:set package 'software_training_assingment' build argument 'cmake_target_skip_unavailable' from command line to 'False'
[0.506s] Level 5:colcon.colcon_core.verb:set package 'software_training_assingment' build argument 'cmake_clean_cache' from command line to 'False'
[0.506s] Level 5:colcon.colcon_core.verb:set package 'software_training_assingment' build argument 'cmake_clean_first' from command line to 'False'
[0.506s] Level 5:colcon.colcon_core.verb:set package 'software_training_assingment' build argument 'cmake_force_configure' from command line to 'False'
[0.506s] Level 5:colcon.colcon_core.verb:set package 'software_training_assingment' build argument 'ament_cmake_args' from command line to 'None'
[0.506s] Level 5:colcon.colcon_core.verb:set package 'software_training_assingment' build argument 'catkin_cmake_args' from command line to 'None'
[0.506s] Level 5:colcon.colcon_core.verb:set package 'software_training_assingment' build argument 'catkin_skip_building_tests' from command line to 'False'
[0.506s] DEBUG:colcon.colcon_core.verb:Building package 'software_training_assingment' with the following arguments: {'ament_cmake_args': None, 'build_base': '/home/alikasim/dev_ws/src/software_training_assingment/build/software_training_assingment', 'catkin_cmake_args': None, 'catkin_skip_building_tests': False, 'cmake_args': None, 'cmake_clean_cache': False, 'cmake_clean_first': False, 'cmake_force_configure': False, 'cmake_target': None, 'cmake_target_skip_unavailable': False, 'install_base': '/home/alikasim/dev_ws/src/software_training_assingment/install/software_training_assingment', 'merge_install': False, 'path': '/home/alikasim/dev_ws/src/software_training_assingment', 'symlink_install': False, 'test_result_base': None}
[0.506s] INFO:colcon.colcon_core.executor:Executing jobs using 'parallel' executor
[0.508s] DEBUG:colcon.colcon_parallel_executor.executor.parallel:run_until_complete
[0.508s] INFO:colcon.colcon_ros.task.ament_cmake.build:Building ROS package in '/home/alikasim/dev_ws/src/software_training_assingment' with build type 'ament_cmake'
[0.509s] INFO:colcon.colcon_cmake.task.cmake.build:Building CMake package in '/home/alikasim/dev_ws/src/software_training_assingment'
[0.515s] INFO:colcon.colcon_core.plugin_system:Skipping extension 'colcon_core.shell.bat': Not used on non-Windows systems
[0.515s] INFO:colcon.colcon_core.shell:Skip shell extension 'powershell' for command environment: Not usable outside of PowerShell
[0.515s] DEBUG:colcon.colcon_core.shell:Skip shell extension 'dsv' for command environment
[0.552s] DEBUG:colcon.colcon_core.event_handler.log_command:Invoking command in '/home/alikasim/dev_ws/src/software_training_assingment/build/software_training_assingment': CMAKE_PREFIX_PATH=${CMAKE_PREFIX_PATH}:/home/alikasim/ros2_foxy/install/ros2bag:/home/alikasim/ros2_foxy/install/tracetools_launch:/home/alikasim/ros2_foxy/install/topic_monitor:/home/alikasim/ros2_foxy/install/examples_tf2_py:/home/alikasim/ros2_foxy/install/sros2:/home/alikasim/ros2_foxy/install/rqt_topic:/home/alikasim/ros2_foxy/install/rqt_top:/home/alikasim/ros2_foxy/install/rqt_srv:/home/alikasim/ros2_foxy/install/rqt_shell:/home/alikasim/ros2_foxy/install/rqt_service_caller:/home/alikasim/ros2_foxy/install/rqt_reconfigure:/home/alikasim/ros2_foxy/install/rqt_py_console:/home/alikasim/ros2_foxy/install/rqt_publisher:/home/alikasim/ros2_foxy/install/rqt_plot:/home/alikasim/ros2_foxy/install/rqt_action:/home/alikasim/ros2_foxy/install/rqt_msg:/home/alikasim/ros2_foxy/install/rqt:/home/alikasim/ros2_foxy/install/rqt_graph:/home/alikasim/ros2_foxy/install/rqt_gui_py:/home/alikasim/ros2_foxy/install/rqt_gui:/home/alikasim/ros2_foxy/install/ros2trace:/home/alikasim/ros2_foxy/install/ros2topic:/home/alikasim/ros2_foxy/install/ros2test:/home/alikasim/ros2_foxy/install/ros2component:/home/alikasim/ros2_foxy/install/ros2param:/home/alikasim/ros2_foxy/install/ros2lifecycle:/home/alikasim/ros2_foxy/install/ros2service:/home/alikasim/ros2_foxy/install/ros2run:/home/alikasim/ros2_foxy/install/ros2launch:/home/alikasim/ros2_foxy/install/ros2pkg:/home/alikasim/ros2_foxy/install/ros2node:/home/alikasim/ros2_foxy/install/ros2multicast:/home/alikasim/ros2_foxy/install/ros2interface:/home/alikasim/ros2_foxy/install/ros2doctor:/home/alikasim/ros2_foxy/install/ros2action:/home/alikasim/ros2_foxy/install/ros2cli:/home/alikasim/ros2_foxy/install/quality_of_service_demo_py:/home/alikasim/ros2_foxy/install/launch_testing_ros:/home/alikasim/ros2_foxy/install/launch_ros:/home/alikasim/ros2_foxy/install/examples_rclpy_minimal_subscriber:/home/alikasim/ros2_foxy/install/examples_rclpy_minimal_service:/home/alikasim/ros2_foxy/install/examples_rclpy_minimal_publisher:/home/alikasim/ros2_foxy/install/examples_rclpy_minimal_client:/home/alikasim/ros2_foxy/install/examples_rclpy_minimal_action_server:/home/alikasim/ros2_foxy/install/examples_rclpy_minimal_action_client:/home/alikasim/ros2_foxy/install/examples_rclpy_executors:/home/alikasim/ros2_foxy/install/demo_nodes_py:/home/alikasim/ros2_foxy/install/action_tutorials_py:/home/alikasim/ros2_foxy/install/ament_uncrustify:/home/alikasim/ros2_foxy/install/tracetools_trace:/home/alikasim/ros2_foxy/install/tracetools_read:/home/alikasim/ros2_foxy/install/test_launch_ros:/home/alikasim/ros2_foxy/install/sensor_msgs_py:/home/alikasim/ros2_foxy/install/rpyutils:/home/alikasim/ros2_foxy/install/rosidl_runtime_py:/home/alikasim/ros2_foxy/install/launch_yaml:/home/alikasim/ros2_foxy/install/launch_xml:/home/alikasim/ros2_foxy/install/launch_testing:/home/alikasim/ros2_foxy/install/launch:/home/alikasim/ros2_foxy/install/osrf_pycommon:/home/alikasim/ros2_foxy/install/domain_coordinator:/home/alikasim/ros2_foxy/install/ament_xmllint:/home/alikasim/ros2_foxy/install/ament_pyflakes:/home/alikasim/ros2_foxy/install/ament_pycodestyle:/home/alikasim/ros2_foxy/install/ament_pep257:/home/alikasim/ros2_foxy/install/ament_pclint:/home/alikasim/ros2_foxy/install/ament_package:/home/alikasim/ros2_foxy/install/ament_mypy:/home/alikasim/ros2_foxy/install/ament_lint_cmake:/home/alikasim/ros2_foxy/install/ament_flake8:/home/alikasim/ros2_foxy/install/ament_copyright:/home/alikasim/ros2_foxy/install/ament_lint:/home/alikasim/ros2_foxy/install/ament_index_python:/home/alikasim/ros2_foxy/install/ament_cpplint:/home/alikasim/ros2_foxy/install/ament_cppcheck:/home/alikasim/ros2_foxy/install/ament_clang_tidy:/home/alikasim/ros2_foxy/install/ament_clang_format /usr/bin/cmake --build /home/alikasim/dev_ws/src/software_training_assingment/build/software_training_assingment -- -j8 -l8
[2.528s] DEBUG:colcon.colcon_core.event_handler.log_command:Invoked command in '/home/alikasim/dev_ws/src/software_training_assingment/build/software_training_assingment' returned '2': CMAKE_PREFIX_PATH=${CMAKE_PREFIX_PATH}:/home/alikasim/ros2_foxy/install/ros2bag:/home/alikasim/ros2_foxy/install/tracetools_launch:/home/alikasim/ros2_foxy/install/topic_monitor:/home/alikasim/ros2_foxy/install/examples_tf2_py:/home/alikasim/ros2_foxy/install/sros2:/home/alikasim/ros2_foxy/install/rqt_topic:/home/alikasim/ros2_foxy/install/rqt_top:/home/alikasim/ros2_foxy/install/rqt_srv:/home/alikasim/ros2_foxy/install/rqt_shell:/home/alikasim/ros2_foxy/install/rqt_service_caller:/home/alikasim/ros2_foxy/install/rqt_reconfigure:/home/alikasim/ros2_foxy/install/rqt_py_console:/home/alikasim/ros2_foxy/install/rqt_publisher:/home/alikasim/ros2_foxy/install/rqt_plot:/home/alikasim/ros2_foxy/install/rqt_action:/home/alikasim/ros2_foxy/install/rqt_msg:/home/alikasim/ros2_foxy/install/rqt:/home/alikasim/ros2_foxy/install/rqt_graph:/home/alikasim/ros2_foxy/install/rqt_gui_py:/home/alikasim/ros2_foxy/install/rqt_gui:/home/alikasim/ros2_foxy/install/ros2trace:/home/alikasim/ros2_foxy/install/ros2topic:/home/alikasim/ros2_foxy/install/ros2test:/home/alikasim/ros2_foxy/install/ros2component:/home/alikasim/ros2_foxy/install/ros2param:/home/alikasim/ros2_foxy/install/ros2lifecycle:/home/alikasim/ros2_foxy/install/ros2service:/home/alikasim/ros2_foxy/install/ros2run:/home/alikasim/ros2_foxy/install/ros2launch:/home/alikasim/ros2_foxy/install/ros2pkg:/home/alikasim/ros2_foxy/install/ros2node:/home/alikasim/ros2_foxy/install/ros2multicast:/home/alikasim/ros2_foxy/install/ros2interface:/home/alikasim/ros2_foxy/install/ros2doctor:/home/alikasim/ros2_foxy/install/ros2action:/home/alikasim/ros2_foxy/install/ros2cli:/home/alikasim/ros2_foxy/install/quality_of_service_demo_py:/home/alikasim/ros2_foxy/install/launch_testing_ros:/home/alikasim/ros2_foxy/install/launch_ros:/home/alikasim/ros2_foxy/install/examples_rclpy_minimal_subscriber:/home/alikasim/ros2_foxy/install/examples_rclpy_minimal_service:/home/alikasim/ros2_foxy/install/examples_rclpy_minimal_publisher:/home/alikasim/ros2_foxy/install/examples_rclpy_minimal_client:/home/alikasim/ros2_foxy/install/examples_rclpy_minimal_action_server:/home/alikasim/ros2_foxy/install/examples_rclpy_minimal_action_client:/home/alikasim/ros2_foxy/install/examples_rclpy_executors:/home/alikasim/ros2_foxy/install/demo_nodes_py:/home/alikasim/ros2_foxy/install/action_tutorials_py:/home/alikasim/ros2_foxy/install/ament_uncrustify:/home/alikasim/ros2_foxy/install/tracetools_trace:/home/alikasim/ros2_foxy/install/tracetools_read:/home/alikasim/ros2_foxy/install/test_launch_ros:/home/alikasim/ros2_foxy/install/sensor_msgs_py:/home/alikasim/ros2_foxy/install/rpyutils:/home/alikasim/ros2_foxy/install/rosidl_runtime_py:/home/alikasim/ros2_foxy/install/launch_yaml:/home/alikasim/ros2_foxy/install/launch_xml:/home/alikasim/ros2_foxy/install/launch_testing:/home/alikasim/ros2_foxy/install/launch:/home/alikasim/ros2_foxy/install/osrf_pycommon:/home/alikasim/ros2_foxy/install/domain_coordinator:/home/alikasim/ros2_foxy/install/ament_xmllint:/home/alikasim/ros2_foxy/install/ament_pyflakes:/home/alikasim/ros2_foxy/install/ament_pycodestyle:/home/alikasim/ros2_foxy/install/ament_pep257:/home/alikasim/ros2_foxy/install/ament_pclint:/home/alikasim/ros2_foxy/install/ament_package:/home/alikasim/ros2_foxy/install/ament_mypy:/home/alikasim/ros2_foxy/install/ament_lint_cmake:/home/alikasim/ros2_foxy/install/ament_flake8:/home/alikasim/ros2_foxy/install/ament_copyright:/home/alikasim/ros2_foxy/install/ament_lint:/home/alikasim/ros2_foxy/install/ament_index_python:/home/alikasim/ros2_foxy/install/ament_cpplint:/home/alikasim/ros2_foxy/install/ament_cppcheck:/home/alikasim/ros2_foxy/install/ament_clang_tidy:/home/alikasim/ros2_foxy/install/ament_clang_format /usr/bin/cmake --build /home/alikasim/dev_ws/src/software_training_assingment/build/software_training_assingment -- -j8 -l8
[2.604s] Level 1:colcon.colcon_core.environment:create_environment_scripts_only(software_training_assingment)
[2.611s] Level 1:colcon.colcon_core.environment:checking '/home/alikasim/dev_ws/src/software_training_assingment/install/software_training_assingment' for CMake module files
[2.611s] Level 1:colcon.colcon_core.environment:checking '/home/alikasim/dev_ws/src/software_training_assingment/install/software_training_assingment' for CMake config files
[2.612s] Level 1:colcon.colcon_core.environment:checking '/home/alikasim/dev_ws/src/software_training_assingment/install/software_training_assingment/bin'
[2.612s] Level 1:colcon.colcon_core.environment:checking '/home/alikasim/dev_ws/src/software_training_assingment/install/software_training_assingment/lib/pkgconfig/software_training_assingment.pc'
[2.612s] Level 1:colcon.colcon_core.environment:checking '/home/alikasim/dev_ws/src/software_training_assingment/install/software_training_assingment/lib/python3.8/site-packages'
[2.612s] INFO:colcon.colcon_core.shell:Creating package script '/home/alikasim/dev_ws/src/software_training_assingment/install/software_training_assingment/share/software_training_assingment/package.ps1'
[2.613s] INFO:colcon.colcon_core.shell:Creating package descriptor '/home/alikasim/dev_ws/src/software_training_assingment/install/software_training_assingment/share/software_training_assingment/package.dsv'
[2.614s] INFO:colcon.colcon_core.shell:Creating package script '/home/alikasim/dev_ws/src/software_training_assingment/install/software_training_assingment/share/software_training_assingment/package.sh'
[2.615s] INFO:colcon.colcon_core.shell:Creating package script '/home/alikasim/dev_ws/src/software_training_assingment/install/software_training_assingment/share/software_training_assingment/package.bash'
[2.616s] INFO:colcon.colcon_core.shell:Creating package script '/home/alikasim/dev_ws/src/software_training_assingment/install/software_training_assingment/share/software_training_assingment/package.zsh'
[2.616s] Level 1:colcon.colcon_core.environment:create_file_with_runtime_dependencies(/home/alikasim/dev_ws/src/software_training_assingment/install/software_training_assingment/share/colcon-core/packages/software_training_assingment)
[2.627s] DEBUG:colcon.colcon_parallel_executor.executor.parallel:closing loop
[2.627s] DEBUG:colcon.colcon_parallel_executor.executor.parallel:loop closed
[2.627s] DEBUG:colcon.colcon_parallel_executor.executor.parallel:run_until_complete finished with '2'
[2.627s] DEBUG:colcon.colcon_core.event_reactor:joining thread
[2.639s] INFO:colcon.colcon_core.plugin_system:Skipping extension 'colcon_notification.desktop_notification.terminal_notifier': Not used on non-Darwin systems
[2.639s] INFO:colcon.colcon_core.plugin_system:Skipping extension 'colcon_notification.desktop_notification.win32': Not used on non-Windows systems
[2.639s] INFO:colcon.colcon_notification.desktop_notification:Sending desktop notification using 'notify2'
[2.658s] DEBUG:colcon.colcon_core.event_reactor:joined thread
[2.658s] INFO:colcon.colcon_core.shell:Creating prefix script '/home/alikasim/dev_ws/src/software_training_assingment/install/local_setup.ps1'
[2.659s] INFO:colcon.colcon_core.shell:Creating prefix util module '/home/alikasim/dev_ws/src/software_training_assingment/install/_local_setup_util_ps1.py'
[2.660s] INFO:colcon.colcon_core.shell:Creating prefix chain script '/home/alikasim/dev_ws/src/software_training_assingment/install/setup.ps1'
[2.676s] INFO:colcon.colcon_core.shell:Creating prefix script '/home/alikasim/dev_ws/src/software_training_assingment/install/local_setup.sh'
[2.677s] INFO:colcon.colcon_core.shell:Creating prefix util module '/home/alikasim/dev_ws/src/software_training_assingment/install/_local_setup_util_sh.py'
[2.677s] INFO:colcon.colcon_core.shell:Creating prefix chain script '/home/alikasim/dev_ws/src/software_training_assingment/install/setup.sh'
[2.695s] INFO:colcon.colcon_core.shell:Creating prefix script '/home/alikasim/dev_ws/src/software_training_assingment/install/local_setup.bash'
[2.697s] INFO:colcon.colcon_core.shell:Creating prefix chain script '/home/alikasim/dev_ws/src/software_training_assingment/install/setup.bash'
[2.712s] INFO:colcon.colcon_core.shell:Creating prefix script '/home/alikasim/dev_ws/src/software_training_assingment/install/local_setup.zsh'
[2.712s] INFO:colcon.colcon_core.shell:Creating prefix chain script '/home/alikasim/dev_ws/src/software_training_assingment/install/setup.zsh'
