[0.018s] Invoking command in '/home/evanw/Desktop/uwrt/challenge_ws/build/challenge_package': CMAKE_PREFIX_PATH=/opt/ros/galactic /usr/bin/cmake /home/evanw/Desktop/uwrt/challenge_ws/src/challenge_package -DCMAKE_INSTALL_PREFIX=/home/evanw/Desktop/uwrt/challenge_ws/install/challenge_package
[0.031s] -- Found ament_cmake: 1.1.6 (/opt/ros/galactic/share/ament_cmake/cmake)
[0.051s] -- Found PythonInterp: /usr/bin/python3 (found suitable version "3.8.10", minimum required is "3") 
[0.051s] -- Using PYTHON_EXECUTABLE: /usr/bin/python3
[0.107s] -- Found rclcpp: 9.2.2 (/opt/ros/galactic/share/rclcpp/cmake)
[0.140s] -- Using all available rosidl_typesupport_c: rosidl_typesupport_fastrtps_c;rosidl_typesupport_introspection_c
[0.142s] -- Found rosidl_adapter: 2.2.3 (/opt/ros/galactic/share/rosidl_adapter/cmake)
[0.247s] -- Using all available rosidl_typesupport_cpp: rosidl_typesupport_fastrtps_cpp;rosidl_typesupport_introspection_cpp
[0.294s] -- Found rmw_implementation_cmake: 3.3.1 (/opt/ros/galactic/share/rmw_implementation_cmake/cmake)
[0.295s] -- Found rmw_cyclonedds_cpp: 0.22.6 (/opt/ros/galactic/share/rmw_cyclonedds_cpp/cmake)
[0.314s] -- Using RMW implementation 'rmw_cyclonedds_cpp' as default
[0.461s] -- Found turtlesim: 1.3.4 (/opt/ros/galactic/share/turtlesim/cmake)
[0.557s] -- Found rclcpp_components: 9.2.2 (/opt/ros/galactic/share/rclcpp_components/cmake)
[0.605s] -- Found std_srvs: 2.2.4 (/opt/ros/galactic/share/std_srvs/cmake)
[0.615s] -- Found rclcpp_action: 9.2.2 (/opt/ros/galactic/share/rclcpp_action/cmake)
[0.647s] -- Found geometry_msgs: 2.2.4 (/opt/ros/galactic/share/geometry_msgs/cmake)
[0.696s] -- Found rosidl_default_generators: 1.1.1 (/opt/ros/galactic/share/rosidl_default_generators/cmake)
[0.737s] -- Found PythonInterp: /usr/bin/python3 (found version "3.8.10") 
[0.845s] -- Found ament_cmake_ros: 0.9.2 (/opt/ros/galactic/share/ament_cmake_ros/cmake)
[0.938s] -- Using all available rosidl_typesupport_c: rosidl_typesupport_fastrtps_c;rosidl_typesupport_introspection_c
[0.945s] -- Using all available rosidl_typesupport_cpp: rosidl_typesupport_fastrtps_cpp;rosidl_typesupport_introspection_cpp
[0.964s] -- Found PythonInterp: /usr/bin/python3 (found suitable version "3.8.10", minimum required is "3.5") 
[0.965s] -- Found python_cmake_module: 0.8.1 (/opt/ros/galactic/share/python_cmake_module/cmake)
[0.985s] -- Using PYTHON_EXECUTABLE: /usr/bin/python3
[0.985s] -- Using PYTHON_INCLUDE_DIRS: /usr/include/python3.8
[0.985s] -- Using PYTHON_LIBRARIES: /usr/lib/x86_64-linux-gnu/libpython3.8.so
[0.997s] CMake Error at /opt/ros/galactic/share/ament_cmake_target_dependencies/cmake/ament_target_dependencies.cmake:42 (message):
[0.998s]   ament_target_dependencies() the first argument must be a valid target name
[0.998s] Call Stack (most recent call first):
[0.998s]   CMakeLists.txt:37 (ament_target_dependencies)
[0.998s] 
[0.998s] 
[1.000s] -- Configuring incomplete, errors occurred!
[1.000s] See also "/home/evanw/Desktop/uwrt/challenge_ws/build/challenge_package/CMakeFiles/CMakeOutput.log".
[1.001s] See also "/home/evanw/Desktop/uwrt/challenge_ws/build/challenge_package/CMakeFiles/CMakeError.log".
[1.010s] Invoked command in '/home/evanw/Desktop/uwrt/challenge_ws/build/challenge_package' returned '1': CMAKE_PREFIX_PATH=/opt/ros/galactic /usr/bin/cmake /home/evanw/Desktop/uwrt/challenge_ws/src/challenge_package -DCMAKE_INSTALL_PREFIX=/home/evanw/Desktop/uwrt/challenge_ws/install/challenge_package
