[  3%] Built target challenge_package__cpp
[ 12%] Built target challenge_package__rosidl_generator_c
[ 27%] Built target challenge_package__rosidl_typesupport_introspection_cpp
[ 36%] Built target challenge_package__rosidl_typesupport_cpp
[ 39%] Built target challenge_package__rosidl_typesupport_c
[ 48%] Built target challenge_package__rosidl_typesupport_introspection_c
[ 57%] Built target challenge_package__rosidl_typesupport_fastrtps_cpp
[ 66%] Built target challenge_package__rosidl_typesupport_fastrtps_c
[ 66%] Built target challenge_package
[35m[1mScanning dependencies of target clear_turtle_listener[0m
[ 69%] Built target challenge_package__py
[ 75%] Built target challenge_package__python
[ 78%] [32mBuilding CXX object CMakeFiles/clear_turtle_listener.dir/src/clear_turtles.cpp.o[0m
[ 84%] Built target challenge_package__rosidl_typesupport_c__pyext
[ 90%] Built target challenge_package__rosidl_typesupport_fastrtps_c__pyext
[ 96%] Built target challenge_package__rosidl_typesupport_introspection_c__pyext
[01m[K/home/evanw/Desktop/uwrt/challenge_ws/src/challenge_package/src/clear_turtles.cpp:[m[K In member function ‘[01m[Kvoid KillTurtlesSubscriber::topic_callback(const Names&) const[m[K’:
[01m[K/home/evanw/Desktop/uwrt/challenge_ws/src/challenge_package/src/clear_turtles.cpp:39:37:[m[K [01;31m[Kerror: [m[Kno match for ‘[01m[Koperator[][m[K’ (operand types are ‘[01m[Kconst Names[m[K’ {aka ‘[01m[Kconst challenge_package::msg::Names_<std::allocator<void> >[m[K’} and ‘[01m[Kunsigned int[m[K’)
   39 |         const std::string name = msg[01;31m[K[[m[Ki];
      |                                     [01;31m[K^[m[K
make[2]: *** [CMakeFiles/clear_turtle_listener.dir/build.make:63: CMakeFiles/clear_turtle_listener.dir/src/clear_turtles.cpp.o] Error 1
make[1]: *** [CMakeFiles/Makefile2:124: CMakeFiles/clear_turtle_listener.dir/all] Error 2
make: *** [Makefile:141: all] Error 2
