[0.018s] Invoking command in '/home/evanw/Desktop/uwrt/challenge_ws/build/challenge_package': CMAKE_PREFIX_PATH=/opt/ros/galactic /usr/bin/cmake --build /home/evanw/Desktop/uwrt/challenge_ws/build/challenge_package -- -j8 -l8
[0.067s] [  3%] Built target challenge_package__cpp
[0.068s] [ 12%] Built target challenge_package__rosidl_generator_c
[0.104s] [ 27%] Built target challenge_package__rosidl_typesupport_introspection_cpp
[0.106s] [ 36%] Built target challenge_package__rosidl_typesupport_cpp
[0.107s] [ 39%] Built target challenge_package__rosidl_typesupport_c
[0.110s] [ 48%] Built target challenge_package__rosidl_typesupport_introspection_c
[0.114s] [ 57%] Built target challenge_package__rosidl_typesupport_fastrtps_cpp
[0.137s] [ 66%] Built target challenge_package__rosidl_typesupport_fastrtps_c
[0.156s] [ 66%] Built target challenge_package
[0.171s] [35m[1mScanning dependencies of target clear_turtle_listener[0m
[0.173s] [ 69%] Built target challenge_package__py
[0.202s] [ 75%] Built target challenge_package__python
[0.202s] [ 78%] [32mBuilding CXX object CMakeFiles/clear_turtle_listener.dir/src/clear_turtles.cpp.o[0m
[0.237s] [ 84%] Built target challenge_package__rosidl_typesupport_c__pyext
[0.243s] [ 90%] Built target challenge_package__rosidl_typesupport_fastrtps_c__pyext
[0.248s] [ 96%] Built target challenge_package__rosidl_typesupport_introspection_c__pyext
[2.164s] [01m[K/home/evanw/Desktop/uwrt/challenge_ws/src/challenge_package/src/clear_turtles.cpp:[m[K In member function ‘[01m[Kvoid KillTurtlesSubscriber::topic_callback(const Names&) const[m[K’:
[2.164s] [01m[K/home/evanw/Desktop/uwrt/challenge_ws/src/challenge_package/src/clear_turtles.cpp:39:37:[m[K [01;31m[Kerror: [m[Kno match for ‘[01m[Koperator[][m[K’ (operand types are ‘[01m[Kconst Names[m[K’ {aka ‘[01m[Kconst challenge_package::msg::Names_<std::allocator<void> >[m[K’} and ‘[01m[Kunsigned int[m[K’)
[2.165s]    39 |         const std::string name = msg[01;31m[K[[m[Ki];
[2.165s]       |                                     [01;31m[K^[m[K
[4.049s] make[2]: *** [CMakeFiles/clear_turtle_listener.dir/build.make:63: CMakeFiles/clear_turtle_listener.dir/src/clear_turtles.cpp.o] Error 1
[4.049s] make[1]: *** [CMakeFiles/Makefile2:124: CMakeFiles/clear_turtle_listener.dir/all] Error 2
[4.049s] make: *** [Makefile:141: all] Error 2
[4.051s] Invoked command in '/home/evanw/Desktop/uwrt/challenge_ws/build/challenge_package' returned '2': CMAKE_PREFIX_PATH=/opt/ros/galactic /usr/bin/cmake --build /home/evanw/Desktop/uwrt/challenge_ws/build/challenge_package -- -j8 -l8
