[0.017s] Invoking command in '/home/evanw/Desktop/uwrt/challenge_ws/build/challenge_package': CMAKE_PREFIX_PATH=${CMAKE_PREFIX_PATH}:/opt/ros/galactic /usr/bin/cmake --build /home/evanw/Desktop/uwrt/challenge_ws/build/challenge_package -- -j8 -l8
[0.065s] [35m[1mScanning dependencies of target circle_turtle_service[0m
[0.081s] [  2%] Built target challenge_package__cpp
[0.084s] [ 11%] Built target challenge_package__rosidl_generator_c
[0.116s] [ 14%] [32mBuilding CXX object CMakeFiles/circle_turtle_service.dir/src/move_circle.cpp.o[0m
[0.122s] [ 22%] Built target challenge_package__rosidl_typesupport_cpp
[0.131s] [ 31%] Built target challenge_package__rosidl_typesupport_introspection_cpp
[0.133s] [ 40%] Built target challenge_package__rosidl_typesupport_introspection_c
[0.137s] [ 48%] Built target challenge_package__rosidl_typesupport_c
[0.139s] [ 57%] Built target challenge_package__rosidl_typesupport_fastrtps_cpp
[0.167s] [ 65%] Built target challenge_package__rosidl_typesupport_fastrtps_c
[0.189s] [ 65%] Built target challenge_package
[0.220s] [ 68%] Built target challenge_package__py
[0.232s] [ 74%] Built target clear_turtle_listener
[0.249s] [ 80%] Built target challenge_package__python
[0.280s] [ 97%] Built target challenge_package__rosidl_typesupport_introspection_c__pyext
[0.280s] [ 97%] Built target challenge_package__rosidl_typesupport_fastrtps_c__pyext
[0.281s] [ 97%] Built target challenge_package__rosidl_typesupport_c__pyext
[2.298s] In file included from [01m[K/opt/ros/galactic/include/rclcpp/node_impl.hpp:42[m[K,
[2.299s]                  from [01m[K/opt/ros/galactic/include/rclcpp/node.hpp:1329[m[K,
[2.299s]                  from [01m[K/opt/ros/galactic/include/rclcpp/executors/single_threaded_executor.hpp:28[m[K,
[2.299s]                  from [01m[K/opt/ros/galactic/include/rclcpp/executors.hpp:22[m[K,
[2.299s]                  from [01m[K/opt/ros/galactic/include/rclcpp/rclcpp.hpp:156[m[K,
[2.299s]                  from [01m[K/home/evanw/Desktop/uwrt/challenge_ws/src/challenge_package/src/move_circle.cpp:6[m[K:
[2.299s] /opt/ros/galactic/include/rclcpp/create_service.hpp: In instantiation of ‘[01m[Ktypename rclcpp::Service<ServiceT>::SharedPtr rclcpp::create_service(std::shared_ptr<rclcpp::node_interfaces::NodeBaseInterface>, std::shared_ptr<rclcpp::node_interfaces::NodeServicesInterface>, const string&, CallbackT&&, const rmw_qos_profile_t&, rclcpp::CallbackGroup::SharedPtr) [with ServiceT = std_srvs::srv::Trigger; CallbackT = std::_Bind<void (MoveTurtleCircularService::*(MoveTurtleCircularService*, std::_Placeholder<1>))(std::shared_ptr<std_srvs::srv::Trigger_Response_<std::allocator<void> > >)>; typename rclcpp::Service<ServiceT>::SharedPtr = std::shared_ptr<rclcpp::Service<std_srvs::srv::Trigger> >; std::string = std::__cxx11::basic_string<char>; rmw_qos_profile_t = rmw_qos_profile_t; rclcpp::CallbackGroup::SharedPtr = std::shared_ptr<rclcpp::CallbackGroup>][m[K’:
[2.299s] [01m[K/opt/ros/galactic/include/rclcpp/node_impl.hpp:148:53:[m[K   required from ‘[01m[Ktypename rclcpp::Service<ServiceT>::SharedPtr rclcpp::Node::create_service(const string&, CallbackT&&, const rmw_qos_profile_t&, rclcpp::CallbackGroup::SharedPtr) [with ServiceT = std_srvs::srv::Trigger; CallbackT = std::_Bind<void (MoveTurtleCircularService::*(MoveTurtleCircularService*, std::_Placeholder<1>))(std::shared_ptr<std_srvs::srv::Trigger_Response_<std::allocator<void> > >)>; typename rclcpp::Service<ServiceT>::SharedPtr = std::shared_ptr<rclcpp::Service<std_srvs::srv::Trigger> >; std::string = std::__cxx11::basic_string<char>; rmw_qos_profile_t = rmw_qos_profile_t; rclcpp::CallbackGroup::SharedPtr = std::shared_ptr<rclcpp::CallbackGroup>][m[K’
[2.300s] [01m[K/home/evanw/Desktop/uwrt/challenge_ws/src/challenge_package/src/move_circle.cpp:31:141:[m[K   required from here
[2.300s] [01m[K/opt/ros/galactic/include/rclcpp/create_service.hpp:43:3:[m[K [01;31m[Kerror: [m[Kno matching function for call to ‘[01m[Krclcpp::AnyServiceCallback<std_srvs::srv::Trigger>::set(std::_Bind<void (MoveTurtleCircularService::*(MoveTurtleCircularService*, std::_Placeholder<1>))(std::shared_ptr<std_srvs::srv::Trigger_Response_<std::allocator<void> > >)>)[m[K’
[2.300s]    43 |   [01;31m[Kany_service_callback[m[K.set(std::forward<CallbackT>(callback));
[2.300s]       |   [01;31m[K^~~~~~~~~~~~~~~~~~~~[m[K
[2.300s] In file included from [01m[K/opt/ros/galactic/include/rclcpp/service.hpp:28[m[K,
[2.300s]                  from [01m[K/opt/ros/galactic/include/rclcpp/callback_group.hpp:25[m[K,
[2.300s]                  from [01m[K/opt/ros/galactic/include/rclcpp/any_executable.hpp:20[m[K,
[2.300s]                  from [01m[K/opt/ros/galactic/include/rclcpp/memory_strategy.hpp:25[m[K,
[2.301s]                  from [01m[K/opt/ros/galactic/include/rclcpp/memory_strategies.hpp:18[m[K,
[2.301s]                  from [01m[K/opt/ros/galactic/include/rclcpp/executor_options.hpp:20[m[K,
[2.301s]                  from [01m[K/opt/ros/galactic/include/rclcpp/executor.hpp:36[m[K,
[2.301s]                  from [01m[K/opt/ros/galactic/include/rclcpp/executors/multi_threaded_executor.hpp:26[m[K,
[2.301s]                  from [01m[K/opt/ros/galactic/include/rclcpp/executors.hpp:21[m[K,
[2.301s]                  from [01m[K/opt/ros/galactic/include/rclcpp/rclcpp.hpp:156[m[K,
[2.301s]                  from [01m[K/home/evanw/Desktop/uwrt/challenge_ws/src/challenge_package/src/move_circle.cpp:6[m[K:
[2.301s] [01m[K/opt/ros/galactic/include/rclcpp/any_service_callback.hpp:67:8:[m[K [01;36m[Knote: [m[Kcandidate: ‘[01m[Ktemplate<class CallbackT, typename std::enable_if<rclcpp::function_traits::same_arguments<CallbackT, std::function<void(std::shared_ptr<std_srvs::srv::Trigger_Request_<std::allocator<void> > >, std::shared_ptr<std_srvs::srv::Trigger_Response_<std::allocator<void> > >)> >::value, void>::type* <anonymous> > void rclcpp::AnyServiceCallback<ServiceT>::set(CallbackT) [with CallbackT = CallbackT; typename std::enable_if<rclcpp::function_traits::same_arguments<CallbackT, std::function<void(std::shared_ptr<typename ServiceT::Request>, std::shared_ptr<typename ServiceT::Response>)> >::value>::type* <anonymous> = <enumerator>; ServiceT = std_srvs::srv::Trigger][m[K’
[2.301s]    67 |   void [01;36m[Kset[m[K(CallbackT callback)
[2.301s]       |        [01;36m[K^~~[m[K
[2.301s] [01m[K/opt/ros/galactic/include/rclcpp/any_service_callback.hpp:67:8:[m[K [01;36m[Knote: [m[K  template argument deduction/substitution failed:
[2.301s] [01m[K/opt/ros/galactic/include/rclcpp/any_service_callback.hpp:65:17:[m[K [01;31m[Kerror: [m[Kno type named ‘[01m[Ktype[m[K’ in ‘[01m[Kstruct std::enable_if<false, void>[m[K’
[2.302s]    65 |     >::type * = [01;31m[Knullptr[m[K
[2.302s]       |                 [01;31m[K^~~~~~~[m[K
[2.302s] [01m[K/opt/ros/galactic/include/rclcpp/any_service_callback.hpp:81:8:[m[K [01;36m[Knote: [m[Kcandidate: ‘[01m[Ktemplate<class CallbackT, typename std::enable_if<rclcpp::function_traits::same_arguments<CallbackT, std::function<void(std::shared_ptr<rmw_request_id_t>, std::shared_ptr<std_srvs::srv::Trigger_Request_<std::allocator<void> > >, std::shared_ptr<std_srvs::srv::Trigger_Response_<std::allocator<void> > >)> >::value, void>::type* <anonymous> > void rclcpp::AnyServiceCallback<ServiceT>::set(CallbackT) [with CallbackT = CallbackT; typename std::enable_if<rclcpp::function_traits::same_arguments<CallbackT, std::function<void(std::shared_ptr<rmw_request_id_t>, std::shared_ptr<typename ServiceT::Request>, std::shared_ptr<typename ServiceT::Response>)> >::value>::type* <anonymous> = <enumerator>; ServiceT = std_srvs::srv::Trigger][m[K’
[2.302s]    81 |   void [01;36m[Kset[m[K(CallbackT callback)
[2.302s]       |        [01;36m[K^~~[m[K
[2.302s] [01m[K/opt/ros/galactic/include/rclcpp/any_service_callback.hpp:81:8:[m[K [01;36m[Knote: [m[K  template argument deduction/substitution failed:
[2.302s] [01m[K/opt/ros/galactic/include/rclcpp/any_service_callback.hpp:79:17:[m[K [01;31m[Kerror: [m[Kno type named ‘[01m[Ktype[m[K’ in ‘[01m[Kstruct std::enable_if<false, void>[m[K’
[2.302s]    79 |     >::type * = [01;31m[Knullptr[m[K
[2.302s]       |                 [01;31m[K^~~~~~~[m[K
[2.888s] make[2]: *** [CMakeFiles/circle_turtle_service.dir/build.make:63: CMakeFiles/circle_turtle_service.dir/src/move_circle.cpp.o] Error 1
[2.888s] make[1]: *** [CMakeFiles/Makefile2:450: CMakeFiles/circle_turtle_service.dir/all] Error 2
[2.888s] make: *** [Makefile:141: all] Error 2
[2.891s] Invoked command in '/home/evanw/Desktop/uwrt/challenge_ws/build/challenge_package' returned '2': CMAKE_PREFIX_PATH=${CMAKE_PREFIX_PATH}:/opt/ros/galactic /usr/bin/cmake --build /home/evanw/Desktop/uwrt/challenge_ws/build/challenge_package -- -j8 -l8
