[0.466s] DEBUG:colcon:Command line arguments: ['/usr/bin/colcon', 'build']
[0.466s] DEBUG:colcon:Parsed command line arguments: Namespace(allow_overriding=[], ament_cmake_args=None, base_paths=['.'], build_base='build', catkin_cmake_args=None, catkin_skip_building_tests=False, cmake_args=None, cmake_clean_cache=False, cmake_clean_first=False, cmake_force_configure=False, cmake_target=None, cmake_target_skip_unavailable=False, continue_on_error=False, event_handlers=None, executor='parallel', ignore_user_meta=False, install_base='install', log_base=None, log_level=None, main=<bound method BuildVerb.main of <colcon_core.verb.build.BuildVerb object at 0x7f876d632dc0>>, merge_install=False, metas=['./colcon.meta'], packages_above=None, packages_above_and_dependencies=None, packages_above_depth=None, packages_end=None, packages_ignore=None, packages_ignore_regex=None, packages_select=None, packages_select_build_failed=False, packages_select_by_dep=None, packages_select_regex=None, packages_select_test_failures=False, packages_skip=None, packages_skip_build_finished=False, packages_skip_by_dep=None, packages_skip_regex=None, packages_skip_test_passed=False, packages_skip_up_to=None, packages_start=None, packages_up_to=None, packages_up_to_regex=None, parallel_workers=8, paths=None, symlink_install=False, test_result_base=None, verb_extension=<colcon_core.verb.build.BuildVerb object at 0x7f876d632dc0>, verb_name='build', verb_parser=<colcon_defaults.argument_parser.defaults.DefaultArgumentsDecorator object at 0x7f876d639370>)
[0.507s] Level 1:colcon.colcon_core.package_discovery:discover_packages(colcon_meta) check parameters
[0.507s] Level 1:colcon.colcon_core.package_discovery:discover_packages(recursive) check parameters
[0.507s] Level 1:colcon.colcon_core.package_discovery:discover_packages(ignore) check parameters
[0.507s] Level 1:colcon.colcon_core.package_discovery:discover_packages(path) check parameters
[0.507s] Level 1:colcon.colcon_core.package_discovery:discover_packages(colcon_meta) discover
[0.507s] Level 1:colcon.colcon_core.package_discovery:discover_packages(recursive) discover
[0.507s] INFO:colcon.colcon_core.package_discovery:Crawling recursively for packages in '/home/evanw/Desktop/uwrt/challenge_ws'
[0.507s] Level 1:colcon.colcon_core.package_identification:_identify(.) by extensions ['ignore', 'ignore_ament_install']
[0.507s] Level 1:colcon.colcon_core.package_identification:_identify(.) by extension 'ignore'
[0.507s] Level 1:colcon.colcon_core.package_identification:_identify(.) by extension 'ignore_ament_install'
[0.507s] Level 1:colcon.colcon_core.package_identification:_identify(.) by extensions ['colcon_pkg']
[0.507s] Level 1:colcon.colcon_core.package_identification:_identify(.) by extension 'colcon_pkg'
[0.507s] Level 1:colcon.colcon_core.package_identification:_identify(.) by extensions ['colcon_meta']
[0.507s] Level 1:colcon.colcon_core.package_identification:_identify(.) by extension 'colcon_meta'
[0.507s] Level 1:colcon.colcon_core.package_identification:_identify(.) by extensions ['ros']
[0.507s] Level 1:colcon.colcon_core.package_identification:_identify(.) by extension 'ros'
[0.530s] Level 1:colcon.colcon_core.package_identification:_identify(.) by extensions ['cmake', 'python']
[0.531s] Level 1:colcon.colcon_core.package_identification:_identify(.) by extension 'cmake'
[0.531s] Level 1:colcon.colcon_core.package_identification:_identify(.) by extension 'python'
[0.531s] Level 1:colcon.colcon_core.package_identification:_identify(.) by extensions ['python_setup_py']
[0.531s] Level 1:colcon.colcon_core.package_identification:_identify(.) by extension 'python_setup_py'
[0.531s] Level 1:colcon.colcon_core.package_identification:_identify(build) by extensions ['ignore', 'ignore_ament_install']
[0.531s] Level 1:colcon.colcon_core.package_identification:_identify(build) by extension 'ignore'
[0.531s] Level 1:colcon.colcon_core.package_identification:_identify(build) ignored
[0.531s] Level 1:colcon.colcon_core.package_identification:_identify(install) by extensions ['ignore', 'ignore_ament_install']
[0.531s] Level 1:colcon.colcon_core.package_identification:_identify(install) by extension 'ignore'
[0.531s] Level 1:colcon.colcon_core.package_identification:_identify(install) ignored
[0.531s] Level 1:colcon.colcon_core.package_identification:_identify(log) by extensions ['ignore', 'ignore_ament_install']
[0.532s] Level 1:colcon.colcon_core.package_identification:_identify(log) by extension 'ignore'
[0.532s] Level 1:colcon.colcon_core.package_identification:_identify(log) ignored
[0.532s] Level 1:colcon.colcon_core.package_identification:_identify(src) by extensions ['ignore', 'ignore_ament_install']
[0.532s] Level 1:colcon.colcon_core.package_identification:_identify(src) by extension 'ignore'
[0.532s] Level 1:colcon.colcon_core.package_identification:_identify(src) by extension 'ignore_ament_install'
[0.532s] Level 1:colcon.colcon_core.package_identification:_identify(src) by extensions ['colcon_pkg']
[0.532s] Level 1:colcon.colcon_core.package_identification:_identify(src) by extension 'colcon_pkg'
[0.532s] Level 1:colcon.colcon_core.package_identification:_identify(src) by extensions ['colcon_meta']
[0.532s] Level 1:colcon.colcon_core.package_identification:_identify(src) by extension 'colcon_meta'
[0.532s] Level 1:colcon.colcon_core.package_identification:_identify(src) by extensions ['ros']
[0.532s] Level 1:colcon.colcon_core.package_identification:_identify(src) by extension 'ros'
[0.532s] Level 1:colcon.colcon_core.package_identification:_identify(src) by extensions ['cmake', 'python']
[0.532s] Level 1:colcon.colcon_core.package_identification:_identify(src) by extension 'cmake'
[0.532s] Level 1:colcon.colcon_core.package_identification:_identify(src) by extension 'python'
[0.532s] Level 1:colcon.colcon_core.package_identification:_identify(src) by extensions ['python_setup_py']
[0.532s] Level 1:colcon.colcon_core.package_identification:_identify(src) by extension 'python_setup_py'
[0.533s] Level 1:colcon.colcon_core.package_identification:_identify(src/challenge_package) by extensions ['ignore', 'ignore_ament_install']
[0.533s] Level 1:colcon.colcon_core.package_identification:_identify(src/challenge_package) by extension 'ignore'
[0.533s] Level 1:colcon.colcon_core.package_identification:_identify(src/challenge_package) by extension 'ignore_ament_install'
[0.533s] Level 1:colcon.colcon_core.package_identification:_identify(src/challenge_package) by extensions ['colcon_pkg']
[0.533s] Level 1:colcon.colcon_core.package_identification:_identify(src/challenge_package) by extension 'colcon_pkg'
[0.533s] Level 1:colcon.colcon_core.package_identification:_identify(src/challenge_package) by extensions ['colcon_meta']
[0.533s] Level 1:colcon.colcon_core.package_identification:_identify(src/challenge_package) by extension 'colcon_meta'
[0.533s] Level 1:colcon.colcon_core.package_identification:_identify(src/challenge_package) by extensions ['ros']
[0.533s] Level 1:colcon.colcon_core.package_identification:_identify(src/challenge_package) by extension 'ros'
[0.536s] DEBUG:colcon.colcon_core.package_identification:Package 'src/challenge_package' with type 'ros.ament_cmake' and name 'challenge_package'
[0.536s] Level 1:colcon.colcon_core.package_discovery:discover_packages(recursive) using defaults
[0.537s] Level 1:colcon.colcon_core.package_discovery:discover_packages(ignore) discover
[0.537s] Level 1:colcon.colcon_core.package_discovery:discover_packages(ignore) using defaults
[0.537s] Level 1:colcon.colcon_core.package_discovery:discover_packages(path) discover
[0.537s] Level 1:colcon.colcon_core.package_discovery:discover_packages(path) using defaults
[0.563s] Level 1:colcon.colcon_core.package_discovery:discover_packages(prefix_path) check parameters
[0.563s] Level 1:colcon.colcon_core.package_discovery:discover_packages(prefix_path) discover
[0.566s] DEBUG:colcon.colcon_installed_package_information.package_discovery:Found 1 installed packages in /home/evanw/Desktop/uwrt/challenge_ws/install
[0.568s] DEBUG:colcon.colcon_installed_package_information.package_discovery:Found 268 installed packages in /opt/ros/galactic
[0.569s] Level 1:colcon.colcon_core.package_discovery:discover_packages(prefix_path) using defaults
[0.644s] Level 5:colcon.colcon_core.verb:set package 'challenge_package' build argument 'cmake_args' from command line to 'None'
[0.645s] Level 5:colcon.colcon_core.verb:set package 'challenge_package' build argument 'cmake_target' from command line to 'None'
[0.645s] Level 5:colcon.colcon_core.verb:set package 'challenge_package' build argument 'cmake_target_skip_unavailable' from command line to 'False'
[0.645s] Level 5:colcon.colcon_core.verb:set package 'challenge_package' build argument 'cmake_clean_cache' from command line to 'False'
[0.645s] Level 5:colcon.colcon_core.verb:set package 'challenge_package' build argument 'cmake_clean_first' from command line to 'False'
[0.645s] Level 5:colcon.colcon_core.verb:set package 'challenge_package' build argument 'cmake_force_configure' from command line to 'False'
[0.645s] Level 5:colcon.colcon_core.verb:set package 'challenge_package' build argument 'ament_cmake_args' from command line to 'None'
[0.645s] Level 5:colcon.colcon_core.verb:set package 'challenge_package' build argument 'catkin_cmake_args' from command line to 'None'
[0.645s] Level 5:colcon.colcon_core.verb:set package 'challenge_package' build argument 'catkin_skip_building_tests' from command line to 'False'
[0.645s] DEBUG:colcon.colcon_core.verb:Building package 'challenge_package' with the following arguments: {'ament_cmake_args': None, 'build_base': '/home/evanw/Desktop/uwrt/challenge_ws/build/challenge_package', 'catkin_cmake_args': None, 'catkin_skip_building_tests': False, 'cmake_args': None, 'cmake_clean_cache': False, 'cmake_clean_first': False, 'cmake_force_configure': False, 'cmake_target': None, 'cmake_target_skip_unavailable': False, 'install_base': '/home/evanw/Desktop/uwrt/challenge_ws/install/challenge_package', 'merge_install': False, 'path': '/home/evanw/Desktop/uwrt/challenge_ws/src/challenge_package', 'symlink_install': False, 'test_result_base': None}
[0.646s] INFO:colcon.colcon_core.executor:Executing jobs using 'parallel' executor
[0.649s] DEBUG:colcon.colcon_parallel_executor.executor.parallel:run_until_complete
[0.649s] INFO:colcon.colcon_ros.task.ament_cmake.build:Building ROS package in '/home/evanw/Desktop/uwrt/challenge_ws/src/challenge_package' with build type 'ament_cmake'
[0.649s] INFO:colcon.colcon_cmake.task.cmake.build:Building CMake package in '/home/evanw/Desktop/uwrt/challenge_ws/src/challenge_package'
[0.656s] INFO:colcon.colcon_core.plugin_system:Skipping extension 'colcon_core.shell.bat': Not used on non-Windows systems
[0.656s] INFO:colcon.colcon_core.shell:Skip shell extension 'powershell' for command environment: Not usable outside of PowerShell
[0.656s] DEBUG:colcon.colcon_core.shell:Skip shell extension 'dsv' for command environment
[0.669s] DEBUG:colcon.colcon_core.event_handler.log_command:Invoking command in '/home/evanw/Desktop/uwrt/challenge_ws/build/challenge_package': CMAKE_PREFIX_PATH=${CMAKE_PREFIX_PATH}:/opt/ros/galactic /usr/bin/cmake --build /home/evanw/Desktop/uwrt/challenge_ws/build/challenge_package -- -j8 -l8
[9.636s] DEBUG:colcon.colcon_core.event_handler.log_command:Invoked command in '/home/evanw/Desktop/uwrt/challenge_ws/build/challenge_package' returned '0': CMAKE_PREFIX_PATH=${CMAKE_PREFIX_PATH}:/opt/ros/galactic /usr/bin/cmake --build /home/evanw/Desktop/uwrt/challenge_ws/build/challenge_package -- -j8 -l8
[9.689s] DEBUG:colcon.colcon_core.event_handler.log_command:Invoking command in '/home/evanw/Desktop/uwrt/challenge_ws/build/challenge_package': CMAKE_PREFIX_PATH=${CMAKE_PREFIX_PATH}:/opt/ros/galactic /usr/bin/cmake --install /home/evanw/Desktop/uwrt/challenge_ws/build/challenge_package
[9.760s] Level 1:colcon.colcon_core.environment:create_environment_scripts_only(challenge_package)
[9.761s] DEBUG:colcon.colcon_core.event_handler.log_command:Invoked command in '/home/evanw/Desktop/uwrt/challenge_ws/build/challenge_package' returned '0': CMAKE_PREFIX_PATH=${CMAKE_PREFIX_PATH}:/opt/ros/galactic /usr/bin/cmake --install /home/evanw/Desktop/uwrt/challenge_ws/build/challenge_package
[9.768s] Level 1:colcon.colcon_core.environment:checking '/home/evanw/Desktop/uwrt/challenge_ws/install/challenge_package' for CMake module files
[9.769s] Level 1:colcon.colcon_core.environment:checking '/home/evanw/Desktop/uwrt/challenge_ws/install/challenge_package' for CMake config files
[9.769s] Level 1:colcon.colcon_core.shell:create_environment_hook('challenge_package', 'cmake_prefix_path')
[9.771s] INFO:colcon.colcon_core.shell:Creating environment hook '/home/evanw/Desktop/uwrt/challenge_ws/install/challenge_package/share/challenge_package/hook/cmake_prefix_path.ps1'
[9.772s] INFO:colcon.colcon_core.shell:Creating environment descriptor '/home/evanw/Desktop/uwrt/challenge_ws/install/challenge_package/share/challenge_package/hook/cmake_prefix_path.dsv'
[9.773s] INFO:colcon.colcon_core.shell:Creating environment hook '/home/evanw/Desktop/uwrt/challenge_ws/install/challenge_package/share/challenge_package/hook/cmake_prefix_path.sh'
[9.774s] Level 1:colcon.colcon_core.environment:checking '/home/evanw/Desktop/uwrt/challenge_ws/install/challenge_package/lib'
[9.775s] Level 1:colcon.colcon_core.shell:create_environment_hook('challenge_package', 'ld_library_path_lib')
[9.776s] INFO:colcon.colcon_core.shell:Creating environment hook '/home/evanw/Desktop/uwrt/challenge_ws/install/challenge_package/share/challenge_package/hook/ld_library_path_lib.ps1'
[9.777s] INFO:colcon.colcon_core.shell:Creating environment descriptor '/home/evanw/Desktop/uwrt/challenge_ws/install/challenge_package/share/challenge_package/hook/ld_library_path_lib.dsv'
[9.778s] INFO:colcon.colcon_core.shell:Creating environment hook '/home/evanw/Desktop/uwrt/challenge_ws/install/challenge_package/share/challenge_package/hook/ld_library_path_lib.sh'
[9.778s] Level 1:colcon.colcon_core.environment:checking '/home/evanw/Desktop/uwrt/challenge_ws/install/challenge_package/bin'
[9.779s] Level 1:colcon.colcon_core.environment:checking '/home/evanw/Desktop/uwrt/challenge_ws/install/challenge_package/lib/pkgconfig/challenge_package.pc'
[9.779s] Level 1:colcon.colcon_core.environment:checking '/home/evanw/Desktop/uwrt/challenge_ws/install/challenge_package/lib/python3.8/site-packages'
[9.779s] Level 1:colcon.colcon_core.shell:create_environment_hook('challenge_package', 'pythonpath')
[9.782s] INFO:colcon.colcon_core.shell:Creating environment hook '/home/evanw/Desktop/uwrt/challenge_ws/install/challenge_package/share/challenge_package/hook/pythonpath.ps1'
[9.783s] INFO:colcon.colcon_core.shell:Creating environment descriptor '/home/evanw/Desktop/uwrt/challenge_ws/install/challenge_package/share/challenge_package/hook/pythonpath.dsv'
[9.783s] INFO:colcon.colcon_core.shell:Creating environment hook '/home/evanw/Desktop/uwrt/challenge_ws/install/challenge_package/share/challenge_package/hook/pythonpath.sh'
[9.784s] Level 1:colcon.colcon_core.environment:checking '/home/evanw/Desktop/uwrt/challenge_ws/install/challenge_package/bin'
[9.786s] INFO:colcon.colcon_core.shell:Creating package script '/home/evanw/Desktop/uwrt/challenge_ws/install/challenge_package/share/challenge_package/package.ps1'
[9.787s] INFO:colcon.colcon_core.shell:Creating package descriptor '/home/evanw/Desktop/uwrt/challenge_ws/install/challenge_package/share/challenge_package/package.dsv'
[9.788s] INFO:colcon.colcon_core.shell:Creating package script '/home/evanw/Desktop/uwrt/challenge_ws/install/challenge_package/share/challenge_package/package.sh'
[9.789s] INFO:colcon.colcon_core.shell:Creating package script '/home/evanw/Desktop/uwrt/challenge_ws/install/challenge_package/share/challenge_package/package.bash'
[9.791s] INFO:colcon.colcon_core.shell:Creating package script '/home/evanw/Desktop/uwrt/challenge_ws/install/challenge_package/share/challenge_package/package.zsh'
[9.792s] Level 1:colcon.colcon_core.environment:create_file_with_runtime_dependencies(/home/evanw/Desktop/uwrt/challenge_ws/install/challenge_package/share/colcon-core/packages/challenge_package)
[9.838s] Level 1:colcon.colcon_core.environment:create_environment_scripts_only(challenge_package)
[9.840s] Level 1:colcon.colcon_core.environment:checking '/home/evanw/Desktop/uwrt/challenge_ws/install/challenge_package' for CMake module files
[9.840s] Level 1:colcon.colcon_core.environment:checking '/home/evanw/Desktop/uwrt/challenge_ws/install/challenge_package' for CMake config files
[9.841s] Level 1:colcon.colcon_core.shell:create_environment_hook('challenge_package', 'cmake_prefix_path')
[9.842s] INFO:colcon.colcon_core.shell:Creating environment hook '/home/evanw/Desktop/uwrt/challenge_ws/install/challenge_package/share/challenge_package/hook/cmake_prefix_path.ps1'
[9.842s] INFO:colcon.colcon_core.shell:Creating environment descriptor '/home/evanw/Desktop/uwrt/challenge_ws/install/challenge_package/share/challenge_package/hook/cmake_prefix_path.dsv'
[9.843s] INFO:colcon.colcon_core.shell:Creating environment hook '/home/evanw/Desktop/uwrt/challenge_ws/install/challenge_package/share/challenge_package/hook/cmake_prefix_path.sh'
[9.843s] Level 1:colcon.colcon_core.environment:checking '/home/evanw/Desktop/uwrt/challenge_ws/install/challenge_package/lib'
[9.843s] Level 1:colcon.colcon_core.shell:create_environment_hook('challenge_package', 'ld_library_path_lib')
[9.844s] INFO:colcon.colcon_core.shell:Creating environment hook '/home/evanw/Desktop/uwrt/challenge_ws/install/challenge_package/share/challenge_package/hook/ld_library_path_lib.ps1'
[9.845s] INFO:colcon.colcon_core.shell:Creating environment descriptor '/home/evanw/Desktop/uwrt/challenge_ws/install/challenge_package/share/challenge_package/hook/ld_library_path_lib.dsv'
[9.845s] INFO:colcon.colcon_core.shell:Creating environment hook '/home/evanw/Desktop/uwrt/challenge_ws/install/challenge_package/share/challenge_package/hook/ld_library_path_lib.sh'
[9.845s] Level 1:colcon.colcon_core.environment:checking '/home/evanw/Desktop/uwrt/challenge_ws/install/challenge_package/bin'
[9.845s] Level 1:colcon.colcon_core.environment:checking '/home/evanw/Desktop/uwrt/challenge_ws/install/challenge_package/lib/pkgconfig/challenge_package.pc'
[9.846s] Level 1:colcon.colcon_core.environment:checking '/home/evanw/Desktop/uwrt/challenge_ws/install/challenge_package/lib/python3.8/site-packages'
[9.846s] Level 1:colcon.colcon_core.shell:create_environment_hook('challenge_package', 'pythonpath')
[9.847s] INFO:colcon.colcon_core.shell:Creating environment hook '/home/evanw/Desktop/uwrt/challenge_ws/install/challenge_package/share/challenge_package/hook/pythonpath.ps1'
[9.847s] INFO:colcon.colcon_core.shell:Creating environment descriptor '/home/evanw/Desktop/uwrt/challenge_ws/install/challenge_package/share/challenge_package/hook/pythonpath.dsv'
[9.848s] INFO:colcon.colcon_core.shell:Creating environment hook '/home/evanw/Desktop/uwrt/challenge_ws/install/challenge_package/share/challenge_package/hook/pythonpath.sh'
[9.848s] Level 1:colcon.colcon_core.environment:checking '/home/evanw/Desktop/uwrt/challenge_ws/install/challenge_package/bin'
[9.849s] INFO:colcon.colcon_core.shell:Creating package script '/home/evanw/Desktop/uwrt/challenge_ws/install/challenge_package/share/challenge_package/package.ps1'
[9.850s] INFO:colcon.colcon_core.shell:Creating package descriptor '/home/evanw/Desktop/uwrt/challenge_ws/install/challenge_package/share/challenge_package/package.dsv'
[9.851s] INFO:colcon.colcon_core.shell:Creating package script '/home/evanw/Desktop/uwrt/challenge_ws/install/challenge_package/share/challenge_package/package.sh'
[9.851s] INFO:colcon.colcon_core.shell:Creating package script '/home/evanw/Desktop/uwrt/challenge_ws/install/challenge_package/share/challenge_package/package.bash'
[9.851s] INFO:colcon.colcon_core.shell:Creating package script '/home/evanw/Desktop/uwrt/challenge_ws/install/challenge_package/share/challenge_package/package.zsh'
[9.852s] Level 1:colcon.colcon_core.environment:create_file_with_runtime_dependencies(/home/evanw/Desktop/uwrt/challenge_ws/install/challenge_package/share/colcon-core/packages/challenge_package)
[9.852s] DEBUG:colcon.colcon_parallel_executor.executor.parallel:closing loop
[9.852s] DEBUG:colcon.colcon_parallel_executor.executor.parallel:loop closed
[9.852s] DEBUG:colcon.colcon_parallel_executor.executor.parallel:run_until_complete finished with '0'
[9.852s] DEBUG:colcon.colcon_core.event_reactor:joining thread
[9.865s] INFO:colcon.colcon_core.plugin_system:Skipping extension 'colcon_notification.desktop_notification.terminal_notifier': Not used on non-Darwin systems
[9.865s] INFO:colcon.colcon_core.plugin_system:Skipping extension 'colcon_notification.desktop_notification.win32': Not used on non-Windows systems
[9.866s] INFO:colcon.colcon_notification.desktop_notification:Sending desktop notification using 'notify2'
[9.916s] DEBUG:colcon.colcon_core.event_reactor:joined thread
[9.917s] INFO:colcon.colcon_core.shell:Creating prefix script '/home/evanw/Desktop/uwrt/challenge_ws/install/local_setup.ps1'
[9.919s] INFO:colcon.colcon_core.shell:Creating prefix util module '/home/evanw/Desktop/uwrt/challenge_ws/install/_local_setup_util_ps1.py'
[9.922s] INFO:colcon.colcon_core.shell:Creating prefix chain script '/home/evanw/Desktop/uwrt/challenge_ws/install/setup.ps1'
[9.923s] INFO:colcon.colcon_core.shell:Creating prefix script '/home/evanw/Desktop/uwrt/challenge_ws/install/local_setup.sh'
[9.924s] INFO:colcon.colcon_core.shell:Creating prefix util module '/home/evanw/Desktop/uwrt/challenge_ws/install/_local_setup_util_sh.py'
[9.925s] INFO:colcon.colcon_core.shell:Creating prefix chain script '/home/evanw/Desktop/uwrt/challenge_ws/install/setup.sh'
[9.929s] INFO:colcon.colcon_core.shell:Creating prefix script '/home/evanw/Desktop/uwrt/challenge_ws/install/local_setup.bash'
[9.930s] INFO:colcon.colcon_core.shell:Creating prefix chain script '/home/evanw/Desktop/uwrt/challenge_ws/install/setup.bash'
[9.931s] INFO:colcon.colcon_core.shell:Creating prefix script '/home/evanw/Desktop/uwrt/challenge_ws/install/local_setup.zsh'
[9.932s] INFO:colcon.colcon_core.shell:Creating prefix chain script '/home/evanw/Desktop/uwrt/challenge_ws/install/setup.zsh'
