-- Found ament_cmake: 0.9.9 (/home/alikasim/ros2_foxy/install/ament_cmake/share/ament_cmake/cmake)
-- Using PYTHON_EXECUTABLE: /usr/bin/python3
-- Found rclcpp: 2.4.0 (/home/alikasim/ros2_foxy/install/rclcpp/share/rclcpp/cmake)
-- Using all available rosidl_typesupport_c: rosidl_typesupport_introspection_c;rosidl_typesupport_fastrtps_c
-- Found rosidl_adapter: 1.2.1 (/home/alikasim/ros2_foxy/install/rosidl_adapter/share/rosidl_adapter/cmake)
-- Using all available rosidl_typesupport_cpp: rosidl_typesupport_introspection_cpp;rosidl_typesupport_fastrtps_cpp
-- Found rmw_implementation_cmake: 1.0.3 (/home/alikasim/ros2_foxy/install/rmw_implementation_cmake/share/rmw_implementation_cmake/cmake)
-- Using RMW implementation 'rmw_fastrtps_cpp' as default
-- Found turtlesim: 1.2.5 (/home/alikasim/ros2_foxy/install/turtlesim/share/turtlesim/cmake)
-- Found rosidl_default_generators: 1.0.1 (/home/alikasim/ros2_foxy/install/rosidl_default_generators/share/rosidl_default_generators/cmake)
-- Found PythonInterp: /usr/bin/python3 (found version "3.8.10") 
-- Found ament_cmake_ros: 0.9.2 (/home/alikasim/ros2_foxy/install/ament_cmake_ros/share/ament_cmake_ros/cmake)
-- Using all available rosidl_typesupport_c: rosidl_typesupport_introspection_c;rosidl_typesupport_fastrtps_c
-- Using all available rosidl_typesupport_cpp: rosidl_typesupport_introspection_cpp;rosidl_typesupport_fastrtps_cpp
-- Found PythonInterp: /usr/bin/python3 (found suitable version "3.8.10", minimum required is "3.5") 
-- Found python_cmake_module: 0.8.1 (/home/alikasim/ros2_foxy/install/python_cmake_module/share/python_cmake_module/cmake)
-- Found PythonLibs: /usr/lib/x86_64-linux-gnu/libpython3.8.so (found suitable version "3.8.10", minimum required is "3.5") 
-- Using PYTHON_EXECUTABLE: /usr/bin/python3
-- Using PYTHON_INCLUDE_DIRS: /usr/include/python3.8
-- Using PYTHON_LIBRARIES: /usr/lib/x86_64-linux-gnu/libpython3.8.so
-- Found PythonExtra: .so  
-- Found ament_lint_auto: 0.9.6 (/home/alikasim/ros2_foxy/install/ament_lint_auto/share/ament_lint_auto/cmake)
-- Added test 'copyright' to check source files copyright and LICENSE
-- Added test 'cppcheck' to perform static code analysis on C / C++ code
-- Configured cppcheck include dirs: $<BUILD_INTERFACE:/home/alikasim/dev_ws/src/software_training_assingment/build/software_training_assingment/rosidl_generator_c>;$<BUILD_INTERFACE:/home/alikasim/dev_ws/src/software_training_assingment/build/software_training_assingment/rosidl_typesupport_introspection_c>;/home/alikasim/dev_ws/src/software_training_assingment/build/software_training_assingment/rosidl_generator_c;/home/alikasim/dev_ws/src/software_training_assingment/build/software_training_assingment/rosidl_generator_cpp;/home/alikasim/dev_ws/src/software_training_assingment/build/software_training_assingment/rosidl_typesupport_fastrtps_c;/home/alikasim/dev_ws/src/software_training_assingment/build/software_training_assingment/rosidl_typesupport_fastrtps_cpp;$<BUILD_INTERFACE:/home/alikasim/dev_ws/src/software_training_assingment/build/software_training_assingment/rosidl_typesupport_c>;$<BUILD_INTERFACE:/home/alikasim/dev_ws/src/software_training_assingment/build/software_training_assingment/rosidl_generator_cpp>;/home/alikasim/dev_ws/src/software_training_assingment/build/software_training_assingment/rosidl_generator_py
-- Configured cppcheck exclude dirs and/or files: 
-- Added test 'cpplint' to check C / C++ code against the Google style
-- Configured cpplint exclude dirs and/or files: 
-- Added test 'flake8' to check Python code syntax and style conventions
-- Added test 'lint_cmake' to check CMake code style
-- Added test 'pep257' to check Python code against some of the style conventions in PEP 257
-- Added test 'uncrustify' to check C / C++ code style
-- Configured uncrustify additional arguments: 
-- Added test 'xmllint' to check XML markup files
-- Configuring done
-- Generating done
-- Build files have been written to: /home/alikasim/dev_ws/src/software_training_assingment/build/software_training_assingment
[  2%] [34m[1mGenerating C code for ROS interfaces[0m
[35m[1mScanning dependencies of target software_training_assingment__cpp[0m
[  5%] [34m[1mGenerating C++ code for ROS interfaces[0m
[35m[1mScanning dependencies of target software_training_assingment__rosidl_generator_c[0m
[  5%] Built target software_training_assingment__cpp
[ 14%] [34m[1mGenerating C++ type support for eProsima Fast-RTPS[0m
[ 14%] [34m[1mGenerating C++ introspection for ROS interfaces[0m
[ 14%] [34m[1mGenerating C++ type support dispatch for ROS interfaces[0m
[ 17%] [32mBuilding C object CMakeFiles/software_training_assingment__rosidl_generator_c.dir/rosidl_generator_c/software_training_assingment/srv/detail/reset_turtle__functions.c.o[0m
[35m[1mScanning dependencies of target client[0m
[35m[1mScanning dependencies of target create_turtles[0m
[ 20%] [32mBuilding CXX object CMakeFiles/create_turtles.dir/src/spawn_turtles.cpp.o[0m
[ 22%] [32mBuilding CXX object CMakeFiles/client.dir/src/clear_turtles.cpp.o[0m
[ 25%] [32m[1mLinking C shared library libsoftware_training_assingment__rosidl_generator_c.so[0m
[ 25%] Built target software_training_assingment__rosidl_generator_c
[ 28%] [34m[1mGenerating C introspection for ROS interfaces[0m
[ 31%] [34m[1mGenerating C type support dispatch for ROS interfaces[0m
[35m[1mScanning dependencies of target software_training_assingment__rosidl_typesupport_fastrtps_cpp[0m
[35m[1mScanning dependencies of target software_training_assingment__rosidl_typesupport_introspection_cpp[0m
[35m[1mScanning dependencies of target software_training_assingment__rosidl_typesupport_cpp[0m
[ 34%] [32mBuilding CXX object CMakeFiles/software_training_assingment__rosidl_typesupport_introspection_cpp.dir/rosidl_typesupport_introspection_cpp/software_training_assingment/srv/detail/reset_turtle__type_support.cpp.o[0m
[ 37%] [32mBuilding CXX object CMakeFiles/software_training_assingment__rosidl_typesupport_cpp.dir/rosidl_typesupport_cpp/software_training_assingment/srv/reset_turtle__type_support.cpp.o[0m
[35m[1mScanning dependencies of target software_training_assingment__rosidl_typesupport_introspection_c[0m
[ 40%] [32mBuilding CXX object CMakeFiles/software_training_assingment__rosidl_typesupport_fastrtps_cpp.dir/rosidl_typesupport_fastrtps_cpp/software_training_assingment/srv/detail/dds_fastrtps/reset_turtle__type_support.cpp.o[0m
[ 42%] [32mBuilding C object CMakeFiles/software_training_assingment__rosidl_typesupport_introspection_c.dir/rosidl_typesupport_introspection_c/software_training_assingment/srv/detail/reset_turtle__type_support.c.o[0m
[ 45%] [32m[1mLinking C shared library libsoftware_training_assingment__rosidl_typesupport_introspection_c.so[0m
[ 48%] [32m[1mLinking CXX shared library libsoftware_training_assingment__rosidl_typesupport_introspection_cpp.so[0m
[35m[1mScanning dependencies of target software_training_assingment__rosidl_typesupport_c[0m
[ 48%] Built target software_training_assingment__rosidl_typesupport_introspection_c
[ 51%] [32mBuilding CXX object CMakeFiles/software_training_assingment__rosidl_typesupport_c.dir/rosidl_typesupport_c/software_training_assingment/srv/reset_turtle__type_support.cpp.o[0m
[ 54%] [32m[1mLinking CXX shared library libsoftware_training_assingment__rosidl_typesupport_c.so[0m
[ 54%] Built target software_training_assingment__rosidl_typesupport_introspection_cpp
[ 57%] [32m[1mLinking CXX shared library libsoftware_training_assingment__rosidl_typesupport_cpp.so[0m
[ 57%] Built target software_training_assingment__rosidl_typesupport_c
[ 57%] Built target software_training_assingment__rosidl_typesupport_cpp
[ 60%] [32m[1mLinking CXX shared library libsoftware_training_assingment__rosidl_typesupport_fastrtps_cpp.so[0m
[ 60%] Built target software_training_assingment__rosidl_typesupport_fastrtps_cpp
[ 62%] [34m[1mGenerating C type support for eProsima Fast-RTPS[0m
[35m[1mScanning dependencies of target software_training_assingment__rosidl_typesupport_fastrtps_c[0m
[ 65%] [32mBuilding CXX object CMakeFiles/software_training_assingment__rosidl_typesupport_fastrtps_c.dir/rosidl_typesupport_fastrtps_c/software_training_assingment/srv/detail/reset_turtle__type_support_c.cpp.o[0m
[ 68%] [32m[1mLinking CXX shared library libsoftware_training_assingment__rosidl_typesupport_fastrtps_c.so[0m
[ 68%] Built target software_training_assingment__rosidl_typesupport_fastrtps_c
[35m[1mScanning dependencies of target software_training_assingment[0m
[ 68%] Built target software_training_assingment
[35m[1mScanning dependencies of target software_training_assingment__py[0m
[ 71%] [34m[1mGenerating Python code for ROS interfaces[0m
[ 74%] [32m[1mLinking CXX executable client[0m
[ 77%] [32m[1mLinking CXX executable create_turtles[0m
[ 77%] Built target software_training_assingment__py
[35m[1mScanning dependencies of target software_training_assingment__python[0m
[ 80%] [32mBuilding C object CMakeFiles/software_training_assingment__python.dir/rosidl_generator_py/software_training_assingment/srv/_reset_turtle_s.c.o[0m
[ 82%] [32m[1mLinking C shared library rosidl_generator_py/software_training_assingment/libsoftware_training_assingment__python.so[0m
[ 82%] Built target software_training_assingment__python
[35m[1mScanning dependencies of target software_training_assingment__rosidl_typesupport_c__pyext[0m
[35m[1mScanning dependencies of target software_training_assingment__rosidl_typesupport_fastrtps_c__pyext[0m
[35m[1mScanning dependencies of target software_training_assingment__rosidl_typesupport_introspection_c__pyext[0m
[ 85%] [32mBuilding C object CMakeFiles/software_training_assingment__rosidl_typesupport_fastrtps_c__pyext.dir/rosidl_generator_py/software_training_assingment/_software_training_assingment_s.ep.rosidl_typesupport_fastrtps_c.c.o[0m
[ 88%] [32mBuilding C object CMakeFiles/software_training_assingment__rosidl_typesupport_c__pyext.dir/rosidl_generator_py/software_training_assingment/_software_training_assingment_s.ep.rosidl_typesupport_c.c.o[0m
[ 91%] [32mBuilding C object CMakeFiles/software_training_assingment__rosidl_typesupport_introspection_c__pyext.dir/rosidl_generator_py/software_training_assingment/_software_training_assingment_s.ep.rosidl_typesupport_introspection_c.c.o[0m
[ 91%] Built target create_turtles
[100%] [32m[1mLinking C shared library rosidl_generator_py/software_training_assingment/software_training_assingment_s__rosidl_typesupport_c.cpython-38-x86_64-linux-gnu.so[0m
[100%] [32m[1mLinking C shared library rosidl_generator_py/software_training_assingment/software_training_assingment_s__rosidl_typesupport_introspection_c.cpython-38-x86_64-linux-gnu.so[0m
[100%] [32m[1mLinking CXX shared library rosidl_generator_py/software_training_assingment/software_training_assingment_s__rosidl_typesupport_fastrtps_c.cpython-38-x86_64-linux-gnu.so[0m
[100%] Built target client
[100%] Built target software_training_assingment__rosidl_typesupport_c__pyext
[100%] Built target software_training_assingment__rosidl_typesupport_introspection_c__pyext
[100%] Built target software_training_assingment__rosidl_typesupport_fastrtps_c__pyext
-- Install configuration: ""
-- Installing: /home/alikasim/dev_ws/src/software_training_assingment/install/software_training_assingment/share/ament_index/resource_index/rosidl_interfaces/software_training_assingment
-- Installing: /home/alikasim/dev_ws/src/software_training_assingment/install/software_training_assingment/include/software_training_assingment
-- Installing: /home/alikasim/dev_ws/src/software_training_assingment/install/software_training_assingment/include/software_training_assingment/srv
-- Installing: /home/alikasim/dev_ws/src/software_training_assingment/install/software_training_assingment/include/software_training_assingment/srv/detail
-- Installing: /home/alikasim/dev_ws/src/software_training_assingment/install/software_training_assingment/include/software_training_assingment/srv/detail/reset_turtle__struct.h
-- Installing: /home/alikasim/dev_ws/src/software_training_assingment/install/software_training_assingment/include/software_training_assingment/srv/detail/reset_turtle__type_support.h
-- Installing: /home/alikasim/dev_ws/src/software_training_assingment/install/software_training_assingment/include/software_training_assingment/srv/detail/reset_turtle__functions.c
-- Installing: /home/alikasim/dev_ws/src/software_training_assingment/install/software_training_assingment/include/software_training_assingment/srv/detail/reset_turtle__functions.h
-- Installing: /home/alikasim/dev_ws/src/software_training_assingment/install/software_training_assingment/include/software_training_assingment/srv/reset_turtle.h
-- Installing: /home/alikasim/dev_ws/src/software_training_assingment/install/software_training_assingment/include/software_training_assingment/msg
-- Installing: /home/alikasim/dev_ws/src/software_training_assingment/install/software_training_assingment/include/software_training_assingment/msg/rosidl_generator_c__visibility_control.h
-- Installing: /home/alikasim/dev_ws/src/software_training_assingment/install/software_training_assingment/share/software_training_assingment/environment/library_path.sh
-- Installing: /home/alikasim/dev_ws/src/software_training_assingment/install/software_training_assingment/share/software_training_assingment/environment/library_path.dsv
-- Installing: /home/alikasim/dev_ws/src/software_training_assingment/install/software_training_assingment/lib/libsoftware_training_assingment__rosidl_generator_c.so
-- Set runtime path of "/home/alikasim/dev_ws/src/software_training_assingment/install/software_training_assingment/lib/libsoftware_training_assingment__rosidl_generator_c.so" to ""
-- Up-to-date: /home/alikasim/dev_ws/src/software_training_assingment/install/software_training_assingment/include/software_training_assingment
-- Up-to-date: /home/alikasim/dev_ws/src/software_training_assingment/install/software_training_assingment/include/software_training_assingment/srv
-- Up-to-date: /home/alikasim/dev_ws/src/software_training_assingment/install/software_training_assingment/include/software_training_assingment/srv/detail
-- Installing: /home/alikasim/dev_ws/src/software_training_assingment/install/software_training_assingment/include/software_training_assingment/srv/detail/reset_turtle__rosidl_typesupport_introspection_c.h
-- Installing: /home/alikasim/dev_ws/src/software_training_assingment/install/software_training_assingment/include/software_training_assingment/srv/detail/reset_turtle__type_support.c
-- Up-to-date: /home/alikasim/dev_ws/src/software_training_assingment/install/software_training_assingment/include/software_training_assingment/msg
-- Installing: /home/alikasim/dev_ws/src/software_training_assingment/install/software_training_assingment/include/software_training_assingment/msg/rosidl_typesupport_introspection_c__visibility_control.h
-- Installing: /home/alikasim/dev_ws/src/software_training_assingment/install/software_training_assingment/lib/libsoftware_training_assingment__rosidl_typesupport_introspection_c.so
-- Set runtime path of "/home/alikasim/dev_ws/src/software_training_assingment/install/software_training_assingment/lib/libsoftware_training_assingment__rosidl_typesupport_introspection_c.so" to ""
-- Up-to-date: /home/alikasim/dev_ws/src/software_training_assingment/install/software_training_assingment/include/software_training_assingment
-- Up-to-date: /home/alikasim/dev_ws/src/software_training_assingment/install/software_training_assingment/include/software_training_assingment/srv
-- Up-to-date: /home/alikasim/dev_ws/src/software_training_assingment/install/software_training_assingment/include/software_training_assingment/srv/detail
-- Installing: /home/alikasim/dev_ws/src/software_training_assingment/install/software_training_assingment/include/software_training_assingment/srv/detail/reset_turtle__rosidl_typesupport_fastrtps_c.h
-- Up-to-date: /home/alikasim/dev_ws/src/software_training_assingment/install/software_training_assingment/include/software_training_assingment/msg
-- Installing: /home/alikasim/dev_ws/src/software_training_assingment/install/software_training_assingment/include/software_training_assingment/msg/rosidl_typesupport_fastrtps_c__visibility_control.h
-- Installing: /home/alikasim/dev_ws/src/software_training_assingment/install/software_training_assingment/lib/libsoftware_training_assingment__rosidl_typesupport_fastrtps_c.so
-- Set runtime path of "/home/alikasim/dev_ws/src/software_training_assingment/install/software_training_assingment/lib/libsoftware_training_assingment__rosidl_typesupport_fastrtps_c.so" to ""
-- Up-to-date: /home/alikasim/dev_ws/src/software_training_assingment/install/software_training_assingment/include/software_training_assingment
-- Up-to-date: /home/alikasim/dev_ws/src/software_training_assingment/install/software_training_assingment/include/software_training_assingment/srv
-- Up-to-date: /home/alikasim/dev_ws/src/software_training_assingment/install/software_training_assingment/include/software_training_assingment/srv/detail
-- Installing: /home/alikasim/dev_ws/src/software_training_assingment/install/software_training_assingment/include/software_training_assingment/srv/detail/dds_fastrtps
-- Installing: /home/alikasim/dev_ws/src/software_training_assingment/install/software_training_assingment/include/software_training_assingment/srv/detail/reset_turtle__rosidl_typesupport_fastrtps_cpp.hpp
-- Up-to-date: /home/alikasim/dev_ws/src/software_training_assingment/install/software_training_assingment/include/software_training_assingment/msg
-- Installing: /home/alikasim/dev_ws/src/software_training_assingment/install/software_training_assingment/include/software_training_assingment/msg/rosidl_typesupport_fastrtps_cpp__visibility_control.h
-- Installing: /home/alikasim/dev_ws/src/software_training_assingment/install/software_training_assingment/lib/libsoftware_training_assingment__rosidl_typesupport_fastrtps_cpp.so
-- Set runtime path of "/home/alikasim/dev_ws/src/software_training_assingment/install/software_training_assingment/lib/libsoftware_training_assingment__rosidl_typesupport_fastrtps_cpp.so" to ""
-- Installing: /home/alikasim/dev_ws/src/software_training_assingment/install/software_training_assingment/lib/libsoftware_training_assingment__rosidl_typesupport_c.so
-- Set runtime path of "/home/alikasim/dev_ws/src/software_training_assingment/install/software_training_assingment/lib/libsoftware_training_assingment__rosidl_typesupport_c.so" to ""
-- Up-to-date: /home/alikasim/dev_ws/src/software_training_assingment/install/software_training_assingment/include/software_training_assingment
-- Up-to-date: /home/alikasim/dev_ws/src/software_training_assingment/install/software_training_assingment/include/software_training_assingment/srv
-- Installing: /home/alikasim/dev_ws/src/software_training_assingment/install/software_training_assingment/include/software_training_assingment/srv/reset_turtle.hpp
-- Up-to-date: /home/alikasim/dev_ws/src/software_training_assingment/install/software_training_assingment/include/software_training_assingment/srv/detail
-- Installing: /home/alikasim/dev_ws/src/software_training_assingment/install/software_training_assingment/include/software_training_assingment/srv/detail/reset_turtle__builder.hpp
-- Installing: /home/alikasim/dev_ws/src/software_training_assingment/install/software_training_assingment/include/software_training_assingment/srv/detail/reset_turtle__traits.hpp
-- Installing: /home/alikasim/dev_ws/src/software_training_assingment/install/software_training_assingment/include/software_training_assingment/srv/detail/reset_turtle__struct.hpp
-- Up-to-date: /home/alikasim/dev_ws/src/software_training_assingment/install/software_training_assingment/include/software_training_assingment
-- Up-to-date: /home/alikasim/dev_ws/src/software_training_assingment/install/software_training_assingment/include/software_training_assingment/srv
-- Up-to-date: /home/alikasim/dev_ws/src/software_training_assingment/install/software_training_assingment/include/software_training_assingment/srv/detail
-- Installing: /home/alikasim/dev_ws/src/software_training_assingment/install/software_training_assingment/include/software_training_assingment/srv/detail/reset_turtle__rosidl_typesupport_introspection_cpp.hpp
-- Installing: /home/alikasim/dev_ws/src/software_training_assingment/install/software_training_assingment/include/software_training_assingment/srv/detail/reset_turtle__type_support.cpp
-- Installing: /home/alikasim/dev_ws/src/software_training_assingment/install/software_training_assingment/lib/libsoftware_training_assingment__rosidl_typesupport_introspection_cpp.so
-- Set runtime path of "/home/alikasim/dev_ws/src/software_training_assingment/install/software_training_assingment/lib/libsoftware_training_assingment__rosidl_typesupport_introspection_cpp.so" to ""
-- Installing: /home/alikasim/dev_ws/src/software_training_assingment/install/software_training_assingment/lib/libsoftware_training_assingment__rosidl_typesupport_cpp.so
-- Set runtime path of "/home/alikasim/dev_ws/src/software_training_assingment/install/software_training_assingment/lib/libsoftware_training_assingment__rosidl_typesupport_cpp.so" to ""
-- Installing: /home/alikasim/dev_ws/src/software_training_assingment/install/software_training_assingment/share/software_training_assingment/environment/pythonpath.sh
-- Installing: /home/alikasim/dev_ws/src/software_training_assingment/install/software_training_assingment/share/software_training_assingment/environment/pythonpath.dsv
-- Installing: /home/alikasim/dev_ws/src/software_training_assingment/install/software_training_assingment/lib/python3.8/site-packages/software_training_assingment/__init__.py
Compiling '/home/alikasim/dev_ws/src/software_training_assingment/install/software_training_assingment/lib/python3.8/site-packages/software_training_assingment/__init__.py'...
-- Installing: /home/alikasim/dev_ws/src/software_training_assingment/install/software_training_assingment/lib/python3.8/site-packages/software_training_assingment/srv
-- Installing: /home/alikasim/dev_ws/src/software_training_assingment/install/software_training_assingment/lib/python3.8/site-packages/software_training_assingment/srv/_reset_turtle.py
-- Installing: /home/alikasim/dev_ws/src/software_training_assingment/install/software_training_assingment/lib/python3.8/site-packages/software_training_assingment/srv/__init__.py
-- Installing: /home/alikasim/dev_ws/src/software_training_assingment/install/software_training_assingment/lib/python3.8/site-packages/software_training_assingment/srv/_reset_turtle_s.c
-- Installing: /home/alikasim/dev_ws/src/software_training_assingment/install/software_training_assingment/lib/python3.8/site-packages/software_training_assingment/software_training_assingment_s__rosidl_typesupport_introspection_c.cpython-38-x86_64-linux-gnu.so
-- Set runtime path of "/home/alikasim/dev_ws/src/software_training_assingment/install/software_training_assingment/lib/python3.8/site-packages/software_training_assingment/software_training_assingment_s__rosidl_typesupport_introspection_c.cpython-38-x86_64-linux-gnu.so" to ""
-- Installing: /home/alikasim/dev_ws/src/software_training_assingment/install/software_training_assingment/lib/python3.8/site-packages/software_training_assingment/software_training_assingment_s__rosidl_typesupport_fastrtps_c.cpython-38-x86_64-linux-gnu.so
-- Set runtime path of "/home/alikasim/dev_ws/src/software_training_assingment/install/software_training_assingment/lib/python3.8/site-packages/software_training_assingment/software_training_assingment_s__rosidl_typesupport_fastrtps_c.cpython-38-x86_64-linux-gnu.so" to ""
-- Installing: /home/alikasim/dev_ws/src/software_training_assingment/install/software_training_assingment/lib/python3.8/site-packages/software_training_assingment/software_training_assingment_s__rosidl_typesupport_c.cpython-38-x86_64-linux-gnu.so
-- Set runtime path of "/home/alikasim/dev_ws/src/software_training_assingment/install/software_training_assingment/lib/python3.8/site-packages/software_training_assingment/software_training_assingment_s__rosidl_typesupport_c.cpython-38-x86_64-linux-gnu.so" to ""
-- Installing: /home/alikasim/dev_ws/src/software_training_assingment/install/software_training_assingment/lib/libsoftware_training_assingment__python.so
-- Set runtime path of "/home/alikasim/dev_ws/src/software_training_assingment/install/software_training_assingment/lib/libsoftware_training_assingment__python.so" to ""
-- Installing: /home/alikasim/dev_ws/src/software_training_assingment/install/software_training_assingment/share/software_training_assingment/srv/ResetTurtle.idl
-- Installing: /home/alikasim/dev_ws/src/software_training_assingment/install/software_training_assingment/share/software_training_assingment/srv/ResetTurtle.srv
-- Installing: /home/alikasim/dev_ws/src/software_training_assingment/install/software_training_assingment/share/software_training_assingment/srv/ResetTurtle_Request.msg
-- Installing: /home/alikasim/dev_ws/src/software_training_assingment/install/software_training_assingment/share/software_training_assingment/srv/ResetTurtle_Response.msg
-- Installing: /home/alikasim/dev_ws/src/software_training_assingment/install/software_training_assingment/lib/software_training_assingment/client
-- Set runtime path of "/home/alikasim/dev_ws/src/software_training_assingment/install/software_training_assingment/lib/software_training_assingment/client" to ""
-- Installing: /home/alikasim/dev_ws/src/software_training_assingment/install/software_training_assingment/lib/software_training_assingment/create_turtles
-- Set runtime path of "/home/alikasim/dev_ws/src/software_training_assingment/install/software_training_assingment/lib/software_training_assingment/create_turtles" to ""
-- Installing: /home/alikasim/dev_ws/src/software_training_assingment/install/software_training_assingment/share/ament_index/resource_index/package_run_dependencies/software_training_assingment
-- Installing: /home/alikasim/dev_ws/src/software_training_assingment/install/software_training_assingment/share/ament_index/resource_index/parent_prefix_path/software_training_assingment
-- Installing: /home/alikasim/dev_ws/src/software_training_assingment/install/software_training_assingment/share/software_training_assingment/environment/ament_prefix_path.dsv
-- Installing: /home/alikasim/dev_ws/src/software_training_assingment/install/software_training_assingment/share/software_training_assingment/environment/path.dsv
-- Up-to-date: /home/alikasim/dev_ws/src/software_training_assingment/install/software_training_assingment/share/software_training_assingment/local_setup.bash
-- Installing: /home/alikasim/dev_ws/src/software_training_assingment/install/software_training_assingment/share/software_training_assingment/local_setup.sh
-- Up-to-date: /home/alikasim/dev_ws/src/software_training_assingment/install/software_training_assingment/share/software_training_assingment/local_setup.zsh
-- Installing: /home/alikasim/dev_ws/src/software_training_assingment/install/software_training_assingment/share/software_training_assingment/local_setup.dsv
-- Installing: /home/alikasim/dev_ws/src/software_training_assingment/install/software_training_assingment/share/software_training_assingment/package.dsv
-- Up-to-date: /home/alikasim/dev_ws/src/software_training_assingment/install/software_training_assingment/share/ament_index/resource_index/packages/software_training_assingment
-- Installing: /home/alikasim/dev_ws/src/software_training_assingment/install/software_training_assingment/share/software_training_assingment/cmake/software_training_assingment__rosidl_generator_cExport.cmake
-- Installing: /home/alikasim/dev_ws/src/software_training_assingment/install/software_training_assingment/share/software_training_assingment/cmake/software_training_assingment__rosidl_generator_cExport-noconfig.cmake
-- Installing: /home/alikasim/dev_ws/src/software_training_assingment/install/software_training_assingment/share/software_training_assingment/cmake/software_training_assingment__rosidl_typesupport_introspection_cExport.cmake
-- Installing: /home/alikasim/dev_ws/src/software_training_assingment/install/software_training_assingment/share/software_training_assingment/cmake/software_training_assingment__rosidl_typesupport_introspection_cExport-noconfig.cmake
-- Installing: /home/alikasim/dev_ws/src/software_training_assingment/install/software_training_assingment/share/software_training_assingment/cmake/software_training_assingment__rosidl_typesupport_cExport.cmake
-- Installing: /home/alikasim/dev_ws/src/software_training_assingment/install/software_training_assingment/share/software_training_assingment/cmake/software_training_assingment__rosidl_typesupport_cExport-noconfig.cmake
-- Installing: /home/alikasim/dev_ws/src/software_training_assingment/install/software_training_assingment/share/software_training_assingment/cmake/software_training_assingment__rosidl_generator_cppExport.cmake
-- Installing: /home/alikasim/dev_ws/src/software_training_assingment/install/software_training_assingment/share/software_training_assingment/cmake/software_training_assingment__rosidl_typesupport_introspection_cppExport.cmake
-- Installing: /home/alikasim/dev_ws/src/software_training_assingment/install/software_training_assingment/share/software_training_assingment/cmake/software_training_assingment__rosidl_typesupport_introspection_cppExport-noconfig.cmake
-- Installing: /home/alikasim/dev_ws/src/software_training_assingment/install/software_training_assingment/share/software_training_assingment/cmake/software_training_assingment__rosidl_typesupport_cppExport.cmake
-- Installing: /home/alikasim/dev_ws/src/software_training_assingment/install/software_training_assingment/share/software_training_assingment/cmake/software_training_assingment__rosidl_typesupport_cppExport-noconfig.cmake
-- Installing: /home/alikasim/dev_ws/src/software_training_assingment/install/software_training_assingment/share/software_training_assingment/cmake/rosidl_cmake-extras.cmake
-- Installing: /home/alikasim/dev_ws/src/software_training_assingment/install/software_training_assingment/share/software_training_assingment/cmake/ament_cmake_export_dependencies-extras.cmake
-- Installing: /home/alikasim/dev_ws/src/software_training_assingment/install/software_training_assingment/share/software_training_assingment/cmake/ament_cmake_export_libraries-extras.cmake
-- Installing: /home/alikasim/dev_ws/src/software_training_assingment/install/software_training_assingment/share/software_training_assingment/cmake/ament_cmake_export_targets-extras.cmake
-- Installing: /home/alikasim/dev_ws/src/software_training_assingment/install/software_training_assingment/share/software_training_assingment/cmake/ament_cmake_export_include_directories-extras.cmake
-- Installing: /home/alikasim/dev_ws/src/software_training_assingment/install/software_training_assingment/share/software_training_assingment/cmake/rosidl_cmake_export_typesupport_targets-extras.cmake
-- Installing: /home/alikasim/dev_ws/src/software_training_assingment/install/software_training_assingment/share/software_training_assingment/cmake/rosidl_cmake_export_typesupport_libraries-extras.cmake
-- Installing: /home/alikasim/dev_ws/src/software_training_assingment/install/software_training_assingment/share/software_training_assingment/cmake/software_training_assingmentConfig.cmake
-- Up-to-date: /home/alikasim/dev_ws/src/software_training_assingment/install/software_training_assingment/share/software_training_assingment/cmake/software_training_assingmentConfig-version.cmake
-- Installing: /home/alikasim/dev_ws/src/software_training_assingment/install/software_training_assingment/share/software_training_assingment/package.xml
