[5.586s] Invoking command in '/home/alikasim/dev_ws/src/software_training_assingment/build/software_training_assingment': CMAKE_PREFIX_PATH=${CMAKE_PREFIX_PATH}:/home/alikasim/ros2_foxy/install/ros2bag:/home/alikasim/ros2_foxy/install/tracetools_launch:/home/alikasim/ros2_foxy/install/topic_monitor:/home/alikasim/ros2_foxy/install/examples_tf2_py:/home/alikasim/ros2_foxy/install/sros2:/home/alikasim/ros2_foxy/install/rqt_topic:/home/alikasim/ros2_foxy/install/rqt_top:/home/alikasim/ros2_foxy/install/rqt_srv:/home/alikasim/ros2_foxy/install/rqt_shell:/home/alikasim/ros2_foxy/install/rqt_service_caller:/home/alikasim/ros2_foxy/install/rqt_reconfigure:/home/alikasim/ros2_foxy/install/rqt_py_console:/home/alikasim/ros2_foxy/install/rqt_publisher:/home/alikasim/ros2_foxy/install/rqt_plot:/home/alikasim/ros2_foxy/install/rqt_action:/home/alikasim/ros2_foxy/install/rqt_msg:/home/alikasim/ros2_foxy/install/rqt:/home/alikasim/ros2_foxy/install/rqt_graph:/home/alikasim/ros2_foxy/install/rqt_gui_py:/home/alikasim/ros2_foxy/install/rqt_gui:/home/alikasim/ros2_foxy/install/ros2trace:/home/alikasim/ros2_foxy/install/ros2topic:/home/alikasim/ros2_foxy/install/ros2test:/home/alikasim/ros2_foxy/install/ros2component:/home/alikasim/ros2_foxy/install/ros2param:/home/alikasim/ros2_foxy/install/ros2lifecycle:/home/alikasim/ros2_foxy/install/ros2service:/home/alikasim/ros2_foxy/install/ros2run:/home/alikasim/ros2_foxy/install/ros2launch:/home/alikasim/ros2_foxy/install/ros2pkg:/home/alikasim/ros2_foxy/install/ros2node:/home/alikasim/ros2_foxy/install/ros2multicast:/home/alikasim/ros2_foxy/install/ros2interface:/home/alikasim/ros2_foxy/install/ros2doctor:/home/alikasim/ros2_foxy/install/ros2action:/home/alikasim/ros2_foxy/install/ros2cli:/home/alikasim/ros2_foxy/install/quality_of_service_demo_py:/home/alikasim/ros2_foxy/install/launch_testing_ros:/home/alikasim/ros2_foxy/install/launch_ros:/home/alikasim/ros2_foxy/install/examples_rclpy_minimal_subscriber:/home/alikasim/ros2_foxy/install/examples_rclpy_minimal_service:/home/alikasim/ros2_foxy/install/examples_rclpy_minimal_publisher:/home/alikasim/ros2_foxy/install/examples_rclpy_minimal_client:/home/alikasim/ros2_foxy/install/examples_rclpy_minimal_action_server:/home/alikasim/ros2_foxy/install/examples_rclpy_minimal_action_client:/home/alikasim/ros2_foxy/install/examples_rclpy_executors:/home/alikasim/ros2_foxy/install/demo_nodes_py:/home/alikasim/ros2_foxy/install/action_tutorials_py:/home/alikasim/ros2_foxy/install/ament_uncrustify:/home/alikasim/ros2_foxy/install/tracetools_trace:/home/alikasim/ros2_foxy/install/tracetools_read:/home/alikasim/ros2_foxy/install/test_launch_ros:/home/alikasim/ros2_foxy/install/sensor_msgs_py:/home/alikasim/ros2_foxy/install/rpyutils:/home/alikasim/ros2_foxy/install/rosidl_runtime_py:/home/alikasim/ros2_foxy/install/launch_yaml:/home/alikasim/ros2_foxy/install/launch_xml:/home/alikasim/ros2_foxy/install/launch_testing:/home/alikasim/ros2_foxy/install/launch:/home/alikasim/ros2_foxy/install/osrf_pycommon:/home/alikasim/ros2_foxy/install/domain_coordinator:/home/alikasim/ros2_foxy/install/ament_xmllint:/home/alikasim/ros2_foxy/install/ament_pyflakes:/home/alikasim/ros2_foxy/install/ament_pycodestyle:/home/alikasim/ros2_foxy/install/ament_pep257:/home/alikasim/ros2_foxy/install/ament_pclint:/home/alikasim/ros2_foxy/install/ament_package:/home/alikasim/ros2_foxy/install/ament_mypy:/home/alikasim/ros2_foxy/install/ament_lint_cmake:/home/alikasim/ros2_foxy/install/ament_flake8:/home/alikasim/ros2_foxy/install/ament_copyright:/home/alikasim/ros2_foxy/install/ament_lint:/home/alikasim/ros2_foxy/install/ament_index_python:/home/alikasim/ros2_foxy/install/ament_cpplint:/home/alikasim/ros2_foxy/install/ament_cppcheck:/home/alikasim/ros2_foxy/install/ament_clang_tidy:/home/alikasim/ros2_foxy/install/ament_clang_format /usr/bin/cmake --build /home/alikasim/dev_ws/src/software_training_assingment/build/software_training_assingment -- -j8 -l8
[7.721s] -- Found ament_cmake: 0.9.9 (/home/alikasim/ros2_foxy/install/ament_cmake/share/ament_cmake/cmake)
[8.004s] -- Using PYTHON_EXECUTABLE: /usr/bin/python3
[8.822s] -- Found rclcpp: 2.4.0 (/home/alikasim/ros2_foxy/install/rclcpp/share/rclcpp/cmake)
[12.075s] -- Using all available rosidl_typesupport_c: rosidl_typesupport_introspection_c;rosidl_typesupport_fastrtps_c
[12.158s] -- Found rosidl_adapter: 1.2.1 (/home/alikasim/ros2_foxy/install/rosidl_adapter/share/rosidl_adapter/cmake)
[13.058s] -- Using all available rosidl_typesupport_cpp: rosidl_typesupport_introspection_cpp;rosidl_typesupport_fastrtps_cpp
[13.500s] -- Found rmw_implementation_cmake: 1.0.3 (/home/alikasim/ros2_foxy/install/rmw_implementation_cmake/share/rmw_implementation_cmake/cmake)
[13.652s] -- Using RMW implementation 'rmw_fastrtps_cpp' as default
[14.312s] -- Found turtlesim: 1.2.5 (/home/alikasim/ros2_foxy/install/turtlesim/share/turtlesim/cmake)
[14.734s] -- Found rosidl_default_generators: 1.0.1 (/home/alikasim/ros2_foxy/install/rosidl_default_generators/share/rosidl_default_generators/cmake)
[15.375s] -- Found PythonInterp: /usr/bin/python3 (found version "3.8.10") 
[16.288s] -- Found ament_cmake_ros: 0.9.2 (/home/alikasim/ros2_foxy/install/ament_cmake_ros/share/ament_cmake_ros/cmake)
[17.111s] -- Using all available rosidl_typesupport_c: rosidl_typesupport_introspection_c;rosidl_typesupport_fastrtps_c
[17.322s] -- Using all available rosidl_typesupport_cpp: rosidl_typesupport_introspection_cpp;rosidl_typesupport_fastrtps_cpp
[17.588s] -- Found PythonInterp: /usr/bin/python3 (found suitable version "3.8.10", minimum required is "3.5") 
[17.676s] -- Found python_cmake_module: 0.8.1 (/home/alikasim/ros2_foxy/install/python_cmake_module/share/python_cmake_module/cmake)
[19.112s] -- Found PythonLibs: /usr/lib/x86_64-linux-gnu/libpython3.8.so (found suitable version "3.8.10", minimum required is "3.5") 
[19.112s] -- Using PYTHON_EXECUTABLE: /usr/bin/python3
[19.113s] -- Using PYTHON_INCLUDE_DIRS: /usr/include/python3.8
[19.113s] -- Using PYTHON_LIBRARIES: /usr/lib/x86_64-linux-gnu/libpython3.8.so
[19.302s] -- Found PythonExtra: .so  
[20.001s] -- Found ament_lint_auto: 0.9.6 (/home/alikasim/ros2_foxy/install/ament_lint_auto/share/ament_lint_auto/cmake)
[20.340s] -- Added test 'copyright' to check source files copyright and LICENSE
[20.623s] -- Added test 'cppcheck' to perform static code analysis on C / C++ code
[20.626s] -- Configured cppcheck include dirs: $<BUILD_INTERFACE:/home/alikasim/dev_ws/src/software_training_assingment/build/software_training_assingment/rosidl_generator_c>;$<BUILD_INTERFACE:/home/alikasim/dev_ws/src/software_training_assingment/build/software_training_assingment/rosidl_typesupport_introspection_c>;/home/alikasim/dev_ws/src/software_training_assingment/build/software_training_assingment/rosidl_generator_c;/home/alikasim/dev_ws/src/software_training_assingment/build/software_training_assingment/rosidl_generator_cpp;/home/alikasim/dev_ws/src/software_training_assingment/build/software_training_assingment/rosidl_typesupport_fastrtps_c;/home/alikasim/dev_ws/src/software_training_assingment/build/software_training_assingment/rosidl_typesupport_fastrtps_cpp;$<BUILD_INTERFACE:/home/alikasim/dev_ws/src/software_training_assingment/build/software_training_assingment/rosidl_typesupport_c>;$<BUILD_INTERFACE:/home/alikasim/dev_ws/src/software_training_assingment/build/software_training_assingment/rosidl_generator_cpp>;/home/alikasim/dev_ws/src/software_training_assingment/build/software_training_assingment/rosidl_generator_py
[20.626s] -- Configured cppcheck exclude dirs and/or files: 
[20.642s] -- Added test 'cpplint' to check C / C++ code against the Google style
[20.642s] -- Configured cpplint exclude dirs and/or files: 
[20.645s] -- Added test 'flake8' to check Python code syntax and style conventions
[20.649s] -- Added test 'lint_cmake' to check CMake code style
[20.651s] -- Added test 'pep257' to check Python code against some of the style conventions in PEP 257
[20.665s] -- Added test 'uncrustify' to check C / C++ code style
[20.665s] -- Configured uncrustify additional arguments: 
[20.667s] -- Added test 'xmllint' to check XML markup files
[20.715s] -- Configuring done
[21.075s] -- Generating done
[21.083s] -- Build files have been written to: /home/alikasim/dev_ws/src/software_training_assingment/build/software_training_assingment
[21.173s] [  2%] [34m[1mGenerating C code for ROS interfaces[0m
[21.173s] [35m[1mScanning dependencies of target software_training_assingment__cpp[0m
[21.201s] [  5%] [34m[1mGenerating C++ code for ROS interfaces[0m
[21.690s] [35m[1mScanning dependencies of target software_training_assingment__rosidl_generator_c[0m
[21.784s] [  5%] Built target software_training_assingment__cpp
[21.811s] [ 14%] [34m[1mGenerating C++ type support for eProsima Fast-RTPS[0m
[21.811s] [ 14%] [34m[1mGenerating C++ introspection for ROS interfaces[0m
[21.811s] [ 14%] [34m[1mGenerating C++ type support dispatch for ROS interfaces[0m
[21.817s] [ 17%] [32mBuilding C object CMakeFiles/software_training_assingment__rosidl_generator_c.dir/rosidl_generator_c/software_training_assingment/srv/detail/reset_turtle__functions.c.o[0m
[21.900s] [35m[1mScanning dependencies of target client[0m
[21.900s] [35m[1mScanning dependencies of target create_turtles[0m
[21.971s] [ 20%] [32mBuilding CXX object CMakeFiles/create_turtles.dir/src/spawn_turtles.cpp.o[0m
[21.977s] [ 22%] [32mBuilding CXX object CMakeFiles/client.dir/src/clear_turtles.cpp.o[0m
[22.016s] [ 25%] [32m[1mLinking C shared library libsoftware_training_assingment__rosidl_generator_c.so[0m
[22.096s] [ 25%] Built target software_training_assingment__rosidl_generator_c
[22.123s] [ 28%] [34m[1mGenerating C introspection for ROS interfaces[0m
[22.127s] [ 31%] [34m[1mGenerating C type support dispatch for ROS interfaces[0m
[22.447s] [35m[1mScanning dependencies of target software_training_assingment__rosidl_typesupport_fastrtps_cpp[0m
[22.480s] [35m[1mScanning dependencies of target software_training_assingment__rosidl_typesupport_introspection_cpp[0m
[22.493s] [35m[1mScanning dependencies of target software_training_assingment__rosidl_typesupport_cpp[0m
[22.532s] [ 34%] [32mBuilding CXX object CMakeFiles/software_training_assingment__rosidl_typesupport_introspection_cpp.dir/rosidl_typesupport_introspection_cpp/software_training_assingment/srv/detail/reset_turtle__type_support.cpp.o[0m
[22.624s] [ 37%] [32mBuilding CXX object CMakeFiles/software_training_assingment__rosidl_typesupport_cpp.dir/rosidl_typesupport_cpp/software_training_assingment/srv/reset_turtle__type_support.cpp.o[0m
[22.739s] [35m[1mScanning dependencies of target software_training_assingment__rosidl_typesupport_introspection_c[0m
[22.746s] [ 40%] [32mBuilding CXX object CMakeFiles/software_training_assingment__rosidl_typesupport_fastrtps_cpp.dir/rosidl_typesupport_fastrtps_cpp/software_training_assingment/srv/detail/dds_fastrtps/reset_turtle__type_support.cpp.o[0m
[22.778s] [ 42%] [32mBuilding C object CMakeFiles/software_training_assingment__rosidl_typesupport_introspection_c.dir/rosidl_typesupport_introspection_c/software_training_assingment/srv/detail/reset_turtle__type_support.c.o[0m
[22.841s] [ 45%] [32m[1mLinking C shared library libsoftware_training_assingment__rosidl_typesupport_introspection_c.so[0m
[22.903s] [ 48%] [32m[1mLinking CXX shared library libsoftware_training_assingment__rosidl_typesupport_introspection_cpp.so[0m
[22.904s] [35m[1mScanning dependencies of target software_training_assingment__rosidl_typesupport_c[0m
[22.910s] [ 48%] Built target software_training_assingment__rosidl_typesupport_introspection_c
[22.937s] [ 51%] [32mBuilding CXX object CMakeFiles/software_training_assingment__rosidl_typesupport_c.dir/rosidl_typesupport_c/software_training_assingment/srv/reset_turtle__type_support.cpp.o[0m
[22.995s] [ 54%] [32m[1mLinking CXX shared library libsoftware_training_assingment__rosidl_typesupport_c.so[0m
[23.032s] [ 54%] Built target software_training_assingment__rosidl_typesupport_introspection_cpp
[23.063s] [ 57%] [32m[1mLinking CXX shared library libsoftware_training_assingment__rosidl_typesupport_cpp.so[0m
[23.075s] [ 57%] Built target software_training_assingment__rosidl_typesupport_c
[23.138s] [ 57%] Built target software_training_assingment__rosidl_typesupport_cpp
[23.387s] [ 60%] [32m[1mLinking CXX shared library libsoftware_training_assingment__rosidl_typesupport_fastrtps_cpp.so[0m
[23.584s] [ 60%] Built target software_training_assingment__rosidl_typesupport_fastrtps_cpp
[23.611s] [ 62%] [34m[1mGenerating C type support for eProsima Fast-RTPS[0m
[24.178s] [35m[1mScanning dependencies of target software_training_assingment__rosidl_typesupport_fastrtps_c[0m
[24.253s] [ 65%] [32mBuilding CXX object CMakeFiles/software_training_assingment__rosidl_typesupport_fastrtps_c.dir/rosidl_typesupport_fastrtps_c/software_training_assingment/srv/detail/reset_turtle__type_support_c.cpp.o[0m
[24.671s] [ 68%] [32m[1mLinking CXX shared library libsoftware_training_assingment__rosidl_typesupport_fastrtps_c.so[0m
[24.817s] [ 68%] Built target software_training_assingment__rosidl_typesupport_fastrtps_c
[24.848s] [35m[1mScanning dependencies of target software_training_assingment[0m
[24.877s] [ 68%] Built target software_training_assingment
[24.906s] [35m[1mScanning dependencies of target software_training_assingment__py[0m
[24.940s] [ 71%] [34m[1mGenerating Python code for ROS interfaces[0m
[25.348s] [ 74%] [32m[1mLinking CXX executable client[0m
[25.405s] [ 77%] [32m[1mLinking CXX executable create_turtles[0m
[25.725s] [ 77%] Built target software_training_assingment__py
[25.760s] [35m[1mScanning dependencies of target software_training_assingment__python[0m
[25.836s] [ 80%] [32mBuilding C object CMakeFiles/software_training_assingment__python.dir/rosidl_generator_py/software_training_assingment/srv/_reset_turtle_s.c.o[0m
[26.060s] [ 82%] [32m[1mLinking C shared library rosidl_generator_py/software_training_assingment/libsoftware_training_assingment__python.so[0m
[26.214s] [ 82%] Built target software_training_assingment__python
[26.261s] [35m[1mScanning dependencies of target software_training_assingment__rosidl_typesupport_c__pyext[0m
[26.261s] [35m[1mScanning dependencies of target software_training_assingment__rosidl_typesupport_fastrtps_c__pyext[0m
[26.278s] [35m[1mScanning dependencies of target software_training_assingment__rosidl_typesupport_introspection_c__pyext[0m
[26.316s] [ 85%] [32mBuilding C object CMakeFiles/software_training_assingment__rosidl_typesupport_fastrtps_c__pyext.dir/rosidl_generator_py/software_training_assingment/_software_training_assingment_s.ep.rosidl_typesupport_fastrtps_c.c.o[0m
[26.330s] [ 88%] [32mBuilding C object CMakeFiles/software_training_assingment__rosidl_typesupport_c__pyext.dir/rosidl_generator_py/software_training_assingment/_software_training_assingment_s.ep.rosidl_typesupport_c.c.o[0m
[26.337s] [ 91%] [32mBuilding C object CMakeFiles/software_training_assingment__rosidl_typesupport_introspection_c__pyext.dir/rosidl_generator_py/software_training_assingment/_software_training_assingment_s.ep.rosidl_typesupport_introspection_c.c.o[0m
[26.512s] [ 91%] Built target create_turtles
[26.544s] [100%] [32m[1mLinking C shared library rosidl_generator_py/software_training_assingment/software_training_assingment_s__rosidl_typesupport_c.cpython-38-x86_64-linux-gnu.so[0m
[26.544s] [100%] [32m[1mLinking C shared library rosidl_generator_py/software_training_assingment/software_training_assingment_s__rosidl_typesupport_introspection_c.cpython-38-x86_64-linux-gnu.so[0m
[26.544s] [100%] [32m[1mLinking CXX shared library rosidl_generator_py/software_training_assingment/software_training_assingment_s__rosidl_typesupport_fastrtps_c.cpython-38-x86_64-linux-gnu.so[0m
[26.556s] [100%] Built target client
[26.611s] [100%] Built target software_training_assingment__rosidl_typesupport_c__pyext
[26.611s] [100%] Built target software_training_assingment__rosidl_typesupport_introspection_c__pyext
[26.642s] [100%] Built target software_training_assingment__rosidl_typesupport_fastrtps_c__pyext
[26.667s] Invoked command in '/home/alikasim/dev_ws/src/software_training_assingment/build/software_training_assingment' returned '0': CMAKE_PREFIX_PATH=${CMAKE_PREFIX_PATH}:/home/alikasim/ros2_foxy/install/ros2bag:/home/alikasim/ros2_foxy/install/tracetools_launch:/home/alikasim/ros2_foxy/install/topic_monitor:/home/alikasim/ros2_foxy/install/examples_tf2_py:/home/alikasim/ros2_foxy/install/sros2:/home/alikasim/ros2_foxy/install/rqt_topic:/home/alikasim/ros2_foxy/install/rqt_top:/home/alikasim/ros2_foxy/install/rqt_srv:/home/alikasim/ros2_foxy/install/rqt_shell:/home/alikasim/ros2_foxy/install/rqt_service_caller:/home/alikasim/ros2_foxy/install/rqt_reconfigure:/home/alikasim/ros2_foxy/install/rqt_py_console:/home/alikasim/ros2_foxy/install/rqt_publisher:/home/alikasim/ros2_foxy/install/rqt_plot:/home/alikasim/ros2_foxy/install/rqt_action:/home/alikasim/ros2_foxy/install/rqt_msg:/home/alikasim/ros2_foxy/install/rqt:/home/alikasim/ros2_foxy/install/rqt_graph:/home/alikasim/ros2_foxy/install/rqt_gui_py:/home/alikasim/ros2_foxy/install/rqt_gui:/home/alikasim/ros2_foxy/install/ros2trace:/home/alikasim/ros2_foxy/install/ros2topic:/home/alikasim/ros2_foxy/install/ros2test:/home/alikasim/ros2_foxy/install/ros2component:/home/alikasim/ros2_foxy/install/ros2param:/home/alikasim/ros2_foxy/install/ros2lifecycle:/home/alikasim/ros2_foxy/install/ros2service:/home/alikasim/ros2_foxy/install/ros2run:/home/alikasim/ros2_foxy/install/ros2launch:/home/alikasim/ros2_foxy/install/ros2pkg:/home/alikasim/ros2_foxy/install/ros2node:/home/alikasim/ros2_foxy/install/ros2multicast:/home/alikasim/ros2_foxy/install/ros2interface:/home/alikasim/ros2_foxy/install/ros2doctor:/home/alikasim/ros2_foxy/install/ros2action:/home/alikasim/ros2_foxy/install/ros2cli:/home/alikasim/ros2_foxy/install/quality_of_service_demo_py:/home/alikasim/ros2_foxy/install/launch_testing_ros:/home/alikasim/ros2_foxy/install/launch_ros:/home/alikasim/ros2_foxy/install/examples_rclpy_minimal_subscriber:/home/alikasim/ros2_foxy/install/examples_rclpy_minimal_service:/home/alikasim/ros2_foxy/install/examples_rclpy_minimal_publisher:/home/alikasim/ros2_foxy/install/examples_rclpy_minimal_client:/home/alikasim/ros2_foxy/install/examples_rclpy_minimal_action_server:/home/alikasim/ros2_foxy/install/examples_rclpy_minimal_action_client:/home/alikasim/ros2_foxy/install/examples_rclpy_executors:/home/alikasim/ros2_foxy/install/demo_nodes_py:/home/alikasim/ros2_foxy/install/action_tutorials_py:/home/alikasim/ros2_foxy/install/ament_uncrustify:/home/alikasim/ros2_foxy/install/tracetools_trace:/home/alikasim/ros2_foxy/install/tracetools_read:/home/alikasim/ros2_foxy/install/test_launch_ros:/home/alikasim/ros2_foxy/install/sensor_msgs_py:/home/alikasim/ros2_foxy/install/rpyutils:/home/alikasim/ros2_foxy/install/rosidl_runtime_py:/home/alikasim/ros2_foxy/install/launch_yaml:/home/alikasim/ros2_foxy/install/launch_xml:/home/alikasim/ros2_foxy/install/launch_testing:/home/alikasim/ros2_foxy/install/launch:/home/alikasim/ros2_foxy/install/osrf_pycommon:/home/alikasim/ros2_foxy/install/domain_coordinator:/home/alikasim/ros2_foxy/install/ament_xmllint:/home/alikasim/ros2_foxy/install/ament_pyflakes:/home/alikasim/ros2_foxy/install/ament_pycodestyle:/home/alikasim/ros2_foxy/install/ament_pep257:/home/alikasim/ros2_foxy/install/ament_pclint:/home/alikasim/ros2_foxy/install/ament_package:/home/alikasim/ros2_foxy/install/ament_mypy:/home/alikasim/ros2_foxy/install/ament_lint_cmake:/home/alikasim/ros2_foxy/install/ament_flake8:/home/alikasim/ros2_foxy/install/ament_copyright:/home/alikasim/ros2_foxy/install/ament_lint:/home/alikasim/ros2_foxy/install/ament_index_python:/home/alikasim/ros2_foxy/install/ament_cpplint:/home/alikasim/ros2_foxy/install/ament_cppcheck:/home/alikasim/ros2_foxy/install/ament_clang_tidy:/home/alikasim/ros2_foxy/install/ament_clang_format /usr/bin/cmake --build /home/alikasim/dev_ws/src/software_training_assingment/build/software_training_assingment -- -j8 -l8
[26.885s] Invoking command in '/home/alikasim/dev_ws/src/software_training_assingment/build/software_training_assingment': CMAKE_PREFIX_PATH=${CMAKE_PREFIX_PATH}:/home/alikasim/ros2_foxy/install/ros2bag:/home/alikasim/ros2_foxy/install/tracetools_launch:/home/alikasim/ros2_foxy/install/topic_monitor:/home/alikasim/ros2_foxy/install/examples_tf2_py:/home/alikasim/ros2_foxy/install/sros2:/home/alikasim/ros2_foxy/install/rqt_topic:/home/alikasim/ros2_foxy/install/rqt_top:/home/alikasim/ros2_foxy/install/rqt_srv:/home/alikasim/ros2_foxy/install/rqt_shell:/home/alikasim/ros2_foxy/install/rqt_service_caller:/home/alikasim/ros2_foxy/install/rqt_reconfigure:/home/alikasim/ros2_foxy/install/rqt_py_console:/home/alikasim/ros2_foxy/install/rqt_publisher:/home/alikasim/ros2_foxy/install/rqt_plot:/home/alikasim/ros2_foxy/install/rqt_action:/home/alikasim/ros2_foxy/install/rqt_msg:/home/alikasim/ros2_foxy/install/rqt:/home/alikasim/ros2_foxy/install/rqt_graph:/home/alikasim/ros2_foxy/install/rqt_gui_py:/home/alikasim/ros2_foxy/install/rqt_gui:/home/alikasim/ros2_foxy/install/ros2trace:/home/alikasim/ros2_foxy/install/ros2topic:/home/alikasim/ros2_foxy/install/ros2test:/home/alikasim/ros2_foxy/install/ros2component:/home/alikasim/ros2_foxy/install/ros2param:/home/alikasim/ros2_foxy/install/ros2lifecycle:/home/alikasim/ros2_foxy/install/ros2service:/home/alikasim/ros2_foxy/install/ros2run:/home/alikasim/ros2_foxy/install/ros2launch:/home/alikasim/ros2_foxy/install/ros2pkg:/home/alikasim/ros2_foxy/install/ros2node:/home/alikasim/ros2_foxy/install/ros2multicast:/home/alikasim/ros2_foxy/install/ros2interface:/home/alikasim/ros2_foxy/install/ros2doctor:/home/alikasim/ros2_foxy/install/ros2action:/home/alikasim/ros2_foxy/install/ros2cli:/home/alikasim/ros2_foxy/install/quality_of_service_demo_py:/home/alikasim/ros2_foxy/install/launch_testing_ros:/home/alikasim/ros2_foxy/install/launch_ros:/home/alikasim/ros2_foxy/install/examples_rclpy_minimal_subscriber:/home/alikasim/ros2_foxy/install/examples_rclpy_minimal_service:/home/alikasim/ros2_foxy/install/examples_rclpy_minimal_publisher:/home/alikasim/ros2_foxy/install/examples_rclpy_minimal_client:/home/alikasim/ros2_foxy/install/examples_rclpy_minimal_action_server:/home/alikasim/ros2_foxy/install/examples_rclpy_minimal_action_client:/home/alikasim/ros2_foxy/install/examples_rclpy_executors:/home/alikasim/ros2_foxy/install/demo_nodes_py:/home/alikasim/ros2_foxy/install/action_tutorials_py:/home/alikasim/ros2_foxy/install/ament_uncrustify:/home/alikasim/ros2_foxy/install/tracetools_trace:/home/alikasim/ros2_foxy/install/tracetools_read:/home/alikasim/ros2_foxy/install/test_launch_ros:/home/alikasim/ros2_foxy/install/sensor_msgs_py:/home/alikasim/ros2_foxy/install/rpyutils:/home/alikasim/ros2_foxy/install/rosidl_runtime_py:/home/alikasim/ros2_foxy/install/launch_yaml:/home/alikasim/ros2_foxy/install/launch_xml:/home/alikasim/ros2_foxy/install/launch_testing:/home/alikasim/ros2_foxy/install/launch:/home/alikasim/ros2_foxy/install/osrf_pycommon:/home/alikasim/ros2_foxy/install/domain_coordinator:/home/alikasim/ros2_foxy/install/ament_xmllint:/home/alikasim/ros2_foxy/install/ament_pyflakes:/home/alikasim/ros2_foxy/install/ament_pycodestyle:/home/alikasim/ros2_foxy/install/ament_pep257:/home/alikasim/ros2_foxy/install/ament_pclint:/home/alikasim/ros2_foxy/install/ament_package:/home/alikasim/ros2_foxy/install/ament_mypy:/home/alikasim/ros2_foxy/install/ament_lint_cmake:/home/alikasim/ros2_foxy/install/ament_flake8:/home/alikasim/ros2_foxy/install/ament_copyright:/home/alikasim/ros2_foxy/install/ament_lint:/home/alikasim/ros2_foxy/install/ament_index_python:/home/alikasim/ros2_foxy/install/ament_cpplint:/home/alikasim/ros2_foxy/install/ament_cppcheck:/home/alikasim/ros2_foxy/install/ament_clang_tidy:/home/alikasim/ros2_foxy/install/ament_clang_format /usr/bin/cmake --install /home/alikasim/dev_ws/src/software_training_assingment/build/software_training_assingment
[26.908s] -- Install configuration: ""
[26.909s] -- Installing: /home/alikasim/dev_ws/src/software_training_assingment/install/software_training_assingment/share/ament_index/resource_index/rosidl_interfaces/software_training_assingment
[26.909s] -- Installing: /home/alikasim/dev_ws/src/software_training_assingment/install/software_training_assingment/include/software_training_assingment
[26.909s] -- Installing: /home/alikasim/dev_ws/src/software_training_assingment/install/software_training_assingment/include/software_training_assingment/srv
[26.909s] -- Installing: /home/alikasim/dev_ws/src/software_training_assingment/install/software_training_assingment/include/software_training_assingment/srv/detail
[26.909s] -- Installing: /home/alikasim/dev_ws/src/software_training_assingment/install/software_training_assingment/include/software_training_assingment/srv/detail/reset_turtle__struct.h
[26.909s] -- Installing: /home/alikasim/dev_ws/src/software_training_assingment/install/software_training_assingment/include/software_training_assingment/srv/detail/reset_turtle__type_support.h
[26.909s] -- Installing: /home/alikasim/dev_ws/src/software_training_assingment/install/software_training_assingment/include/software_training_assingment/srv/detail/reset_turtle__functions.c
[26.909s] -- Installing: /home/alikasim/dev_ws/src/software_training_assingment/install/software_training_assingment/include/software_training_assingment/srv/detail/reset_turtle__functions.h
[26.909s] -- Installing: /home/alikasim/dev_ws/src/software_training_assingment/install/software_training_assingment/include/software_training_assingment/srv/reset_turtle.h
[26.910s] -- Installing: /home/alikasim/dev_ws/src/software_training_assingment/install/software_training_assingment/include/software_training_assingment/msg
[26.910s] -- Installing: /home/alikasim/dev_ws/src/software_training_assingment/install/software_training_assingment/include/software_training_assingment/msg/rosidl_generator_c__visibility_control.h
[26.910s] -- Installing: /home/alikasim/dev_ws/src/software_training_assingment/install/software_training_assingment/share/software_training_assingment/environment/library_path.sh
[26.910s] -- Installing: /home/alikasim/dev_ws/src/software_training_assingment/install/software_training_assingment/share/software_training_assingment/environment/library_path.dsv
[26.910s] -- Installing: /home/alikasim/dev_ws/src/software_training_assingment/install/software_training_assingment/lib/libsoftware_training_assingment__rosidl_generator_c.so
[26.910s] -- Set runtime path of "/home/alikasim/dev_ws/src/software_training_assingment/install/software_training_assingment/lib/libsoftware_training_assingment__rosidl_generator_c.so" to ""
[26.910s] -- Up-to-date: /home/alikasim/dev_ws/src/software_training_assingment/install/software_training_assingment/include/software_training_assingment
[26.910s] -- Up-to-date: /home/alikasim/dev_ws/src/software_training_assingment/install/software_training_assingment/include/software_training_assingment/srv
[26.910s] -- Up-to-date: /home/alikasim/dev_ws/src/software_training_assingment/install/software_training_assingment/include/software_training_assingment/srv/detail
[26.911s] -- Installing: /home/alikasim/dev_ws/src/software_training_assingment/install/software_training_assingment/include/software_training_assingment/srv/detail/reset_turtle__rosidl_typesupport_introspection_c.h
[26.911s] -- Installing: /home/alikasim/dev_ws/src/software_training_assingment/install/software_training_assingment/include/software_training_assingment/srv/detail/reset_turtle__type_support.c
[26.911s] -- Up-to-date: /home/alikasim/dev_ws/src/software_training_assingment/install/software_training_assingment/include/software_training_assingment/msg
[26.911s] -- Installing: /home/alikasim/dev_ws/src/software_training_assingment/install/software_training_assingment/include/software_training_assingment/msg/rosidl_typesupport_introspection_c__visibility_control.h
[26.911s] -- Installing: /home/alikasim/dev_ws/src/software_training_assingment/install/software_training_assingment/lib/libsoftware_training_assingment__rosidl_typesupport_introspection_c.so
[26.911s] -- Set runtime path of "/home/alikasim/dev_ws/src/software_training_assingment/install/software_training_assingment/lib/libsoftware_training_assingment__rosidl_typesupport_introspection_c.so" to ""
[26.911s] -- Up-to-date: /home/alikasim/dev_ws/src/software_training_assingment/install/software_training_assingment/include/software_training_assingment
[26.912s] -- Up-to-date: /home/alikasim/dev_ws/src/software_training_assingment/install/software_training_assingment/include/software_training_assingment/srv
[26.912s] -- Up-to-date: /home/alikasim/dev_ws/src/software_training_assingment/install/software_training_assingment/include/software_training_assingment/srv/detail
[26.912s] -- Installing: /home/alikasim/dev_ws/src/software_training_assingment/install/software_training_assingment/include/software_training_assingment/srv/detail/reset_turtle__rosidl_typesupport_fastrtps_c.h
[26.912s] -- Up-to-date: /home/alikasim/dev_ws/src/software_training_assingment/install/software_training_assingment/include/software_training_assingment/msg
[26.912s] -- Installing: /home/alikasim/dev_ws/src/software_training_assingment/install/software_training_assingment/include/software_training_assingment/msg/rosidl_typesupport_fastrtps_c__visibility_control.h
[26.912s] -- Installing: /home/alikasim/dev_ws/src/software_training_assingment/install/software_training_assingment/lib/libsoftware_training_assingment__rosidl_typesupport_fastrtps_c.so
[26.912s] -- Set runtime path of "/home/alikasim/dev_ws/src/software_training_assingment/install/software_training_assingment/lib/libsoftware_training_assingment__rosidl_typesupport_fastrtps_c.so" to ""
[26.912s] -- Up-to-date: /home/alikasim/dev_ws/src/software_training_assingment/install/software_training_assingment/include/software_training_assingment
[26.912s] -- Up-to-date: /home/alikasim/dev_ws/src/software_training_assingment/install/software_training_assingment/include/software_training_assingment/srv
[26.912s] -- Up-to-date: /home/alikasim/dev_ws/src/software_training_assingment/install/software_training_assingment/include/software_training_assingment/srv/detail
[26.912s] -- Installing: /home/alikasim/dev_ws/src/software_training_assingment/install/software_training_assingment/include/software_training_assingment/srv/detail/dds_fastrtps
[26.913s] -- Installing: /home/alikasim/dev_ws/src/software_training_assingment/install/software_training_assingment/include/software_training_assingment/srv/detail/reset_turtle__rosidl_typesupport_fastrtps_cpp.hpp
[26.913s] -- Up-to-date: /home/alikasim/dev_ws/src/software_training_assingment/install/software_training_assingment/include/software_training_assingment/msg
[26.913s] -- Installing: /home/alikasim/dev_ws/src/software_training_assingment/install/software_training_assingment/include/software_training_assingment/msg/rosidl_typesupport_fastrtps_cpp__visibility_control.h
[26.913s] -- Installing: /home/alikasim/dev_ws/src/software_training_assingment/install/software_training_assingment/lib/libsoftware_training_assingment__rosidl_typesupport_fastrtps_cpp.so
[26.913s] -- Set runtime path of "/home/alikasim/dev_ws/src/software_training_assingment/install/software_training_assingment/lib/libsoftware_training_assingment__rosidl_typesupport_fastrtps_cpp.so" to ""
[26.913s] -- Installing: /home/alikasim/dev_ws/src/software_training_assingment/install/software_training_assingment/lib/libsoftware_training_assingment__rosidl_typesupport_c.so
[26.914s] -- Set runtime path of "/home/alikasim/dev_ws/src/software_training_assingment/install/software_training_assingment/lib/libsoftware_training_assingment__rosidl_typesupport_c.so" to ""
[26.914s] -- Up-to-date: /home/alikasim/dev_ws/src/software_training_assingment/install/software_training_assingment/include/software_training_assingment
[26.914s] -- Up-to-date: /home/alikasim/dev_ws/src/software_training_assingment/install/software_training_assingment/include/software_training_assingment/srv
[26.914s] -- Installing: /home/alikasim/dev_ws/src/software_training_assingment/install/software_training_assingment/include/software_training_assingment/srv/reset_turtle.hpp
[26.914s] -- Up-to-date: /home/alikasim/dev_ws/src/software_training_assingment/install/software_training_assingment/include/software_training_assingment/srv/detail
[26.914s] -- Installing: /home/alikasim/dev_ws/src/software_training_assingment/install/software_training_assingment/include/software_training_assingment/srv/detail/reset_turtle__builder.hpp
[26.914s] -- Installing: /home/alikasim/dev_ws/src/software_training_assingment/install/software_training_assingment/include/software_training_assingment/srv/detail/reset_turtle__traits.hpp
[26.914s] -- Installing: /home/alikasim/dev_ws/src/software_training_assingment/install/software_training_assingment/include/software_training_assingment/srv/detail/reset_turtle__struct.hpp
[26.914s] -- Up-to-date: /home/alikasim/dev_ws/src/software_training_assingment/install/software_training_assingment/include/software_training_assingment
[26.915s] -- Up-to-date: /home/alikasim/dev_ws/src/software_training_assingment/install/software_training_assingment/include/software_training_assingment/srv
[26.915s] -- Up-to-date: /home/alikasim/dev_ws/src/software_training_assingment/install/software_training_assingment/include/software_training_assingment/srv/detail
[26.915s] -- Installing: /home/alikasim/dev_ws/src/software_training_assingment/install/software_training_assingment/include/software_training_assingment/srv/detail/reset_turtle__rosidl_typesupport_introspection_cpp.hpp
[26.915s] -- Installing: /home/alikasim/dev_ws/src/software_training_assingment/install/software_training_assingment/include/software_training_assingment/srv/detail/reset_turtle__type_support.cpp
[26.915s] -- Installing: /home/alikasim/dev_ws/src/software_training_assingment/install/software_training_assingment/lib/libsoftware_training_assingment__rosidl_typesupport_introspection_cpp.so
[26.915s] -- Set runtime path of "/home/alikasim/dev_ws/src/software_training_assingment/install/software_training_assingment/lib/libsoftware_training_assingment__rosidl_typesupport_introspection_cpp.so" to ""
[26.915s] -- Installing: /home/alikasim/dev_ws/src/software_training_assingment/install/software_training_assingment/lib/libsoftware_training_assingment__rosidl_typesupport_cpp.so
[26.916s] -- Set runtime path of "/home/alikasim/dev_ws/src/software_training_assingment/install/software_training_assingment/lib/libsoftware_training_assingment__rosidl_typesupport_cpp.so" to ""
[26.916s] -- Installing: /home/alikasim/dev_ws/src/software_training_assingment/install/software_training_assingment/share/software_training_assingment/environment/pythonpath.sh
[26.916s] -- Installing: /home/alikasim/dev_ws/src/software_training_assingment/install/software_training_assingment/share/software_training_assingment/environment/pythonpath.dsv
[26.916s] -- Installing: /home/alikasim/dev_ws/src/software_training_assingment/install/software_training_assingment/lib/python3.8/site-packages/software_training_assingment/__init__.py
[27.120s] Compiling '/home/alikasim/dev_ws/src/software_training_assingment/install/software_training_assingment/lib/python3.8/site-packages/software_training_assingment/__init__.py'...
[27.124s] -- Installing: /home/alikasim/dev_ws/src/software_training_assingment/install/software_training_assingment/lib/python3.8/site-packages/software_training_assingment/srv
[27.124s] -- Installing: /home/alikasim/dev_ws/src/software_training_assingment/install/software_training_assingment/lib/python3.8/site-packages/software_training_assingment/srv/_reset_turtle.py
[27.124s] -- Installing: /home/alikasim/dev_ws/src/software_training_assingment/install/software_training_assingment/lib/python3.8/site-packages/software_training_assingment/srv/__init__.py
[27.124s] -- Installing: /home/alikasim/dev_ws/src/software_training_assingment/install/software_training_assingment/lib/python3.8/site-packages/software_training_assingment/srv/_reset_turtle_s.c
[27.124s] -- Installing: /home/alikasim/dev_ws/src/software_training_assingment/install/software_training_assingment/lib/python3.8/site-packages/software_training_assingment/software_training_assingment_s__rosidl_typesupport_introspection_c.cpython-38-x86_64-linux-gnu.so
[27.125s] -- Set runtime path of "/home/alikasim/dev_ws/src/software_training_assingment/install/software_training_assingment/lib/python3.8/site-packages/software_training_assingment/software_training_assingment_s__rosidl_typesupport_introspection_c.cpython-38-x86_64-linux-gnu.so" to ""
[27.125s] -- Installing: /home/alikasim/dev_ws/src/software_training_assingment/install/software_training_assingment/lib/python3.8/site-packages/software_training_assingment/software_training_assingment_s__rosidl_typesupport_fastrtps_c.cpython-38-x86_64-linux-gnu.so
[27.126s] -- Set runtime path of "/home/alikasim/dev_ws/src/software_training_assingment/install/software_training_assingment/lib/python3.8/site-packages/software_training_assingment/software_training_assingment_s__rosidl_typesupport_fastrtps_c.cpython-38-x86_64-linux-gnu.so" to ""
[27.126s] -- Installing: /home/alikasim/dev_ws/src/software_training_assingment/install/software_training_assingment/lib/python3.8/site-packages/software_training_assingment/software_training_assingment_s__rosidl_typesupport_c.cpython-38-x86_64-linux-gnu.so
[27.127s] -- Set runtime path of "/home/alikasim/dev_ws/src/software_training_assingment/install/software_training_assingment/lib/python3.8/site-packages/software_training_assingment/software_training_assingment_s__rosidl_typesupport_c.cpython-38-x86_64-linux-gnu.so" to ""
[27.127s] -- Installing: /home/alikasim/dev_ws/src/software_training_assingment/install/software_training_assingment/lib/libsoftware_training_assingment__python.so
[27.127s] -- Set runtime path of "/home/alikasim/dev_ws/src/software_training_assingment/install/software_training_assingment/lib/libsoftware_training_assingment__python.so" to ""
[27.127s] -- Installing: /home/alikasim/dev_ws/src/software_training_assingment/install/software_training_assingment/share/software_training_assingment/srv/ResetTurtle.idl
[27.127s] -- Installing: /home/alikasim/dev_ws/src/software_training_assingment/install/software_training_assingment/share/software_training_assingment/srv/ResetTurtle.srv
[27.128s] -- Installing: /home/alikasim/dev_ws/src/software_training_assingment/install/software_training_assingment/share/software_training_assingment/srv/ResetTurtle_Request.msg
[27.128s] -- Installing: /home/alikasim/dev_ws/src/software_training_assingment/install/software_training_assingment/share/software_training_assingment/srv/ResetTurtle_Response.msg
[27.168s] -- Installing: /home/alikasim/dev_ws/src/software_training_assingment/install/software_training_assingment/lib/software_training_assingment/client
[27.171s] -- Set runtime path of "/home/alikasim/dev_ws/src/software_training_assingment/install/software_training_assingment/lib/software_training_assingment/client" to ""
[27.180s] -- Installing: /home/alikasim/dev_ws/src/software_training_assingment/install/software_training_assingment/lib/software_training_assingment/create_turtles
[27.184s] -- Set runtime path of "/home/alikasim/dev_ws/src/software_training_assingment/install/software_training_assingment/lib/software_training_assingment/create_turtles" to ""
[27.185s] -- Installing: /home/alikasim/dev_ws/src/software_training_assingment/install/software_training_assingment/share/ament_index/resource_index/package_run_dependencies/software_training_assingment
[27.185s] -- Installing: /home/alikasim/dev_ws/src/software_training_assingment/install/software_training_assingment/share/ament_index/resource_index/parent_prefix_path/software_training_assingment
[27.186s] -- Installing: /home/alikasim/dev_ws/src/software_training_assingment/install/software_training_assingment/share/software_training_assingment/environment/ament_prefix_path.dsv
[27.187s] -- Installing: /home/alikasim/dev_ws/src/software_training_assingment/install/software_training_assingment/share/software_training_assingment/environment/path.dsv
[27.188s] -- Up-to-date: /home/alikasim/dev_ws/src/software_training_assingment/install/software_training_assingment/share/software_training_assingment/local_setup.bash
[27.188s] -- Installing: /home/alikasim/dev_ws/src/software_training_assingment/install/software_training_assingment/share/software_training_assingment/local_setup.sh
[27.205s] -- Up-to-date: /home/alikasim/dev_ws/src/software_training_assingment/install/software_training_assingment/share/software_training_assingment/local_setup.zsh
[27.205s] -- Installing: /home/alikasim/dev_ws/src/software_training_assingment/install/software_training_assingment/share/software_training_assingment/local_setup.dsv
[27.206s] -- Installing: /home/alikasim/dev_ws/src/software_training_assingment/install/software_training_assingment/share/software_training_assingment/package.dsv
[27.207s] -- Up-to-date: /home/alikasim/dev_ws/src/software_training_assingment/install/software_training_assingment/share/ament_index/resource_index/packages/software_training_assingment
[27.208s] -- Installing: /home/alikasim/dev_ws/src/software_training_assingment/install/software_training_assingment/share/software_training_assingment/cmake/software_training_assingment__rosidl_generator_cExport.cmake
[27.209s] -- Installing: /home/alikasim/dev_ws/src/software_training_assingment/install/software_training_assingment/share/software_training_assingment/cmake/software_training_assingment__rosidl_generator_cExport-noconfig.cmake
[27.210s] -- Installing: /home/alikasim/dev_ws/src/software_training_assingment/install/software_training_assingment/share/software_training_assingment/cmake/software_training_assingment__rosidl_typesupport_introspection_cExport.cmake
[27.211s] -- Installing: /home/alikasim/dev_ws/src/software_training_assingment/install/software_training_assingment/share/software_training_assingment/cmake/software_training_assingment__rosidl_typesupport_introspection_cExport-noconfig.cmake
[27.213s] -- Installing: /home/alikasim/dev_ws/src/software_training_assingment/install/software_training_assingment/share/software_training_assingment/cmake/software_training_assingment__rosidl_typesupport_cExport.cmake
[27.214s] -- Installing: /home/alikasim/dev_ws/src/software_training_assingment/install/software_training_assingment/share/software_training_assingment/cmake/software_training_assingment__rosidl_typesupport_cExport-noconfig.cmake
[27.215s] -- Installing: /home/alikasim/dev_ws/src/software_training_assingment/install/software_training_assingment/share/software_training_assingment/cmake/software_training_assingment__rosidl_generator_cppExport.cmake
[27.216s] -- Installing: /home/alikasim/dev_ws/src/software_training_assingment/install/software_training_assingment/share/software_training_assingment/cmake/software_training_assingment__rosidl_typesupport_introspection_cppExport.cmake
[27.217s] -- Installing: /home/alikasim/dev_ws/src/software_training_assingment/install/software_training_assingment/share/software_training_assingment/cmake/software_training_assingment__rosidl_typesupport_introspection_cppExport-noconfig.cmake
[27.219s] -- Installing: /home/alikasim/dev_ws/src/software_training_assingment/install/software_training_assingment/share/software_training_assingment/cmake/software_training_assingment__rosidl_typesupport_cppExport.cmake
[27.220s] -- Installing: /home/alikasim/dev_ws/src/software_training_assingment/install/software_training_assingment/share/software_training_assingment/cmake/software_training_assingment__rosidl_typesupport_cppExport-noconfig.cmake
[27.221s] -- Installing: /home/alikasim/dev_ws/src/software_training_assingment/install/software_training_assingment/share/software_training_assingment/cmake/rosidl_cmake-extras.cmake
[27.222s] -- Installing: /home/alikasim/dev_ws/src/software_training_assingment/install/software_training_assingment/share/software_training_assingment/cmake/ament_cmake_export_dependencies-extras.cmake
[27.223s] -- Installing: /home/alikasim/dev_ws/src/software_training_assingment/install/software_training_assingment/share/software_training_assingment/cmake/ament_cmake_export_libraries-extras.cmake
[27.223s] -- Installing: /home/alikasim/dev_ws/src/software_training_assingment/install/software_training_assingment/share/software_training_assingment/cmake/ament_cmake_export_targets-extras.cmake
[27.224s] -- Installing: /home/alikasim/dev_ws/src/software_training_assingment/install/software_training_assingment/share/software_training_assingment/cmake/ament_cmake_export_include_directories-extras.cmake
[27.225s] -- Installing: /home/alikasim/dev_ws/src/software_training_assingment/install/software_training_assingment/share/software_training_assingment/cmake/rosidl_cmake_export_typesupport_targets-extras.cmake
[27.226s] -- Installing: /home/alikasim/dev_ws/src/software_training_assingment/install/software_training_assingment/share/software_training_assingment/cmake/rosidl_cmake_export_typesupport_libraries-extras.cmake
[27.227s] -- Installing: /home/alikasim/dev_ws/src/software_training_assingment/install/software_training_assingment/share/software_training_assingment/cmake/software_training_assingmentConfig.cmake
[27.228s] -- Up-to-date: /home/alikasim/dev_ws/src/software_training_assingment/install/software_training_assingment/share/software_training_assingment/cmake/software_training_assingmentConfig-version.cmake
[27.228s] -- Installing: /home/alikasim/dev_ws/src/software_training_assingment/install/software_training_assingment/share/software_training_assingment/package.xml
[27.236s] Invoked command in '/home/alikasim/dev_ws/src/software_training_assingment/build/software_training_assingment' returned '0': CMAKE_PREFIX_PATH=${CMAKE_PREFIX_PATH}:/home/alikasim/ros2_foxy/install/ros2bag:/home/alikasim/ros2_foxy/install/tracetools_launch:/home/alikasim/ros2_foxy/install/topic_monitor:/home/alikasim/ros2_foxy/install/examples_tf2_py:/home/alikasim/ros2_foxy/install/sros2:/home/alikasim/ros2_foxy/install/rqt_topic:/home/alikasim/ros2_foxy/install/rqt_top:/home/alikasim/ros2_foxy/install/rqt_srv:/home/alikasim/ros2_foxy/install/rqt_shell:/home/alikasim/ros2_foxy/install/rqt_service_caller:/home/alikasim/ros2_foxy/install/rqt_reconfigure:/home/alikasim/ros2_foxy/install/rqt_py_console:/home/alikasim/ros2_foxy/install/rqt_publisher:/home/alikasim/ros2_foxy/install/rqt_plot:/home/alikasim/ros2_foxy/install/rqt_action:/home/alikasim/ros2_foxy/install/rqt_msg:/home/alikasim/ros2_foxy/install/rqt:/home/alikasim/ros2_foxy/install/rqt_graph:/home/alikasim/ros2_foxy/install/rqt_gui_py:/home/alikasim/ros2_foxy/install/rqt_gui:/home/alikasim/ros2_foxy/install/ros2trace:/home/alikasim/ros2_foxy/install/ros2topic:/home/alikasim/ros2_foxy/install/ros2test:/home/alikasim/ros2_foxy/install/ros2component:/home/alikasim/ros2_foxy/install/ros2param:/home/alikasim/ros2_foxy/install/ros2lifecycle:/home/alikasim/ros2_foxy/install/ros2service:/home/alikasim/ros2_foxy/install/ros2run:/home/alikasim/ros2_foxy/install/ros2launch:/home/alikasim/ros2_foxy/install/ros2pkg:/home/alikasim/ros2_foxy/install/ros2node:/home/alikasim/ros2_foxy/install/ros2multicast:/home/alikasim/ros2_foxy/install/ros2interface:/home/alikasim/ros2_foxy/install/ros2doctor:/home/alikasim/ros2_foxy/install/ros2action:/home/alikasim/ros2_foxy/install/ros2cli:/home/alikasim/ros2_foxy/install/quality_of_service_demo_py:/home/alikasim/ros2_foxy/install/launch_testing_ros:/home/alikasim/ros2_foxy/install/launch_ros:/home/alikasim/ros2_foxy/install/examples_rclpy_minimal_subscriber:/home/alikasim/ros2_foxy/install/examples_rclpy_minimal_service:/home/alikasim/ros2_foxy/install/examples_rclpy_minimal_publisher:/home/alikasim/ros2_foxy/install/examples_rclpy_minimal_client:/home/alikasim/ros2_foxy/install/examples_rclpy_minimal_action_server:/home/alikasim/ros2_foxy/install/examples_rclpy_minimal_action_client:/home/alikasim/ros2_foxy/install/examples_rclpy_executors:/home/alikasim/ros2_foxy/install/demo_nodes_py:/home/alikasim/ros2_foxy/install/action_tutorials_py:/home/alikasim/ros2_foxy/install/ament_uncrustify:/home/alikasim/ros2_foxy/install/tracetools_trace:/home/alikasim/ros2_foxy/install/tracetools_read:/home/alikasim/ros2_foxy/install/test_launch_ros:/home/alikasim/ros2_foxy/install/sensor_msgs_py:/home/alikasim/ros2_foxy/install/rpyutils:/home/alikasim/ros2_foxy/install/rosidl_runtime_py:/home/alikasim/ros2_foxy/install/launch_yaml:/home/alikasim/ros2_foxy/install/launch_xml:/home/alikasim/ros2_foxy/install/launch_testing:/home/alikasim/ros2_foxy/install/launch:/home/alikasim/ros2_foxy/install/osrf_pycommon:/home/alikasim/ros2_foxy/install/domain_coordinator:/home/alikasim/ros2_foxy/install/ament_xmllint:/home/alikasim/ros2_foxy/install/ament_pyflakes:/home/alikasim/ros2_foxy/install/ament_pycodestyle:/home/alikasim/ros2_foxy/install/ament_pep257:/home/alikasim/ros2_foxy/install/ament_pclint:/home/alikasim/ros2_foxy/install/ament_package:/home/alikasim/ros2_foxy/install/ament_mypy:/home/alikasim/ros2_foxy/install/ament_lint_cmake:/home/alikasim/ros2_foxy/install/ament_flake8:/home/alikasim/ros2_foxy/install/ament_copyright:/home/alikasim/ros2_foxy/install/ament_lint:/home/alikasim/ros2_foxy/install/ament_index_python:/home/alikasim/ros2_foxy/install/ament_cpplint:/home/alikasim/ros2_foxy/install/ament_cppcheck:/home/alikasim/ros2_foxy/install/ament_clang_tidy:/home/alikasim/ros2_foxy/install/ament_clang_format /usr/bin/cmake --install /home/alikasim/dev_ws/src/software_training_assingment/build/software_training_assingment
