[0.251s] DEBUG:colcon:Command line arguments: ['/usr/bin/colcon', 'build']
[0.252s] DEBUG:colcon:Parsed command line arguments: Namespace(allow_overriding=[], ament_cmake_args=None, base_paths=['.'], build_base='build', catkin_cmake_args=None, catkin_skip_building_tests=False, cmake_args=None, cmake_clean_cache=False, cmake_clean_first=False, cmake_force_configure=False, cmake_target=None, cmake_target_skip_unavailable=False, continue_on_error=False, event_handlers=None, executor='parallel', ignore_user_meta=False, install_base='install', log_base=None, log_level=None, main=<bound method BuildVerb.main of <colcon_core.verb.build.BuildVerb object at 0x7f4c733acc70>>, merge_install=False, metas=['./colcon.meta'], packages_above=None, packages_above_and_dependencies=None, packages_above_depth=None, packages_end=None, packages_ignore=None, packages_ignore_regex=None, packages_select=None, packages_select_build_failed=False, packages_select_by_dep=None, packages_select_regex=None, packages_select_test_failures=False, packages_skip=None, packages_skip_build_finished=False, packages_skip_by_dep=None, packages_skip_regex=None, packages_skip_test_passed=False, packages_skip_up_to=None, packages_start=None, packages_up_to=None, packages_up_to_regex=None, parallel_workers=8, paths=None, symlink_install=False, test_result_base=None, verb_extension=<colcon_core.verb.build.BuildVerb object at 0x7f4c733acc70>, verb_name='build', verb_parser=<colcon_defaults.argument_parser.defaults.DefaultArgumentsDecorator object at 0x7f4c733b4220>)
[0.275s] Level 1:colcon.colcon_core.package_discovery:discover_packages(colcon_meta) check parameters
[0.276s] Level 1:colcon.colcon_core.package_discovery:discover_packages(recursive) check parameters
[0.276s] Level 1:colcon.colcon_core.package_discovery:discover_packages(ignore) check parameters
[0.276s] Level 1:colcon.colcon_core.package_discovery:discover_packages(path) check parameters
[0.276s] Level 1:colcon.colcon_core.package_discovery:discover_packages(colcon_meta) discover
[0.276s] Level 1:colcon.colcon_core.package_discovery:discover_packages(recursive) discover
[0.276s] INFO:colcon.colcon_core.package_discovery:Crawling recursively for packages in '/home/evanw/Desktop/uwrt/challenge_ws'
[0.276s] Level 1:colcon.colcon_core.package_identification:_identify(.) by extensions ['ignore', 'ignore_ament_install']
[0.276s] Level 1:colcon.colcon_core.package_identification:_identify(.) by extension 'ignore'
[0.276s] Level 1:colcon.colcon_core.package_identification:_identify(.) by extension 'ignore_ament_install'
[0.276s] Level 1:colcon.colcon_core.package_identification:_identify(.) by extensions ['colcon_pkg']
[0.276s] Level 1:colcon.colcon_core.package_identification:_identify(.) by extension 'colcon_pkg'
[0.277s] Level 1:colcon.colcon_core.package_identification:_identify(.) by extensions ['colcon_meta']
[0.277s] Level 1:colcon.colcon_core.package_identification:_identify(.) by extension 'colcon_meta'
[0.277s] Level 1:colcon.colcon_core.package_identification:_identify(.) by extensions ['ros']
[0.277s] Level 1:colcon.colcon_core.package_identification:_identify(.) by extension 'ros'
[0.295s] Level 1:colcon.colcon_core.package_identification:_identify(.) by extensions ['cmake', 'python']
[0.295s] Level 1:colcon.colcon_core.package_identification:_identify(.) by extension 'cmake'
[0.295s] Level 1:colcon.colcon_core.package_identification:_identify(.) by extension 'python'
[0.295s] Level 1:colcon.colcon_core.package_identification:_identify(.) by extensions ['python_setup_py']
[0.295s] Level 1:colcon.colcon_core.package_identification:_identify(.) by extension 'python_setup_py'
[0.295s] Level 1:colcon.colcon_core.package_identification:_identify(build) by extensions ['ignore', 'ignore_ament_install']
[0.295s] Level 1:colcon.colcon_core.package_identification:_identify(build) by extension 'ignore'
[0.295s] Level 1:colcon.colcon_core.package_identification:_identify(build) ignored
[0.296s] Level 1:colcon.colcon_core.package_identification:_identify(install) by extensions ['ignore', 'ignore_ament_install']
[0.296s] Level 1:colcon.colcon_core.package_identification:_identify(install) by extension 'ignore'
[0.296s] Level 1:colcon.colcon_core.package_identification:_identify(install) ignored
[0.296s] Level 1:colcon.colcon_core.package_identification:_identify(log) by extensions ['ignore', 'ignore_ament_install']
[0.296s] Level 1:colcon.colcon_core.package_identification:_identify(log) by extension 'ignore'
[0.296s] Level 1:colcon.colcon_core.package_identification:_identify(log) ignored
[0.296s] Level 1:colcon.colcon_core.package_identification:_identify(src) by extensions ['ignore', 'ignore_ament_install']
[0.296s] Level 1:colcon.colcon_core.package_identification:_identify(src) by extension 'ignore'
[0.296s] Level 1:colcon.colcon_core.package_identification:_identify(src) by extension 'ignore_ament_install'
[0.296s] Level 1:colcon.colcon_core.package_identification:_identify(src) by extensions ['colcon_pkg']
[0.297s] Level 1:colcon.colcon_core.package_identification:_identify(src) by extension 'colcon_pkg'
[0.297s] Level 1:colcon.colcon_core.package_identification:_identify(src) by extensions ['colcon_meta']
[0.297s] Level 1:colcon.colcon_core.package_identification:_identify(src) by extension 'colcon_meta'
[0.297s] Level 1:colcon.colcon_core.package_identification:_identify(src) by extensions ['ros']
[0.297s] Level 1:colcon.colcon_core.package_identification:_identify(src) by extension 'ros'
[0.297s] Level 1:colcon.colcon_core.package_identification:_identify(src) by extensions ['cmake', 'python']
[0.297s] Level 1:colcon.colcon_core.package_identification:_identify(src) by extension 'cmake'
[0.297s] Level 1:colcon.colcon_core.package_identification:_identify(src) by extension 'python'
[0.297s] Level 1:colcon.colcon_core.package_identification:_identify(src) by extensions ['python_setup_py']
[0.297s] Level 1:colcon.colcon_core.package_identification:_identify(src) by extension 'python_setup_py'
[0.297s] Level 1:colcon.colcon_core.package_identification:_identify(src/challenge_package) by extensions ['ignore', 'ignore_ament_install']
[0.297s] Level 1:colcon.colcon_core.package_identification:_identify(src/challenge_package) by extension 'ignore'
[0.297s] Level 1:colcon.colcon_core.package_identification:_identify(src/challenge_package) by extension 'ignore_ament_install'
[0.297s] Level 1:colcon.colcon_core.package_identification:_identify(src/challenge_package) by extensions ['colcon_pkg']
[0.297s] Level 1:colcon.colcon_core.package_identification:_identify(src/challenge_package) by extension 'colcon_pkg'
[0.297s] Level 1:colcon.colcon_core.package_identification:_identify(src/challenge_package) by extensions ['colcon_meta']
[0.297s] Level 1:colcon.colcon_core.package_identification:_identify(src/challenge_package) by extension 'colcon_meta'
[0.297s] Level 1:colcon.colcon_core.package_identification:_identify(src/challenge_package) by extensions ['ros']
[0.297s] Level 1:colcon.colcon_core.package_identification:_identify(src/challenge_package) by extension 'ros'
[0.300s] DEBUG:colcon.colcon_core.package_identification:Package 'src/challenge_package' with type 'ros.ament_cmake' and name 'challenge_package'
[0.300s] Level 1:colcon.colcon_core.package_discovery:discover_packages(recursive) using defaults
[0.300s] Level 1:colcon.colcon_core.package_discovery:discover_packages(ignore) discover
[0.300s] Level 1:colcon.colcon_core.package_discovery:discover_packages(ignore) using defaults
[0.300s] Level 1:colcon.colcon_core.package_discovery:discover_packages(path) discover
[0.300s] Level 1:colcon.colcon_core.package_discovery:discover_packages(path) using defaults
[0.317s] Level 1:colcon.colcon_core.package_discovery:discover_packages(prefix_path) check parameters
[0.317s] Level 1:colcon.colcon_core.package_discovery:discover_packages(prefix_path) discover
[0.319s] DEBUG:colcon.colcon_installed_package_information.package_discovery:Found 1 installed packages in /home/evanw/Desktop/uwrt/challenge_ws/install
[0.321s] DEBUG:colcon.colcon_installed_package_information.package_discovery:Found 268 installed packages in /opt/ros/galactic
[0.322s] Level 1:colcon.colcon_core.package_discovery:discover_packages(prefix_path) using defaults
[0.385s] Level 5:colcon.colcon_core.verb:set package 'challenge_package' build argument 'cmake_args' from command line to 'None'
[0.385s] Level 5:colcon.colcon_core.verb:set package 'challenge_package' build argument 'cmake_target' from command line to 'None'
[0.386s] Level 5:colcon.colcon_core.verb:set package 'challenge_package' build argument 'cmake_target_skip_unavailable' from command line to 'False'
[0.386s] Level 5:colcon.colcon_core.verb:set package 'challenge_package' build argument 'cmake_clean_cache' from command line to 'False'
[0.386s] Level 5:colcon.colcon_core.verb:set package 'challenge_package' build argument 'cmake_clean_first' from command line to 'False'
[0.386s] Level 5:colcon.colcon_core.verb:set package 'challenge_package' build argument 'cmake_force_configure' from command line to 'False'
[0.386s] Level 5:colcon.colcon_core.verb:set package 'challenge_package' build argument 'ament_cmake_args' from command line to 'None'
[0.386s] Level 5:colcon.colcon_core.verb:set package 'challenge_package' build argument 'catkin_cmake_args' from command line to 'None'
[0.386s] Level 5:colcon.colcon_core.verb:set package 'challenge_package' build argument 'catkin_skip_building_tests' from command line to 'False'
[0.386s] DEBUG:colcon.colcon_core.verb:Building package 'challenge_package' with the following arguments: {'ament_cmake_args': None, 'build_base': '/home/evanw/Desktop/uwrt/challenge_ws/build/challenge_package', 'catkin_cmake_args': None, 'catkin_skip_building_tests': False, 'cmake_args': None, 'cmake_clean_cache': False, 'cmake_clean_first': False, 'cmake_force_configure': False, 'cmake_target': None, 'cmake_target_skip_unavailable': False, 'install_base': '/home/evanw/Desktop/uwrt/challenge_ws/install/challenge_package', 'merge_install': False, 'path': '/home/evanw/Desktop/uwrt/challenge_ws/src/challenge_package', 'symlink_install': False, 'test_result_base': None}
[0.386s] INFO:colcon.colcon_core.executor:Executing jobs using 'parallel' executor
[0.390s] DEBUG:colcon.colcon_parallel_executor.executor.parallel:run_until_complete
[0.390s] INFO:colcon.colcon_ros.task.ament_cmake.build:Building ROS package in '/home/evanw/Desktop/uwrt/challenge_ws/src/challenge_package' with build type 'ament_cmake'
[0.390s] INFO:colcon.colcon_cmake.task.cmake.build:Building CMake package in '/home/evanw/Desktop/uwrt/challenge_ws/src/challenge_package'
[0.395s] INFO:colcon.colcon_core.plugin_system:Skipping extension 'colcon_core.shell.bat': Not used on non-Windows systems
[0.395s] INFO:colcon.colcon_core.shell:Skip shell extension 'powershell' for command environment: Not usable outside of PowerShell
[0.395s] DEBUG:colcon.colcon_core.shell:Skip shell extension 'dsv' for command environment
[0.409s] DEBUG:colcon.colcon_core.event_handler.log_command:Invoking command in '/home/evanw/Desktop/uwrt/challenge_ws/build/challenge_package': CMAKE_PREFIX_PATH=${CMAKE_PREFIX_PATH}:/opt/ros/galactic /usr/bin/cmake --build /home/evanw/Desktop/uwrt/challenge_ws/build/challenge_package -- -j8 -l8
[3.326s] DEBUG:colcon.colcon_core.event_handler.log_command:Invoked command in '/home/evanw/Desktop/uwrt/challenge_ws/build/challenge_package' returned '2': CMAKE_PREFIX_PATH=${CMAKE_PREFIX_PATH}:/opt/ros/galactic /usr/bin/cmake --build /home/evanw/Desktop/uwrt/challenge_ws/build/challenge_package -- -j8 -l8
[3.368s] Level 1:colcon.colcon_core.environment:create_environment_scripts_only(challenge_package)
[3.372s] Level 1:colcon.colcon_core.environment:checking '/home/evanw/Desktop/uwrt/challenge_ws/install/challenge_package' for CMake module files
[3.373s] Level 1:colcon.colcon_core.environment:checking '/home/evanw/Desktop/uwrt/challenge_ws/install/challenge_package' for CMake config files
[3.373s] Level 1:colcon.colcon_core.shell:create_environment_hook('challenge_package', 'cmake_prefix_path')
[3.375s] INFO:colcon.colcon_core.shell:Creating environment hook '/home/evanw/Desktop/uwrt/challenge_ws/install/challenge_package/share/challenge_package/hook/cmake_prefix_path.ps1'
[3.375s] INFO:colcon.colcon_core.shell:Creating environment descriptor '/home/evanw/Desktop/uwrt/challenge_ws/install/challenge_package/share/challenge_package/hook/cmake_prefix_path.dsv'
[3.376s] INFO:colcon.colcon_core.shell:Creating environment hook '/home/evanw/Desktop/uwrt/challenge_ws/install/challenge_package/share/challenge_package/hook/cmake_prefix_path.sh'
[3.377s] Level 1:colcon.colcon_core.environment:checking '/home/evanw/Desktop/uwrt/challenge_ws/install/challenge_package/lib'
[3.377s] Level 1:colcon.colcon_core.shell:create_environment_hook('challenge_package', 'ld_library_path_lib')
[3.378s] INFO:colcon.colcon_core.shell:Creating environment hook '/home/evanw/Desktop/uwrt/challenge_ws/install/challenge_package/share/challenge_package/hook/ld_library_path_lib.ps1'
[3.378s] INFO:colcon.colcon_core.shell:Creating environment descriptor '/home/evanw/Desktop/uwrt/challenge_ws/install/challenge_package/share/challenge_package/hook/ld_library_path_lib.dsv'
[3.379s] INFO:colcon.colcon_core.shell:Creating environment hook '/home/evanw/Desktop/uwrt/challenge_ws/install/challenge_package/share/challenge_package/hook/ld_library_path_lib.sh'
[3.379s] Level 1:colcon.colcon_core.environment:checking '/home/evanw/Desktop/uwrt/challenge_ws/install/challenge_package/bin'
[3.379s] Level 1:colcon.colcon_core.environment:checking '/home/evanw/Desktop/uwrt/challenge_ws/install/challenge_package/lib/pkgconfig/challenge_package.pc'
[3.379s] Level 1:colcon.colcon_core.environment:checking '/home/evanw/Desktop/uwrt/challenge_ws/install/challenge_package/lib/python3.8/site-packages'
[3.379s] Level 1:colcon.colcon_core.shell:create_environment_hook('challenge_package', 'pythonpath')
[3.381s] INFO:colcon.colcon_core.shell:Creating environment hook '/home/evanw/Desktop/uwrt/challenge_ws/install/challenge_package/share/challenge_package/hook/pythonpath.ps1'
[3.381s] INFO:colcon.colcon_core.shell:Creating environment descriptor '/home/evanw/Desktop/uwrt/challenge_ws/install/challenge_package/share/challenge_package/hook/pythonpath.dsv'
[3.381s] INFO:colcon.colcon_core.shell:Creating environment hook '/home/evanw/Desktop/uwrt/challenge_ws/install/challenge_package/share/challenge_package/hook/pythonpath.sh'
[3.381s] Level 1:colcon.colcon_core.environment:checking '/home/evanw/Desktop/uwrt/challenge_ws/install/challenge_package/bin'
[3.383s] INFO:colcon.colcon_core.shell:Creating package script '/home/evanw/Desktop/uwrt/challenge_ws/install/challenge_package/share/challenge_package/package.ps1'
[3.384s] INFO:colcon.colcon_core.shell:Creating package descriptor '/home/evanw/Desktop/uwrt/challenge_ws/install/challenge_package/share/challenge_package/package.dsv'
[3.384s] INFO:colcon.colcon_core.shell:Creating package script '/home/evanw/Desktop/uwrt/challenge_ws/install/challenge_package/share/challenge_package/package.sh'
[3.385s] INFO:colcon.colcon_core.shell:Creating package script '/home/evanw/Desktop/uwrt/challenge_ws/install/challenge_package/share/challenge_package/package.bash'
[3.385s] INFO:colcon.colcon_core.shell:Creating package script '/home/evanw/Desktop/uwrt/challenge_ws/install/challenge_package/share/challenge_package/package.zsh'
[3.386s] Level 1:colcon.colcon_core.environment:create_file_with_runtime_dependencies(/home/evanw/Desktop/uwrt/challenge_ws/install/challenge_package/share/colcon-core/packages/challenge_package)
[3.397s] DEBUG:colcon.colcon_parallel_executor.executor.parallel:closing loop
[3.397s] DEBUG:colcon.colcon_parallel_executor.executor.parallel:loop closed
[3.397s] DEBUG:colcon.colcon_parallel_executor.executor.parallel:run_until_complete finished with '2'
[3.397s] DEBUG:colcon.colcon_core.event_reactor:joining thread
[3.408s] INFO:colcon.colcon_core.plugin_system:Skipping extension 'colcon_notification.desktop_notification.terminal_notifier': Not used on non-Darwin systems
[3.408s] INFO:colcon.colcon_core.plugin_system:Skipping extension 'colcon_notification.desktop_notification.win32': Not used on non-Windows systems
[3.409s] INFO:colcon.colcon_notification.desktop_notification:Sending desktop notification using 'notify2'
[3.442s] DEBUG:colcon.colcon_core.event_reactor:joined thread
[3.447s] INFO:colcon.colcon_core.shell:Creating prefix script '/home/evanw/Desktop/uwrt/challenge_ws/install/local_setup.ps1'
[3.449s] INFO:colcon.colcon_core.shell:Creating prefix util module '/home/evanw/Desktop/uwrt/challenge_ws/install/_local_setup_util_ps1.py'
[3.453s] INFO:colcon.colcon_core.shell:Creating prefix chain script '/home/evanw/Desktop/uwrt/challenge_ws/install/setup.ps1'
[3.462s] INFO:colcon.colcon_core.shell:Creating prefix script '/home/evanw/Desktop/uwrt/challenge_ws/install/local_setup.sh'
[3.463s] INFO:colcon.colcon_core.shell:Creating prefix util module '/home/evanw/Desktop/uwrt/challenge_ws/install/_local_setup_util_sh.py'
[3.464s] INFO:colcon.colcon_core.shell:Creating prefix chain script '/home/evanw/Desktop/uwrt/challenge_ws/install/setup.sh'
[3.466s] INFO:colcon.colcon_core.shell:Creating prefix script '/home/evanw/Desktop/uwrt/challenge_ws/install/local_setup.bash'
[3.466s] INFO:colcon.colcon_core.shell:Creating prefix chain script '/home/evanw/Desktop/uwrt/challenge_ws/install/setup.bash'
[3.468s] INFO:colcon.colcon_core.shell:Creating prefix script '/home/evanw/Desktop/uwrt/challenge_ws/install/local_setup.zsh'
[3.468s] INFO:colcon.colcon_core.shell:Creating prefix chain script '/home/evanw/Desktop/uwrt/challenge_ws/install/setup.zsh'
